#
# A fatal error has been detected by the Java Runtime Environment:
#
#  SIGSEGV (0xb) at pc=0x0000000000000000, pid=15971, tid=140323830458112
#
# JRE version: OpenJDK Runtime Environment (7.0_75-b13) (build 1.7.0_75-b13)
# Java VM: OpenJDK 64-Bit Server VM (24.75-b04 mixed mode linux-amd64 compressed oops)
# Derivative: IcedTea 2.5.4
# Distribution: Ubuntu 14.04 LTS, package 7u75-2.5.4-1~trusty1
# Problematic frame:
# C  0x0000000000000000
#
# Failed to write core dump. Core dumps have been disabled. To enable core dumping, try "ulimit -c unlimited" before starting Java again
#
# If you would like to submit a bug report, please include
# instructions on how to reproduce the bug and visit:
#   http://icedtea.classpath.org/bugzilla
#

---------------  T H R E A D  ---------------

Current thread is native thread

siginfo:si_signo=SIGSEGV: si_errno=0, si_code=1 (SEGV_MAPERR), si_addr=0x0000000000000000

Registers:
RAX=0x00007f9fb12d27c0, RBX=0x0000000000000400, RCX=0x00007fa00034bf00, RDX=0x00007fa00034bf00
RSP=0x00007f9fb0115d18, RBP=0x00007fa000336d90, RSI=0x0000000000000000, RDI=0x00007fa000336d90
R8 =0x0000000000dd5400, R9 =0x0000000000000001, R10=0x00007fa000336db4, R11=0x0000000000000000
R12=0x00007fa00033af20, R13=0x0000000000012000, R14=0x0000000000001000, R15=0x00007f9fb0115ec8
RIP=0x0000000000000000, EFLAGS=0x0000000000010246, CSGSFS=0x0000000000000033, ERR=0x0000000000000014
  TRAPNO=0x000000000000000e

Top of Stack: (sp=0x00007f9fb0115d18)
0x00007f9fb0115d18:   00007f9fb109b4d1 0000000000000000
0x00007f9fb0115d28:   00007f9f98005b60 00007f9fbb800000
0x00007f9fb0115d38:   00007fa0075f7429 0000000000000000
0x00007f9fb0115d48:   00007f9fb09e2fd2 00007fa00032f6c0
0x00007f9fb0115d58:   0000000000000000 0000000000000000
0x00007f9fb0115d68:   0000000000000000 00007fa000335b00
0x00007f9fb0115d78:   00007fa000332850 0000000000002000
0x00007f9fb0115d88:   00007f9fb09eacda 00007fa00032fa90
0x00007f9fb0115d98:   00007f9f90001b10 0000000000000000
0x00007f9fb0115da8:   5700000000000001 0000000000002000
0x00007f9fb0115db8:   00007f9fb09ec7eb 0000000000000000
0x00007f9fb0115dc8:   0000000000000000 0000000000000000
0x00007f9fb0115dd8:   0000000000000000 0000000000000000
0x00007f9fb0115de8:   0000000000002000 00007fa000332850
0x00007f9fb0115df8:   00007f9fb0115ec8 00007f9fb0115ec0
0x00007f9fb0115e08:   00007fa00033af20 00007f9fb0a05c80
0x00007f9fb0115e18:   00007f9fb0e56bd2 00007f9fa014f040
0x00007f9fb0115e28:   00007f9fa00bf040 00000400b0115e70
0x00007f9fb0115e38:   00007f9fb0115e50 0000000000000000
0x00007f9fb0115e48:   00007f9fb0e5bea2 00001fa00000037f
0x00007f9fb0115e58:   00007f9fb09d09ff 00007fa000335b00
0x00007f9fb0115e68:   0000000000002000 00007fa00032f640
0x00007f9fb0115e78:   0000000000000000 00007fa000336d90
0x00007f9fb0115e88:   0000000000000008 00007f9fb0115ec8
0x00007f9fb0115e98:   00007f9fb10b1544 0000000000000000
0x00007f9fb0115ea8:   00007f9fb0115ec0 0000000000002000
0x00007f9fb0115eb8:   0000000000007600 00007f9fa00bf040
0x00007f9fb0115ec8:   0000000000002000 0000000000000000
0x00007f9fb0115ed8:   00007fa000335720 0000000000000000
0x00007f9fb0115ee8:   0000000000000000 0000000000000000
0x00007f9fb0115ef8:   00007f9fb01169c0 00007f9fb0116700
0x00007f9fb0115f08:   00007f9fb10a473a 00007f9fb0116700 

Instructions: (pc=0x0000000000000000)
0xffffffffffffffe0:   

Register to memory mapping:

RAX=0x00007f9fb12d27c0: <offset 0x2577c0> in /tmp/libgdxsirolf2009/7b43be9b/libopenal64.so at 0x00007f9fb107b000
RBX=0x0000000000000400 is an unknown value
RCX=0x00007fa00034bf00 is an unknown value
RDX=0x00007fa00034bf00 is an unknown value
RSP=0x00007f9fb0115d18 is an unknown value
RBP=0x00007fa000336d90 is an unknown value
RSI=0x0000000000000000 is an unknown value
RDI=0x00007fa000336d90 is an unknown value
R8 =0x0000000000dd5400 is an unknown value
R9 =0x0000000000000001 is an unknown value
R10=0x00007fa000336db4 is an unknown value
R11=0x0000000000000000 is an unknown value
R12=0x00007fa00033af20 is an unknown value
R13=0x0000000000012000 is an unknown value
R14=0x0000000000001000 is an unknown value
R15=0x00007f9fb0115ec8 is an unknown value


Stack: [0x00007f9fb0016000,0x00007f9fb0117000],  sp=0x00007f9fb0115d18,  free space=1023k

---------------  P R O C E S S  ---------------

VM state:at safepoint (shutting down)

VM Mutex/Monitor currently owned by a thread:  ([mutex/lock_event])
[0x00007fa000007d60] Threads_lock - owner thread: 0x00007fa00007f800

Heap
 PSYoungGen      total 17920K, used 3683K [0x00000000ec900000, 0x00000000edc80000, 0x0000000100000000)
  eden space 15872K, 10% used [0x00000000ec900000,0x00000000eca9f228,0x00000000ed880000)
  from space 2048K, 98% used [0x00000000eda80000,0x00000000edc79af0,0x00000000edc80000)
  to   space 2048K, 0% used [0x00000000ed880000,0x00000000ed880000,0x00000000eda80000)
 ParOldGen       total 39424K, used 2483K [0x00000000c5c00000, 0x00000000c8280000, 0x00000000ec900000)
  object space 39424K, 6% used [0x00000000c5c00000,0x00000000c5e6cfc8,0x00000000c8280000)
 PSPermGen       total 21504K, used 10370K [0x00000000bb600000, 0x00000000bcb00000, 0x00000000c5c00000)
  object space 21504K, 48% used [0x00000000bb600000,0x00000000bc020818,0x00000000bcb00000)

Card table byte_map: [0x00007fa0045fa000,0x00007fa004820000] byte_map_base: 0x00007fa00401f000

Polling page: 0x00007fa007cfe000

Code Cache  [0x00007f9ffd000000, 0x00007f9ffd270000, 0x00007fa000000000)
 total_blobs=932 nmethods=411 adapters=474 free_code_cache=47733Kb largest_free_block=48844032

Compilation events (10 events):
Event: 177,141 Thread 0x00007fa0000b7800 nmethod 410 0x00007f9ffd14ed50 code [0x00007f9ffd14eea0, 0x00007f9ffd14f238]
Event: 177,147 Thread 0x00007fa0000b4800 nmethod 407 0x00007f9ffd168210 code [0x00007f9ffd1684a0, 0x00007f9ffd169bf0]
Event: 179,767 Thread 0x00007fa0000b7800  411             org.lwjgl.opengl.LinuxDisplay::getDisplay (39 bytes)
Event: 179,767 Thread 0x00007fa0000b7800 nmethod 411 0x00007f9ffd13b210 code [0x00007f9ffd13b340, 0x00007f9ffd13b3b8]
Event: 180,850 Thread 0x00007fa0000b4800  412             org.lwjgl.opengl.LinuxDisplay::processEvents (449 bytes)
Event: 180,856 Thread 0x00007fa0000b4800 nmethod 412 0x00007f9ffd15f5d0 code [0x00007f9ffd15f980, 0x00007f9ffd15ffb0]
Event: 190,085 Thread 0x00007fa0000b7800  413             java.lang.ThreadLocal$ThreadLocalMap::access$000 (6 bytes)
Event: 190,085 Thread 0x00007fa0000b4800  414             java.lang.ThreadLocal$ThreadLocalMap::getEntry (42 bytes)
Event: 190,086 Thread 0x00007fa0000b4800 nmethod 414 0x00007f9ffd15ec10 code [0x00007f9ffd15ed60, 0x00007f9ffd15ee78]
Event: 190,086 Thread 0x00007fa0000b7800 nmethod 413 0x00007f9ffd15e810 code [0x00007f9ffd15e960, 0x00007f9ffd15ea78]

GC Heap History (4 events):
Event: 4,521 GC heap before
{Heap before GC invocations=1 (full 0):
 PSYoungGen      total 17920K, used 15872K [0x00000000ec900000, 0x00000000edc80000, 0x0000000100000000)
  eden space 15872K, 100% used [0x00000000ec900000,0x00000000ed880000,0x00000000ed880000)
  from space 2048K, 0% used [0x00000000eda80000,0x00000000eda80000,0x00000000edc80000)
  to   space 2048K, 0% used [0x00000000ed880000,0x00000000ed880000,0x00000000eda80000)
 ParOldGen       total 39424K, used 0K [0x00000000c5c00000, 0x00000000c8280000, 0x00000000ec900000)
  object space 39424K, 0% used [0x00000000c5c00000,0x00000000c5c00000,0x00000000c8280000)
 PSPermGen       total 21504K, used 9104K [0x00000000bb600000, 0x00000000bcb00000, 0x00000000c5c00000)
  object space 21504K, 42% used [0x00000000bb600000,0x00000000bbee4170,0x00000000bcb00000)
Event: 4,526 GC heap after
Heap after GC invocations=1 (full 0):
 PSYoungGen      total 17920K, used 2030K [0x00000000ec900000, 0x00000000edc80000, 0x0000000100000000)
  eden space 15872K, 0% used [0x00000000ec900000,0x00000000ec900000,0x00000000ed880000)
  from space 2048K, 99% used [0x00000000ed880000,0x00000000eda7bae8,0x00000000eda80000)
  to   space 2048K, 0% used [0x00000000eda80000,0x00000000eda80000,0x00000000edc80000)
 ParOldGen       total 39424K, used 1638K [0x00000000c5c00000, 0x00000000c8280000, 0x00000000ec900000)
  object space 39424K, 4% used [0x00000000c5c00000,0x00000000c5d99948,0x00000000c8280000)
 PSPermGen       total 21504K, used 9104K [0x00000000bb600000, 0x00000000bcb00000, 0x00000000c5c00000)
  object space 21504K, 42% used [0x00000000bb600000,0x00000000bbee4170,0x00000000bcb00000)
}
Event: 171,849 GC heap before
{Heap before GC invocations=2 (full 0):
 PSYoungGen      total 17920K, used 17902K [0x00000000ec900000, 0x00000000edc80000, 0x0000000100000000)
  eden space 15872K, 100% used [0x00000000ec900000,0x00000000ed880000,0x00000000ed880000)
  from space 2048K, 99% used [0x00000000ed880000,0x00000000eda7bae8,0x00000000eda80000)
  to   space 2048K, 0% used [0x00000000eda80000,0x00000000eda80000,0x00000000edc80000)
 ParOldGen       total 39424K, used 1638K [0x00000000c5c00000, 0x00000000c8280000, 0x00000000ec900000)
  object space 39424K, 4% used [0x00000000c5c00000,0x00000000c5d99948,0x00000000c8280000)
 PSPermGen       total 21504K, used 10340K [0x00000000bb600000, 0x00000000bcb00000, 0x00000000c5c00000)
  object space 21504K, 48% used [0x00000000bb600000,0x00000000bc019278,0x00000000bcb00000)
Event: 171,853 GC heap after
Heap after GC invocations=2 (full 0):
 PSYoungGen      total 17920K, used 2022K [0x00000000ec900000, 0x00000000edc80000, 0x0000000100000000)
  eden space 15872K, 0% used [0x00000000ec900000,0x00000000ec900000,0x00000000ed880000)
  from space 2048K, 98% used [0x00000000eda80000,0x00000000edc79af0,0x00000000edc80000)
  to   space 2048K, 0% used [0x00000000ed880000,0x00000000ed880000,0x00000000eda80000)
 ParOldGen       total 39424K, used 2483K [0x00000000c5c00000, 0x00000000c8280000, 0x00000000ec900000)
  object space 39424K, 6% used [0x00000000c5c00000,0x00000000c5e6cfc8,0x00000000c8280000)
 PSPermGen       total 21504K, used 10340K [0x00000000bb600000, 0x00000000bcb00000, 0x00000000c5c00000)
  object space 21504K, 48% used [0x00000000bb600000,0x00000000bc019278,0x00000000bcb00000)
}

Deoptimization events (8 events):
Event: 0,190 Thread 0x00007fa00000b800 Uncommon trap: reason=class_check action=maybe_recompile pc=0x00007f9ffd06540c method=java.util.Properties$LineReader.readLine()I @ 62
Event: 4,619 Thread 0x00007fa0003c3000 Uncommon trap: reason=unreached action=reinterpret pc=0x00007f9ffd0ad4b4 method=com.badlogic.gdx.utils.Array.iterator()Ljava/util/Iterator; @ 4
Event: 4,619 Thread 0x00007fa0003c3000 Uncommon trap: reason=unreached action=reinterpret pc=0x00007f9ffd0aa670 method=com.badlogic.gdx.utils.Array$ArrayIterable.iterator()Ljava/util/Iterator; @ 4
Event: 12,818 Thread 0x00007fa0003c3000 Uncommon trap: reason=unreached action=reinterpret pc=0x00007f9ffd0bb6ec method=java.util.HashMap$HashIterator.nextEntry()Ljava/util/HashMap$Entry; @ 86
Event: 190,039 Thread 0x00007f9f84004000 Uncommon trap: reason=unreached action=reinterpret pc=0x00007f9ffd0d9f20 method=java.lang.ThreadLocal.get()Ljava/lang/Object; @ 11
Event: 190,050 Thread 0x00007fa000321000 Uncommon trap: reason=unreached action=reinterpret pc=0x00007f9ffd10cc28 method=java.util.concurrent.locks.AbstractQueuedSynchronizer.acquireQueued(Ljava/util/concurrent/locks/AbstractQueuedSynchronizer$Node;I)Z @ 17
Event: 190,104 Thread 0x00007f9f78002800 Uncommon trap: reason=class_check action=maybe_recompile pc=0x00007f9ffd0c9198 method=java.util.concurrent.locks.AbstractQueuedSynchronizer.release(I)Z @ 2
Event: 190,719 Thread 0x00007f9f78002800 Uncommon trap: reason=class_check action=maybe_recompile pc=0x00007f9ffd0c9198 method=java.util.concurrent.locks.AbstractQueuedSynchronizer.release(I)Z @ 2

Internal exceptions (10 events):
Event: 4,764 Thread 0x00007f9f8c002000 Threw 0x00000000ecddaf10 at /build/buildd/openjdk-7-7u75-2.5.4/build/openjdk/hotspot/src/share/vm/prims/jvm.cpp:1284
Event: 4,765 Thread 0x00007f9f8c002000 Threw 0x00000000ecde1920 at /build/buildd/openjdk-7-7u75-2.5.4/build/openjdk/hotspot/src/share/vm/prims/jvm.cpp:1284
Event: 6,960 Thread 0x00007f9f8c003800 Threw 0x00000000ecb21398 at /build/buildd/openjdk-7-7u75-2.5.4/build/openjdk/hotspot/src/share/vm/prims/jvm.cpp:1284
Event: 6,960 Thread 0x00007f9f8c003800 Threw 0x00000000ecb26400 at /build/buildd/openjdk-7-7u75-2.5.4/build/openjdk/hotspot/src/share/vm/prims/jvm.cpp:1284
Event: 6,961 Thread 0x00007f9f8c003800 Threw 0x00000000ecb2bb90 at /build/buildd/openjdk-7-7u75-2.5.4/build/openjdk/hotspot/src/share/vm/prims/jvm.cpp:1284
Event: 6,961 Thread 0x00007f9f8c003800 Threw 0x00000000ecdf98d0 at /build/buildd/openjdk-7-7u75-2.5.4/build/openjdk/hotspot/src/share/vm/prims/jvm.cpp:1284
Event: 6,961 Thread 0x00007f9f8c003800 Threw 0x00000000ecdfee78 at /build/buildd/openjdk-7-7u75-2.5.4/build/openjdk/hotspot/src/share/vm/prims/jvm.cpp:1284
Event: 6,972 Thread 0x00007fa0003c3000 Threw 0x00000000ecdc79c0 at /build/buildd/openjdk-7-7u75-2.5.4/build/openjdk/hotspot/src/share/vm/prims/jvm.cpp:1284
Event: 190,039 Thread 0x00007f9f84004000 Threw 0x00000000eca8bfe8 at /build/buildd/openjdk-7-7u75-2.5.4/build/openjdk/hotspot/src/share/vm/prims/jvm.cpp:1284
Event: 190,039 Thread 0x00007f9f84004000 Implicit null exception at 0x00007f9ffd0d9e54 to 0x00007f9ffd0d9f0d

Events (10 events):
Event: 190,104 Thread 0x00007f9f78002800 DEOPT PACKING pc=0x00007f9ffd0c9198 sp=0x00007f9ff404e850
Event: 190,104 Thread 0x00007f9f78002800 DEOPT UNPACKING pc=0x00007f9ffd039445 sp=0x00007f9ff404e818 mode 2
Event: 190,719 Executing VM operation: RevokeBias
Event: 190,719 Executing VM operation: RevokeBias done
Event: 190,719 Thread 0x00007f9f78002800 Uncommon trap: trap_request=0xffffffde fr.pc=0x00007f9ffd0c9198
Event: 190,719 Thread 0x00007f9f78002800 DEOPT PACKING pc=0x00007f9ffd0c9198 sp=0x00007f9ff404e850
Event: 190,719 Thread 0x00007f9f78002800 DEOPT UNPACKING pc=0x00007f9ffd039445 sp=0x00007f9ff404e818 mode 2
Event: 190,724 Thread 0x00007f9f84004000 Thread exited: 0x00007f9f84004000
Event: 191,007 Thread 0x00007f9f84002000 Thread exited: 0x00007f9f84002000
Event: 191,007 Executing VM operation: Exit


Dynamic libraries:
00400000-00401000 r-xp 00000000 08:01 635037                             /usr/lib/jvm/java-7-openjdk-amd64/jre/bin/java
00600000-00601000 r--p 00000000 08:01 635037                             /usr/lib/jvm/java-7-openjdk-amd64/jre/bin/java
00601000-00602000 rw-p 00001000 08:01 635037                             /usr/lib/jvm/java-7-openjdk-amd64/jre/bin/java
01da2000-01dc3000 rw-p 00000000 00:00 0                                  [heap]
40675000-40677000 r-xs 00000000 08:01 435177                             /tmp/glEgPs7w (deleted)
413b9000-41457000 rw-p 00000000 00:00 0 
bb600000-bcb00000 rw-p 00000000 00:00 0 
bcb00000-c5c00000 rw-p 00000000 00:00 0 
c5c00000-c8280000 rw-p 00000000 00:00 0 
c8280000-ec900000 rw-p 00000000 00:00 0 
ec900000-edc80000 rw-p 00000000 00:00 0 
edc80000-100000000 rw-p 00000000 00:00 0 
7f9f78000000-7f9f78021000 rw-p 00000000 00:00 0 
7f9f78021000-7f9f7c000000 ---p 00000000 00:00 0 
7f9f80000000-7f9f80021000 rw-p 00000000 00:00 0 
7f9f80021000-7f9f84000000 ---p 00000000 00:00 0 
7f9f84000000-7f9f84021000 rw-p 00000000 00:00 0 
7f9f84021000-7f9f88000000 ---p 00000000 00:00 0 
7f9f88000000-7f9f88021000 rw-p 00000000 00:00 0 
7f9f88021000-7f9f8c000000 ---p 00000000 00:00 0 
7f9f8c000000-7f9f8c021000 rw-p 00000000 00:00 0 
7f9f8c021000-7f9f90000000 ---p 00000000 00:00 0 
7f9f90000000-7f9f90021000 rw-p 00000000 00:00 0 
7f9f90021000-7f9f94000000 ---p 00000000 00:00 0 
7f9f94000000-7f9f94dfa000 rw-p 00000000 00:00 0 
7f9f94dfa000-7f9f98000000 ---p 00000000 00:00 0 
7f9f98000000-7f9f98021000 rw-p 00000000 00:00 0 
7f9f98021000-7f9f9c000000 ---p 00000000 00:00 0 
7f9f9ddd0000-7f9f9ddd3000 ---p 00000000 00:00 0 
7f9f9ddd3000-7f9f9ded1000 rw-p 00000000 00:00 0 
7f9f9ded1000-7f9f9ded4000 ---p 00000000 00:00 0 
7f9f9ded4000-7f9f9dfd2000 rw-p 00000000 00:00 0 
7f9f9dfd2000-7f9f9e1d2000 rw-s 19288c000 00:05 15888                     /dev/nvidia0
7f9f9e1d2000-7f9f9e5d2000 rw-s 10d8f3000 00:05 15888                     /dev/nvidia0
7f9f9e5d2000-7f9f9e5d5000 ---p 00000000 00:00 0 
7f9f9e5d5000-7f9f9e6d3000 rw-p 00000000 00:00 0                          [stack:16017]
7f9f9e6d3000-7f9f9e6d6000 ---p 00000000 00:00 0 
7f9f9e6d6000-7f9f9e7d4000 rw-p 00000000 00:00 0                          [stack:16016]
7f9f9e7d4000-7f9f9e7d7000 ---p 00000000 00:00 0 
7f9f9e7d7000-7f9f9e8d5000 rw-p 00000000 00:00 0 
7f9f9e8d5000-7f9f9e8ec000 r-xp 00000000 08:01 585273                     /usr/lib/jvm/java-7-openjdk-amd64/jre/lib/amd64/libnet.so
7f9f9e8ec000-7f9f9eaeb000 ---p 00017000 08:01 585273                     /usr/lib/jvm/java-7-openjdk-amd64/jre/lib/amd64/libnet.so
7f9f9eaeb000-7f9f9eaec000 r--p 00016000 08:01 585273                     /usr/lib/jvm/java-7-openjdk-amd64/jre/lib/amd64/libnet.so
7f9f9eaec000-7f9f9eaed000 rw-p 00017000 08:01 585273                     /usr/lib/jvm/java-7-openjdk-amd64/jre/lib/amd64/libnet.so
7f9f9eaed000-7f9f9eb39000 r-xp 00000000 08:01 441240                     /tmp/libgdxsirolf2009/9de2241f/libgdx-box2d64.so
7f9f9eb39000-7f9f9ed38000 ---p 0004c000 08:01 441240                     /tmp/libgdxsirolf2009/9de2241f/libgdx-box2d64.so
7f9f9ed38000-7f9f9ed3a000 r--p 0004b000 08:01 441240                     /tmp/libgdxsirolf2009/9de2241f/libgdx-box2d64.so
7f9f9ed3a000-7f9f9ed3b000 rw-p 0004d000 08:01 441240                     /tmp/libgdxsirolf2009/9de2241f/libgdx-box2d64.so
7f9f9ed3b000-7f9f9f13b000 rw-s 1270b6000 00:05 15888                     /dev/nvidia0
7f9f9f13b000-7f9f9f33b000 rw-s 150f77000 00:05 15888                     /dev/nvidia0
7f9f9f33b000-7f9f9f73b000 rw-s 35c3a000 00:05 15888                      /dev/nvidia0
7f9f9f73b000-7f9f9fb3b000 rw-s 196fc1000 00:05 15888                     /dev/nvidia0
7f9f9fb3b000-7f9f9ff3b000 rw-s 358f3000 00:05 15888                      /dev/nvidia0
7f9f9ff3b000-7f9f9ffff000 rw-s 3a0cc000 00:05 15888                      /dev/nvidia0
7f9f9ffff000-7f9fa4000000 rw-s 00000000 00:14 148599                     /run/shm/pulse-shm-3317271712
7f9fa4000000-7f9fa4021000 rw-p 00000000 00:00 0 
7f9fa4021000-7f9fa8000000 ---p 00000000 00:00 0 
7f9fa8054000-7f9fa8074000 rw-s 70160000 00:05 15888                      /dev/nvidia0
7f9fa8074000-7f9fa80b4000 rw-s 195444000 00:05 15888                     /dev/nvidia0
7f9fa80b4000-7f9fa9c1c000 r-xp 00000000 08:01 1573255                    /usr/lib/nvidia-331-updates/libnvidia-glcore.so.331.113
7f9fa9c1c000-7f9fa9e1b000 ---p 01b68000 08:01 1573255                    /usr/lib/nvidia-331-updates/libnvidia-glcore.so.331.113
7f9fa9e1b000-7f9faa8a6000 rwxp 01b67000 08:01 1573255                    /usr/lib/nvidia-331-updates/libnvidia-glcore.so.331.113
7f9faa8a6000-7f9faa8c3000 rwxp 00000000 00:00 0 
7f9faa8c3000-7f9faa8c6000 r-xp 00000000 08:01 1573238                    /usr/lib/nvidia-331-updates/tls/libnvidia-tls.so.331.113
7f9faa8c6000-7f9faaac5000 ---p 00003000 08:01 1573238                    /usr/lib/nvidia-331-updates/tls/libnvidia-tls.so.331.113
7f9faaac5000-7f9faaac6000 rw-p 00002000 08:01 1573238                    /usr/lib/nvidia-331-updates/tls/libnvidia-tls.so.331.113
7f9faaac6000-7f9faaba3000 r-xp 00000000 08:01 1573237                    /usr/lib/nvidia-331-updates/libGL.so.331.113
7f9faaba3000-7f9faada2000 ---p 000dd000 08:01 1573237                    /usr/lib/nvidia-331-updates/libGL.so.331.113
7f9faada2000-7f9faade2000 rwxp 000dc000 08:01 1573237                    /usr/lib/nvidia-331-updates/libGL.so.331.113
7f9faade2000-7f9faadf9000 rwxp 00000000 00:00 0 
7f9faadf9000-7f9faadfc000 ---p 00000000 00:00 0 
7f9faadfc000-7f9faaefa000 rw-p 00000000 00:00 0                          [stack:16002]
7f9faaefa000-7f9faaefb000 ---p 00000000 00:00 0 
7f9faaefb000-7f9fab6fb000 rw-p 00000000 00:00 0                          [stack:15999]
7f9fab6fb000-7f9fab702000 r-xp 00000000 08:01 537327                     /usr/lib/x86_64-linux-gnu/libogg.so.0.8.1
7f9fab702000-7f9fab902000 ---p 00007000 08:01 537327                     /usr/lib/x86_64-linux-gnu/libogg.so.0.8.1
7f9fab902000-7f9fab903000 r--p 00007000 08:01 537327                     /usr/lib/x86_64-linux-gnu/libogg.so.0.8.1
7f9fab903000-7f9fab904000 rw-p 00008000 08:01 537327                     /usr/lib/x86_64-linux-gnu/libogg.so.0.8.1
7f9fab904000-7f9fab930000 r-xp 00000000 08:01 537605                     /usr/lib/x86_64-linux-gnu/libvorbis.so.0.4.5
7f9fab930000-7f9fabb2f000 ---p 0002c000 08:01 537605                     /usr/lib/x86_64-linux-gnu/libvorbis.so.0.4.5
7f9fabb2f000-7f9fabb30000 r--p 0002b000 08:01 537605                     /usr/lib/x86_64-linux-gnu/libvorbis.so.0.4.5
7f9fabb30000-7f9fabb31000 rw-p 0002c000 08:01 537605                     /usr/lib/x86_64-linux-gnu/libvorbis.so.0.4.5
7f9fabb31000-7f9fabde4000 r-xp 00000000 08:01 537607                     /usr/lib/x86_64-linux-gnu/libvorbisenc.so.2.0.8
7f9fabde4000-7f9fabfe3000 ---p 002b3000 08:01 537607                     /usr/lib/x86_64-linux-gnu/libvorbisenc.so.2.0.8
7f9fabfe3000-7f9fabfff000 r--p 002b2000 08:01 537607                     /usr/lib/x86_64-linux-gnu/libvorbisenc.so.2.0.8
7f9fabfff000-7f9fac000000 rw-p 002ce000 08:01 537607                     /usr/lib/x86_64-linux-gnu/libvorbisenc.so.2.0.8
7f9fac000000-7f9fac021000 rw-p 00000000 00:00 0 
7f9fac021000-7f9fb0000000 ---p 00000000 00:00 0 
7f9fb0016000-7f9fb0017000 ---p 00000000 00:00 0 
7f9fb0017000-7f9fb0117000 rw-p 00000000 00:00 0                          [stack:16000]
7f9fb0117000-7f9fb0147000 r-xp 00000000 08:01 529268                     /usr/lib/x86_64-linux-gnu/libFLAC.so.8.3.0
7f9fb0147000-7f9fb0346000 ---p 00030000 08:01 529268                     /usr/lib/x86_64-linux-gnu/libFLAC.so.8.3.0
7f9fb0346000-7f9fb0347000 r--p 0002f000 08:01 529268                     /usr/lib/x86_64-linux-gnu/libFLAC.so.8.3.0
7f9fb0347000-7f9fb0348000 rw-p 00030000 08:01 529268                     /usr/lib/x86_64-linux-gnu/libFLAC.so.8.3.0
7f9fb0348000-7f9fb034d000 r-xp 00000000 08:01 536698                     /usr/lib/x86_64-linux-gnu/libasyncns.so.0.3.1
7f9fb034d000-7f9fb054c000 ---p 00005000 08:01 536698                     /usr/lib/x86_64-linux-gnu/libasyncns.so.0.3.1
7f9fb054c000-7f9fb054d000 r--p 00004000 08:01 536698                     /usr/lib/x86_64-linux-gnu/libasyncns.so.0.3.1
7f9fb054d000-7f9fb054e000 rw-p 00005000 08:01 536698                     /usr/lib/x86_64-linux-gnu/libasyncns.so.0.3.1
7f9fb054e000-7f9fb05af000 r-xp 00000000 08:01 537484                     /usr/lib/x86_64-linux-gnu/libsndfile.so.1.0.25
7f9fb05af000-7f9fb07af000 ---p 00061000 08:01 537484                     /usr/lib/x86_64-linux-gnu/libsndfile.so.1.0.25
7f9fb07af000-7f9fb07b1000 r--p 00061000 08:01 537484                     /usr/lib/x86_64-linux-gnu/libsndfile.so.1.0.25
7f9fb07b1000-7f9fb07b2000 rw-p 00063000 08:01 537484                     /usr/lib/x86_64-linux-gnu/libsndfile.so.1.0.25
7f9fb07b2000-7f9fb07b6000 rw-p 00000000 00:00 0 
7f9fb07b6000-7f9fb07be000 r-xp 00000000 08:01 5050                       /lib/x86_64-linux-gnu/libwrap.so.0.7.6
7f9fb07be000-7f9fb09bd000 ---p 00008000 08:01 5050                       /lib/x86_64-linux-gnu/libwrap.so.0.7.6
7f9fb09bd000-7f9fb09be000 r--p 00007000 08:01 5050                       /lib/x86_64-linux-gnu/libwrap.so.0.7.6
7f9fb09be000-7f9fb09bf000 rw-p 00008000 08:01 5050                       /lib/x86_64-linux-gnu/libwrap.so.0.7.6
7f9fb09bf000-7f9fb09c0000 rw-p 00000000 00:00 0 
7f9fb09c0000-7f9fb0a26000 r-xp 00000000 08:01 262895                     /usr/lib/x86_64-linux-gnu/pulseaudio/libpulsecommon-4.0.so
7f9fb0a26000-7f9fb0c25000 ---p 00066000 08:01 262895                     /usr/lib/x86_64-linux-gnu/pulseaudio/libpulsecommon-4.0.so
7f9fb0c25000-7f9fb0c26000 r--p 00065000 08:01 262895                     /usr/lib/x86_64-linux-gnu/pulseaudio/libpulsecommon-4.0.so
7f9fb0c26000-7f9fb0c27000 rw-p 00066000 08:01 262895                     /usr/lib/x86_64-linux-gnu/pulseaudio/libpulsecommon-4.0.so
7f9fb0c27000-7f9fb0c31000 r-xp 00000000 08:01 4930                       /lib/x86_64-linux-gnu/libjson-c.so.2.0.0
7f9fb0c31000-7f9fb0e30000 ---p 0000a000 08:01 4930                       /lib/x86_64-linux-gnu/libjson-c.so.2.0.0
7f9fb0e30000-7f9fb0e31000 r--p 00009000 08:01 4930                       /lib/x86_64-linux-gnu/libjson-c.so.2.0.0
7f9fb0e31000-7f9fb0e32000 rw-p 0000a000 08:01 4930                       /lib/x86_64-linux-gnu/libjson-c.so.2.0.0
7f9fb0e32000-7f9fb0e79000 r-xp 00000000 08:01 537396                     /usr/lib/x86_64-linux-gnu/libpulse.so.0.16.2
7f9fb0e79000-7f9fb1079000 ---p 00047000 08:01 537396                     /usr/lib/x86_64-linux-gnu/libpulse.so.0.16.2
7f9fb1079000-7f9fb107a000 r--p 00047000 08:01 537396                     /usr/lib/x86_64-linux-gnu/libpulse.so.0.16.2
7f9fb107a000-7f9fb107b000 rw-p 00048000 08:01 537396                     /usr/lib/x86_64-linux-gnu/libpulse.so.0.16.2
7f9fb107b000-7f9fb10d0000 r-xp 00000000 08:01 441238                     /tmp/libgdxsirolf2009/7b43be9b/libopenal64.so
7f9fb10d0000-7f9fb12cf000 ---p 00055000 08:01 441238                     /tmp/libgdxsirolf2009/7b43be9b/libopenal64.so
7f9fb12cf000-7f9fb12d2000 r--p 00054000 08:01 441238                     /tmp/libgdxsirolf2009/7b43be9b/libopenal64.so
7f9fb12d2000-7f9fb12d3000 rw-p 00057000 08:01 441238                     /tmp/libgdxsirolf2009/7b43be9b/libopenal64.so
7f9fb12d3000-7f9fb12d4000 rw-p 00000000 00:00 0 
7f9fb12d4000-7f9fb12d8000 r-xp 00000000 08:01 536659                     /usr/lib/x86_64-linux-gnu/libXxf86vm.so.1.0.0
7f9fb12d8000-7f9fb14d8000 ---p 00004000 08:01 536659                     /usr/lib/x86_64-linux-gnu/libXxf86vm.so.1.0.0
7f9fb14d8000-7f9fb14d9000 r--p 00004000 08:01 536659                     /usr/lib/x86_64-linux-gnu/libXxf86vm.so.1.0.0
7f9fb14d9000-7f9fb14da000 rw-p 00005000 08:01 536659                     /usr/lib/x86_64-linux-gnu/libXxf86vm.so.1.0.0
7f9fb14da000-7f9fb14e3000 r-xp 00000000 08:01 536641                     /usr/lib/x86_64-linux-gnu/libXrandr.so.2.2.0
7f9fb14e3000-7f9fb16e2000 ---p 00009000 08:01 536641                     /usr/lib/x86_64-linux-gnu/libXrandr.so.2.2.0
7f9fb16e2000-7f9fb16e3000 r--p 00008000 08:01 536641                     /usr/lib/x86_64-linux-gnu/libXrandr.so.2.2.0
7f9fb16e3000-7f9fb16e4000 rw-p 00009000 08:01 536641                     /usr/lib/x86_64-linux-gnu/libXrandr.so.2.2.0
7f9fb16e4000-7f9fb1750000 r-xp 00000000 08:01 441235                     /tmp/libgdxsirolf2009/7b43be9b/liblwjgl64.so
7f9fb1750000-7f9fb194f000 ---p 0006c000 08:01 441235                     /tmp/libgdxsirolf2009/7b43be9b/liblwjgl64.so
7f9fb194f000-7f9fb1951000 r--p 0006b000 08:01 441235                     /tmp/libgdxsirolf2009/7b43be9b/liblwjgl64.so
7f9fb1951000-7f9fb1952000 rw-p 0006d000 08:01 441235                     /tmp/libgdxsirolf2009/7b43be9b/liblwjgl64.so
7f9fb1952000-7f9fb1953000 r-xp 00000000 08:01 585303                     /usr/lib/jvm/java-7-openjdk-amd64/jre/lib/amd64/libjawt.so
7f9fb1953000-7f9fb1b52000 ---p 00001000 08:01 585303                     /usr/lib/jvm/java-7-openjdk-amd64/jre/lib/amd64/libjawt.so
7f9fb1b52000-7f9fb1b53000 r--p 00000000 08:01 585303                     /usr/lib/jvm/java-7-openjdk-amd64/jre/lib/amd64/libjawt.so
7f9fb1b53000-7f9fb1b54000 rw-p 00001000 08:01 585303                     /usr/lib/jvm/java-7-openjdk-amd64/jre/lib/amd64/libjawt.so
7f9fb1b54000-7f9fb1b57000 ---p 00000000 00:00 0 
7f9fb1b57000-7f9fb1c55000 rw-p 00000000 00:00 0                          [stack:15997]
7f9fb1c55000-7f9fb1c5a000 r-xp 00000000 08:01 536623                     /usr/lib/x86_64-linux-gnu/libXfixes.so.3.1.0
7f9fb1c5a000-7f9fb1e59000 ---p 00005000 08:01 536623                     /usr/lib/x86_64-linux-gnu/libXfixes.so.3.1.0
7f9fb1e59000-7f9fb1e5a000 r--p 00004000 08:01 536623                     /usr/lib/x86_64-linux-gnu/libXfixes.so.3.1.0
7f9fb1e5a000-7f9fb1e5b000 rw-p 00005000 08:01 536623                     /usr/lib/x86_64-linux-gnu/libXfixes.so.3.1.0
7f9fb1e5b000-7f9fb1e64000 r-xp 00000000 08:01 536615                     /usr/lib/x86_64-linux-gnu/libXcursor.so.1.0.2
7f9fb1e64000-7f9fb2063000 ---p 00009000 08:01 536615                     /usr/lib/x86_64-linux-gnu/libXcursor.so.1.0.2
7f9fb2063000-7f9fb2064000 r--p 00008000 08:01 536615                     /usr/lib/x86_64-linux-gnu/libXcursor.so.1.0.2
7f9fb2064000-7f9fb2065000 rw-p 00009000 08:01 536615                     /usr/lib/x86_64-linux-gnu/libXcursor.so.1.0.2
7f9fb2065000-7f9fb2068000 ---p 00000000 00:00 0 
7f9fb2068000-7f9fb2166000 rw-p 00000000 00:00 0                          [stack:15995]
7f9fb2166000-7f9fb216a000 r-xp 00000000 08:01 4923                       /lib/x86_64-linux-gnu/libgpg-error.so.0.10.0
7f9fb216a000-7f9fb2369000 ---p 00004000 08:01 4923                       /lib/x86_64-linux-gnu/libgpg-error.so.0.10.0
7f9fb2369000-7f9fb236a000 r--p 00003000 08:01 4923                       /lib/x86_64-linux-gnu/libgpg-error.so.0.10.0
7f9fb236a000-7f9fb236b000 rw-p 00004000 08:01 4923                       /lib/x86_64-linux-gnu/libgpg-error.so.0.10.0
7f9fb236b000-7f9fb236d000 r-xp 00000000 08:01 4933                       /lib/x86_64-linux-gnu/libkeyutils.so.1.4
7f9fb236d000-7f9fb256d000 ---p 00002000 08:01 4933                       /lib/x86_64-linux-gnu/libkeyutils.so.1.4
7f9fb256d000-7f9fb256e000 r--p 00002000 08:01 4933                       /lib/x86_64-linux-gnu/libkeyutils.so.1.4
7f9fb256e000-7f9fb256f000 rw-p 00003000 08:01 4933                       /lib/x86_64-linux-gnu/libkeyutils.so.1.4
7f9fb256f000-7f9fb25ac000 r-xp 00000000 08:01 4993                       /lib/x86_64-linux-gnu/libpcre.so.3.13.1
7f9fb25ac000-7f9fb27ab000 ---p 0003d000 08:01 4993                       /lib/x86_64-linux-gnu/libpcre.so.3.13.1
7f9fb27ab000-7f9fb27ac000 r--p 0003c000 08:01 4993                       /lib/x86_64-linux-gnu/libpcre.so.3.13.1
7f9fb27ac000-7f9fb27ad000 rw-p 0003d000 08:01 4993                       /lib/x86_64-linux-gnu/libpcre.so.3.13.1
7f9fb27ad000-7f9fb27d2000 r-xp 00000000 08:01 5005                       /lib/x86_64-linux-gnu/libpng12.so.0.50.0
7f9fb27d2000-7f9fb29d1000 ---p 00025000 08:01 5005                       /lib/x86_64-linux-gnu/libpng12.so.0.50.0
7f9fb29d1000-7f9fb29d2000 r--p 00024000 08:01 5005                       /lib/x86_64-linux-gnu/libpng12.so.0.50.0
7f9fb29d2000-7f9fb29d3000 rw-p 00025000 08:01 5005                       /lib/x86_64-linux-gnu/libpng12.so.0.50.0
7f9fb29d3000-7f9fb2a17000 r-xp 00000000 08:01 24141                      /lib/x86_64-linux-gnu/libdbus-1.so.3.7.6
7f9fb2a17000-7f9fb2c16000 ---p 00044000 08:01 24141                      /lib/x86_64-linux-gnu/libdbus-1.so.3.7.6
7f9fb2c16000-7f9fb2c17000 r--p 00043000 08:01 24141                      /lib/x86_64-linux-gnu/libdbus-1.so.3.7.6
7f9fb2c17000-7f9fb2c18000 rw-p 00044000 08:01 24141                      /lib/x86_64-linux-gnu/libdbus-1.so.3.7.6
7f9fb2c18000-7f9fb2c53000 r-xp 00000000 08:01 537335                     /usr/lib/x86_64-linux-gnu/libp11-kit.so.0.0.0
7f9fb2c53000-7f9fb2e52000 ---p 0003b000 08:01 537335                     /usr/lib/x86_64-linux-gnu/libp11-kit.so.0.0.0
7f9fb2e52000-7f9fb2e58000 r--p 0003a000 08:01 537335                     /usr/lib/x86_64-linux-gnu/libp11-kit.so.0.0.0
7f9fb2e58000-7f9fb2e5a000 rw-p 00040000 08:01 537335                     /usr/lib/x86_64-linux-gnu/libp11-kit.so.0.0.0
7f9fb2e5a000-7f9fb2e6c000 r-xp 00000000 08:01 537520                     /usr/lib/x86_64-linux-gnu/libtasn1.so.6.2.0
7f9fb2e6c000-7f9fb306c000 ---p 00012000 08:01 537520                     /usr/lib/x86_64-linux-gnu/libtasn1.so.6.2.0
7f9fb306c000-7f9fb306d000 r--p 00012000 08:01 537520                     /usr/lib/x86_64-linux-gnu/libtasn1.so.6.2.0
7f9fb306d000-7f9fb306e000 rw-p 00013000 08:01 537520                     /usr/lib/x86_64-linux-gnu/libtasn1.so.6.2.0
7f9fb306e000-7f9fb30ea000 r-xp 00000000 08:01 5577                       /lib/x86_64-linux-gnu/libgcrypt.so.11.8.2
7f9fb30ea000-7f9fb32e9000 ---p 0007c000 08:01 5577                       /lib/x86_64-linux-gnu/libgcrypt.so.11.8.2
7f9fb32e9000-7f9fb32ea000 r--p 0007b000 08:01 5577                       /lib/x86_64-linux-gnu/libgcrypt.so.11.8.2
7f9fb32ea000-7f9fb32ed000 rw-p 0007c000 08:01 5577                       /lib/x86_64-linux-gnu/libgcrypt.so.11.8.2
7f9fb32ed000-7f9fb32f7000 r-xp 00000000 08:01 529037                     /usr/lib/x86_64-linux-gnu/libkrb5support.so.0.1
7f9fb32f7000-7f9fb34f6000 ---p 0000a000 08:01 529037                     /usr/lib/x86_64-linux-gnu/libkrb5support.so.0.1
7f9fb34f6000-7f9fb34f7000 r--p 00009000 08:01 529037                     /usr/lib/x86_64-linux-gnu/libkrb5support.so.0.1
7f9fb34f7000-7f9fb34f8000 rw-p 0000a000 08:01 529037                     /usr/lib/x86_64-linux-gnu/libkrb5support.so.0.1
7f9fb34f8000-7f9fb34fb000 r-xp 00000000 08:01 4899                       /lib/x86_64-linux-gnu/libcom_err.so.2.1
7f9fb34fb000-7f9fb36fa000 ---p 00003000 08:01 4899                       /lib/x86_64-linux-gnu/libcom_err.so.2.1
7f9fb36fa000-7f9fb36fb000 r--p 00002000 08:01 4899                       /lib/x86_64-linux-gnu/libcom_err.so.2.1
7f9fb36fb000-7f9fb36fc000 rw-p 00003000 08:01 4899                       /lib/x86_64-linux-gnu/libcom_err.so.2.1
7f9fb36fc000-7f9fb3728000 r-xp 00000000 08:01 529012                     /usr/lib/x86_64-linux-gnu/libk5crypto.so.3.1
7f9fb3728000-7f9fb3927000 ---p 0002c000 08:01 529012                     /usr/lib/x86_64-linux-gnu/libk5crypto.so.3.1
7f9fb3927000-7f9fb3929000 r--p 0002b000 08:01 529012                     /usr/lib/x86_64-linux-gnu/libk5crypto.so.3.1
7f9fb3929000-7f9fb392a000 rw-p 0002d000 08:01 529012                     /usr/lib/x86_64-linux-gnu/libk5crypto.so.3.1
7f9fb392a000-7f9fb392b000 rw-p 00000000 00:00 0 
7f9fb392b000-7f9fb39e7000 r-xp 00000000 08:01 529029                     /usr/lib/x86_64-linux-gnu/libkrb5.so.3.3
7f9fb39e7000-7f9fb3be7000 ---p 000bc000 08:01 529029                     /usr/lib/x86_64-linux-gnu/libkrb5.so.3.3
7f9fb3be7000-7f9fb3bf4000 r--p 000bc000 08:01 529029                     /usr/lib/x86_64-linux-gnu/libkrb5.so.3.3
7f9fb3bf4000-7f9fb3bf6000 rw-p 000c9000 08:01 529029                     /usr/lib/x86_64-linux-gnu/libkrb5.so.3.3
7f9fb3bf6000-7f9fb3bfb000 r-xp 00000000 08:01 536619                     /usr/lib/x86_64-linux-gnu/libXdmcp.so.6.0.0
7f9fb3bfb000-7f9fb3dfa000 ---p 00005000 08:01 536619                     /usr/lib/x86_64-linux-gnu/libXdmcp.so.6.0.0
7f9fb3dfa000-7f9fb3dfb000 r--p 00004000 08:01 536619                     /usr/lib/x86_64-linux-gnu/libXdmcp.so.6.0.0
7f9fb3dfb000-7f9fb3dfc000 rw-p 00005000 08:01 536619                     /usr/lib/x86_64-linux-gnu/libXdmcp.so.6.0.0
7f9fb3dfc000-7f9fb3dfe000 r-xp 00000000 08:01 536608                     /usr/lib/x86_64-linux-gnu/libXau.so.6.0.0
7f9fb3dfe000-7f9fb3ffe000 ---p 00002000 08:01 536608                     /usr/lib/x86_64-linux-gnu/libXau.so.6.0.0
7f9fb3ffe000-7f9fb3fff000 r--p 00002000 08:01 536608                     /usr/lib/x86_64-linux-gnu/libXau.so.6.0.0
7f9fb3fff000-7f9fb4000000 rw-p 00003000 08:01 536608                     /usr/lib/x86_64-linux-gnu/libXau.so.6.0.0
7f9fb4000000-7f9fb4021000 rw-p 00000000 00:00 0 
7f9fb4021000-7f9fb8000000 ---p 00000000 00:00 0 
7f9fb8000000-7f9fb8021000 rw-p 00000000 00:00 0 
7f9fb8021000-7f9fbc000000 ---p 00000000 00:00 0 
7f9fbc000000-7f9fbc7fd000 rw-p 00000000 00:00 0 
7f9fbc7fd000-7f9fc0000000 ---p 00000000 00:00 0 
7f9fc0000000-7f9fc08d2000 rw-p 00000000 00:00 0 
7f9fc08d2000-7f9fc4000000 ---p 00000000 00:00 0 
7f9fc4000000-7f9fc4021000 rw-p 00000000 00:00 0 
7f9fc4021000-7f9fc8000000 ---p 00000000 00:00 0 
7f9fc8007000-7f9fc8008000 rw-p 00000000 00:00 0 
7f9fc8008000-7f9fc8028000 rw-s 196093000 00:05 15888                     /dev/nvidia0
7f9fc8028000-7f9fc8068000 rw-s 12c06a000 00:05 15888                     /dev/nvidia0
7f9fc8088000-7f9fc808f000 r-xp 00000000 08:01 536886                     /usr/lib/x86_64-linux-gnu/libffi.so.6.0.1
7f9fc808f000-7f9fc828e000 ---p 00007000 08:01 536886                     /usr/lib/x86_64-linux-gnu/libffi.so.6.0.1
7f9fc828e000-7f9fc828f000 r--p 00006000 08:01 536886                     /usr/lib/x86_64-linux-gnu/libffi.so.6.0.1
7f9fc828f000-7f9fc8290000 rw-p 00007000 08:01 536886                     /usr/lib/x86_64-linux-gnu/libffi.so.6.0.1
7f9fc8290000-7f9fc82a7000 r-xp 00000000 08:01 21238                      /lib/x86_64-linux-gnu/libresolv-2.19.so
7f9fc82a7000-7f9fc84a7000 ---p 00017000 08:01 21238                      /lib/x86_64-linux-gnu/libresolv-2.19.so
7f9fc84a7000-7f9fc84a8000 r--p 00017000 08:01 21238                      /lib/x86_64-linux-gnu/libresolv-2.19.so
7f9fc84a8000-7f9fc84a9000 rw-p 00018000 08:01 21238                      /lib/x86_64-linux-gnu/libresolv-2.19.so
7f9fc84a9000-7f9fc84ab000 rw-p 00000000 00:00 0 
7f9fc84ab000-7f9fc84cb000 r-xp 00000000 08:01 5020                       /lib/x86_64-linux-gnu/libselinux.so.1
7f9fc84cb000-7f9fc86ca000 ---p 00020000 08:01 5020                       /lib/x86_64-linux-gnu/libselinux.so.1
7f9fc86ca000-7f9fc86cb000 r--p 0001f000 08:01 5020                       /lib/x86_64-linux-gnu/libselinux.so.1
7f9fc86cb000-7f9fc86cc000 rw-p 00020000 08:01 5020                       /lib/x86_64-linux-gnu/libselinux.so.1
7f9fc86cc000-7f9fc86ce000 rw-p 00000000 00:00 0 
7f9fc86ce000-7f9fc87d4000 r-xp 00000000 08:01 5711                       /lib/x86_64-linux-gnu/libglib-2.0.so.0.4002.0
7f9fc87d4000-7f9fc89d3000 ---p 00106000 08:01 5711                       /lib/x86_64-linux-gnu/libglib-2.0.so.0.4002.0
7f9fc89d3000-7f9fc89d4000 r--p 00105000 08:01 5711                       /lib/x86_64-linux-gnu/libglib-2.0.so.0.4002.0
7f9fc89d4000-7f9fc89d5000 rw-p 00106000 08:01 5711                       /lib/x86_64-linux-gnu/libglib-2.0.so.0.4002.0
7f9fc89d5000-7f9fc89d6000 rw-p 00000000 00:00 0 
7f9fc89d6000-7f9fc89d9000 r-xp 00000000 08:01 530476                     /usr/lib/x86_64-linux-gnu/libgmodule-2.0.so.0.4002.0
7f9fc89d9000-7f9fc8bd8000 ---p 00003000 08:01 530476                     /usr/lib/x86_64-linux-gnu/libgmodule-2.0.so.0.4002.0
7f9fc8bd8000-7f9fc8bd9000 r--p 00002000 08:01 530476                     /usr/lib/x86_64-linux-gnu/libgmodule-2.0.so.0.4002.0
7f9fc8bd9000-7f9fc8bda000 rw-p 00003000 08:01 530476                     /usr/lib/x86_64-linux-gnu/libgmodule-2.0.so.0.4002.0
7f9fc8bda000-7f9fc8c01000 r-xp 00000000 08:01 4912                       /lib/x86_64-linux-gnu/libexpat.so.1.6.0
7f9fc8c01000-7f9fc8e01000 ---p 00027000 08:01 4912                       /lib/x86_64-linux-gnu/libexpat.so.1.6.0
7f9fc8e01000-7f9fc8e03000 r--p 00027000 08:01 4912                       /lib/x86_64-linux-gnu/libexpat.so.1.6.0
7f9fc8e03000-7f9fc8e04000 rw-p 00029000 08:01 4912                       /lib/x86_64-linux-gnu/libexpat.so.1.6.0
7f9fc8e04000-7f9fc8ea1000 r-xp 00000000 08:01 536928                     /usr/lib/x86_64-linux-gnu/libfreetype.so.6.11.1
7f9fc8ea1000-7f9fc90a0000 ---p 0009d000 08:01 536928                     /usr/lib/x86_64-linux-gnu/libfreetype.so.6.11.1
7f9fc90a0000-7f9fc90a6000 r--p 0009c000 08:01 536928                     /usr/lib/x86_64-linux-gnu/libfreetype.so.6.11.1
7f9fc90a6000-7f9fc90a7000 rw-p 000a2000 08:01 536928                     /usr/lib/x86_64-linux-gnu/libfreetype.so.6.11.1
7f9fc90a7000-7f9fc90b6000 r-xp 00000000 08:01 536712                     /usr/lib/x86_64-linux-gnu/libavahi-client.so.3.2.9
7f9fc90b6000-7f9fc92b6000 ---p 0000f000 08:01 536712                     /usr/lib/x86_64-linux-gnu/libavahi-client.so.3.2.9
7f9fc92b6000-7f9fc92b7000 r--p 0000f000 08:01 536712                     /usr/lib/x86_64-linux-gnu/libavahi-client.so.3.2.9
7f9fc92b7000-7f9fc92b8000 rw-p 00010000 08:01 536712                     /usr/lib/x86_64-linux-gnu/libavahi-client.so.3.2.9
7f9fc92b8000-7f9fc92c3000 r-xp 00000000 08:01 536714                     /usr/lib/x86_64-linux-gnu/libavahi-common.so.3.5.3
7f9fc92c3000-7f9fc94c2000 ---p 0000b000 08:01 536714                     /usr/lib/x86_64-linux-gnu/libavahi-common.so.3.5.3
7f9fc94c2000-7f9fc94c3000 r--p 0000a000 08:01 536714                     /usr/lib/x86_64-linux-gnu/libavahi-common.so.3.5.3
7f9fc94c3000-7f9fc94c4000 rw-p 0000b000 08:01 536714                     /usr/lib/x86_64-linux-gnu/libavahi-common.so.3.5.3
7f9fc94c4000-7f9fc957a000 r-xp 00000000 08:01 537015                     /usr/lib/x86_64-linux-gnu/libgnutls.so.26.22.6
7f9fc957a000-7f9fc977a000 ---p 000b6000 08:01 537015                     /usr/lib/x86_64-linux-gnu/libgnutls.so.26.22.6
7f9fc977a000-7f9fc9780000 r--p 000b6000 08:01 537015                     /usr/lib/x86_64-linux-gnu/libgnutls.so.26.22.6
7f9fc9780000-7f9fc9781000 rw-p 000bc000 08:01 537015                     /usr/lib/x86_64-linux-gnu/libgnutls.so.26.22.6
7f9fc9781000-7f9fc9782000 rw-p 00000000 00:00 0 
7f9fc9782000-7f9fc97c5000 r-xp 00000000 08:01 529021                     /usr/lib/x86_64-linux-gnu/libgssapi_krb5.so.2.2
7f9fc97c5000-7f9fc99c5000 ---p 00043000 08:01 529021                     /usr/lib/x86_64-linux-gnu/libgssapi_krb5.so.2.2
7f9fc99c5000-7f9fc99c6000 r--p 00043000 08:01 529021                     /usr/lib/x86_64-linux-gnu/libgssapi_krb5.so.2.2
7f9fc99c6000-7f9fc99c8000 rw-p 00044000 08:01 529021                     /usr/lib/x86_64-linux-gnu/libgssapi_krb5.so.2.2
7f9fc99c8000-7f9fc99e5000 r-xp 00000000 08:01 537678                     /usr/lib/x86_64-linux-gnu/libxcb.so.1.1.0
7f9fc99e5000-7f9fc9be5000 ---p 0001d000 08:01 537678                     /usr/lib/x86_64-linux-gnu/libxcb.so.1.1.0
7f9fc9be5000-7f9fc9be6000 r--p 0001d000 08:01 537678                     /usr/lib/x86_64-linux-gnu/libxcb.so.1.1.0
7f9fc9be6000-7f9fc9be7000 rw-p 0001e000 08:01 537678                     /usr/lib/x86_64-linux-gnu/libxcb.so.1.1.0
7f9fc9be7000-7f9fc9c36000 r-xp 00000000 08:01 530478                     /usr/lib/x86_64-linux-gnu/libgobject-2.0.so.0.4002.0
7f9fc9c36000-7f9fc9e36000 ---p 0004f000 08:01 530478                     /usr/lib/x86_64-linux-gnu/libgobject-2.0.so.0.4002.0
7f9fc9e36000-7f9fc9e37000 r--p 0004f000 08:01 530478                     /usr/lib/x86_64-linux-gnu/libgobject-2.0.so.0.4002.0
7f9fc9e37000-7f9fc9e38000 rw-p 00050000 08:01 530478                     /usr/lib/x86_64-linux-gnu/libgobject-2.0.so.0.4002.0
7f9fc9e38000-7f9fc9fa4000 r-xp 00000000 08:01 530481                     /usr/lib/x86_64-linux-gnu/libgio-2.0.so.0.4002.0
7f9fc9fa4000-7f9fca1a3000 ---p 0016c000 08:01 530481                     /usr/lib/x86_64-linux-gnu/libgio-2.0.so.0.4002.0
7f9fca1a3000-7f9fca1a7000 r--p 0016b000 08:01 530481                     /usr/lib/x86_64-linux-gnu/libgio-2.0.so.0.4002.0
7f9fca1a7000-7f9fca1a9000 rw-p 0016f000 08:01 530481                     /usr/lib/x86_64-linux-gnu/libgio-2.0.so.0.4002.0
7f9fca1a9000-7f9fca1ab000 rw-p 00000000 00:00 0 
7f9fca1ab000-7f9fca1e5000 r-xp 00000000 08:01 536900                     /usr/lib/x86_64-linux-gnu/libfontconfig.so.1.8.0
7f9fca1e5000-7f9fca3e4000 ---p 0003a000 08:01 536900                     /usr/lib/x86_64-linux-gnu/libfontconfig.so.1.8.0
7f9fca3e4000-7f9fca3e6000 r--p 00039000 08:01 536900                     /usr/lib/x86_64-linux-gnu/libfontconfig.so.1.8.0
7f9fca3e6000-7f9fca3e7000 rw-p 0003b000 08:01 536900                     /usr/lib/x86_64-linux-gnu/libfontconfig.so.1.8.0
7f9fca3e7000-7f9fca453000 r-xp 00000000 08:01 527731                     /usr/lib/x86_64-linux-gnu/libcups.so.2
7f9fca453000-7f9fca653000 ---p 0006c000 08:01 527731                     /usr/lib/x86_64-linux-gnu/libcups.so.2
7f9fca653000-7f9fca65a000 r--p 0006c000 08:01 527731                     /usr/lib/x86_64-linux-gnu/libcups.so.2
7f9fca65a000-7f9fca65b000 rw-p 00073000 08:01 527731                     /usr/lib/x86_64-linux-gnu/libcups.so.2
7f9fca65b000-7f9fca66a000 r-xp 00000000 08:01 536629                     /usr/lib/x86_64-linux-gnu/libXi.so.6.1.0
7f9fca66a000-7f9fca869000 ---p 0000f000 08:01 536629                     /usr/lib/x86_64-linux-gnu/libXi.so.6.1.0
7f9fca869000-7f9fca86a000 r--p 0000e000 08:01 536629                     /usr/lib/x86_64-linux-gnu/libXi.so.6.1.0
7f9fca86a000-7f9fca86b000 rw-p 0000f000 08:01 536629                     /usr/lib/x86_64-linux-gnu/libXi.so.6.1.0
7f9fca86b000-7f9fca870000 r-xp 00000000 08:01 536649                     /usr/lib/x86_64-linux-gnu/libXtst.so.6.1.0
7f9fca870000-7f9fcaa6f000 ---p 00005000 08:01 536649                     /usr/lib/x86_64-linux-gnu/libXtst.so.6.1.0
7f9fcaa6f000-7f9fcaa70000 r--p 00004000 08:01 536649                     /usr/lib/x86_64-linux-gnu/libXtst.so.6.1.0
7f9fcaa70000-7f9fcaa71000 rw-p 00005000 08:01 536649                     /usr/lib/x86_64-linux-gnu/libXtst.so.6.1.0
7f9fcaa71000-7f9fcaa7a000 r-xp 00000000 08:01 536643                     /usr/lib/x86_64-linux-gnu/libXrender.so.1.3.0
7f9fcaa7a000-7f9fcac79000 ---p 00009000 08:01 536643                     /usr/lib/x86_64-linux-gnu/libXrender.so.1.3.0
7f9fcac79000-7f9fcac7a000 r--p 00008000 08:01 536643                     /usr/lib/x86_64-linux-gnu/libXrender.so.1.3.0
7f9fcac7a000-7f9fcac7b000 rw-p 00009000 08:01 536643                     /usr/lib/x86_64-linux-gnu/libXrender.so.1.3.0
7f9fcac7b000-7f9fcadab000 r-xp 00000000 08:01 536604                     /usr/lib/x86_64-linux-gnu/libX11.so.6.3.0
7f9fcadab000-7f9fcafab000 ---p 00130000 08:01 536604                     /usr/lib/x86_64-linux-gnu/libX11.so.6.3.0
7f9fcafab000-7f9fcafac000 r--p 00130000 08:01 536604                     /usr/lib/x86_64-linux-gnu/libX11.so.6.3.0
7f9fcafac000-7f9fcafb0000 rw-p 00131000 08:01 536604                     /usr/lib/x86_64-linux-gnu/libX11.so.6.3.0
7f9fcafb0000-7f9fcafc1000 r-xp 00000000 08:01 536621                     /usr/lib/x86_64-linux-gnu/libXext.so.6.4.0
7f9fcafc1000-7f9fcb1c0000 ---p 00011000 08:01 536621                     /usr/lib/x86_64-linux-gnu/libXext.so.6.4.0
7f9fcb1c0000-7f9fcb1c1000 r--p 00010000 08:01 536621                     /usr/lib/x86_64-linux-gnu/libXext.so.6.4.0
7f9fcb1c1000-7f9fcb1c2000 rw-p 00011000 08:01 536621                     /usr/lib/x86_64-linux-gnu/libXext.so.6.4.0
7f9fcb1c2000-7f9fcb20a000 r-xp 00000000 08:01 525909                     /usr/lib/jvm/java-7-openjdk-amd64/jre/lib/amd64/xawt/libmawt.so
7f9fcb20a000-7f9fcb409000 ---p 00048000 08:01 525909                     /usr/lib/jvm/java-7-openjdk-amd64/jre/lib/amd64/xawt/libmawt.so
7f9fcb409000-7f9fcb40a000 r--p 00047000 08:01 525909                     /usr/lib/jvm/java-7-openjdk-amd64/jre/lib/amd64/xawt/libmawt.so
7f9fcb40a000-7f9fcb40d000 rw-p 00048000 08:01 525909                     /usr/lib/jvm/java-7-openjdk-amd64/jre/lib/amd64/xawt/libmawt.so
7f9fcb40d000-7f9fcb40e000 rw-p 00000000 00:00 0 
7f9fcb40e000-7f9fcb4ae000 r-xp 00000000 08:01 585283                     /usr/lib/jvm/java-7-openjdk-amd64/jre/lib/amd64/libawt.so
7f9fcb4ae000-7f9fcb6ae000 ---p 000a0000 08:01 585283                     /usr/lib/jvm/java-7-openjdk-amd64/jre/lib/amd64/libawt.so
7f9fcb6ae000-7f9fcb6af000 r--p 000a0000 08:01 585283                     /usr/lib/jvm/java-7-openjdk-amd64/jre/lib/amd64/libawt.so
7f9fcb6af000-7f9fcb6ba000 rw-p 000a1000 08:01 585283                     /usr/lib/jvm/java-7-openjdk-amd64/jre/lib/amd64/libawt.so
7f9fcb6ba000-7f9fcb6df000 rw-p 00000000 00:00 0 
7f9fcb6df000-7f9fcb71c000 r-xp 00000000 08:01 441233                     /tmp/libgdxsirolf2009/5502b6ed/libgdx64.so
7f9fcb71c000-7f9fcb91b000 ---p 0003d000 08:01 441233                     /tmp/libgdxsirolf2009/5502b6ed/libgdx64.so
7f9fcb91b000-7f9fcb91c000 r--p 0003c000 08:01 441233                     /tmp/libgdxsirolf2009/5502b6ed/libgdx64.so
7f9fcb91c000-7f9fcb91d000 rw-p 0003d000 08:01 441233                     /tmp/libgdxsirolf2009/5502b6ed/libgdx64.so
7f9fcb91d000-7f9fcc000000 r--p 00000000 08:01 534280                     /usr/lib/locale/locale-archive
7f9fcc000000-7f9fcc021000 rw-p 00000000 00:00 0 
7f9fcc021000-7f9fd0000000 ---p 00000000 00:00 0 
7f9fd0000000-7f9fd0021000 rw-p 00000000 00:00 0 
7f9fd0021000-7f9fd4000000 ---p 00000000 00:00 0 
7f9fd4000000-7f9fd4021000 rw-p 00000000 00:00 0 
7f9fd4021000-7f9fd8000000 ---p 00000000 00:00 0 
7f9fd8000000-7f9fd8021000 rw-p 00000000 00:00 0 
7f9fd8021000-7f9fdc000000 ---p 00000000 00:00 0 
7f9fdc000000-7f9fdc021000 rw-p 00000000 00:00 0 
7f9fdc021000-7f9fe0000000 ---p 00000000 00:00 0 
7f9fe0000000-7f9fe0021000 rw-p 00000000 00:00 0 
7f9fe0021000-7f9fe4000000 ---p 00000000 00:00 0 
7f9fe4000000-7f9fe4021000 rw-p 00000000 00:00 0 
7f9fe4021000-7f9fe8000000 ---p 00000000 00:00 0 
7f9fe8000000-7f9fe8021000 rw-p 00000000 00:00 0 
7f9fe8021000-7f9fec000000 ---p 00000000 00:00 0 
7f9fec000000-7f9fec021000 rw-p 00000000 00:00 0 
7f9fec021000-7f9ff0000000 ---p 00000000 00:00 0 
7f9ff0000000-7f9ff0021000 rw-p 00000000 00:00 0 
7f9ff0021000-7f9ff4000000 ---p 00000000 00:00 0 
7f9ff4000000-7f9ff4001000 rw-p 00000000 00:00 0 
7f9ff4001000-7f9ff4003000 rw-s 00000000 08:01 435177                     /tmp/glEgPs7w (deleted)
7f9ff4003000-7f9ff400a000 rw-s 1942d9000 00:05 15888                     /dev/nvidia0
7f9ff400a000-7f9ff400b000 rw-s 1942d8000 00:05 15888                     /dev/nvidia0
7f9ff400b000-7f9ff400f000 rw-s 19603c000 00:05 15888                     /dev/nvidia0
7f9ff400f000-7f9ff4010000 rw-s 7ff61000 00:05 15888                      /dev/nvidia0
7f9ff4010000-7f9ff4011000 rw-s 7ff61000 00:05 15888                      /dev/nvidia0
7f9ff4011000-7f9ff4012000 rw-s cf642000 00:05 15888                      /dev/nvidia0
7f9ff4012000-7f9ff4013000 rw-s 3dc8b000 00:05 15888                      /dev/nvidia0
7f9ff4013000-7f9ff4014000 rw-s cf641000 00:05 15888                      /dev/nvidia0
7f9ff4014000-7f9ff4015000 rw-s 3df18000 00:05 15888                      /dev/nvidia0
7f9ff4015000-7f9ff4016000 rw-s 194e5e000 00:05 15888                     /dev/nvidia0
7f9ff4016000-7f9ff4017000 rw-s cf060000 00:05 15888                      /dev/nvidia0
7f9ff4017000-7f9ff401a000 ---p 00000000 00:00 0 
7f9ff401a000-7f9ff4050000 rw-p 00000000 00:00 0                          [stack:16767]
7f9ff4050000-7f9ff4057000 r--s 00000000 08:01 166381                     /usr/lib/x86_64-linux-gnu/gconv/gconv-modules.cache
7f9ff4057000-7f9ff4060000 r--s 000b9000 08:01 536100                     /usr/lib/jvm/java-7-openjdk-amd64/jre/lib/resources.jar
7f9ff4060000-7f9ff4064000 r--s 0004d000 08:01 536961                     /usr/lib/jvm/java-7-openjdk-amd64/jre/lib/jsse.jar
7f9ff4064000-7f9ff4066000 r--s 0000c000 08:01 8655703                    /usr/local/bin/eclipse Mars M3/plugins/org.hamcrest.core_1.3.0.v201303031735.jar
7f9ff4066000-7f9ff406c000 r--s 00036000 08:01 8783038                    /usr/local/bin/eclipse Mars M3/plugins/org.junit_4.11.0.v201303080030/junit.jar
7f9ff406c000-7f9ff406e000 r--s 00009000 08:01 5374498                    /home/sirolf2009/.m2/repository/org/hamcrest/hamcrest-core/1.3/hamcrest-core-1.3.jar
7f9ff406e000-7f9ff4074000 r--s 00036000 08:01 5374495                    /home/sirolf2009/.m2/repository/junit/junit/4.11/junit-4.11.jar
7f9ff4074000-7f9ff4076000 r--s 0000e000 08:01 619174                     /home/sirolf2009/.m2/repository/commons-logging/commons-logging/1.2/commons-logging-1.2.jar
7f9ff4076000-7f9ff4079000 r--s 0000f000 08:01 468796                     /home/sirolf2009/.gradle/caches/modules-2/files-2.1/com.badlogicgames.gdx/gdx-box2d/1.3.1/868425fb2070db88a2949a25b88e0a737a372d4b/gdx-box2d-1.3.1.jar
7f9ff4079000-7f9ff407b000 r--s 00017000 08:01 468832                     /home/sirolf2009/.gradle/caches/modules-2/files-2.1/org.jcraft/jorbis/0.0.17/8872d22b293e8f5d7d56ff92be966e6dc28ebdc6/jorbis-0.0.17.jar
7f9ff407b000-7f9ff407c000 r--s 00015000 08:01 468831                     /home/sirolf2009/.gradle/caches/modules-2/files-2.1/com.badlogicgames.jlayer/jlayer/1.0.1-gdx/7cca83cec5c1b2f011362f4d85aabd71a73b049d/jlayer-1.0.1-gdx.jar
7f9ff407c000-7f9ff4080000 r--s 00027000 08:01 468830                     /home/sirolf2009/.gradle/caches/modules-2/files-2.1/org.lwjgl.lwjgl/lwjgl_util/2.9.1/290d7ba8a1bd9566f5ddf16ad06f09af5ec9b20e/lwjgl_util-2.9.1.jar
7f9ff4080000-7f9ff4081000 r--s 00025000 08:01 468829                     /home/sirolf2009/.gradle/caches/modules-2/files-2.1/net.java.jinput/jinput-platform/2.0.5/385ee093e01f587f30ee1c8a2ee7d408fd732e16/jinput-platform-2.0.5-natives-windows.jar
7f9ff4081000-7f9ff4082000 r--s 00002000 08:01 468828                     /home/sirolf2009/.gradle/caches/modules-2/files-2.1/net.java.jinput/jinput-platform/2.0.5/53f9c919f34d2ca9de8c51fc4e1e8282029a9232/jinput-platform-2.0.5-natives-osx.jar
7f9ff4082000-7f9ff4090000 r--s 000ea000 08:01 468826                     /home/sirolf2009/.gradle/caches/modules-2/files-2.1/org.lwjgl.lwjgl/lwjgl/2.9.1/f58c5aabcef0e41718a564be9f8e412fff8db847/lwjgl-2.9.1.jar
7f9ff4090000-7f9ff4094000 r--s 0002f000 08:01 468825                     /home/sirolf2009/.gradle/caches/modules-2/files-2.1/net.java.jinput/jinput/2.0.5/39c7796b469a600f72380316f6b1f11db6c2c7c4/jinput-2.0.5.jar
7f9ff4094000-7f9ff40ad000 r--s 0017e000 08:01 468795                     /home/sirolf2009/.gradle/caches/modules-2/files-2.1/com.badlogicgames.gdx/gdx/1.3.1/18995f8b7b19118975722370818023c76a86fdf4/gdx-1.3.1.jar
7f9ff40ad000-7f9ff40ae000 ---p 00000000 00:00 0 
7f9ff40ae000-7f9ff41ae000 rw-p 00000000 00:00 0 
7f9ff41ae000-7f9ff41b1000 ---p 00000000 00:00 0 
7f9ff41b1000-7f9ff42af000 rw-p 00000000 00:00 0                          [stack:15993]
7f9ff42af000-7f9ff42b2000 ---p 00000000 00:00 0 
7f9ff42b2000-7f9ff43b0000 rw-p 00000000 00:00 0                          [stack:15992]
7f9ff43b0000-7f9ff43b3000 ---p 00000000 00:00 0 
7f9ff43b3000-7f9ff44b1000 rw-p 00000000 00:00 0                          [stack:15991]
7f9ff44b1000-7f9ff44b4000 ---p 00000000 00:00 0 
7f9ff44b4000-7f9ff45b2000 rw-p 00000000 00:00 0                          [stack:15990]
7f9ff45b2000-7f9ff45b5000 ---p 00000000 00:00 0 
7f9ff45b5000-7f9ff46b3000 rw-p 00000000 00:00 0                          [stack:15988]
7f9ff46b3000-7f9ff46b6000 ---p 00000000 00:00 0 
7f9ff46b6000-7f9ff47b4000 rw-p 00000000 00:00 0                          [stack:15987]
7f9ff47b4000-7f9ff47b5000 ---p 00000000 00:00 0 
7f9ff47b5000-7f9ff8000000 rw-p 00000000 00:00 0                          [stack:15986]
7f9ff8000000-7f9ff8021000 rw-p 00000000 00:00 0 
7f9ff8021000-7f9ffc000000 ---p 00000000 00:00 0 
7f9ffc000000-7f9ffc001000 r--s 00002000 08:01 468827                     /home/sirolf2009/.gradle/caches/modules-2/files-2.1/net.java.jinput/jinput-platform/2.0.5/7ff832a6eb9ab6a767f1ade2b548092d0fa64795/jinput-platform-2.0.5-natives-linux.jar
7f9ffc001000-7f9ffc002000 r--s 00001000 08:01 468824                     /home/sirolf2009/.gradle/caches/modules-2/files-2.1/net.java.jutils/jutils/1.0.0/e12fe1fda814bd348c1579329c86943d2cd3c6a6/jutils-1.0.0.jar
7f9ffc002000-7f9ffc003000 r--s 00095000 08:01 468823                     /home/sirolf2009/.gradle/caches/modules-2/files-2.1/org.lwjgl.lwjgl/lwjgl-platform/2.9.1/4c517eca808522457dd95ee8fc1fbcdbb602efbe/lwjgl-platform-2.9.1-natives-windows.jar
7f9ffc003000-7f9ffc004000 r--s 00080000 08:01 468822                     /home/sirolf2009/.gradle/caches/modules-2/files-2.1/org.lwjgl.lwjgl/lwjgl-platform/2.9.1/2d12c83fdfbc04ecabf02c7bc8cc54d034f0daac/lwjgl-platform-2.9.1-natives-osx.jar
7f9ffc004000-7f9ffc754000 rw-p 00000000 00:00 0 
7f9ffc754000-7f9ffc906000 r--s 01d23000 08:01 536074                     /usr/lib/jvm/java-7-openjdk-amd64/jre/lib/rt.jar
7f9ffc906000-7f9ffcbfc000 rw-p 00000000 00:00 0 
7f9ffcbfc000-7f9ffcbfd000 ---p 00000000 00:00 0 
7f9ffcbfd000-7f9ffccfd000 rw-p 00000000 00:00 0                          [stack:15985]
7f9ffccfd000-7f9ffccfe000 ---p 00000000 00:00 0 
7f9ffccfe000-7f9ffcdfe000 rw-p 00000000 00:00 0                          [stack:15984]
7f9ffcdfe000-7f9ffcdff000 ---p 00000000 00:00 0 
7f9ffcdff000-7f9ffceff000 rw-p 00000000 00:00 0                          [stack:15983]
7f9ffceff000-7f9ffcf00000 ---p 00000000 00:00 0 
7f9ffcf00000-7f9ffd000000 rw-p 00000000 00:00 0                          [stack:15982]
7f9ffd000000-7f9ffd270000 rwxp 00000000 00:00 0 
7f9ffd270000-7fa0003d7000 rw-p 00000000 00:00 0 
7fa0003d7000-7fa004000000 ---p 00000000 00:00 0 
7fa004000000-7fa004001000 r--s 0008b000 08:01 468821                     /home/sirolf2009/.gradle/caches/modules-2/files-2.1/org.lwjgl.lwjgl/lwjgl-platform/2.9.1/aa9aae879af8eb378e22cfc64db56ec2ca9a44d1/lwjgl-platform-2.9.1-natives-linux.jar
7fa004001000-7fa004002000 r--s 000fa000 08:01 468820                     /home/sirolf2009/.gradle/caches/modules-2/files-2.1/com.badlogicgames.gdx/gdx-box2d-platform/1.3.1/79e136941a5dbead58981f1abc5c00405e0048ff/gdx-box2d-platform-1.3.1-natives-desktop.jar
7fa004002000-7fa00406c000 rw-p 00000000 00:00 0 
7fa00406c000-7fa00406d000 ---p 00000000 00:00 0 
7fa00406d000-7fa00416d000 rw-p 00000000 00:00 0                          [stack:15981]
7fa00416d000-7fa00416e000 ---p 00000000 00:00 0 
7fa00416e000-7fa00426e000 rw-p 00000000 00:00 0                          [stack:15980]
7fa00426e000-7fa00426f000 ---p 00000000 00:00 0 
7fa00426f000-7fa00436f000 rw-p 00000000 00:00 0                          [stack:15979]
7fa00436f000-7fa004370000 ---p 00000000 00:00 0 
7fa004370000-7fa00447b000 rw-p 00000000 00:00 0                          [stack:15978]
7fa00447b000-7fa0044c3000 rw-p 00000000 00:00 0 
7fa0044c3000-7fa0044d7000 rw-p 00000000 00:00 0 
7fa0044d7000-7fa0045fa000 rw-p 00000000 00:00 0 
7fa0045fa000-7fa004605000 rw-p 00000000 00:00 0 
7fa004605000-7fa00464d000 rw-p 00000000 00:00 0 
7fa00464d000-7fa004661000 rw-p 00000000 00:00 0 
7fa004661000-7fa004783000 rw-p 00000000 00:00 0 
7fa004783000-7fa00478e000 rw-p 00000000 00:00 0 
7fa00478e000-7fa00481f000 rw-p 00000000 00:00 0 
7fa00481f000-7fa004820000 rw-p 00000000 00:00 0 
7fa004820000-7fa004828000 r-xp 00000000 08:01 585304                     /usr/lib/jvm/java-7-openjdk-amd64/jre/lib/amd64/libzip.so
7fa004828000-7fa004a27000 ---p 00008000 08:01 585304                     /usr/lib/jvm/java-7-openjdk-amd64/jre/lib/amd64/libzip.so
7fa004a27000-7fa004a28000 r--p 00007000 08:01 585304                     /usr/lib/jvm/java-7-openjdk-amd64/jre/lib/amd64/libzip.so
7fa004a28000-7fa004a29000 rw-p 00008000 08:01 585304                     /usr/lib/jvm/java-7-openjdk-amd64/jre/lib/amd64/libzip.so
7fa004a29000-7fa004a34000 r-xp 00000000 08:01 21245                      /lib/x86_64-linux-gnu/libnss_files-2.19.so
7fa004a34000-7fa004c33000 ---p 0000b000 08:01 21245                      /lib/x86_64-linux-gnu/libnss_files-2.19.so
7fa004c33000-7fa004c34000 r--p 0000a000 08:01 21245                      /lib/x86_64-linux-gnu/libnss_files-2.19.so
7fa004c34000-7fa004c35000 rw-p 0000b000 08:01 21245                      /lib/x86_64-linux-gnu/libnss_files-2.19.so
7fa004c35000-7fa004c40000 r-xp 00000000 08:01 21242                      /lib/x86_64-linux-gnu/libnss_nis-2.19.so
7fa004c40000-7fa004e3f000 ---p 0000b000 08:01 21242                      /lib/x86_64-linux-gnu/libnss_nis-2.19.so
7fa004e3f000-7fa004e40000 r--p 0000a000 08:01 21242                      /lib/x86_64-linux-gnu/libnss_nis-2.19.so
7fa004e40000-7fa004e41000 rw-p 0000b000 08:01 21242                      /lib/x86_64-linux-gnu/libnss_nis-2.19.so
7fa004e41000-7fa004e58000 r-xp 00000000 08:01 21230                      /lib/x86_64-linux-gnu/libnsl-2.19.so
7fa004e58000-7fa005057000 ---p 00017000 08:01 21230                      /lib/x86_64-linux-gnu/libnsl-2.19.so
7fa005057000-7fa005058000 r--p 00016000 08:01 21230                      /lib/x86_64-linux-gnu/libnsl-2.19.so
7fa005058000-7fa005059000 rw-p 00017000 08:01 21230                      /lib/x86_64-linux-gnu/libnsl-2.19.so
7fa005059000-7fa00505b000 rw-p 00000000 00:00 0 
7fa00505b000-7fa005064000 r-xp 00000000 08:01 21224                      /lib/x86_64-linux-gnu/libnss_compat-2.19.so
7fa005064000-7fa005263000 ---p 00009000 08:01 21224                      /lib/x86_64-linux-gnu/libnss_compat-2.19.so
7fa005263000-7fa005264000 r--p 00008000 08:01 21224                      /lib/x86_64-linux-gnu/libnss_compat-2.19.so
7fa005264000-7fa005265000 rw-p 00009000 08:01 21224                      /lib/x86_64-linux-gnu/libnss_compat-2.19.so
7fa005265000-7fa005290000 r-xp 00000000 08:01 585282                     /usr/lib/jvm/java-7-openjdk-amd64/jre/lib/amd64/libjava.so
7fa005290000-7fa005490000 ---p 0002b000 08:01 585282                     /usr/lib/jvm/java-7-openjdk-amd64/jre/lib/amd64/libjava.so
7fa005490000-7fa005491000 r--p 0002b000 08:01 585282                     /usr/lib/jvm/java-7-openjdk-amd64/jre/lib/amd64/libjava.so
7fa005491000-7fa005493000 rw-p 0002c000 08:01 585282                     /usr/lib/jvm/java-7-openjdk-amd64/jre/lib/amd64/libjava.so
7fa005493000-7fa0054a3000 r-xp 00000000 08:01 585281                     /usr/lib/jvm/java-7-openjdk-amd64/jre/lib/amd64/libverify.so
7fa0054a3000-7fa0056a2000 ---p 00010000 08:01 585281                     /usr/lib/jvm/java-7-openjdk-amd64/jre/lib/amd64/libverify.so
7fa0056a2000-7fa0056a4000 r--p 0000f000 08:01 585281                     /usr/lib/jvm/java-7-openjdk-amd64/jre/lib/amd64/libverify.so
7fa0056a4000-7fa0056a5000 rw-p 00011000 08:01 585281                     /usr/lib/jvm/java-7-openjdk-amd64/jre/lib/amd64/libverify.so
7fa0056a5000-7fa0056ac000 r-xp 00000000 08:01 21214                      /lib/x86_64-linux-gnu/librt-2.19.so
7fa0056ac000-7fa0058ab000 ---p 00007000 08:01 21214                      /lib/x86_64-linux-gnu/librt-2.19.so
7fa0058ab000-7fa0058ac000 r--p 00006000 08:01 21214                      /lib/x86_64-linux-gnu/librt-2.19.so
7fa0058ac000-7fa0058ad000 rw-p 00007000 08:01 21214                      /lib/x86_64-linux-gnu/librt-2.19.so
7fa0058ad000-7fa0058c3000 r-xp 00000000 08:01 4867                       /lib/x86_64-linux-gnu/libgcc_s.so.1
7fa0058c3000-7fa005ac2000 ---p 00016000 08:01 4867                       /lib/x86_64-linux-gnu/libgcc_s.so.1
7fa005ac2000-7fa005ac3000 rw-p 00015000 08:01 4867                       /lib/x86_64-linux-gnu/libgcc_s.so.1
7fa005ac3000-7fa005bc8000 r-xp 00000000 08:01 21228                      /lib/x86_64-linux-gnu/libm-2.19.so
7fa005bc8000-7fa005dc7000 ---p 00105000 08:01 21228                      /lib/x86_64-linux-gnu/libm-2.19.so
7fa005dc7000-7fa005dc8000 r--p 00104000 08:01 21228                      /lib/x86_64-linux-gnu/libm-2.19.so
7fa005dc8000-7fa005dc9000 rw-p 00105000 08:01 21228                      /lib/x86_64-linux-gnu/libm-2.19.so
7fa005dc9000-7fa005eaf000 r-xp 00000000 08:01 537514                     /usr/lib/x86_64-linux-gnu/libstdc++.so.6.0.19
7fa005eaf000-7fa0060ae000 ---p 000e6000 08:01 537514                     /usr/lib/x86_64-linux-gnu/libstdc++.so.6.0.19
7fa0060ae000-7fa0060b6000 r--p 000e5000 08:01 537514                     /usr/lib/x86_64-linux-gnu/libstdc++.so.6.0.19
7fa0060b6000-7fa0060b8000 rw-p 000ed000 08:01 537514                     /usr/lib/x86_64-linux-gnu/libstdc++.so.6.0.19
7fa0060b8000-7fa0060cd000 rw-p 00000000 00:00 0 
7fa0060cd000-7fa006be5000 r-xp 00000000 08:01 585291                     /usr/lib/jvm/java-7-openjdk-amd64/jre/lib/amd64/server/libjvm.so
7fa006be5000-7fa006de5000 ---p 00b18000 08:01 585291                     /usr/lib/jvm/java-7-openjdk-amd64/jre/lib/amd64/server/libjvm.so
7fa006de5000-7fa006e7f000 r--p 00b18000 08:01 585291                     /usr/lib/jvm/java-7-openjdk-amd64/jre/lib/amd64/server/libjvm.so
7fa006e7f000-7fa006ea2000 rw-p 00bb2000 08:01 585291                     /usr/lib/jvm/java-7-openjdk-amd64/jre/lib/amd64/server/libjvm.so
7fa006ea2000-7fa006ed0000 rw-p 00000000 00:00 0 
7fa006ed0000-7fa006ee8000 r-xp 00000000 08:01 5053                       /lib/x86_64-linux-gnu/libz.so.1.2.8
7fa006ee8000-7fa0070e7000 ---p 00018000 08:01 5053                       /lib/x86_64-linux-gnu/libz.so.1.2.8
7fa0070e7000-7fa0070e8000 r--p 00017000 08:01 5053                       /lib/x86_64-linux-gnu/libz.so.1.2.8
7fa0070e8000-7fa0070e9000 rw-p 00018000 08:01 5053                       /lib/x86_64-linux-gnu/libz.so.1.2.8
7fa0070e9000-7fa007102000 r-xp 00000000 08:01 21244                      /lib/x86_64-linux-gnu/libpthread-2.19.so
7fa007102000-7fa007301000 ---p 00019000 08:01 21244                      /lib/x86_64-linux-gnu/libpthread-2.19.so
7fa007301000-7fa007302000 r--p 00018000 08:01 21244                      /lib/x86_64-linux-gnu/libpthread-2.19.so
7fa007302000-7fa007303000 rw-p 00019000 08:01 21244                      /lib/x86_64-linux-gnu/libpthread-2.19.so
7fa007303000-7fa007307000 rw-p 00000000 00:00 0 
7fa007307000-7fa00730a000 r-xp 00000000 08:01 21220                      /lib/x86_64-linux-gnu/libdl-2.19.so
7fa00730a000-7fa007509000 ---p 00003000 08:01 21220                      /lib/x86_64-linux-gnu/libdl-2.19.so
7fa007509000-7fa00750a000 r--p 00002000 08:01 21220                      /lib/x86_64-linux-gnu/libdl-2.19.so
7fa00750a000-7fa00750b000 rw-p 00003000 08:01 21220                      /lib/x86_64-linux-gnu/libdl-2.19.so
7fa00750b000-7fa0076c6000 r-xp 00000000 08:01 21212                      /lib/x86_64-linux-gnu/libc-2.19.so
7fa0076c6000-7fa0078c6000 ---p 001bb000 08:01 21212                      /lib/x86_64-linux-gnu/libc-2.19.so
7fa0078c6000-7fa0078ca000 r--p 001bb000 08:01 21212                      /lib/x86_64-linux-gnu/libc-2.19.so
7fa0078ca000-7fa0078cc000 rw-p 001bf000 08:01 21212                      /lib/x86_64-linux-gnu/libc-2.19.so
7fa0078cc000-7fa0078d1000 rw-p 00000000 00:00 0 
7fa0078d1000-7fa0078de000 r-xp 00000000 08:01 537319                     /usr/lib/jvm/java-7-openjdk-amd64/jre/lib/amd64/jli/libjli.so
7fa0078de000-7fa007add000 ---p 0000d000 08:01 537319                     /usr/lib/jvm/java-7-openjdk-amd64/jre/lib/amd64/jli/libjli.so
7fa007add000-7fa007ade000 r--p 0000c000 08:01 537319                     /usr/lib/jvm/java-7-openjdk-amd64/jre/lib/amd64/jli/libjli.so
7fa007ade000-7fa007adf000 rw-p 0000d000 08:01 537319                     /usr/lib/jvm/java-7-openjdk-amd64/jre/lib/amd64/jli/libjli.so
7fa007adf000-7fa007b02000 r-xp 00000000 08:01 21208                      /lib/x86_64-linux-gnu/ld-2.19.so
7fa007b02000-7fa007b03000 r--s 000cd000 08:01 468819                     /home/sirolf2009/.gradle/caches/modules-2/files-2.1/com.badlogicgames.gdx/gdx-platform/1.3.1/88596abf3fdd2ea4662e67d59c3c05b07b0d859b/gdx-platform-1.3.1-natives-desktop.jar
7fa007b03000-7fa007b06000 r--s 0001f000 08:01 468818                     /home/sirolf2009/.gradle/caches/modules-2/files-2.1/com.badlogicgames.gdx/gdx-backend-lwjgl/1.3.1/8df8aa24811d137e88658508fba4c7bb6f27c8c9/gdx-backend-lwjgl-1.3.1.jar
7fa007b06000-7fa007b09000 r--s 00086000 08:01 536314                     /usr/lib/jvm/java-7-openjdk-amd64/jre/lib/ext/localedata.jar
7fa007b09000-7fa007b0b000 r--s 00012000 08:01 536128                     /usr/lib/jvm/java-7-openjdk-amd64/jre/lib/ext/zipfs.jar
7fa007b0b000-7fa007b0f000 r--s 00034000 08:01 536123                     /usr/lib/jvm/java-7-openjdk-amd64/jre/lib/ext/sunjce_provider.jar
7fa007b0f000-7fa007b12000 r--s 0000f000 08:01 536121                     /usr/lib/jvm/java-7-openjdk-amd64/jre/lib/ext/icedtea-sound.jar
7fa007b12000-7fa007b16000 r--s 0003c000 08:01 536122                     /usr/lib/jvm/java-7-openjdk-amd64/jre/lib/ext/sunpkcs11.jar
7fa007b16000-7fa007b18000 r--s 00006000 08:01 303697                     /usr/share/java/java-atk-wrapper.jar
7fa007b18000-7fa007b19000 r--s 00002000 08:01 536253                     /usr/lib/jvm/java-7-openjdk-amd64/jre/lib/ext/dnsns.jar
7fa007b19000-7fa007b23000 rw-p 00000000 00:00 0 
7fa007b23000-7fa007bd9000 rw-p 00000000 00:00 0 
7fa007bd9000-7fa007bdc000 ---p 00000000 00:00 0 
7fa007bdc000-7fa007cf5000 rw-p 00000000 00:00 0                          [stack:15977]
7fa007cf5000-7fa007cfd000 rw-s 00000000 08:01 439498                     /tmp/hsperfdata_sirolf2009/15971 (deleted)
7fa007cfd000-7fa007cfe000 rw-p 00000000 00:00 0 
7fa007cfe000-7fa007cff000 ---p 00000000 00:00 0 
7fa007cff000-7fa007d01000 rw-p 00000000 00:00 0 
7fa007d01000-7fa007d02000 r--p 00022000 08:01 21208                      /lib/x86_64-linux-gnu/ld-2.19.so
7fa007d02000-7fa007d03000 rw-p 00023000 08:01 21208                      /lib/x86_64-linux-gnu/ld-2.19.so
7fa007d03000-7fa007d04000 rw-p 00000000 00:00 0 
7fffb68ea000-7fffb690c000 rw-p 00000000 00:00 0                          [stack]
7fffb69ca000-7fffb69cc000 r-xp 00000000 00:00 0                          [vdso]
ffffffffff600000-ffffffffff601000 r-xp 00000000 00:00 0                  [vsyscall]

VM Arguments:
jvm_args: -Dfile.encoding=UTF-8 
java_command: com.sirolf2009.wartriumph.desktop.DesktopLauncher
Launcher Type: SUN_STANDARD

Environment Variables:
PATH=/home/sirolf2009/bin:/usr/local/sbin:/usr/local/bin:/usr/sbin:/usr/bin:/sbin:/bin:/usr/games:/usr/local/games
USERNAME=sirolf2009
SHELL=/bin/bash
DISPLAY=:0

Signal Handlers:
SIGSEGV: [libjvm.so+0x94b4b0], sa_mask[0]=0x7ffbfeff, sa_flags=0x10000004
SIGBUS: [libjvm.so+0x94b4b0], sa_mask[0]=0x7ffbfeff, sa_flags=0x10000004
SIGFPE: [libjvm.so+0x7c3390], sa_mask[0]=0x7ffbfeff, sa_flags=0x10000004
SIGPIPE: [libjvm.so+0x7c3390], sa_mask[0]=0x7ffbfeff, sa_flags=0x10000004
SIGXFSZ: [libjvm.so+0x7c3390], sa_mask[0]=0x7ffbfeff, sa_flags=0x10000004
SIGILL: [libjvm.so+0x7c3390], sa_mask[0]=0x7ffbfeff, sa_flags=0x10000004
SIGUSR1: SIG_DFL, sa_mask[0]=0x00000000, sa_flags=0x00000000
SIGUSR2: [libjvm.so+0x7c3230], sa_mask[0]=0x00000004, sa_flags=0x10000004
SIGHUP: [libjvm.so+0x7c3410], sa_mask[0]=0x7ffbfeff, sa_flags=0x10000004
SIGINT: [libjvm.so+0x7c3410], sa_mask[0]=0x7ffbfeff, sa_flags=0x10000004
SIGTERM: [libjvm.so+0x7c3410], sa_mask[0]=0x7ffbfeff, sa_flags=0x10000004
SIGQUIT: [libjvm.so+0x7c3410], sa_mask[0]=0x7ffbfeff, sa_flags=0x10000004
SIGTRAP: SIG_DFL, sa_mask[0]=0x00000000, sa_flags=0x00000000


---------------  S Y S T E M  ---------------

OS:Ubuntu 14.04 (trusty)
uname:Linux 3.13.0-44-generic #73-Ubuntu SMP Tue Dec 16 00:22:43 UTC 2014 x86_64
libc:glibc 2.19 NPTL 2.19 
rlimit: STACK 8192k, CORE 0k, NPROC 29640, NOFILE 4096, AS infinity
load average:1,89 2,50 1,83

/proc/meminfo:
MemTotal:        3815684 kB
MemFree:          208216 kB
Buffers:           16888 kB
Cached:           215192 kB
SwapCached:        30736 kB
Active:          2075520 kB
Inactive:        1163348 kB
Active(anon):    1972916 kB
Inactive(anon):  1071956 kB
Active(file):     102604 kB
Inactive(file):    91392 kB
Unevictable:         944 kB
Mlocked:             944 kB
SwapTotal:       3294204 kB
SwapFree:        2601376 kB
Dirty:               192 kB
Writeback:             0 kB
AnonPages:       2986572 kB
Mapped:           251316 kB
Shmem:             37800 kB
Slab:             109756 kB
SReclaimable:      59180 kB
SUnreclaim:        50576 kB
KernelStack:        7384 kB
PageTables:        52804 kB
NFS_Unstable:          0 kB
Bounce:                0 kB
WritebackTmp:          0 kB
CommitLimit:     5202044 kB
Committed_AS:    8761152 kB
VmallocTotal:   34359738367 kB
VmallocUsed:      310992 kB
VmallocChunk:   34359423100 kB
HardwareCorrupted:     0 kB
AnonHugePages:   1171456 kB
HugePages_Total:       0
HugePages_Free:        0
HugePages_Rsvd:        0
HugePages_Surp:        0
Hugepagesize:       2048 kB
DirectMap4k:      349696 kB
DirectMap2M:     3610624 kB
DirectMap1G:           0 kB


CPU:total 8 (4 cores per cpu, 2 threads per core) family 6 model 60 stepping 3, cmov, cx8, fxsr, mmx, sse, sse2, sse3, ssse3, sse4.1, sse4.2, popcnt, avx, avx2, aes, erms, ht, tsc, tscinvbit

/proc/cpuinfo:
processor	: 0
vendor_id	: GenuineIntel
cpu family	: 6
model		: 60
model name	: Intel(R) Core(TM) i7-4700MQ CPU @ 2.40GHz
stepping	: 3
microcode	: 0x16
cpu MHz		: 1600.000
cache size	: 6144 KB
physical id	: 0
siblings	: 8
core id		: 0
cpu cores	: 4
apicid		: 0
initial apicid	: 0
fpu		: yes
fpu_exception	: yes
cpuid level	: 13
wp		: yes
flags		: fpu vme de pse tsc msr pae mce cx8 apic sep mtrr pge mca cmov pat pse36 clflush dts acpi mmx fxsr sse sse2 ss ht tm pbe syscall nx pdpe1gb rdtscp lm constant_tsc arch_perfmon pebs bts rep_good nopl xtopology nonstop_tsc aperfmperf eagerfpu pni pclmulqdq dtes64 monitor ds_cpl vmx est tm2 ssse3 fma cx16 xtpr pdcm pcid sse4_1 sse4_2 movbe popcnt tsc_deadline_timer aes xsave avx f16c rdrand lahf_lm abm ida arat epb xsaveopt pln pts dtherm tpr_shadow vnmi flexpriority ept vpid fsgsbase tsc_adjust bmi1 avx2 smep bmi2 erms invpcid
bogomips	: 4788.72
clflush size	: 64
cache_alignment	: 64
address sizes	: 39 bits physical, 48 bits virtual
power management:

processor	: 1
vendor_id	: GenuineIntel
cpu family	: 6
model		: 60
model name	: Intel(R) Core(TM) i7-4700MQ CPU @ 2.40GHz
stepping	: 3
microcode	: 0x16
cpu MHz		: 800.000
cache size	: 6144 KB
physical id	: 0
siblings	: 8
core id		: 0
cpu cores	: 4
apicid		: 1
initial apicid	: 1
fpu		: yes
fpu_exception	: yes
cpuid level	: 13
wp		: yes
flags		: fpu vme de pse tsc msr pae mce cx8 apic sep mtrr pge mca cmov pat pse36 clflush dts acpi mmx fxsr sse sse2 ss ht tm pbe syscall nx pdpe1gb rdtscp lm constant_tsc arch_perfmon pebs bts rep_good nopl xtopology nonstop_tsc aperfmperf eagerfpu pni pclmulqdq dtes64 monitor ds_cpl vmx est tm2 ssse3 fma cx16 xtpr pdcm pcid sse4_1 sse4_2 movbe popcnt tsc_deadline_timer aes xsave avx f16c rdrand lahf_lm abm ida arat epb xsaveopt pln pts dtherm tpr_shadow vnmi flexpriority ept vpid fsgsbase tsc_adjust bmi1 avx2 smep bmi2 erms invpcid
bogomips	: 4788.72
clflush size	: 64
cache_alignment	: 64
address sizes	: 39 bits physical, 48 bits virtual
power management:

processor	: 2
vendor_id	: GenuineIntel
cpu family	: 6
model		: 60
model name	: Intel(R) Core(TM) i7-4700MQ CPU @ 2.40GHz
stepping	: 3
microcode	: 0x16
cpu MHz		: 800.000
cache size	: 6144 KB
physical id	: 0
siblings	: 8
core id		: 1
cpu cores	: 4
apicid		: 2
initial apicid	: 2
fpu		: yes
fpu_exception	: yes
cpuid level	: 13
wp		: yes
flags		: fpu vme de pse tsc msr pae mce cx8 apic sep mtrr pge mca cmov pat pse36 clflush dts acpi mmx fxsr sse sse2 ss ht tm pbe syscall nx pdpe1gb rdtscp lm constant_tsc arch_perfmon pebs bts rep_good nopl xtopology nonstop_tsc aperfmperf eagerfpu pni pclmulqdq dtes64 monitor ds_cpl vmx est tm2 ssse3 fma cx16 xtpr pdcm pcid sse4_1 sse4_2 movbe popcnt tsc_deadline_timer aes xsave avx f16c rdrand lahf_lm abm ida arat epb xsaveopt pln pts dtherm tpr_shadow vnmi flexpriority ept vpid fsgsbase tsc_adjust bmi1 avx2 smep bmi2 erms invpcid
bogomips	: 4788.72
clflush size	: 64
cache_alignment	: 64
address sizes	: 39 bits physical, 48 bits virtual
power management:

processor	: 3
vendor_id	: GenuineIntel
cpu family	: 6
model		: 60
model name	: Intel(R) Core(TM) i7-4700MQ CPU @ 2.40GHz
stepping	: 3
microcode	: 0x16
cpu MHz		: 1100.000
cache size	: 6144 KB
physical id	: 0
siblings	: 8
core id		: 1
cpu cores	: 4
apicid		: 3
initial apicid	: 3
fpu		: yes
fpu_exception	: yes
cpuid level	: 13
wp		: yes
flags		: fpu vme de pse tsc msr pae mce cx8 apic sep mtrr pge mca cmov pat pse36 clflush dts acpi mmx fxsr sse sse2 ss ht tm pbe syscall nx pdpe1gb rdtscp lm constant_tsc arch_perfmon pebs bts rep_good nopl xtopology nonstop_tsc aperfmperf eagerfpu pni pclmulqdq dtes64 monitor ds_cpl vmx est tm2 ssse3 fma cx16 xtpr pdcm pcid sse4_1 sse4_2 movbe popcnt tsc_deadline_timer aes xsave avx f16c rdrand lahf_lm abm ida arat epb xsaveopt pln pts dtherm tpr_shadow vnmi flexpriority ept vpid fsgsbase tsc_adjust bmi1 avx2 smep bmi2 erms invpcid
bogomips	: 4788.72
clflush size	: 64
cache_alignment	: 64
address sizes	: 39 bits physical, 48 bits virtual
power management:

processor	: 4
vendor_id	: GenuineIntel
cpu family	: 6
model		: 60
model name	: Intel(R) Core(TM) i7-4700MQ CPU @ 2.40GHz
stepping	: 3
microcode	: 0x16
cpu MHz		: 800.000
cache size	: 6144 KB
physical id	: 0
siblings	: 8
core id		: 2
cpu cores	: 4
apicid		: 4
initial apicid	: 4
fpu		: yes
fpu_exception	: yes
cpuid level	: 13
wp		: yes
flags		: fpu vme de pse tsc msr pae mce cx8 apic sep mtrr pge mca cmov pat pse36 clflush dts acpi mmx fxsr sse sse2 ss ht tm pbe syscall nx pdpe1gb rdtscp lm constant_tsc arch_perfmon pebs bts rep_good nopl xtopology nonstop_tsc aperfmperf eagerfpu pni pclmulqdq dtes64 monitor ds_cpl vmx est tm2 ssse3 fma cx16 xtpr pdcm pcid sse4_1 sse4_2 movbe popcnt tsc_deadline_timer aes xsave avx f16c rdrand lahf_lm abm ida arat epb xsaveopt pln pts dtherm tpr_shadow vnmi flexpriority ept vpid fsgsbase tsc_adjust bmi1 avx2 smep bmi2 erms invpcid
bogomips	: 4788.72
clflush size	: 64
cache_alignment	: 64
address sizes	: 39 bits physical, 48 bits virtual
power management:

processor	: 5
vendor_id	: GenuineIntel
cpu family	: 6
model		: 60
model name	: Intel(R) Core(TM) i7-4700MQ CPU @ 2.40GHz
stepping	: 3
microcode	: 0x16
cpu MHz		: 2401.000
cache size	: 6144 KB
physical id	: 0
siblings	: 8
core id		: 2
cpu cores	: 4
apicid		: 5
initial apicid	: 5
fpu		: yes
fpu_exception	: yes
cpuid level	: 13
wp		: yes
flags		: fpu vme de pse tsc msr pae mce cx8 apic sep mtrr pge mca cmov pat pse36 clflush dts acpi mmx fxsr sse sse2 ss ht tm pbe syscall nx pdpe1gb rdtscp lm constant_tsc arch_perfmon pebs bts rep_good nopl xtopology nonstop_tsc aperfmperf eagerfpu pni pclmulqdq dtes64 monitor ds_cpl vmx est tm2 ssse3 fma cx16 xtpr pdcm pcid sse4_1 sse4_2 movbe popcnt tsc_deadline_timer aes xsave avx f16c rdrand lahf_lm abm ida arat epb xsaveopt pln pts dtherm tpr_shadow vnmi flexpriority ept vpid fsgsbase tsc_adjust bmi1 avx2 smep bmi2 erms invpcid
bogomips	: 4788.72
clflush size	: 64
cache_alignment	: 64
address sizes	: 39 bits physical, 48 bits virtual
power management:

processor	: 6
vendor_id	: GenuineIntel
cpu family	: 6
model		: 60
model name	: Intel(R) Core(TM) i7-4700MQ CPU @ 2.40GHz
stepping	: 3
microcode	: 0x16
cpu MHz		: 1800.000
cache size	: 6144 KB
physical id	: 0
siblings	: 8
core id		: 3
cpu cores	: 4
apicid		: 6
initial apicid	: 6
fpu		: yes
fpu_exception	: yes
cpuid level	: 13
wp		: yes
flags		: fpu vme de pse tsc msr pae mce cx8 apic sep mtrr pge mca cmov pat pse36 clflush dts acpi mmx fxsr sse sse2 ss ht tm pbe syscall nx pdpe1gb rdtscp lm constant_tsc arch_perfmon pebs bts rep_good nopl xtopology nonstop_tsc aperfmperf eagerfpu pni pclmulqdq dtes64 monitor ds_cpl vmx est tm2 ssse3 fma cx16 xtpr pdcm pcid sse4_1 sse4_2 movbe popcnt tsc_deadline_timer aes xsave avx f16c rdrand lahf_lm abm ida arat epb xsaveopt pln pts dtherm tpr_shadow vnmi flexpriority ept vpid fsgsbase tsc_adjust bmi1 avx2 smep bmi2 erms invpcid
bogomips	: 4788.72
clflush size	: 64
cache_alignment	: 64
address sizes	: 39 bits physical, 48 bits virtual
power management:

processor	: 7
vendor_id	: GenuineIntel
cpu family	: 6
model		: 60
model name	: Intel(R) Core(TM) i7-4700MQ CPU @ 2.40GHz
stepping	: 3
microcode	: 0x16
cpu MHz		: 800.000
cache size	: 6144 KB
physical id	: 0
siblings	: 8
core id		: 3
cpu cores	: 4
apicid		: 7
initial apicid	: 7
fpu		: yes
fpu_exception	: yes
cpuid level	: 13
wp		: yes
flags		: fpu vme de pse tsc msr pae mce cx8 apic sep mtrr pge mca cmov pat pse36 clflush dts acpi mmx fxsr sse sse2 ss ht tm pbe syscall nx pdpe1gb rdtscp lm constant_tsc arch_perfmon pebs bts rep_good nopl xtopology nonstop_tsc aperfmperf eagerfpu pni pclmulqdq dtes64 monitor ds_cpl vmx est tm2 ssse3 fma cx16 xtpr pdcm pcid sse4_1 sse4_2 movbe popcnt tsc_deadline_timer aes xsave avx f16c rdrand lahf_lm abm ida arat epb xsaveopt pln pts dtherm tpr_shadow vnmi flexpriority ept vpid fsgsbase tsc_adjust bmi1 avx2 smep bmi2 erms invpcid
bogomips	: 4788.72
clflush size	: 64
cache_alignment	: 64
address sizes	: 39 bits physical, 48 bits virtual
power management:



Memory: 4k page, physical 3815684k(208216k free), swap 3294204k(2601376k free)

vm_info: OpenJDK 64-Bit Server VM (24.75-b04) for linux-amd64 JRE (1.7.0_75-b13), built on Jan 27 2015 00:38:59 by "buildd" with gcc 4.8.2

time: Thu Jan 29 15:32:31 2015
elapsed time: 191 seconds

