#
# A fatal error has been detected by the Java Runtime Environment:
#
#  SIGSEGV (0xb) at pc=0x0000000000000000, pid=16807, tid=139855611995904
#
# JRE version: OpenJDK Runtime Environment (7.0_75-b13) (build 1.7.0_75-b13)
# Java VM: OpenJDK 64-Bit Server VM (24.75-b04 mixed mode linux-amd64 compressed oops)
# Derivative: IcedTea 2.5.4
# Distribution: Ubuntu 14.04 LTS, package 7u75-2.5.4-1~trusty1
# Problematic frame:
# C  0x0000000000000000
#
# Failed to write core dump. Core dumps have been disabled. To enable core dumping, try "ulimit -c unlimited" before starting Java again
#
# If you would like to submit a bug report, please include
# instructions on how to reproduce the bug and visit:
#   http://icedtea.classpath.org/bugzilla
#

---------------  T H R E A D  ---------------

Current thread is native thread

siginfo:si_signo=SIGSEGV: si_errno=0, si_code=1 (SEGV_MAPERR), si_addr=0x0000000000000000

Registers:
RAX=0x00007f32aceaf7c0, RBX=0x0000000000000800, RCX=0x00007f32fc2fcfc0, RDX=0x00007f32fc2fcfc0
RSP=0x00007f32ac129d18, RBP=0x00007f32fc2e6e40, RSI=0x0000000000000000, RDI=0x00007f32fc2e6e40
R8 =0x0000000000b99400, R9 =0x0000000000000001, R10=0x00007f32fc2e6e64, R11=0x0000000000000000
R12=0x00007f32fc2eafd0, R13=0x0000000000012000, R14=0x0000000000002000, R15=0x00007f32ac129ec8
RIP=0x0000000000000000, EFLAGS=0x0000000000010246, CSGSFS=0x0000000000000033, ERR=0x0000000000000014
  TRAPNO=0x000000000000000e

Top of Stack: (sp=0x00007f32ac129d18)
0x00007f32ac129d18:   00007f32acc784d1 00000000ffffffff
0x00007f32ac129d28:   00007f3294005b60 00007f32bb800000
0x00007f32ac129d38:   00007f3303159429 0000000000000000
0x00007f32ac129d48:   00007f32ac5bffd2 00007f32fc2df770
0x00007f32ac129d58:   0000000000000000 0000000000000000
0x00007f32ac129d68:   0000000000000000 00007f32fc2e5bb0
0x00007f32ac129d78:   00007f32fc2e2900 0000000000004000
0x00007f32ac129d88:   00007f32ac5c7cda 00007f32fc2dfb40
0x00007f32ac129d98:   00007f328c000ba0 0000000000000000
0x00007f32ac129da8:   5700000000000001 0000000000004000
0x00007f32ac129db8:   00007f32ac5c97eb 0000000000000000
0x00007f32ac129dc8:   0000000000000000 0000000000000000
0x00007f32ac129dd8:   0000000000000000 0000000000000000
0x00007f32ac129de8:   0000000000004000 00007f32fc2e2900
0x00007f32ac129df8:   00007f32ac129ec8 00007f32ac129ec0
0x00007f32ac129e08:   00007f32fc2eafd0 00007f32ac5e2c80
0x00007f32ac129e18:   00007f32aca33bd2 00007f329c0ef040
0x00007f32ac129e28:   00007f329c0af040 00000800ac129e70
0x00007f32ac129e38:   00007f32ac129e50 0000000000000000
0x00007f32ac129e48:   00007f32aca38ea2 00001fa00000037f
0x00007f32ac129e58:   00007f32ac5ad9ff 00007f32fc2e5bb0
0x00007f32ac129e68:   0000000000004000 00007f32fc2df6f0
0x00007f32ac129e78:   0000000000000000 00007f32fc2e6e40
0x00007f32ac129e88:   0000000000000008 00007f32ac129ec8
0x00007f32ac129e98:   00007f32acc8e544 0000000000000000
0x00007f32ac129ea8:   00007f32ac129ec0 0000000000002000
0x00007f32ac129eb8:   0000000000008000 00007f329c0af040
0x00007f32ac129ec8:   0000000000004000 0000000000000000
0x00007f32ac129ed8:   00007f32fc2e57d0 0000000000000000
0x00007f32ac129ee8:   0000000000000000 0000000000000000
0x00007f32ac129ef8:   00007f32ac12a9c0 00007f32ac12a700
0x00007f32ac129f08:   00007f32acc8173a 00007f32ac12a700 

Instructions: (pc=0x0000000000000000)
0xffffffffffffffe0:   

Register to memory mapping:

RAX=0x00007f32aceaf7c0: <offset 0x2577c0> in /tmp/libgdxsirolf2009/7b43be9b/libopenal64.so at 0x00007f32acc58000
RBX=0x0000000000000800 is an unknown value
RCX=0x00007f32fc2fcfc0 is an unknown value
RDX=0x00007f32fc2fcfc0 is an unknown value
RSP=0x00007f32ac129d18 is an unknown value
RBP=0x00007f32fc2e6e40 is an unknown value
RSI=0x0000000000000000 is an unknown value
RDI=0x00007f32fc2e6e40 is an unknown value
R8 =0x0000000000b99400 is an unknown value
R9 =0x0000000000000001 is an unknown value
R10=0x00007f32fc2e6e64 is an unknown value
R11=0x0000000000000000 is an unknown value
R12=0x00007f32fc2eafd0 is an unknown value
R13=0x0000000000012000 is an unknown value
R14=0x0000000000002000 is an unknown value
R15=0x00007f32ac129ec8 is an unknown value


Stack: [0x00007f32ac02a000,0x00007f32ac12b000],  sp=0x00007f32ac129d18,  free space=1023k

---------------  P R O C E S S  ---------------

VM state:at safepoint (shutting down)

VM Mutex/Monitor currently owned by a thread:  ([mutex/lock_event])
[0x00007f32fc007d60] Threads_lock - owner thread: 0x00007f32fc07f800

Heap
 PSYoungGen      total 17920K, used 16493K [0x00000000ec900000, 0x00000000edc80000, 0x0000000100000000)
  eden space 15872K, 91% used [0x00000000ec900000,0x00000000ed71f088,0x00000000ed880000)
  from space 2048K, 99% used [0x00000000ed880000,0x00000000eda7c570,0x00000000eda80000)
  to   space 2048K, 0% used [0x00000000eda80000,0x00000000eda80000,0x00000000edc80000)
 ParOldGen       total 39424K, used 1600K [0x00000000c5c00000, 0x00000000c8280000, 0x00000000ec900000)
  object space 39424K, 4% used [0x00000000c5c00000,0x00000000c5d903c0,0x00000000c8280000)
 PSPermGen       total 21504K, used 10360K [0x00000000bb600000, 0x00000000bcb00000, 0x00000000c5c00000)
  object space 21504K, 48% used [0x00000000bb600000,0x00000000bc01e2d8,0x00000000bcb00000)

Card table byte_map: [0x00007f330015c000,0x00007f3300382000] byte_map_base: 0x00007f32ffb81000

Polling page: 0x00007f3303860000

Code Cache  [0x00007f32f9000000, 0x00007f32f9270000, 0x00007f32fc000000)
 total_blobs=835 nmethods=314 adapters=474 free_code_cache=48056Kb largest_free_block=49169408

Compilation events (10 events):
Event: 137,201 Thread 0x00007f32fc0b7800  312             com.sirolf2009.wartriumph.entity.Entity::render (39 bytes)
Event: 137,201 Thread 0x00007f32fc0b4800  313             com.sirolf2009.wartriumph.entity.Entity::getWidth (5 bytes)
Event: 137,202 Thread 0x00007f32fc0b4800 nmethod 313 0x00007f32f910b410 code [0x00007f32f910b540, 0x00007f32f910b598]
Event: 137,204 Thread 0x00007f32fc0b7800 nmethod 312 0x00007f32f9100550 code [0x00007f32f91006e0, 0x00007f32f9100a68]
Event: 138,051 Thread 0x00007f32fc0b4800  314             java.lang.String::substring (56 bytes)
Event: 138,055 Thread 0x00007f32fc0b4800 nmethod 314 0x00007f32f910d2d0 code [0x00007f32f910d440, 0x00007f32f910d798]
Event: 139,656 Thread 0x00007f32fc0b7800  315             java.lang.ThreadLocal$ThreadLocalMap::access$000 (6 bytes)
Event: 139,656 Thread 0x00007f32fc0b4800  316             java.lang.ThreadLocal$ThreadLocalMap::getEntry (42 bytes)
Event: 139,657 Thread 0x00007f32fc0b4800 nmethod 316 0x00007f32f910b050 code [0x00007f32f910b1a0, 0x00007f32f910b2b8]
Event: 139,657 Thread 0x00007f32fc0b7800 nmethod 315 0x00007f32f9110710 code [0x00007f32f9110860, 0x00007f32f9110978]

GC Heap History (2 events):
Event: 5,014 GC heap before
{Heap before GC invocations=1 (full 0):
 PSYoungGen      total 17920K, used 15872K [0x00000000ec900000, 0x00000000edc80000, 0x0000000100000000)
  eden space 15872K, 100% used [0x00000000ec900000,0x00000000ed880000,0x00000000ed880000)
  from space 2048K, 0% used [0x00000000eda80000,0x00000000eda80000,0x00000000edc80000)
  to   space 2048K, 0% used [0x00000000ed880000,0x00000000ed880000,0x00000000eda80000)
 ParOldGen       total 39424K, used 0K [0x00000000c5c00000, 0x00000000c8280000, 0x00000000ec900000)
  object space 39424K, 0% used [0x00000000c5c00000,0x00000000c5c00000,0x00000000c8280000)
 PSPermGen       total 21504K, used 9102K [0x00000000bb600000, 0x00000000bcb00000, 0x00000000c5c00000)
  object space 21504K, 42% used [0x00000000bb600000,0x00000000bbee3918,0x00000000bcb00000)
Event: 5,020 GC heap after
Heap after GC invocations=1 (full 0):
 PSYoungGen      total 17920K, used 2033K [0x00000000ec900000, 0x00000000edc80000, 0x0000000100000000)
  eden space 15872K, 0% used [0x00000000ec900000,0x00000000ec900000,0x00000000ed880000)
  from space 2048K, 99% used [0x00000000ed880000,0x00000000eda7c570,0x00000000eda80000)
  to   space 2048K, 0% used [0x00000000eda80000,0x00000000eda80000,0x00000000edc80000)
 ParOldGen       total 39424K, used 1600K [0x00000000c5c00000, 0x00000000c8280000, 0x00000000ec900000)
  object space 39424K, 4% used [0x00000000c5c00000,0x00000000c5d903c0,0x00000000c8280000)
 PSPermGen       total 21504K, used 9102K [0x00000000bb600000, 0x00000000bcb00000, 0x00000000c5c00000)
  object space 21504K, 42% used [0x00000000bb600000,0x00000000bbee3918,0x00000000bcb00000)
}

Deoptimization events (8 events):
Event: 0,868 Thread 0x00007f32fc00b800 Uncommon trap: reason=class_check action=maybe_recompile pc=0x00007f32f906560c method=java.util.Properties$LineReader.readLine()I @ 62
Event: 5,326 Thread 0x00007f32fc373000 Uncommon trap: reason=unreached action=reinterpret pc=0x00007f32f90a87f4 method=com.badlogic.gdx.utils.Array.iterator()Ljava/util/Iterator; @ 4
Event: 5,326 Thread 0x00007f32fc373000 Uncommon trap: reason=unreached action=reinterpret pc=0x00007f32f90a24f0 method=com.badlogic.gdx.utils.Array$ArrayIterable.iterator()Ljava/util/Iterator; @ 4
Event: 33,269 Thread 0x00007f32fc373000 Uncommon trap: reason=unreached action=reinterpret pc=0x00007f32f90af36c method=java.util.HashMap$HashIterator.nextEntry()Ljava/util/HashMap$Entry; @ 86
Event: 139,608 Thread 0x00007f3280004000 Uncommon trap: reason=unreached action=reinterpret pc=0x00007f32f90d8b60 method=java.lang.ThreadLocal.get()Ljava/lang/Object; @ 11
Event: 139,628 Thread 0x00007f32fc2d1000 Uncommon trap: reason=unreached action=reinterpret pc=0x00007f32f9116368 method=java.util.concurrent.locks.AbstractQueuedSynchronizer.acquireQueued(Ljava/util/concurrent/locks/AbstractQueuedSynchronizer$Node;I)Z @ 17
Event: 139,712 Thread 0x00007f3274002800 Uncommon trap: reason=class_check action=maybe_recompile pc=0x00007f32f90cde98 method=java.util.concurrent.locks.AbstractQueuedSynchronizer.release(I)Z @ 2
Event: 140,041 Thread 0x00007f3274002800 Uncommon trap: reason=class_check action=maybe_recompile pc=0x00007f32f90cde98 method=java.util.concurrent.locks.AbstractQueuedSynchronizer.release(I)Z @ 2

Internal exceptions (10 events):
Event: 5,423 Thread 0x00007f3288002000 Threw 0x00000000ecde6ac0 at /build/buildd/openjdk-7-7u75-2.5.4/build/openjdk/hotspot/src/share/vm/prims/jvm.cpp:1284
Event: 6,025 Thread 0x00007f3288003000 Threw 0x00000000ecb1b778 at /build/buildd/openjdk-7-7u75-2.5.4/build/openjdk/hotspot/src/share/vm/prims/jvm.cpp:1284
Event: 6,032 Thread 0x00007f3288003000 Threw 0x00000000ecb207e0 at /build/buildd/openjdk-7-7u75-2.5.4/build/openjdk/hotspot/src/share/vm/prims/jvm.cpp:1284
Event: 6,033 Thread 0x00007f3288003000 Threw 0x00000000ecb25f70 at /build/buildd/openjdk-7-7u75-2.5.4/build/openjdk/hotspot/src/share/vm/prims/jvm.cpp:1284
Event: 6,033 Thread 0x00007f3288003000 Threw 0x00000000ecb2b0d8 at /build/buildd/openjdk-7-7u75-2.5.4/build/openjdk/hotspot/src/share/vm/prims/jvm.cpp:1284
Event: 6,034 Thread 0x00007f3288003000 Threw 0x00000000ecdf63a0 at /build/buildd/openjdk-7-7u75-2.5.4/build/openjdk/hotspot/src/share/vm/prims/jvm.cpp:1284
Event: 6,035 Thread 0x00007f32fc373000 Threw 0x00000000ecdc2958 at /build/buildd/openjdk-7-7u75-2.5.4/build/openjdk/hotspot/src/share/vm/prims/jvm.cpp:1284
Event: 10,564 Thread 0x00007f32fc373000 Threw 0x00000000ece41b38 at /build/buildd/openjdk-7-7u75-2.5.4/build/openjdk/hotspot/src/share/vm/prims/jvm.cpp:1284
Event: 139,608 Thread 0x00007f3280004000 Threw 0x00000000ed6ead40 at /build/buildd/openjdk-7-7u75-2.5.4/build/openjdk/hotspot/src/share/vm/prims/jvm.cpp:1284
Event: 139,608 Thread 0x00007f3280004000 Implicit null exception at 0x00007f32f90d8a94 to 0x00007f32f90d8b4d

Events (10 events):
Event: 139,733 loading class 0x00007f32b807b500 done
Event: 139,733 loading class 0x00007f32b8056ef0 done
Event: 140,041 Executing VM operation: RevokeBias
Event: 140,041 Executing VM operation: RevokeBias done
Event: 140,041 Thread 0x00007f3274002800 Uncommon trap: trap_request=0xffffffde fr.pc=0x00007f32f90cde98
Event: 140,041 Thread 0x00007f3274002800 DEOPT PACKING pc=0x00007f32f90cde98 sp=0x00007f32c804b850
Event: 140,041 Thread 0x00007f3274002800 DEOPT UNPACKING pc=0x00007f32f9039445 sp=0x00007f32c804b818 mode 2
Event: 140,041 Thread 0x00007f3280004000 Thread exited: 0x00007f3280004000
Event: 140,082 Thread 0x00007f3280002000 Thread exited: 0x00007f3280002000
Event: 140,082 Executing VM operation: Exit


Dynamic libraries:
00400000-00401000 r-xp 00000000 08:01 635037                             /usr/lib/jvm/java-7-openjdk-amd64/jre/bin/java
00600000-00601000 r--p 00000000 08:01 635037                             /usr/lib/jvm/java-7-openjdk-amd64/jre/bin/java
00601000-00602000 rw-p 00001000 08:01 635037                             /usr/lib/jvm/java-7-openjdk-amd64/jre/bin/java
024df000-02500000 rw-p 00000000 00:00 0                                  [heap]
402ea000-402ec000 r-xs 00000000 08:01 435138                             /tmp/gluyIMro (deleted)
40ba0000-40c3e000 rw-p 00000000 00:00 0 
bb600000-bcb00000 rw-p 00000000 00:00 0 
bcb00000-c5c00000 rw-p 00000000 00:00 0 
c5c00000-c8280000 rw-p 00000000 00:00 0 
c8280000-ec900000 rw-p 00000000 00:00 0 
ec900000-edc80000 rw-p 00000000 00:00 0 
edc80000-100000000 rw-p 00000000 00:00 0 
7f3274000000-7f3274021000 rw-p 00000000 00:00 0 
7f3274021000-7f3278000000 ---p 00000000 00:00 0 
7f327c000000-7f327c021000 rw-p 00000000 00:00 0 
7f327c021000-7f3280000000 ---p 00000000 00:00 0 
7f3280000000-7f3280021000 rw-p 00000000 00:00 0 
7f3280021000-7f3284000000 ---p 00000000 00:00 0 
7f3284000000-7f3284021000 rw-p 00000000 00:00 0 
7f3284021000-7f3288000000 ---p 00000000 00:00 0 
7f3288000000-7f3288021000 rw-p 00000000 00:00 0 
7f3288021000-7f328c000000 ---p 00000000 00:00 0 
7f328c000000-7f328c021000 rw-p 00000000 00:00 0 
7f328c021000-7f3290000000 ---p 00000000 00:00 0 
7f3290000000-7f3290e09000 rw-p 00000000 00:00 0 
7f3290e09000-7f3294000000 ---p 00000000 00:00 0 
7f3294000000-7f3294021000 rw-p 00000000 00:00 0 
7f3294021000-7f3298000000 ---p 00000000 00:00 0 
7f32997f0000-7f329b358000 r-xp 00000000 08:01 1573255                    /usr/lib/nvidia-331-updates/libnvidia-glcore.so.331.113
7f329b358000-7f329b557000 ---p 01b68000 08:01 1573255                    /usr/lib/nvidia-331-updates/libnvidia-glcore.so.331.113
7f329b557000-7f329bfe2000 rwxp 01b67000 08:01 1573255                    /usr/lib/nvidia-331-updates/libnvidia-glcore.so.331.113
7f329bfe2000-7f329bfff000 rwxp 00000000 00:00 0 
7f329bfff000-7f32a0000000 rw-s 00000000 00:14 193812                     /run/shm/pulse-shm-1384259513
7f32a0000000-7f32a0021000 rw-p 00000000 00:00 0 
7f32a0021000-7f32a4000000 ---p 00000000 00:00 0 
7f32a419d000-7f32a41a0000 ---p 00000000 00:00 0 
7f32a41a0000-7f32a429e000 rw-p 00000000 00:00 0 
7f32a429e000-7f32a42a1000 ---p 00000000 00:00 0 
7f32a42a1000-7f32a439f000 rw-p 00000000 00:00 0 
7f32a439f000-7f32a459f000 rw-s 359c2000 00:05 15888                      /dev/nvidia0
7f32a459f000-7f32a499f000 rw-s 166fde000 00:05 15888                     /dev/nvidia0
7f32a499f000-7f32a49a2000 ---p 00000000 00:00 0 
7f32a49a2000-7f32a4aa0000 rw-p 00000000 00:00 0                          [stack:16842]
7f32a4aa0000-7f32a4aa3000 ---p 00000000 00:00 0 
7f32a4aa3000-7f32a4ba1000 rw-p 00000000 00:00 0                          [stack:16841]
7f32a4ba1000-7f32a4ba4000 ---p 00000000 00:00 0 
7f32a4ba4000-7f32a4ca2000 rw-p 00000000 00:00 0 
7f32a4ca2000-7f32a4cb9000 r-xp 00000000 08:01 585273                     /usr/lib/jvm/java-7-openjdk-amd64/jre/lib/amd64/libnet.so
7f32a4cb9000-7f32a4eb8000 ---p 00017000 08:01 585273                     /usr/lib/jvm/java-7-openjdk-amd64/jre/lib/amd64/libnet.so
7f32a4eb8000-7f32a4eb9000 r--p 00016000 08:01 585273                     /usr/lib/jvm/java-7-openjdk-amd64/jre/lib/amd64/libnet.so
7f32a4eb9000-7f32a4eba000 rw-p 00017000 08:01 585273                     /usr/lib/jvm/java-7-openjdk-amd64/jre/lib/amd64/libnet.so
7f32a4eba000-7f32a4f06000 r-xp 00000000 08:01 441240                     /tmp/libgdxsirolf2009/9de2241f/libgdx-box2d64.so
7f32a4f06000-7f32a5105000 ---p 0004c000 08:01 441240                     /tmp/libgdxsirolf2009/9de2241f/libgdx-box2d64.so
7f32a5105000-7f32a5107000 r--p 0004b000 08:01 441240                     /tmp/libgdxsirolf2009/9de2241f/libgdx-box2d64.so
7f32a5107000-7f32a5108000 rw-p 0004d000 08:01 441240                     /tmp/libgdxsirolf2009/9de2241f/libgdx-box2d64.so
7f32a5108000-7f32a5508000 rw-s 195a7a000 00:05 15888                     /dev/nvidia0
7f32a5508000-7f32a5708000 rw-s 3696e000 00:05 15888                      /dev/nvidia0
7f32a5708000-7f32a5b08000 rw-s 361ed000 00:05 15888                      /dev/nvidia0
7f32a5b08000-7f32a5f08000 rw-s 19526b000 00:05 15888                     /dev/nvidia0
7f32a5f08000-7f32a6308000 rw-s 19502e000 00:05 15888                     /dev/nvidia0
7f32a6308000-7f32a6328000 rw-s 70120000 00:05 15888                      /dev/nvidia0
7f32a6328000-7f32a6368000 rw-s 19601f000 00:05 15888                     /dev/nvidia0
7f32a6368000-7f32a6388000 rw-s 195c4a000 00:05 15888                     /dev/nvidia0
7f32a6388000-7f32a63c8000 rw-s 1960f1000 00:05 15888                     /dev/nvidia0
7f32a63c8000-7f32a648c000 rw-s 3a0cc000 00:05 15888                      /dev/nvidia0
7f32a648c000-7f32a648f000 r-xp 00000000 08:01 1573238                    /usr/lib/nvidia-331-updates/tls/libnvidia-tls.so.331.113
7f32a648f000-7f32a668e000 ---p 00003000 08:01 1573238                    /usr/lib/nvidia-331-updates/tls/libnvidia-tls.so.331.113
7f32a668e000-7f32a668f000 rw-p 00002000 08:01 1573238                    /usr/lib/nvidia-331-updates/tls/libnvidia-tls.so.331.113
7f32a668f000-7f32a676c000 r-xp 00000000 08:01 1573237                    /usr/lib/nvidia-331-updates/libGL.so.331.113
7f32a676c000-7f32a696b000 ---p 000dd000 08:01 1573237                    /usr/lib/nvidia-331-updates/libGL.so.331.113
7f32a696b000-7f32a69ab000 rwxp 000dc000 08:01 1573237                    /usr/lib/nvidia-331-updates/libGL.so.331.113
7f32a69ab000-7f32a69c2000 rwxp 00000000 00:00 0 
7f32a69c2000-7f32a69c5000 ---p 00000000 00:00 0 
7f32a69c5000-7f32a6ac3000 rw-p 00000000 00:00 0                          [stack:16835]
7f32a6ac3000-7f32a6ac4000 ---p 00000000 00:00 0 
7f32a6ac4000-7f32a72c4000 rw-p 00000000 00:00 0                          [stack:16833]
7f32a72c4000-7f32a72cb000 r-xp 00000000 08:01 537327                     /usr/lib/x86_64-linux-gnu/libogg.so.0.8.1
7f32a72cb000-7f32a74cb000 ---p 00007000 08:01 537327                     /usr/lib/x86_64-linux-gnu/libogg.so.0.8.1
7f32a74cb000-7f32a74cc000 r--p 00007000 08:01 537327                     /usr/lib/x86_64-linux-gnu/libogg.so.0.8.1
7f32a74cc000-7f32a74cd000 rw-p 00008000 08:01 537327                     /usr/lib/x86_64-linux-gnu/libogg.so.0.8.1
7f32a74cd000-7f32a74f9000 r-xp 00000000 08:01 537605                     /usr/lib/x86_64-linux-gnu/libvorbis.so.0.4.5
7f32a74f9000-7f32a76f8000 ---p 0002c000 08:01 537605                     /usr/lib/x86_64-linux-gnu/libvorbis.so.0.4.5
7f32a76f8000-7f32a76f9000 r--p 0002b000 08:01 537605                     /usr/lib/x86_64-linux-gnu/libvorbis.so.0.4.5
7f32a76f9000-7f32a76fa000 rw-p 0002c000 08:01 537605                     /usr/lib/x86_64-linux-gnu/libvorbis.so.0.4.5
7f32a76fa000-7f32a79ad000 r-xp 00000000 08:01 537607                     /usr/lib/x86_64-linux-gnu/libvorbisenc.so.2.0.8
7f32a79ad000-7f32a7bac000 ---p 002b3000 08:01 537607                     /usr/lib/x86_64-linux-gnu/libvorbisenc.so.2.0.8
7f32a7bac000-7f32a7bc8000 r--p 002b2000 08:01 537607                     /usr/lib/x86_64-linux-gnu/libvorbisenc.so.2.0.8
7f32a7bc8000-7f32a7bc9000 rw-p 002ce000 08:01 537607                     /usr/lib/x86_64-linux-gnu/libvorbisenc.so.2.0.8
7f32a7bc9000-7f32a7bf9000 r-xp 00000000 08:01 529268                     /usr/lib/x86_64-linux-gnu/libFLAC.so.8.3.0
7f32a7bf9000-7f32a7df8000 ---p 00030000 08:01 529268                     /usr/lib/x86_64-linux-gnu/libFLAC.so.8.3.0
7f32a7df8000-7f32a7df9000 r--p 0002f000 08:01 529268                     /usr/lib/x86_64-linux-gnu/libFLAC.so.8.3.0
7f32a7df9000-7f32a7dfa000 rw-p 00030000 08:01 529268                     /usr/lib/x86_64-linux-gnu/libFLAC.so.8.3.0
7f32a7dfa000-7f32a7dff000 r-xp 00000000 08:01 536698                     /usr/lib/x86_64-linux-gnu/libasyncns.so.0.3.1
7f32a7dff000-7f32a7ffe000 ---p 00005000 08:01 536698                     /usr/lib/x86_64-linux-gnu/libasyncns.so.0.3.1
7f32a7ffe000-7f32a7fff000 r--p 00004000 08:01 536698                     /usr/lib/x86_64-linux-gnu/libasyncns.so.0.3.1
7f32a7fff000-7f32a8000000 rw-p 00005000 08:01 536698                     /usr/lib/x86_64-linux-gnu/libasyncns.so.0.3.1
7f32a8000000-7f32a8021000 rw-p 00000000 00:00 0 
7f32a8021000-7f32ac000000 ---p 00000000 00:00 0 
7f32ac02a000-7f32ac02b000 ---p 00000000 00:00 0 
7f32ac02b000-7f32ac12b000 rw-p 00000000 00:00 0                          [stack:16834]
7f32ac12b000-7f32ac18c000 r-xp 00000000 08:01 537484                     /usr/lib/x86_64-linux-gnu/libsndfile.so.1.0.25
7f32ac18c000-7f32ac38c000 ---p 00061000 08:01 537484                     /usr/lib/x86_64-linux-gnu/libsndfile.so.1.0.25
7f32ac38c000-7f32ac38e000 r--p 00061000 08:01 537484                     /usr/lib/x86_64-linux-gnu/libsndfile.so.1.0.25
7f32ac38e000-7f32ac38f000 rw-p 00063000 08:01 537484                     /usr/lib/x86_64-linux-gnu/libsndfile.so.1.0.25
7f32ac38f000-7f32ac393000 rw-p 00000000 00:00 0 
7f32ac393000-7f32ac39b000 r-xp 00000000 08:01 5050                       /lib/x86_64-linux-gnu/libwrap.so.0.7.6
7f32ac39b000-7f32ac59a000 ---p 00008000 08:01 5050                       /lib/x86_64-linux-gnu/libwrap.so.0.7.6
7f32ac59a000-7f32ac59b000 r--p 00007000 08:01 5050                       /lib/x86_64-linux-gnu/libwrap.so.0.7.6
7f32ac59b000-7f32ac59c000 rw-p 00008000 08:01 5050                       /lib/x86_64-linux-gnu/libwrap.so.0.7.6
7f32ac59c000-7f32ac59d000 rw-p 00000000 00:00 0 
7f32ac59d000-7f32ac603000 r-xp 00000000 08:01 262895                     /usr/lib/x86_64-linux-gnu/pulseaudio/libpulsecommon-4.0.so
7f32ac603000-7f32ac802000 ---p 00066000 08:01 262895                     /usr/lib/x86_64-linux-gnu/pulseaudio/libpulsecommon-4.0.so
7f32ac802000-7f32ac803000 r--p 00065000 08:01 262895                     /usr/lib/x86_64-linux-gnu/pulseaudio/libpulsecommon-4.0.so
7f32ac803000-7f32ac804000 rw-p 00066000 08:01 262895                     /usr/lib/x86_64-linux-gnu/pulseaudio/libpulsecommon-4.0.so
7f32ac804000-7f32ac80e000 r-xp 00000000 08:01 4930                       /lib/x86_64-linux-gnu/libjson-c.so.2.0.0
7f32ac80e000-7f32aca0d000 ---p 0000a000 08:01 4930                       /lib/x86_64-linux-gnu/libjson-c.so.2.0.0
7f32aca0d000-7f32aca0e000 r--p 00009000 08:01 4930                       /lib/x86_64-linux-gnu/libjson-c.so.2.0.0
7f32aca0e000-7f32aca0f000 rw-p 0000a000 08:01 4930                       /lib/x86_64-linux-gnu/libjson-c.so.2.0.0
7f32aca0f000-7f32aca56000 r-xp 00000000 08:01 537396                     /usr/lib/x86_64-linux-gnu/libpulse.so.0.16.2
7f32aca56000-7f32acc56000 ---p 00047000 08:01 537396                     /usr/lib/x86_64-linux-gnu/libpulse.so.0.16.2
7f32acc56000-7f32acc57000 r--p 00047000 08:01 537396                     /usr/lib/x86_64-linux-gnu/libpulse.so.0.16.2
7f32acc57000-7f32acc58000 rw-p 00048000 08:01 537396                     /usr/lib/x86_64-linux-gnu/libpulse.so.0.16.2
7f32acc58000-7f32accad000 r-xp 00000000 08:01 441238                     /tmp/libgdxsirolf2009/7b43be9b/libopenal64.so
7f32accad000-7f32aceac000 ---p 00055000 08:01 441238                     /tmp/libgdxsirolf2009/7b43be9b/libopenal64.so
7f32aceac000-7f32aceaf000 r--p 00054000 08:01 441238                     /tmp/libgdxsirolf2009/7b43be9b/libopenal64.so
7f32aceaf000-7f32aceb0000 rw-p 00057000 08:01 441238                     /tmp/libgdxsirolf2009/7b43be9b/libopenal64.so
7f32aceb0000-7f32aceb1000 rw-p 00000000 00:00 0 
7f32aceb1000-7f32aceb5000 r-xp 00000000 08:01 536659                     /usr/lib/x86_64-linux-gnu/libXxf86vm.so.1.0.0
7f32aceb5000-7f32ad0b5000 ---p 00004000 08:01 536659                     /usr/lib/x86_64-linux-gnu/libXxf86vm.so.1.0.0
7f32ad0b5000-7f32ad0b6000 r--p 00004000 08:01 536659                     /usr/lib/x86_64-linux-gnu/libXxf86vm.so.1.0.0
7f32ad0b6000-7f32ad0b7000 rw-p 00005000 08:01 536659                     /usr/lib/x86_64-linux-gnu/libXxf86vm.so.1.0.0
7f32ad0b7000-7f32ad0c0000 r-xp 00000000 08:01 536641                     /usr/lib/x86_64-linux-gnu/libXrandr.so.2.2.0
7f32ad0c0000-7f32ad2bf000 ---p 00009000 08:01 536641                     /usr/lib/x86_64-linux-gnu/libXrandr.so.2.2.0
7f32ad2bf000-7f32ad2c0000 r--p 00008000 08:01 536641                     /usr/lib/x86_64-linux-gnu/libXrandr.so.2.2.0
7f32ad2c0000-7f32ad2c1000 rw-p 00009000 08:01 536641                     /usr/lib/x86_64-linux-gnu/libXrandr.so.2.2.0
7f32ad2c1000-7f32ad32d000 r-xp 00000000 08:01 441235                     /tmp/libgdxsirolf2009/7b43be9b/liblwjgl64.so
7f32ad32d000-7f32ad52c000 ---p 0006c000 08:01 441235                     /tmp/libgdxsirolf2009/7b43be9b/liblwjgl64.so
7f32ad52c000-7f32ad52e000 r--p 0006b000 08:01 441235                     /tmp/libgdxsirolf2009/7b43be9b/liblwjgl64.so
7f32ad52e000-7f32ad52f000 rw-p 0006d000 08:01 441235                     /tmp/libgdxsirolf2009/7b43be9b/liblwjgl64.so
7f32ad52f000-7f32ad530000 r-xp 00000000 08:01 585303                     /usr/lib/jvm/java-7-openjdk-amd64/jre/lib/amd64/libjawt.so
7f32ad530000-7f32ad72f000 ---p 00001000 08:01 585303                     /usr/lib/jvm/java-7-openjdk-amd64/jre/lib/amd64/libjawt.so
7f32ad72f000-7f32ad730000 r--p 00000000 08:01 585303                     /usr/lib/jvm/java-7-openjdk-amd64/jre/lib/amd64/libjawt.so
7f32ad730000-7f32ad731000 rw-p 00001000 08:01 585303                     /usr/lib/jvm/java-7-openjdk-amd64/jre/lib/amd64/libjawt.so
7f32ad731000-7f32ad734000 ---p 00000000 00:00 0 
7f32ad734000-7f32ad832000 rw-p 00000000 00:00 0                          [stack:16831]
7f32ad832000-7f32ad837000 r-xp 00000000 08:01 536623                     /usr/lib/x86_64-linux-gnu/libXfixes.so.3.1.0
7f32ad837000-7f32ada36000 ---p 00005000 08:01 536623                     /usr/lib/x86_64-linux-gnu/libXfixes.so.3.1.0
7f32ada36000-7f32ada37000 r--p 00004000 08:01 536623                     /usr/lib/x86_64-linux-gnu/libXfixes.so.3.1.0
7f32ada37000-7f32ada38000 rw-p 00005000 08:01 536623                     /usr/lib/x86_64-linux-gnu/libXfixes.so.3.1.0
7f32ada38000-7f32ada41000 r-xp 00000000 08:01 536615                     /usr/lib/x86_64-linux-gnu/libXcursor.so.1.0.2
7f32ada41000-7f32adc40000 ---p 00009000 08:01 536615                     /usr/lib/x86_64-linux-gnu/libXcursor.so.1.0.2
7f32adc40000-7f32adc41000 r--p 00008000 08:01 536615                     /usr/lib/x86_64-linux-gnu/libXcursor.so.1.0.2
7f32adc41000-7f32adc42000 rw-p 00009000 08:01 536615                     /usr/lib/x86_64-linux-gnu/libXcursor.so.1.0.2
7f32adc42000-7f32adc45000 ---p 00000000 00:00 0 
7f32adc45000-7f32add43000 rw-p 00000000 00:00 0                          [stack:16830]
7f32add43000-7f32add47000 r-xp 00000000 08:01 4923                       /lib/x86_64-linux-gnu/libgpg-error.so.0.10.0
7f32add47000-7f32adf46000 ---p 00004000 08:01 4923                       /lib/x86_64-linux-gnu/libgpg-error.so.0.10.0
7f32adf46000-7f32adf47000 r--p 00003000 08:01 4923                       /lib/x86_64-linux-gnu/libgpg-error.so.0.10.0
7f32adf47000-7f32adf48000 rw-p 00004000 08:01 4923                       /lib/x86_64-linux-gnu/libgpg-error.so.0.10.0
7f32adf48000-7f32adf4a000 r-xp 00000000 08:01 4933                       /lib/x86_64-linux-gnu/libkeyutils.so.1.4
7f32adf4a000-7f32ae14a000 ---p 00002000 08:01 4933                       /lib/x86_64-linux-gnu/libkeyutils.so.1.4
7f32ae14a000-7f32ae14b000 r--p 00002000 08:01 4933                       /lib/x86_64-linux-gnu/libkeyutils.so.1.4
7f32ae14b000-7f32ae14c000 rw-p 00003000 08:01 4933                       /lib/x86_64-linux-gnu/libkeyutils.so.1.4
7f32ae14c000-7f32ae189000 r-xp 00000000 08:01 4993                       /lib/x86_64-linux-gnu/libpcre.so.3.13.1
7f32ae189000-7f32ae388000 ---p 0003d000 08:01 4993                       /lib/x86_64-linux-gnu/libpcre.so.3.13.1
7f32ae388000-7f32ae389000 r--p 0003c000 08:01 4993                       /lib/x86_64-linux-gnu/libpcre.so.3.13.1
7f32ae389000-7f32ae38a000 rw-p 0003d000 08:01 4993                       /lib/x86_64-linux-gnu/libpcre.so.3.13.1
7f32ae38a000-7f32ae3af000 r-xp 00000000 08:01 5005                       /lib/x86_64-linux-gnu/libpng12.so.0.50.0
7f32ae3af000-7f32ae5ae000 ---p 00025000 08:01 5005                       /lib/x86_64-linux-gnu/libpng12.so.0.50.0
7f32ae5ae000-7f32ae5af000 r--p 00024000 08:01 5005                       /lib/x86_64-linux-gnu/libpng12.so.0.50.0
7f32ae5af000-7f32ae5b0000 rw-p 00025000 08:01 5005                       /lib/x86_64-linux-gnu/libpng12.so.0.50.0
7f32ae5b0000-7f32ae5f4000 r-xp 00000000 08:01 24141                      /lib/x86_64-linux-gnu/libdbus-1.so.3.7.6
7f32ae5f4000-7f32ae7f3000 ---p 00044000 08:01 24141                      /lib/x86_64-linux-gnu/libdbus-1.so.3.7.6
7f32ae7f3000-7f32ae7f4000 r--p 00043000 08:01 24141                      /lib/x86_64-linux-gnu/libdbus-1.so.3.7.6
7f32ae7f4000-7f32ae7f5000 rw-p 00044000 08:01 24141                      /lib/x86_64-linux-gnu/libdbus-1.so.3.7.6
7f32ae7f5000-7f32ae830000 r-xp 00000000 08:01 537335                     /usr/lib/x86_64-linux-gnu/libp11-kit.so.0.0.0
7f32ae830000-7f32aea2f000 ---p 0003b000 08:01 537335                     /usr/lib/x86_64-linux-gnu/libp11-kit.so.0.0.0
7f32aea2f000-7f32aea35000 r--p 0003a000 08:01 537335                     /usr/lib/x86_64-linux-gnu/libp11-kit.so.0.0.0
7f32aea35000-7f32aea37000 rw-p 00040000 08:01 537335                     /usr/lib/x86_64-linux-gnu/libp11-kit.so.0.0.0
7f32aea37000-7f32aea49000 r-xp 00000000 08:01 537520                     /usr/lib/x86_64-linux-gnu/libtasn1.so.6.2.0
7f32aea49000-7f32aec49000 ---p 00012000 08:01 537520                     /usr/lib/x86_64-linux-gnu/libtasn1.so.6.2.0
7f32aec49000-7f32aec4a000 r--p 00012000 08:01 537520                     /usr/lib/x86_64-linux-gnu/libtasn1.so.6.2.0
7f32aec4a000-7f32aec4b000 rw-p 00013000 08:01 537520                     /usr/lib/x86_64-linux-gnu/libtasn1.so.6.2.0
7f32aec4b000-7f32aecc7000 r-xp 00000000 08:01 5577                       /lib/x86_64-linux-gnu/libgcrypt.so.11.8.2
7f32aecc7000-7f32aeec6000 ---p 0007c000 08:01 5577                       /lib/x86_64-linux-gnu/libgcrypt.so.11.8.2
7f32aeec6000-7f32aeec7000 r--p 0007b000 08:01 5577                       /lib/x86_64-linux-gnu/libgcrypt.so.11.8.2
7f32aeec7000-7f32aeeca000 rw-p 0007c000 08:01 5577                       /lib/x86_64-linux-gnu/libgcrypt.so.11.8.2
7f32aeeca000-7f32aeed4000 r-xp 00000000 08:01 529037                     /usr/lib/x86_64-linux-gnu/libkrb5support.so.0.1
7f32aeed4000-7f32af0d3000 ---p 0000a000 08:01 529037                     /usr/lib/x86_64-linux-gnu/libkrb5support.so.0.1
7f32af0d3000-7f32af0d4000 r--p 00009000 08:01 529037                     /usr/lib/x86_64-linux-gnu/libkrb5support.so.0.1
7f32af0d4000-7f32af0d5000 rw-p 0000a000 08:01 529037                     /usr/lib/x86_64-linux-gnu/libkrb5support.so.0.1
7f32af0d5000-7f32af0d8000 r-xp 00000000 08:01 4899                       /lib/x86_64-linux-gnu/libcom_err.so.2.1
7f32af0d8000-7f32af2d7000 ---p 00003000 08:01 4899                       /lib/x86_64-linux-gnu/libcom_err.so.2.1
7f32af2d7000-7f32af2d8000 r--p 00002000 08:01 4899                       /lib/x86_64-linux-gnu/libcom_err.so.2.1
7f32af2d8000-7f32af2d9000 rw-p 00003000 08:01 4899                       /lib/x86_64-linux-gnu/libcom_err.so.2.1
7f32af2d9000-7f32af305000 r-xp 00000000 08:01 529012                     /usr/lib/x86_64-linux-gnu/libk5crypto.so.3.1
7f32af305000-7f32af504000 ---p 0002c000 08:01 529012                     /usr/lib/x86_64-linux-gnu/libk5crypto.so.3.1
7f32af504000-7f32af506000 r--p 0002b000 08:01 529012                     /usr/lib/x86_64-linux-gnu/libk5crypto.so.3.1
7f32af506000-7f32af507000 rw-p 0002d000 08:01 529012                     /usr/lib/x86_64-linux-gnu/libk5crypto.so.3.1
7f32af507000-7f32af508000 rw-p 00000000 00:00 0 
7f32af508000-7f32af5c4000 r-xp 00000000 08:01 529029                     /usr/lib/x86_64-linux-gnu/libkrb5.so.3.3
7f32af5c4000-7f32af7c4000 ---p 000bc000 08:01 529029                     /usr/lib/x86_64-linux-gnu/libkrb5.so.3.3
7f32af7c4000-7f32af7d1000 r--p 000bc000 08:01 529029                     /usr/lib/x86_64-linux-gnu/libkrb5.so.3.3
7f32af7d1000-7f32af7d3000 rw-p 000c9000 08:01 529029                     /usr/lib/x86_64-linux-gnu/libkrb5.so.3.3
7f32af7d3000-7f32af7d8000 r-xp 00000000 08:01 536619                     /usr/lib/x86_64-linux-gnu/libXdmcp.so.6.0.0
7f32af7d8000-7f32af9d7000 ---p 00005000 08:01 536619                     /usr/lib/x86_64-linux-gnu/libXdmcp.so.6.0.0
7f32af9d7000-7f32af9d8000 r--p 00004000 08:01 536619                     /usr/lib/x86_64-linux-gnu/libXdmcp.so.6.0.0
7f32af9d8000-7f32af9d9000 rw-p 00005000 08:01 536619                     /usr/lib/x86_64-linux-gnu/libXdmcp.so.6.0.0
7f32af9d9000-7f32af9db000 r-xp 00000000 08:01 536608                     /usr/lib/x86_64-linux-gnu/libXau.so.6.0.0
7f32af9db000-7f32afbdb000 ---p 00002000 08:01 536608                     /usr/lib/x86_64-linux-gnu/libXau.so.6.0.0
7f32afbdb000-7f32afbdc000 r--p 00002000 08:01 536608                     /usr/lib/x86_64-linux-gnu/libXau.so.6.0.0
7f32afbdc000-7f32afbdd000 rw-p 00003000 08:01 536608                     /usr/lib/x86_64-linux-gnu/libXau.so.6.0.0
7f32afbdd000-7f32afbe4000 r-xp 00000000 08:01 536886                     /usr/lib/x86_64-linux-gnu/libffi.so.6.0.1
7f32afbe4000-7f32afde3000 ---p 00007000 08:01 536886                     /usr/lib/x86_64-linux-gnu/libffi.so.6.0.1
7f32afde3000-7f32afde4000 r--p 00006000 08:01 536886                     /usr/lib/x86_64-linux-gnu/libffi.so.6.0.1
7f32afde4000-7f32afde5000 rw-p 00007000 08:01 536886                     /usr/lib/x86_64-linux-gnu/libffi.so.6.0.1
7f32afde5000-7f32afdfc000 r-xp 00000000 08:01 21238                      /lib/x86_64-linux-gnu/libresolv-2.19.so
7f32afdfc000-7f32afffc000 ---p 00017000 08:01 21238                      /lib/x86_64-linux-gnu/libresolv-2.19.so
7f32afffc000-7f32afffd000 r--p 00017000 08:01 21238                      /lib/x86_64-linux-gnu/libresolv-2.19.so
7f32afffd000-7f32afffe000 rw-p 00018000 08:01 21238                      /lib/x86_64-linux-gnu/libresolv-2.19.so
7f32afffe000-7f32b0000000 rw-p 00000000 00:00 0 
7f32b0000000-7f32b0021000 rw-p 00000000 00:00 0 
7f32b0021000-7f32b4000000 ---p 00000000 00:00 0 
7f32b4000000-7f32b4021000 rw-p 00000000 00:00 0 
7f32b4021000-7f32b8000000 ---p 00000000 00:00 0 
7f32b8000000-7f32b8444000 rw-p 00000000 00:00 0 
7f32b8444000-7f32bc000000 ---p 00000000 00:00 0 
7f32bc000000-7f32bc5c3000 rw-p 00000000 00:00 0 
7f32bc5c3000-7f32c0000000 ---p 00000000 00:00 0 
7f32c0000000-7f32c0021000 rw-p 00000000 00:00 0 
7f32c0021000-7f32c4000000 ---p 00000000 00:00 0 
7f32c4000000-7f32c4021000 rw-p 00000000 00:00 0 
7f32c4021000-7f32c8000000 ---p 00000000 00:00 0 
7f32c800c000-7f32c800d000 rw-p 00000000 00:00 0 
7f32c800d000-7f32c8014000 rw-s 10d9cf000 00:05 15888                     /dev/nvidia0
7f32c8014000-7f32c8017000 ---p 00000000 00:00 0 
7f32c8017000-7f32c804d000 rw-p 00000000 00:00 0                          [stack:17013]
7f32c804d000-7f32c806d000 r-xp 00000000 08:01 5020                       /lib/x86_64-linux-gnu/libselinux.so.1
7f32c806d000-7f32c826c000 ---p 00020000 08:01 5020                       /lib/x86_64-linux-gnu/libselinux.so.1
7f32c826c000-7f32c826d000 r--p 0001f000 08:01 5020                       /lib/x86_64-linux-gnu/libselinux.so.1
7f32c826d000-7f32c826e000 rw-p 00020000 08:01 5020                       /lib/x86_64-linux-gnu/libselinux.so.1
7f32c826e000-7f32c8270000 rw-p 00000000 00:00 0 
7f32c8270000-7f32c8376000 r-xp 00000000 08:01 5711                       /lib/x86_64-linux-gnu/libglib-2.0.so.0.4002.0
7f32c8376000-7f32c8575000 ---p 00106000 08:01 5711                       /lib/x86_64-linux-gnu/libglib-2.0.so.0.4002.0
7f32c8575000-7f32c8576000 r--p 00105000 08:01 5711                       /lib/x86_64-linux-gnu/libglib-2.0.so.0.4002.0
7f32c8576000-7f32c8577000 rw-p 00106000 08:01 5711                       /lib/x86_64-linux-gnu/libglib-2.0.so.0.4002.0
7f32c8577000-7f32c8578000 rw-p 00000000 00:00 0 
7f32c8578000-7f32c857b000 r-xp 00000000 08:01 530476                     /usr/lib/x86_64-linux-gnu/libgmodule-2.0.so.0.4002.0
7f32c857b000-7f32c877a000 ---p 00003000 08:01 530476                     /usr/lib/x86_64-linux-gnu/libgmodule-2.0.so.0.4002.0
7f32c877a000-7f32c877b000 r--p 00002000 08:01 530476                     /usr/lib/x86_64-linux-gnu/libgmodule-2.0.so.0.4002.0
7f32c877b000-7f32c877c000 rw-p 00003000 08:01 530476                     /usr/lib/x86_64-linux-gnu/libgmodule-2.0.so.0.4002.0
7f32c877c000-7f32c87a3000 r-xp 00000000 08:01 4912                       /lib/x86_64-linux-gnu/libexpat.so.1.6.0
7f32c87a3000-7f32c89a3000 ---p 00027000 08:01 4912                       /lib/x86_64-linux-gnu/libexpat.so.1.6.0
7f32c89a3000-7f32c89a5000 r--p 00027000 08:01 4912                       /lib/x86_64-linux-gnu/libexpat.so.1.6.0
7f32c89a5000-7f32c89a6000 rw-p 00029000 08:01 4912                       /lib/x86_64-linux-gnu/libexpat.so.1.6.0
7f32c89a6000-7f32c8a43000 r-xp 00000000 08:01 536928                     /usr/lib/x86_64-linux-gnu/libfreetype.so.6.11.1
7f32c8a43000-7f32c8c42000 ---p 0009d000 08:01 536928                     /usr/lib/x86_64-linux-gnu/libfreetype.so.6.11.1
7f32c8c42000-7f32c8c48000 r--p 0009c000 08:01 536928                     /usr/lib/x86_64-linux-gnu/libfreetype.so.6.11.1
7f32c8c48000-7f32c8c49000 rw-p 000a2000 08:01 536928                     /usr/lib/x86_64-linux-gnu/libfreetype.so.6.11.1
7f32c8c49000-7f32c8c58000 r-xp 00000000 08:01 536712                     /usr/lib/x86_64-linux-gnu/libavahi-client.so.3.2.9
7f32c8c58000-7f32c8e58000 ---p 0000f000 08:01 536712                     /usr/lib/x86_64-linux-gnu/libavahi-client.so.3.2.9
7f32c8e58000-7f32c8e59000 r--p 0000f000 08:01 536712                     /usr/lib/x86_64-linux-gnu/libavahi-client.so.3.2.9
7f32c8e59000-7f32c8e5a000 rw-p 00010000 08:01 536712                     /usr/lib/x86_64-linux-gnu/libavahi-client.so.3.2.9
7f32c8e5a000-7f32c8e65000 r-xp 00000000 08:01 536714                     /usr/lib/x86_64-linux-gnu/libavahi-common.so.3.5.3
7f32c8e65000-7f32c9064000 ---p 0000b000 08:01 536714                     /usr/lib/x86_64-linux-gnu/libavahi-common.so.3.5.3
7f32c9064000-7f32c9065000 r--p 0000a000 08:01 536714                     /usr/lib/x86_64-linux-gnu/libavahi-common.so.3.5.3
7f32c9065000-7f32c9066000 rw-p 0000b000 08:01 536714                     /usr/lib/x86_64-linux-gnu/libavahi-common.so.3.5.3
7f32c9066000-7f32c911c000 r-xp 00000000 08:01 537015                     /usr/lib/x86_64-linux-gnu/libgnutls.so.26.22.6
7f32c911c000-7f32c931c000 ---p 000b6000 08:01 537015                     /usr/lib/x86_64-linux-gnu/libgnutls.so.26.22.6
7f32c931c000-7f32c9322000 r--p 000b6000 08:01 537015                     /usr/lib/x86_64-linux-gnu/libgnutls.so.26.22.6
7f32c9322000-7f32c9323000 rw-p 000bc000 08:01 537015                     /usr/lib/x86_64-linux-gnu/libgnutls.so.26.22.6
7f32c9323000-7f32c9324000 rw-p 00000000 00:00 0 
7f32c9324000-7f32c9367000 r-xp 00000000 08:01 529021                     /usr/lib/x86_64-linux-gnu/libgssapi_krb5.so.2.2
7f32c9367000-7f32c9567000 ---p 00043000 08:01 529021                     /usr/lib/x86_64-linux-gnu/libgssapi_krb5.so.2.2
7f32c9567000-7f32c9568000 r--p 00043000 08:01 529021                     /usr/lib/x86_64-linux-gnu/libgssapi_krb5.so.2.2
7f32c9568000-7f32c956a000 rw-p 00044000 08:01 529021                     /usr/lib/x86_64-linux-gnu/libgssapi_krb5.so.2.2
7f32c956a000-7f32c9587000 r-xp 00000000 08:01 537678                     /usr/lib/x86_64-linux-gnu/libxcb.so.1.1.0
7f32c9587000-7f32c9787000 ---p 0001d000 08:01 537678                     /usr/lib/x86_64-linux-gnu/libxcb.so.1.1.0
7f32c9787000-7f32c9788000 r--p 0001d000 08:01 537678                     /usr/lib/x86_64-linux-gnu/libxcb.so.1.1.0
7f32c9788000-7f32c9789000 rw-p 0001e000 08:01 537678                     /usr/lib/x86_64-linux-gnu/libxcb.so.1.1.0
7f32c9789000-7f32c97d8000 r-xp 00000000 08:01 530478                     /usr/lib/x86_64-linux-gnu/libgobject-2.0.so.0.4002.0
7f32c97d8000-7f32c99d8000 ---p 0004f000 08:01 530478                     /usr/lib/x86_64-linux-gnu/libgobject-2.0.so.0.4002.0
7f32c99d8000-7f32c99d9000 r--p 0004f000 08:01 530478                     /usr/lib/x86_64-linux-gnu/libgobject-2.0.so.0.4002.0
7f32c99d9000-7f32c99da000 rw-p 00050000 08:01 530478                     /usr/lib/x86_64-linux-gnu/libgobject-2.0.so.0.4002.0
7f32c99da000-7f32c9b46000 r-xp 00000000 08:01 530481                     /usr/lib/x86_64-linux-gnu/libgio-2.0.so.0.4002.0
7f32c9b46000-7f32c9d45000 ---p 0016c000 08:01 530481                     /usr/lib/x86_64-linux-gnu/libgio-2.0.so.0.4002.0
7f32c9d45000-7f32c9d49000 r--p 0016b000 08:01 530481                     /usr/lib/x86_64-linux-gnu/libgio-2.0.so.0.4002.0
7f32c9d49000-7f32c9d4b000 rw-p 0016f000 08:01 530481                     /usr/lib/x86_64-linux-gnu/libgio-2.0.so.0.4002.0
7f32c9d4b000-7f32c9d4d000 rw-p 00000000 00:00 0 
7f32c9d4d000-7f32c9d87000 r-xp 00000000 08:01 536900                     /usr/lib/x86_64-linux-gnu/libfontconfig.so.1.8.0
7f32c9d87000-7f32c9f86000 ---p 0003a000 08:01 536900                     /usr/lib/x86_64-linux-gnu/libfontconfig.so.1.8.0
7f32c9f86000-7f32c9f88000 r--p 00039000 08:01 536900                     /usr/lib/x86_64-linux-gnu/libfontconfig.so.1.8.0
7f32c9f88000-7f32c9f89000 rw-p 0003b000 08:01 536900                     /usr/lib/x86_64-linux-gnu/libfontconfig.so.1.8.0
7f32c9f89000-7f32c9ff5000 r-xp 00000000 08:01 527731                     /usr/lib/x86_64-linux-gnu/libcups.so.2
7f32c9ff5000-7f32ca1f5000 ---p 0006c000 08:01 527731                     /usr/lib/x86_64-linux-gnu/libcups.so.2
7f32ca1f5000-7f32ca1fc000 r--p 0006c000 08:01 527731                     /usr/lib/x86_64-linux-gnu/libcups.so.2
7f32ca1fc000-7f32ca1fd000 rw-p 00073000 08:01 527731                     /usr/lib/x86_64-linux-gnu/libcups.so.2
7f32ca1fd000-7f32ca20c000 r-xp 00000000 08:01 536629                     /usr/lib/x86_64-linux-gnu/libXi.so.6.1.0
7f32ca20c000-7f32ca40b000 ---p 0000f000 08:01 536629                     /usr/lib/x86_64-linux-gnu/libXi.so.6.1.0
7f32ca40b000-7f32ca40c000 r--p 0000e000 08:01 536629                     /usr/lib/x86_64-linux-gnu/libXi.so.6.1.0
7f32ca40c000-7f32ca40d000 rw-p 0000f000 08:01 536629                     /usr/lib/x86_64-linux-gnu/libXi.so.6.1.0
7f32ca40d000-7f32ca412000 r-xp 00000000 08:01 536649                     /usr/lib/x86_64-linux-gnu/libXtst.so.6.1.0
7f32ca412000-7f32ca611000 ---p 00005000 08:01 536649                     /usr/lib/x86_64-linux-gnu/libXtst.so.6.1.0
7f32ca611000-7f32ca612000 r--p 00004000 08:01 536649                     /usr/lib/x86_64-linux-gnu/libXtst.so.6.1.0
7f32ca612000-7f32ca613000 rw-p 00005000 08:01 536649                     /usr/lib/x86_64-linux-gnu/libXtst.so.6.1.0
7f32ca613000-7f32ca61c000 r-xp 00000000 08:01 536643                     /usr/lib/x86_64-linux-gnu/libXrender.so.1.3.0
7f32ca61c000-7f32ca81b000 ---p 00009000 08:01 536643                     /usr/lib/x86_64-linux-gnu/libXrender.so.1.3.0
7f32ca81b000-7f32ca81c000 r--p 00008000 08:01 536643                     /usr/lib/x86_64-linux-gnu/libXrender.so.1.3.0
7f32ca81c000-7f32ca81d000 rw-p 00009000 08:01 536643                     /usr/lib/x86_64-linux-gnu/libXrender.so.1.3.0
7f32ca81d000-7f32ca94d000 r-xp 00000000 08:01 536604                     /usr/lib/x86_64-linux-gnu/libX11.so.6.3.0
7f32ca94d000-7f32cab4d000 ---p 00130000 08:01 536604                     /usr/lib/x86_64-linux-gnu/libX11.so.6.3.0
7f32cab4d000-7f32cab4e000 r--p 00130000 08:01 536604                     /usr/lib/x86_64-linux-gnu/libX11.so.6.3.0
7f32cab4e000-7f32cab52000 rw-p 00131000 08:01 536604                     /usr/lib/x86_64-linux-gnu/libX11.so.6.3.0
7f32cab52000-7f32cab63000 r-xp 00000000 08:01 536621                     /usr/lib/x86_64-linux-gnu/libXext.so.6.4.0
7f32cab63000-7f32cad62000 ---p 00011000 08:01 536621                     /usr/lib/x86_64-linux-gnu/libXext.so.6.4.0
7f32cad62000-7f32cad63000 r--p 00010000 08:01 536621                     /usr/lib/x86_64-linux-gnu/libXext.so.6.4.0
7f32cad63000-7f32cad64000 rw-p 00011000 08:01 536621                     /usr/lib/x86_64-linux-gnu/libXext.so.6.4.0
7f32cad64000-7f32cad65000 rw-p 00000000 00:00 0 
7f32cad65000-7f32cad67000 rw-s 00000000 08:01 435138                     /tmp/gluyIMro (deleted)
7f32cad67000-7f32cad68000 rw-s 192898000 00:05 15888                     /dev/nvidia0
7f32cad68000-7f32cad6c000 rw-s 196eae000 00:05 15888                     /dev/nvidia0
7f32cad6c000-7f32cad6d000 rw-s 7ff61000 00:05 15888                      /dev/nvidia0
7f32cad6d000-7f32cad6e000 rw-s 7ff61000 00:05 15888                      /dev/nvidia0
7f32cad6e000-7f32cad6f000 rw-s cf642000 00:05 15888                      /dev/nvidia0
7f32cad6f000-7f32cad70000 rw-s 3dc8b000 00:05 15888                      /dev/nvidia0
7f32cad70000-7f32cad71000 rw-s cf641000 00:05 15888                      /dev/nvidia0
7f32cad71000-7f32cad72000 rw-s 3df18000 00:05 15888                      /dev/nvidia0
7f32cad72000-7f32cad73000 rw-s 1965d9000 00:05 15888                     /dev/nvidia0
7f32cad73000-7f32cad74000 rw-s cf060000 00:05 15888                      /dev/nvidia0
7f32cad74000-7f32cad7b000 r--s 00000000 08:01 166381                     /usr/lib/x86_64-linux-gnu/gconv/gconv-modules.cache
7f32cad7b000-7f32cad84000 r--s 000b9000 08:01 536100                     /usr/lib/jvm/java-7-openjdk-amd64/jre/lib/resources.jar
7f32cad84000-7f32cadcc000 r-xp 00000000 08:01 525909                     /usr/lib/jvm/java-7-openjdk-amd64/jre/lib/amd64/xawt/libmawt.so
7f32cadcc000-7f32cafcb000 ---p 00048000 08:01 525909                     /usr/lib/jvm/java-7-openjdk-amd64/jre/lib/amd64/xawt/libmawt.so
7f32cafcb000-7f32cafcc000 r--p 00047000 08:01 525909                     /usr/lib/jvm/java-7-openjdk-amd64/jre/lib/amd64/xawt/libmawt.so
7f32cafcc000-7f32cafcf000 rw-p 00048000 08:01 525909                     /usr/lib/jvm/java-7-openjdk-amd64/jre/lib/amd64/xawt/libmawt.so
7f32cafcf000-7f32cafd0000 rw-p 00000000 00:00 0 
7f32cafd0000-7f32cb070000 r-xp 00000000 08:01 585283                     /usr/lib/jvm/java-7-openjdk-amd64/jre/lib/amd64/libawt.so
7f32cb070000-7f32cb270000 ---p 000a0000 08:01 585283                     /usr/lib/jvm/java-7-openjdk-amd64/jre/lib/amd64/libawt.so
7f32cb270000-7f32cb271000 r--p 000a0000 08:01 585283                     /usr/lib/jvm/java-7-openjdk-amd64/jre/lib/amd64/libawt.so
7f32cb271000-7f32cb27c000 rw-p 000a1000 08:01 585283                     /usr/lib/jvm/java-7-openjdk-amd64/jre/lib/amd64/libawt.so
7f32cb27c000-7f32cb2a1000 rw-p 00000000 00:00 0 
7f32cb2a1000-7f32cb2a5000 r--s 0004d000 08:01 536961                     /usr/lib/jvm/java-7-openjdk-amd64/jre/lib/jsse.jar
7f32cb2a5000-7f32cb2e2000 r-xp 00000000 08:01 441233                     /tmp/libgdxsirolf2009/5502b6ed/libgdx64.so
7f32cb2e2000-7f32cb4e1000 ---p 0003d000 08:01 441233                     /tmp/libgdxsirolf2009/5502b6ed/libgdx64.so
7f32cb4e1000-7f32cb4e2000 r--p 0003c000 08:01 441233                     /tmp/libgdxsirolf2009/5502b6ed/libgdx64.so
7f32cb4e2000-7f32cb4e3000 rw-p 0003d000 08:01 441233                     /tmp/libgdxsirolf2009/5502b6ed/libgdx64.so
7f32cb4e3000-7f32cb4e5000 r--s 0000c000 08:01 8655703                    /usr/local/bin/eclipse Mars M3/plugins/org.hamcrest.core_1.3.0.v201303031735.jar
7f32cb4e5000-7f32cb4eb000 r--s 00036000 08:01 8783038                    /usr/local/bin/eclipse Mars M3/plugins/org.junit_4.11.0.v201303080030/junit.jar
7f32cb4eb000-7f32cb4ed000 r--s 00009000 08:01 5374498                    /home/sirolf2009/.m2/repository/org/hamcrest/hamcrest-core/1.3/hamcrest-core-1.3.jar
7f32cb4ed000-7f32cb4f3000 r--s 00036000 08:01 5374495                    /home/sirolf2009/.m2/repository/junit/junit/4.11/junit-4.11.jar
7f32cb4f3000-7f32cb4f5000 r--s 0000e000 08:01 619174                     /home/sirolf2009/.m2/repository/commons-logging/commons-logging/1.2/commons-logging-1.2.jar
7f32cb4f5000-7f32cb4f8000 r--s 0000f000 08:01 468796                     /home/sirolf2009/.gradle/caches/modules-2/files-2.1/com.badlogicgames.gdx/gdx-box2d/1.3.1/868425fb2070db88a2949a25b88e0a737a372d4b/gdx-box2d-1.3.1.jar
7f32cb4f8000-7f32cb4fa000 r--s 00017000 08:01 468832                     /home/sirolf2009/.gradle/caches/modules-2/files-2.1/org.jcraft/jorbis/0.0.17/8872d22b293e8f5d7d56ff92be966e6dc28ebdc6/jorbis-0.0.17.jar
7f32cb4fa000-7f32cb4fb000 r--s 00015000 08:01 468831                     /home/sirolf2009/.gradle/caches/modules-2/files-2.1/com.badlogicgames.jlayer/jlayer/1.0.1-gdx/7cca83cec5c1b2f011362f4d85aabd71a73b049d/jlayer-1.0.1-gdx.jar
7f32cb4fb000-7f32cb4ff000 r--s 00027000 08:01 468830                     /home/sirolf2009/.gradle/caches/modules-2/files-2.1/org.lwjgl.lwjgl/lwjgl_util/2.9.1/290d7ba8a1bd9566f5ddf16ad06f09af5ec9b20e/lwjgl_util-2.9.1.jar
7f32cb4ff000-7f32cb500000 r--s 00025000 08:01 468829                     /home/sirolf2009/.gradle/caches/modules-2/files-2.1/net.java.jinput/jinput-platform/2.0.5/385ee093e01f587f30ee1c8a2ee7d408fd732e16/jinput-platform-2.0.5-natives-windows.jar
7f32cb500000-7f32cb519000 r--s 0017e000 08:01 468795                     /home/sirolf2009/.gradle/caches/modules-2/files-2.1/com.badlogicgames.gdx/gdx/1.3.1/18995f8b7b19118975722370818023c76a86fdf4/gdx-1.3.1.jar
7f32cb519000-7f32cb51a000 ---p 00000000 00:00 0 
7f32cb51a000-7f32cb61a000 rw-p 00000000 00:00 0 
7f32cb61a000-7f32cb61d000 ---p 00000000 00:00 0 
7f32cb61d000-7f32cb71b000 rw-p 00000000 00:00 0                          [stack:16827]
7f32cb71b000-7f32cb71e000 ---p 00000000 00:00 0 
7f32cb71e000-7f32cb81c000 rw-p 00000000 00:00 0                          [stack:16826]
7f32cb81c000-7f32cb81f000 ---p 00000000 00:00 0 
7f32cb81f000-7f32cb91d000 rw-p 00000000 00:00 0                          [stack:16825]
7f32cb91d000-7f32cc000000 r--p 00000000 08:01 534280                     /usr/lib/locale/locale-archive
7f32cc000000-7f32cc021000 rw-p 00000000 00:00 0 
7f32cc021000-7f32d0000000 ---p 00000000 00:00 0 
7f32d0000000-7f32d0021000 rw-p 00000000 00:00 0 
7f32d0021000-7f32d4000000 ---p 00000000 00:00 0 
7f32d4000000-7f32d4021000 rw-p 00000000 00:00 0 
7f32d4021000-7f32d8000000 ---p 00000000 00:00 0 
7f32d8000000-7f32d8021000 rw-p 00000000 00:00 0 
7f32d8021000-7f32dc000000 ---p 00000000 00:00 0 
7f32dc000000-7f32dc021000 rw-p 00000000 00:00 0 
7f32dc021000-7f32e0000000 ---p 00000000 00:00 0 
7f32e0000000-7f32e0001000 r--s 00002000 08:01 468828                     /home/sirolf2009/.gradle/caches/modules-2/files-2.1/net.java.jinput/jinput-platform/2.0.5/53f9c919f34d2ca9de8c51fc4e1e8282029a9232/jinput-platform-2.0.5-natives-osx.jar
7f32e0001000-7f32e000f000 r--s 000ea000 08:01 468826                     /home/sirolf2009/.gradle/caches/modules-2/files-2.1/org.lwjgl.lwjgl/lwjgl/2.9.1/f58c5aabcef0e41718a564be9f8e412fff8db847/lwjgl-2.9.1.jar
7f32e000f000-7f32e0012000 ---p 00000000 00:00 0 
7f32e0012000-7f32e0110000 rw-p 00000000 00:00 0                          [stack:16824]
7f32e0110000-7f32e0113000 ---p 00000000 00:00 0 
7f32e0113000-7f32e0211000 rw-p 00000000 00:00 0                          [stack:16823]
7f32e0211000-7f32e0214000 ---p 00000000 00:00 0 
7f32e0214000-7f32e0312000 rw-p 00000000 00:00 0                          [stack:16822]
7f32e0312000-7f32e0313000 ---p 00000000 00:00 0 
7f32e0313000-7f32e4000000 rw-p 00000000 00:00 0                          [stack:16821]
7f32e4000000-7f32e4021000 rw-p 00000000 00:00 0 
7f32e4021000-7f32e8000000 ---p 00000000 00:00 0 
7f32e8000000-7f32e8021000 rw-p 00000000 00:00 0 
7f32e8021000-7f32ec000000 ---p 00000000 00:00 0 
7f32ec000000-7f32ec021000 rw-p 00000000 00:00 0 
7f32ec021000-7f32f0000000 ---p 00000000 00:00 0 
7f32f0000000-7f32f0021000 rw-p 00000000 00:00 0 
7f32f0021000-7f32f4000000 ---p 00000000 00:00 0 
7f32f4000000-7f32f4021000 rw-p 00000000 00:00 0 
7f32f4021000-7f32f8000000 ---p 00000000 00:00 0 
7f32f8000000-7f32f8001000 r--s 00002000 08:01 468827                     /home/sirolf2009/.gradle/caches/modules-2/files-2.1/net.java.jinput/jinput-platform/2.0.5/7ff832a6eb9ab6a767f1ade2b548092d0fa64795/jinput-platform-2.0.5-natives-linux.jar
7f32f8001000-7f32f8005000 r--s 0002f000 08:01 468825                     /home/sirolf2009/.gradle/caches/modules-2/files-2.1/net.java.jinput/jinput/2.0.5/39c7796b469a600f72380316f6b1f11db6c2c7c4/jinput-2.0.5.jar
7f32f8005000-7f32f8006000 r--s 00001000 08:01 468824                     /home/sirolf2009/.gradle/caches/modules-2/files-2.1/net.java.jutils/jutils/1.0.0/e12fe1fda814bd348c1579329c86943d2cd3c6a6/jutils-1.0.0.jar
7f32f8006000-7f32f82d5000 rw-p 00000000 00:00 0 
7f32f82d5000-7f32f8487000 r--s 01d23000 08:01 536074                     /usr/lib/jvm/java-7-openjdk-amd64/jre/lib/rt.jar
7f32f8487000-7f32f87a5000 rw-p 00000000 00:00 0 
7f32f87a5000-7f32f87a6000 ---p 00000000 00:00 0 
7f32f87a6000-7f32f88a6000 rw-p 00000000 00:00 0                          [stack:16820]
7f32f88a6000-7f32f88a7000 ---p 00000000 00:00 0 
7f32f88a7000-7f32f89a7000 rw-p 00000000 00:00 0                          [stack:16819]
7f32f89a7000-7f32f89a8000 ---p 00000000 00:00 0 
7f32f89a8000-7f32f8aa8000 rw-p 00000000 00:00 0                          [stack:16818]
7f32f8aa8000-7f32f8aa9000 ---p 00000000 00:00 0 
7f32f8aa9000-7f32f8ba9000 rw-p 00000000 00:00 0                          [stack:16817]
7f32f8ba9000-7f32f8baa000 ---p 00000000 00:00 0 
7f32f8baa000-7f32f8caa000 rw-p 00000000 00:00 0                          [stack:16816]
7f32f8caa000-7f32f8cab000 ---p 00000000 00:00 0 
7f32f8cab000-7f32f8dab000 rw-p 00000000 00:00 0                          [stack:16815]
7f32f8dab000-7f32f8dac000 ---p 00000000 00:00 0 
7f32f8dac000-7f32f8eac000 rw-p 00000000 00:00 0                          [stack:16814]
7f32f8eac000-7f32f8ead000 ---p 00000000 00:00 0 
7f32f8ead000-7f32f8fb8000 rw-p 00000000 00:00 0                          [stack:16813]
7f32f8fb8000-7f32f9000000 rw-p 00000000 00:00 0 
7f32f9000000-7f32f9270000 rwxp 00000000 00:00 0 
7f32f9270000-7f32fc387000 rw-p 00000000 00:00 0 
7f32fc387000-7f3300000000 ---p 00000000 00:00 0 
7f3300000000-7f3300001000 r--s 00095000 08:01 468823                     /home/sirolf2009/.gradle/caches/modules-2/files-2.1/org.lwjgl.lwjgl/lwjgl-platform/2.9.1/4c517eca808522457dd95ee8fc1fbcdbb602efbe/lwjgl-platform-2.9.1-natives-windows.jar
7f3300001000-7f3300002000 r--s 00080000 08:01 468822                     /home/sirolf2009/.gradle/caches/modules-2/files-2.1/org.lwjgl.lwjgl/lwjgl-platform/2.9.1/2d12c83fdfbc04ecabf02c7bc8cc54d034f0daac/lwjgl-platform-2.9.1-natives-osx.jar
7f3300002000-7f3300003000 r--s 0008b000 08:01 468821                     /home/sirolf2009/.gradle/caches/modules-2/files-2.1/org.lwjgl.lwjgl/lwjgl-platform/2.9.1/aa9aae879af8eb378e22cfc64db56ec2ca9a44d1/lwjgl-platform-2.9.1-natives-linux.jar
7f3300003000-7f3300004000 r--s 000fa000 08:01 468820                     /home/sirolf2009/.gradle/caches/modules-2/files-2.1/com.badlogicgames.gdx/gdx-box2d-platform/1.3.1/79e136941a5dbead58981f1abc5c00405e0048ff/gdx-box2d-platform-1.3.1-natives-desktop.jar
7f3300004000-7f3300039000 rw-p 00000000 00:00 0 
7f3300039000-7f330015c000 rw-p 00000000 00:00 0 
7f330015c000-7f3300167000 rw-p 00000000 00:00 0 
7f3300167000-7f33001af000 rw-p 00000000 00:00 0 
7f33001af000-7f33001c3000 rw-p 00000000 00:00 0 
7f33001c3000-7f33002e5000 rw-p 00000000 00:00 0 
7f33002e5000-7f33002f0000 rw-p 00000000 00:00 0 
7f33002f0000-7f3300381000 rw-p 00000000 00:00 0 
7f3300381000-7f3300382000 rw-p 00000000 00:00 0 
7f3300382000-7f330038a000 r-xp 00000000 08:01 585304                     /usr/lib/jvm/java-7-openjdk-amd64/jre/lib/amd64/libzip.so
7f330038a000-7f3300589000 ---p 00008000 08:01 585304                     /usr/lib/jvm/java-7-openjdk-amd64/jre/lib/amd64/libzip.so
7f3300589000-7f330058a000 r--p 00007000 08:01 585304                     /usr/lib/jvm/java-7-openjdk-amd64/jre/lib/amd64/libzip.so
7f330058a000-7f330058b000 rw-p 00008000 08:01 585304                     /usr/lib/jvm/java-7-openjdk-amd64/jre/lib/amd64/libzip.so
7f330058b000-7f3300596000 r-xp 00000000 08:01 21245                      /lib/x86_64-linux-gnu/libnss_files-2.19.so
7f3300596000-7f3300795000 ---p 0000b000 08:01 21245                      /lib/x86_64-linux-gnu/libnss_files-2.19.so
7f3300795000-7f3300796000 r--p 0000a000 08:01 21245                      /lib/x86_64-linux-gnu/libnss_files-2.19.so
7f3300796000-7f3300797000 rw-p 0000b000 08:01 21245                      /lib/x86_64-linux-gnu/libnss_files-2.19.so
7f3300797000-7f33007a2000 r-xp 00000000 08:01 21242                      /lib/x86_64-linux-gnu/libnss_nis-2.19.so
7f33007a2000-7f33009a1000 ---p 0000b000 08:01 21242                      /lib/x86_64-linux-gnu/libnss_nis-2.19.so
7f33009a1000-7f33009a2000 r--p 0000a000 08:01 21242                      /lib/x86_64-linux-gnu/libnss_nis-2.19.so
7f33009a2000-7f33009a3000 rw-p 0000b000 08:01 21242                      /lib/x86_64-linux-gnu/libnss_nis-2.19.so
7f33009a3000-7f33009ba000 r-xp 00000000 08:01 21230                      /lib/x86_64-linux-gnu/libnsl-2.19.so
7f33009ba000-7f3300bb9000 ---p 00017000 08:01 21230                      /lib/x86_64-linux-gnu/libnsl-2.19.so
7f3300bb9000-7f3300bba000 r--p 00016000 08:01 21230                      /lib/x86_64-linux-gnu/libnsl-2.19.so
7f3300bba000-7f3300bbb000 rw-p 00017000 08:01 21230                      /lib/x86_64-linux-gnu/libnsl-2.19.so
7f3300bbb000-7f3300bbd000 rw-p 00000000 00:00 0 
7f3300bbd000-7f3300bc6000 r-xp 00000000 08:01 21224                      /lib/x86_64-linux-gnu/libnss_compat-2.19.so
7f3300bc6000-7f3300dc5000 ---p 00009000 08:01 21224                      /lib/x86_64-linux-gnu/libnss_compat-2.19.so
7f3300dc5000-7f3300dc6000 r--p 00008000 08:01 21224                      /lib/x86_64-linux-gnu/libnss_compat-2.19.so
7f3300dc6000-7f3300dc7000 rw-p 00009000 08:01 21224                      /lib/x86_64-linux-gnu/libnss_compat-2.19.so
7f3300dc7000-7f3300df2000 r-xp 00000000 08:01 585282                     /usr/lib/jvm/java-7-openjdk-amd64/jre/lib/amd64/libjava.so
7f3300df2000-7f3300ff2000 ---p 0002b000 08:01 585282                     /usr/lib/jvm/java-7-openjdk-amd64/jre/lib/amd64/libjava.so
7f3300ff2000-7f3300ff3000 r--p 0002b000 08:01 585282                     /usr/lib/jvm/java-7-openjdk-amd64/jre/lib/amd64/libjava.so
7f3300ff3000-7f3300ff5000 rw-p 0002c000 08:01 585282                     /usr/lib/jvm/java-7-openjdk-amd64/jre/lib/amd64/libjava.so
7f3300ff5000-7f3301005000 r-xp 00000000 08:01 585281                     /usr/lib/jvm/java-7-openjdk-amd64/jre/lib/amd64/libverify.so
7f3301005000-7f3301204000 ---p 00010000 08:01 585281                     /usr/lib/jvm/java-7-openjdk-amd64/jre/lib/amd64/libverify.so
7f3301204000-7f3301206000 r--p 0000f000 08:01 585281                     /usr/lib/jvm/java-7-openjdk-amd64/jre/lib/amd64/libverify.so
7f3301206000-7f3301207000 rw-p 00011000 08:01 585281                     /usr/lib/jvm/java-7-openjdk-amd64/jre/lib/amd64/libverify.so
7f3301207000-7f330120e000 r-xp 00000000 08:01 21214                      /lib/x86_64-linux-gnu/librt-2.19.so
7f330120e000-7f330140d000 ---p 00007000 08:01 21214                      /lib/x86_64-linux-gnu/librt-2.19.so
7f330140d000-7f330140e000 r--p 00006000 08:01 21214                      /lib/x86_64-linux-gnu/librt-2.19.so
7f330140e000-7f330140f000 rw-p 00007000 08:01 21214                      /lib/x86_64-linux-gnu/librt-2.19.so
7f330140f000-7f3301425000 r-xp 00000000 08:01 4867                       /lib/x86_64-linux-gnu/libgcc_s.so.1
7f3301425000-7f3301624000 ---p 00016000 08:01 4867                       /lib/x86_64-linux-gnu/libgcc_s.so.1
7f3301624000-7f3301625000 rw-p 00015000 08:01 4867                       /lib/x86_64-linux-gnu/libgcc_s.so.1
7f3301625000-7f330172a000 r-xp 00000000 08:01 21228                      /lib/x86_64-linux-gnu/libm-2.19.so
7f330172a000-7f3301929000 ---p 00105000 08:01 21228                      /lib/x86_64-linux-gnu/libm-2.19.so
7f3301929000-7f330192a000 r--p 00104000 08:01 21228                      /lib/x86_64-linux-gnu/libm-2.19.so
7f330192a000-7f330192b000 rw-p 00105000 08:01 21228                      /lib/x86_64-linux-gnu/libm-2.19.so
7f330192b000-7f3301a11000 r-xp 00000000 08:01 537514                     /usr/lib/x86_64-linux-gnu/libstdc++.so.6.0.19
7f3301a11000-7f3301c10000 ---p 000e6000 08:01 537514                     /usr/lib/x86_64-linux-gnu/libstdc++.so.6.0.19
7f3301c10000-7f3301c18000 r--p 000e5000 08:01 537514                     /usr/lib/x86_64-linux-gnu/libstdc++.so.6.0.19
7f3301c18000-7f3301c1a000 rw-p 000ed000 08:01 537514                     /usr/lib/x86_64-linux-gnu/libstdc++.so.6.0.19
7f3301c1a000-7f3301c2f000 rw-p 00000000 00:00 0 
7f3301c2f000-7f3302747000 r-xp 00000000 08:01 585291                     /usr/lib/jvm/java-7-openjdk-amd64/jre/lib/amd64/server/libjvm.so
7f3302747000-7f3302947000 ---p 00b18000 08:01 585291                     /usr/lib/jvm/java-7-openjdk-amd64/jre/lib/amd64/server/libjvm.so
7f3302947000-7f33029e1000 r--p 00b18000 08:01 585291                     /usr/lib/jvm/java-7-openjdk-amd64/jre/lib/amd64/server/libjvm.so
7f33029e1000-7f3302a04000 rw-p 00bb2000 08:01 585291                     /usr/lib/jvm/java-7-openjdk-amd64/jre/lib/amd64/server/libjvm.so
7f3302a04000-7f3302a32000 rw-p 00000000 00:00 0 
7f3302a32000-7f3302a4a000 r-xp 00000000 08:01 5053                       /lib/x86_64-linux-gnu/libz.so.1.2.8
7f3302a4a000-7f3302c49000 ---p 00018000 08:01 5053                       /lib/x86_64-linux-gnu/libz.so.1.2.8
7f3302c49000-7f3302c4a000 r--p 00017000 08:01 5053                       /lib/x86_64-linux-gnu/libz.so.1.2.8
7f3302c4a000-7f3302c4b000 rw-p 00018000 08:01 5053                       /lib/x86_64-linux-gnu/libz.so.1.2.8
7f3302c4b000-7f3302c64000 r-xp 00000000 08:01 21244                      /lib/x86_64-linux-gnu/libpthread-2.19.so
7f3302c64000-7f3302e63000 ---p 00019000 08:01 21244                      /lib/x86_64-linux-gnu/libpthread-2.19.so
7f3302e63000-7f3302e64000 r--p 00018000 08:01 21244                      /lib/x86_64-linux-gnu/libpthread-2.19.so
7f3302e64000-7f3302e65000 rw-p 00019000 08:01 21244                      /lib/x86_64-linux-gnu/libpthread-2.19.so
7f3302e65000-7f3302e69000 rw-p 00000000 00:00 0 
7f3302e69000-7f3302e6c000 r-xp 00000000 08:01 21220                      /lib/x86_64-linux-gnu/libdl-2.19.so
7f3302e6c000-7f330306b000 ---p 00003000 08:01 21220                      /lib/x86_64-linux-gnu/libdl-2.19.so
7f330306b000-7f330306c000 r--p 00002000 08:01 21220                      /lib/x86_64-linux-gnu/libdl-2.19.so
7f330306c000-7f330306d000 rw-p 00003000 08:01 21220                      /lib/x86_64-linux-gnu/libdl-2.19.so
7f330306d000-7f3303228000 r-xp 00000000 08:01 21212                      /lib/x86_64-linux-gnu/libc-2.19.so
7f3303228000-7f3303428000 ---p 001bb000 08:01 21212                      /lib/x86_64-linux-gnu/libc-2.19.so
7f3303428000-7f330342c000 r--p 001bb000 08:01 21212                      /lib/x86_64-linux-gnu/libc-2.19.so
7f330342c000-7f330342e000 rw-p 001bf000 08:01 21212                      /lib/x86_64-linux-gnu/libc-2.19.so
7f330342e000-7f3303433000 rw-p 00000000 00:00 0 
7f3303433000-7f3303440000 r-xp 00000000 08:01 537319                     /usr/lib/jvm/java-7-openjdk-amd64/jre/lib/amd64/jli/libjli.so
7f3303440000-7f330363f000 ---p 0000d000 08:01 537319                     /usr/lib/jvm/java-7-openjdk-amd64/jre/lib/amd64/jli/libjli.so
7f330363f000-7f3303640000 r--p 0000c000 08:01 537319                     /usr/lib/jvm/java-7-openjdk-amd64/jre/lib/amd64/jli/libjli.so
7f3303640000-7f3303641000 rw-p 0000d000 08:01 537319                     /usr/lib/jvm/java-7-openjdk-amd64/jre/lib/amd64/jli/libjli.so
7f3303641000-7f3303664000 r-xp 00000000 08:01 21208                      /lib/x86_64-linux-gnu/ld-2.19.so
7f3303664000-7f3303665000 r--s 000cd000 08:01 468819                     /home/sirolf2009/.gradle/caches/modules-2/files-2.1/com.badlogicgames.gdx/gdx-platform/1.3.1/88596abf3fdd2ea4662e67d59c3c05b07b0d859b/gdx-platform-1.3.1-natives-desktop.jar
7f3303665000-7f3303668000 r--s 0001f000 08:01 468818                     /home/sirolf2009/.gradle/caches/modules-2/files-2.1/com.badlogicgames.gdx/gdx-backend-lwjgl/1.3.1/8df8aa24811d137e88658508fba4c7bb6f27c8c9/gdx-backend-lwjgl-1.3.1.jar
7f3303668000-7f330366b000 r--s 00086000 08:01 536314                     /usr/lib/jvm/java-7-openjdk-amd64/jre/lib/ext/localedata.jar
7f330366b000-7f330366d000 r--s 00012000 08:01 536128                     /usr/lib/jvm/java-7-openjdk-amd64/jre/lib/ext/zipfs.jar
7f330366d000-7f3303671000 r--s 00034000 08:01 536123                     /usr/lib/jvm/java-7-openjdk-amd64/jre/lib/ext/sunjce_provider.jar
7f3303671000-7f3303674000 r--s 0000f000 08:01 536121                     /usr/lib/jvm/java-7-openjdk-amd64/jre/lib/ext/icedtea-sound.jar
7f3303674000-7f3303678000 r--s 0003c000 08:01 536122                     /usr/lib/jvm/java-7-openjdk-amd64/jre/lib/ext/sunpkcs11.jar
7f3303678000-7f330367a000 r--s 00006000 08:01 303697                     /usr/share/java/java-atk-wrapper.jar
7f330367a000-7f330367b000 r--s 00002000 08:01 536253                     /usr/lib/jvm/java-7-openjdk-amd64/jre/lib/ext/dnsns.jar
7f330367b000-7f3303685000 rw-p 00000000 00:00 0 
7f3303685000-7f330373b000 rw-p 00000000 00:00 0 
7f330373b000-7f330373e000 ---p 00000000 00:00 0 
7f330373e000-7f3303857000 rw-p 00000000 00:00 0                          [stack:16812]
7f3303857000-7f330385f000 rw-s 00000000 08:01 394988                     /tmp/hsperfdata_sirolf2009/16807 (deleted)
7f330385f000-7f3303860000 rw-p 00000000 00:00 0 
7f3303860000-7f3303861000 ---p 00000000 00:00 0 
7f3303861000-7f3303863000 rw-p 00000000 00:00 0 
7f3303863000-7f3303864000 r--p 00022000 08:01 21208                      /lib/x86_64-linux-gnu/ld-2.19.so
7f3303864000-7f3303865000 rw-p 00023000 08:01 21208                      /lib/x86_64-linux-gnu/ld-2.19.so
7f3303865000-7f3303866000 rw-p 00000000 00:00 0 
7fff98347000-7fff98369000 rw-p 00000000 00:00 0                          [stack]
7fff983fe000-7fff98400000 r-xp 00000000 00:00 0                          [vdso]
ffffffffff600000-ffffffffff601000 r-xp 00000000 00:00 0                  [vsyscall]

VM Arguments:
jvm_args: -Dfile.encoding=UTF-8 
java_command: com.sirolf2009.wartriumph.desktop.DesktopLauncher
Launcher Type: SUN_STANDARD

Environment Variables:
PATH=/home/sirolf2009/bin:/usr/local/sbin:/usr/local/bin:/usr/sbin:/usr/bin:/sbin:/bin:/usr/games:/usr/local/games
USERNAME=sirolf2009
SHELL=/bin/bash
DISPLAY=:0

Signal Handlers:
SIGSEGV: [libjvm.so+0x94b4b0], sa_mask[0]=0x7ffbfeff, sa_flags=0x10000004
SIGBUS: [libjvm.so+0x94b4b0], sa_mask[0]=0x7ffbfeff, sa_flags=0x10000004
SIGFPE: [libjvm.so+0x7c3390], sa_mask[0]=0x7ffbfeff, sa_flags=0x10000004
SIGPIPE: [libjvm.so+0x7c3390], sa_mask[0]=0x7ffbfeff, sa_flags=0x10000004
SIGXFSZ: [libjvm.so+0x7c3390], sa_mask[0]=0x7ffbfeff, sa_flags=0x10000004
SIGILL: [libjvm.so+0x7c3390], sa_mask[0]=0x7ffbfeff, sa_flags=0x10000004
SIGUSR1: SIG_DFL, sa_mask[0]=0x00000000, sa_flags=0x00000000
SIGUSR2: [libjvm.so+0x7c3230], sa_mask[0]=0x00000004, sa_flags=0x10000004
SIGHUP: [libjvm.so+0x7c3410], sa_mask[0]=0x7ffbfeff, sa_flags=0x10000004
SIGINT: [libjvm.so+0x7c3410], sa_mask[0]=0x7ffbfeff, sa_flags=0x10000004
SIGTERM: [libjvm.so+0x7c3410], sa_mask[0]=0x7ffbfeff, sa_flags=0x10000004
SIGQUIT: [libjvm.so+0x7c3410], sa_mask[0]=0x7ffbfeff, sa_flags=0x10000004
SIGTRAP: SIG_DFL, sa_mask[0]=0x00000000, sa_flags=0x00000000


---------------  S Y S T E M  ---------------

OS:Ubuntu 14.04 (trusty)
uname:Linux 3.13.0-44-generic #73-Ubuntu SMP Tue Dec 16 00:22:43 UTC 2014 x86_64
libc:glibc 2.19 NPTL 2.19 
rlimit: STACK 8192k, CORE 0k, NPROC 29640, NOFILE 4096, AS infinity
load average:2,27 2,87 2,13

/proc/meminfo:
MemTotal:        3815684 kB
MemFree:          284064 kB
Buffers:            5340 kB
Cached:           195860 kB
SwapCached:        58760 kB
Active:          2016244 kB
Inactive:        1154140 kB
Active(anon):    1931216 kB
Inactive(anon):  1070168 kB
Active(file):      85028 kB
Inactive(file):    83972 kB
Unevictable:         944 kB
Mlocked:             944 kB
SwapTotal:       3294204 kB
SwapFree:        2544576 kB
Dirty:               416 kB
Writeback:             0 kB
AnonPages:       2921996 kB
Mapped:           236608 kB
Shmem:             31696 kB
Slab:             105188 kB
SReclaimable:      55264 kB
SUnreclaim:        49924 kB
KernelStack:        7496 kB
PageTables:        52656 kB
NFS_Unstable:          0 kB
Bounce:                0 kB
WritebackTmp:          0 kB
CommitLimit:     5202044 kB
Committed_AS:    8767984 kB
VmallocTotal:   34359738367 kB
VmallocUsed:      310992 kB
VmallocChunk:   34359423100 kB
HardwareCorrupted:     0 kB
AnonHugePages:   1202176 kB
HugePages_Total:       0
HugePages_Free:        0
HugePages_Rsvd:        0
HugePages_Surp:        0
Hugepagesize:       2048 kB
DirectMap4k:      349696 kB
DirectMap2M:     3610624 kB
DirectMap1G:           0 kB


CPU:total 8 (4 cores per cpu, 2 threads per core) family 6 model 60 stepping 3, cmov, cx8, fxsr, mmx, sse, sse2, sse3, ssse3, sse4.1, sse4.2, popcnt, avx, avx2, aes, erms, ht, tsc, tscinvbit

/proc/cpuinfo:
processor	: 0
vendor_id	: GenuineIntel
cpu family	: 6
model		: 60
model name	: Intel(R) Core(TM) i7-4700MQ CPU @ 2.40GHz
stepping	: 3
microcode	: 0x16
cpu MHz		: 800.000
cache size	: 6144 KB
physical id	: 0
siblings	: 8
core id		: 0
cpu cores	: 4
apicid		: 0
initial apicid	: 0
fpu		: yes
fpu_exception	: yes
cpuid level	: 13
wp		: yes
flags		: fpu vme de pse tsc msr pae mce cx8 apic sep mtrr pge mca cmov pat pse36 clflush dts acpi mmx fxsr sse sse2 ss ht tm pbe syscall nx pdpe1gb rdtscp lm constant_tsc arch_perfmon pebs bts rep_good nopl xtopology nonstop_tsc aperfmperf eagerfpu pni pclmulqdq dtes64 monitor ds_cpl vmx est tm2 ssse3 fma cx16 xtpr pdcm pcid sse4_1 sse4_2 movbe popcnt tsc_deadline_timer aes xsave avx f16c rdrand lahf_lm abm ida arat epb xsaveopt pln pts dtherm tpr_shadow vnmi flexpriority ept vpid fsgsbase tsc_adjust bmi1 avx2 smep bmi2 erms invpcid
bogomips	: 4788.72
clflush size	: 64
cache_alignment	: 64
address sizes	: 39 bits physical, 48 bits virtual
power management:

processor	: 1
vendor_id	: GenuineIntel
cpu family	: 6
model		: 60
model name	: Intel(R) Core(TM) i7-4700MQ CPU @ 2.40GHz
stepping	: 3
microcode	: 0x16
cpu MHz		: 800.000
cache size	: 6144 KB
physical id	: 0
siblings	: 8
core id		: 0
cpu cores	: 4
apicid		: 1
initial apicid	: 1
fpu		: yes
fpu_exception	: yes
cpuid level	: 13
wp		: yes
flags		: fpu vme de pse tsc msr pae mce cx8 apic sep mtrr pge mca cmov pat pse36 clflush dts acpi mmx fxsr sse sse2 ss ht tm pbe syscall nx pdpe1gb rdtscp lm constant_tsc arch_perfmon pebs bts rep_good nopl xtopology nonstop_tsc aperfmperf eagerfpu pni pclmulqdq dtes64 monitor ds_cpl vmx est tm2 ssse3 fma cx16 xtpr pdcm pcid sse4_1 sse4_2 movbe popcnt tsc_deadline_timer aes xsave avx f16c rdrand lahf_lm abm ida arat epb xsaveopt pln pts dtherm tpr_shadow vnmi flexpriority ept vpid fsgsbase tsc_adjust bmi1 avx2 smep bmi2 erms invpcid
bogomips	: 4788.72
clflush size	: 64
cache_alignment	: 64
address sizes	: 39 bits physical, 48 bits virtual
power management:

processor	: 2
vendor_id	: GenuineIntel
cpu family	: 6
model		: 60
model name	: Intel(R) Core(TM) i7-4700MQ CPU @ 2.40GHz
stepping	: 3
microcode	: 0x16
cpu MHz		: 2401.000
cache size	: 6144 KB
physical id	: 0
siblings	: 8
core id		: 1
cpu cores	: 4
apicid		: 2
initial apicid	: 2
fpu		: yes
fpu_exception	: yes
cpuid level	: 13
wp		: yes
flags		: fpu vme de pse tsc msr pae mce cx8 apic sep mtrr pge mca cmov pat pse36 clflush dts acpi mmx fxsr sse sse2 ss ht tm pbe syscall nx pdpe1gb rdtscp lm constant_tsc arch_perfmon pebs bts rep_good nopl xtopology nonstop_tsc aperfmperf eagerfpu pni pclmulqdq dtes64 monitor ds_cpl vmx est tm2 ssse3 fma cx16 xtpr pdcm pcid sse4_1 sse4_2 movbe popcnt tsc_deadline_timer aes xsave avx f16c rdrand lahf_lm abm ida arat epb xsaveopt pln pts dtherm tpr_shadow vnmi flexpriority ept vpid fsgsbase tsc_adjust bmi1 avx2 smep bmi2 erms invpcid
bogomips	: 4788.72
clflush size	: 64
cache_alignment	: 64
address sizes	: 39 bits physical, 48 bits virtual
power management:

processor	: 3
vendor_id	: GenuineIntel
cpu family	: 6
model		: 60
model name	: Intel(R) Core(TM) i7-4700MQ CPU @ 2.40GHz
stepping	: 3
microcode	: 0x16
cpu MHz		: 800.000
cache size	: 6144 KB
physical id	: 0
siblings	: 8
core id		: 1
cpu cores	: 4
apicid		: 3
initial apicid	: 3
fpu		: yes
fpu_exception	: yes
cpuid level	: 13
wp		: yes
flags		: fpu vme de pse tsc msr pae mce cx8 apic sep mtrr pge mca cmov pat pse36 clflush dts acpi mmx fxsr sse sse2 ss ht tm pbe syscall nx pdpe1gb rdtscp lm constant_tsc arch_perfmon pebs bts rep_good nopl xtopology nonstop_tsc aperfmperf eagerfpu pni pclmulqdq dtes64 monitor ds_cpl vmx est tm2 ssse3 fma cx16 xtpr pdcm pcid sse4_1 sse4_2 movbe popcnt tsc_deadline_timer aes xsave avx f16c rdrand lahf_lm abm ida arat epb xsaveopt pln pts dtherm tpr_shadow vnmi flexpriority ept vpid fsgsbase tsc_adjust bmi1 avx2 smep bmi2 erms invpcid
bogomips	: 4788.72
clflush size	: 64
cache_alignment	: 64
address sizes	: 39 bits physical, 48 bits virtual
power management:

processor	: 4
vendor_id	: GenuineIntel
cpu family	: 6
model		: 60
model name	: Intel(R) Core(TM) i7-4700MQ CPU @ 2.40GHz
stepping	: 3
microcode	: 0x16
cpu MHz		: 2401.000
cache size	: 6144 KB
physical id	: 0
siblings	: 8
core id		: 2
cpu cores	: 4
apicid		: 4
initial apicid	: 4
fpu		: yes
fpu_exception	: yes
cpuid level	: 13
wp		: yes
flags		: fpu vme de pse tsc msr pae mce cx8 apic sep mtrr pge mca cmov pat pse36 clflush dts acpi mmx fxsr sse sse2 ss ht tm pbe syscall nx pdpe1gb rdtscp lm constant_tsc arch_perfmon pebs bts rep_good nopl xtopology nonstop_tsc aperfmperf eagerfpu pni pclmulqdq dtes64 monitor ds_cpl vmx est tm2 ssse3 fma cx16 xtpr pdcm pcid sse4_1 sse4_2 movbe popcnt tsc_deadline_timer aes xsave avx f16c rdrand lahf_lm abm ida arat epb xsaveopt pln pts dtherm tpr_shadow vnmi flexpriority ept vpid fsgsbase tsc_adjust bmi1 avx2 smep bmi2 erms invpcid
bogomips	: 4788.72
clflush size	: 64
cache_alignment	: 64
address sizes	: 39 bits physical, 48 bits virtual
power management:

processor	: 5
vendor_id	: GenuineIntel
cpu family	: 6
model		: 60
model name	: Intel(R) Core(TM) i7-4700MQ CPU @ 2.40GHz
stepping	: 3
microcode	: 0x16
cpu MHz		: 800.000
cache size	: 6144 KB
physical id	: 0
siblings	: 8
core id		: 2
cpu cores	: 4
apicid		: 5
initial apicid	: 5
fpu		: yes
fpu_exception	: yes
cpuid level	: 13
wp		: yes
flags		: fpu vme de pse tsc msr pae mce cx8 apic sep mtrr pge mca cmov pat pse36 clflush dts acpi mmx fxsr sse sse2 ss ht tm pbe syscall nx pdpe1gb rdtscp lm constant_tsc arch_perfmon pebs bts rep_good nopl xtopology nonstop_tsc aperfmperf eagerfpu pni pclmulqdq dtes64 monitor ds_cpl vmx est tm2 ssse3 fma cx16 xtpr pdcm pcid sse4_1 sse4_2 movbe popcnt tsc_deadline_timer aes xsave avx f16c rdrand lahf_lm abm ida arat epb xsaveopt pln pts dtherm tpr_shadow vnmi flexpriority ept vpid fsgsbase tsc_adjust bmi1 avx2 smep bmi2 erms invpcid
bogomips	: 4788.72
clflush size	: 64
cache_alignment	: 64
address sizes	: 39 bits physical, 48 bits virtual
power management:

processor	: 6
vendor_id	: GenuineIntel
cpu family	: 6
model		: 60
model name	: Intel(R) Core(TM) i7-4700MQ CPU @ 2.40GHz
stepping	: 3
microcode	: 0x16
cpu MHz		: 2401.000
cache size	: 6144 KB
physical id	: 0
siblings	: 8
core id		: 3
cpu cores	: 4
apicid		: 6
initial apicid	: 6
fpu		: yes
fpu_exception	: yes
cpuid level	: 13
wp		: yes
flags		: fpu vme de pse tsc msr pae mce cx8 apic sep mtrr pge mca cmov pat pse36 clflush dts acpi mmx fxsr sse sse2 ss ht tm pbe syscall nx pdpe1gb rdtscp lm constant_tsc arch_perfmon pebs bts rep_good nopl xtopology nonstop_tsc aperfmperf eagerfpu pni pclmulqdq dtes64 monitor ds_cpl vmx est tm2 ssse3 fma cx16 xtpr pdcm pcid sse4_1 sse4_2 movbe popcnt tsc_deadline_timer aes xsave avx f16c rdrand lahf_lm abm ida arat epb xsaveopt pln pts dtherm tpr_shadow vnmi flexpriority ept vpid fsgsbase tsc_adjust bmi1 avx2 smep bmi2 erms invpcid
bogomips	: 4788.72
clflush size	: 64
cache_alignment	: 64
address sizes	: 39 bits physical, 48 bits virtual
power management:

processor	: 7
vendor_id	: GenuineIntel
cpu family	: 6
model		: 60
model name	: Intel(R) Core(TM) i7-4700MQ CPU @ 2.40GHz
stepping	: 3
microcode	: 0x16
cpu MHz		: 800.000
cache size	: 6144 KB
physical id	: 0
siblings	: 8
core id		: 3
cpu cores	: 4
apicid		: 7
initial apicid	: 7
fpu		: yes
fpu_exception	: yes
cpuid level	: 13
wp		: yes
flags		: fpu vme de pse tsc msr pae mce cx8 apic sep mtrr pge mca cmov pat pse36 clflush dts acpi mmx fxsr sse sse2 ss ht tm pbe syscall nx pdpe1gb rdtscp lm constant_tsc arch_perfmon pebs bts rep_good nopl xtopology nonstop_tsc aperfmperf eagerfpu pni pclmulqdq dtes64 monitor ds_cpl vmx est tm2 ssse3 fma cx16 xtpr pdcm pcid sse4_1 sse4_2 movbe popcnt tsc_deadline_timer aes xsave avx f16c rdrand lahf_lm abm ida arat epb xsaveopt pln pts dtherm tpr_shadow vnmi flexpriority ept vpid fsgsbase tsc_adjust bmi1 avx2 smep bmi2 erms invpcid
bogomips	: 4788.72
clflush size	: 64
cache_alignment	: 64
address sizes	: 39 bits physical, 48 bits virtual
power management:



Memory: 4k page, physical 3815684k(284064k free), swap 3294204k(2544576k free)

vm_info: OpenJDK 64-Bit Server VM (24.75-b04) for linux-amd64 JRE (1.7.0_75-b13), built on Jan 27 2015 00:38:59 by "buildd" with gcc 4.8.2

time: Thu Jan 29 15:35:09 2015
elapsed time: 140 seconds

