#
# A fatal error has been detected by the Java Runtime Environment:
#
#  SIGSEGV (0xb) at pc=0x0000000000000000, pid=15651, tid=139846955542272
#
# JRE version: OpenJDK Runtime Environment (7.0_75-b13) (build 1.7.0_75-b13)
# Java VM: OpenJDK 64-Bit Server VM (24.75-b04 mixed mode linux-amd64 compressed oops)
# Derivative: IcedTea 2.5.4
# Distribution: Ubuntu 14.04 LTS, package 7u75-2.5.4-1~trusty1
# Problematic frame:
# C  0x0000000000000000
#
# Failed to write core dump. Core dumps have been disabled. To enable core dumping, try "ulimit -c unlimited" before starting Java again
#
# If you would like to submit a bug report, please include
# instructions on how to reproduce the bug and visit:
#   http://icedtea.classpath.org/bugzilla
#

---------------  T H R E A D  ---------------

Current thread is native thread

siginfo:si_signo=SIGSEGV: si_errno=0, si_code=1 (SEGV_MAPERR), si_addr=0x0000000000000000

Registers:
RAX=0x00007f30a9c7b7c0, RBX=0x0000000000000400, RCX=0x00007f30f830c140, RDX=0x00007f30f830c140
RSP=0x00007f30a81b9d18, RBP=0x00007f30f82f6fb0, RSI=0x0000000000000000, RDI=0x00007f30f82f6fb0
R8 =0x0000000000ebc000, R9 =0x0000000000000001, R10=0x00007f30f82f6fd4, R11=0x0000000000000000
R12=0x00007f30f82fb140, R13=0x0000000000012000, R14=0x0000000000001000, R15=0x00007f30a81b9ec8
RIP=0x0000000000000000, EFLAGS=0x0000000000010246, CSGSFS=0x0000000000000033, ERR=0x0000000000000014
  TRAPNO=0x000000000000000e

Top of Stack: (sp=0x00007f30a81b9d18)
0x00007f30a81b9d18:   00007f30a9a444d1 00000000ffffffff
0x00007f30a81b9d28:   00007f3090005b60 00007f30bb800000
0x00007f30a81b9d38:   00007f30fffb0429 0000000000000000
0x00007f30a81b9d48:   00007f30a938bfd2 00007f30f82ef8c0
0x00007f30a81b9d58:   0000000000000000 0000000000000000
0x00007f30a81b9d68:   0000000000000000 00007f30f82f5d20
0x00007f30a81b9d78:   00007f30f82f2a70 0000000000002000
0x00007f30a81b9d88:   00007f30a9393cda 00007f30f82efcb0
0x00007f30a81b9d98:   00007f3088000ba0 0000000000000000
0x00007f30a81b9da8:   5700000000000001 0000000000002000
0x00007f30a81b9db8:   00007f30a93957eb 0000000000000000
0x00007f30a81b9dc8:   0000000000000000 0000000000000000
0x00007f30a81b9dd8:   0000000000000000 0000000000000000
0x00007f30a81b9de8:   0000000000002000 00007f30f82f2a70
0x00007f30a81b9df8:   00007f30a81b9ec8 00007f30a81b9ec0
0x00007f30a81b9e08:   00007f30f82fb140 00007f30a93aec80
0x00007f30a81b9e18:   00007f30a97ffbd2 00007f309802f040
0x00007f30a81b9e28:   00007f309806f040 00000400a81b9e70
0x00007f30a81b9e38:   00007f30a81b9e50 0000000000000000
0x00007f30a81b9e48:   00007f30a9804ea2 00001fa00000037f
0x00007f30a81b9e58:   00007f30a93799ff 00007f30f82f5d20
0x00007f30a81b9e68:   0000000000002000 00007f30f82ef840
0x00007f30a81b9e78:   0000000000000000 00007f30f82f6fb0
0x00007f30a81b9e88:   0000000000000008 00007f30a81b9ec8
0x00007f30a81b9e98:   00007f30a9a5a544 0000000000000000
0x00007f30a81b9ea8:   00007f30a81b9ec0 0000000000002000
0x00007f30a81b9eb8:   0000000000007600 00007f309806f040
0x00007f30a81b9ec8:   0000000000002000 0000000000000000
0x00007f30a81b9ed8:   00007f30f82f1cd0 0000000000000000
0x00007f30a81b9ee8:   0000000000000000 0000000000000000
0x00007f30a81b9ef8:   00007f30a81ba9c0 00007f30a81ba700
0x00007f30a81b9f08:   00007f30a9a4d73a 00007f30a81ba700 

Instructions: (pc=0x0000000000000000)
0xffffffffffffffe0:   

Register to memory mapping:

RAX=0x00007f30a9c7b7c0: <offset 0x2577c0> in /tmp/libgdxsirolf2009/7b43be9b/libopenal64.so at 0x00007f30a9a24000
RBX=0x0000000000000400 is an unknown value
RCX=0x00007f30f830c140 is an unknown value
RDX=0x00007f30f830c140 is an unknown value
RSP=0x00007f30a81b9d18 is an unknown value
RBP=0x00007f30f82f6fb0 is an unknown value
RSI=0x0000000000000000 is an unknown value
RDI=0x00007f30f82f6fb0 is an unknown value
R8 =0x0000000000ebc000 is an unknown value
R9 =0x0000000000000001 is an unknown value
R10=0x00007f30f82f6fd4 is an unknown value
R11=0x0000000000000000 is an unknown value
R12=0x00007f30f82fb140 is an unknown value
R13=0x0000000000012000 is an unknown value
R14=0x0000000000001000 is an unknown value
R15=0x00007f30a81b9ec8 is an unknown value


Stack: [0x00007f30a80ba000,0x00007f30a81bb000],  sp=0x00007f30a81b9d18,  free space=1023k

---------------  P R O C E S S  ---------------

VM state:at safepoint (shutting down)

VM Mutex/Monitor currently owned by a thread:  ([mutex/lock_event])
[0x00007f30f8007d60] Threads_lock - owner thread: 0x00007f30f807f800

Heap
 PSYoungGen      total 17920K, used 3644K [0x00000000ec900000, 0x00000000edc80000, 0x0000000100000000)
  eden space 15872K, 10% used [0x00000000ec900000,0x00000000eca958d0,0x00000000ed880000)
  from space 2048K, 98% used [0x00000000eda80000,0x00000000edc79ad0,0x00000000edc80000)
  to   space 2048K, 0% used [0x00000000ed880000,0x00000000ed880000,0x00000000eda80000)
 ParOldGen       total 39424K, used 2431K [0x00000000c5c00000, 0x00000000c8280000, 0x00000000ec900000)
  object space 39424K, 6% used [0x00000000c5c00000,0x00000000c5e5ff30,0x00000000c8280000)
 PSPermGen       total 21504K, used 10374K [0x00000000bb600000, 0x00000000bcb00000, 0x00000000c5c00000)
  object space 21504K, 48% used [0x00000000bb600000,0x00000000bc0219c0,0x00000000bcb00000)

Card table byte_map: [0x00007f30fcfb3000,0x00007f30fd1d9000] byte_map_base: 0x00007f30fc9d8000

Polling page: 0x00007f31006b7000

Code Cache  [0x00007f30f5000000, 0x00007f30f5270000, 0x00007f30f8000000)
 total_blobs=971 nmethods=450 adapters=474 free_code_cache=47722Kb largest_free_block=48825408

Compilation events (10 events):
Event: 191,233 Thread 0x00007f30f80b7800 nmethod 450 0x00007f30f5166c10 code [0x00007f30f5166dc0, 0x00007f30f51674b8]
Event: 191,233 Thread 0x00007f30f80b7800  451             java.lang.AbstractStringBuilder::append (14 bytes)
Event: 191,240 Thread 0x00007f30f80b7800 nmethod 451 0x00007f30f5163dd0 code [0x00007f30f5163fa0, 0x00007f30f51646d8]
Event: 191,240 Thread 0x00007f30f80b7800  452             java.lang.StringBuilder::append (10 bytes)
Event: 191,243 Thread 0x00007f30f80b7800 nmethod 452 0x00007f30f5163610 code [0x00007f30f5163760, 0x00007f30f5163af8]
Event: 191,254 Thread 0x00007f30f80b4800 nmethod 449 0x00007f30f516cad0 code [0x00007f30f516cd60, 0x00007f30f516e4b0]
Event: 197,355 Thread 0x00007f30f80b7800  453             java.lang.ThreadLocal$ThreadLocalMap::access$000 (6 bytes)
Event: 197,355 Thread 0x00007f30f80b4800  454             java.lang.ThreadLocal$ThreadLocalMap::getEntry (42 bytes)
Event: 197,356 Thread 0x00007f30f80b7800 nmethod 453 0x00007f30f5161cd0 code [0x00007f30f5161e20, 0x00007f30f5161f38]
Event: 197,356 Thread 0x00007f30f80b4800 nmethod 454 0x00007f30f5163250 code [0x00007f30f51633a0, 0x00007f30f51634b8]

GC Heap History (4 events):
Event: 22,170 GC heap before
{Heap before GC invocations=1 (full 0):
 PSYoungGen      total 17920K, used 15872K [0x00000000ec900000, 0x00000000edc80000, 0x0000000100000000)
  eden space 15872K, 100% used [0x00000000ec900000,0x00000000ed880000,0x00000000ed880000)
  from space 2048K, 0% used [0x00000000eda80000,0x00000000eda80000,0x00000000edc80000)
  to   space 2048K, 0% used [0x00000000ed880000,0x00000000ed880000,0x00000000eda80000)
 ParOldGen       total 39424K, used 0K [0x00000000c5c00000, 0x00000000c8280000, 0x00000000ec900000)
  object space 39424K, 0% used [0x00000000c5c00000,0x00000000c5c00000,0x00000000c8280000)
 PSPermGen       total 21504K, used 9128K [0x00000000bb600000, 0x00000000bcb00000, 0x00000000c5c00000)
  object space 21504K, 42% used [0x00000000bb600000,0x00000000bbeea1e0,0x00000000bcb00000)
Event: 22,176 GC heap after
Heap after GC invocations=1 (full 0):
 PSYoungGen      total 17920K, used 2047K [0x00000000ec900000, 0x00000000edc80000, 0x0000000100000000)
  eden space 15872K, 0% used [0x00000000ec900000,0x00000000ec900000,0x00000000ed880000)
  from space 2048K, 99% used [0x00000000ed880000,0x00000000eda7fe90,0x00000000eda80000)
  to   space 2048K, 0% used [0x00000000eda80000,0x00000000eda80000,0x00000000edc80000)
 ParOldGen       total 39424K, used 1582K [0x00000000c5c00000, 0x00000000c8280000, 0x00000000ec900000)
  object space 39424K, 4% used [0x00000000c5c00000,0x00000000c5d8baa8,0x00000000c8280000)
 PSPermGen       total 21504K, used 9128K [0x00000000bb600000, 0x00000000bcb00000, 0x00000000c5c00000)
  object space 21504K, 42% used [0x00000000bb600000,0x00000000bbeea1e0,0x00000000bcb00000)
}
Event: 177,280 GC heap before
{Heap before GC invocations=2 (full 0):
 PSYoungGen      total 17920K, used 17919K [0x00000000ec900000, 0x00000000edc80000, 0x0000000100000000)
  eden space 15872K, 100% used [0x00000000ec900000,0x00000000ed880000,0x00000000ed880000)
  from space 2048K, 99% used [0x00000000ed880000,0x00000000eda7fe90,0x00000000eda80000)
  to   space 2048K, 0% used [0x00000000eda80000,0x00000000eda80000,0x00000000edc80000)
 ParOldGen       total 39424K, used 1582K [0x00000000c5c00000, 0x00000000c8280000, 0x00000000ec900000)
  object space 39424K, 4% used [0x00000000c5c00000,0x00000000c5d8baa8,0x00000000c8280000)
 PSPermGen       total 21504K, used 10343K [0x00000000bb600000, 0x00000000bcb00000, 0x00000000c5c00000)
  object space 21504K, 48% used [0x00000000bb600000,0x00000000bc019f50,0x00000000bcb00000)
Event: 177,287 GC heap after
Heap after GC invocations=2 (full 0):
 PSYoungGen      total 17920K, used 2022K [0x00000000ec900000, 0x00000000edc80000, 0x0000000100000000)
  eden space 15872K, 0% used [0x00000000ec900000,0x00000000ec900000,0x00000000ed880000)
  from space 2048K, 98% used [0x00000000eda80000,0x00000000edc79ad0,0x00000000edc80000)
  to   space 2048K, 0% used [0x00000000ed880000,0x00000000ed880000,0x00000000eda80000)
 ParOldGen       total 39424K, used 2431K [0x00000000c5c00000, 0x00000000c8280000, 0x00000000ec900000)
  object space 39424K, 6% used [0x00000000c5c00000,0x00000000c5e5ff30,0x00000000c8280000)
 PSPermGen       total 21504K, used 10343K [0x00000000bb600000, 0x00000000bcb00000, 0x00000000c5c00000)
  object space 21504K, 48% used [0x00000000bb600000,0x00000000bc019f50,0x00000000bcb00000)
}

Deoptimization events (10 events):
Event: 0,124 Thread 0x00007f30f800b800 Uncommon trap: reason=class_check action=maybe_recompile pc=0x00007f30f506934c method=java.util.Properties$LineReader.readLine()I @ 62
Event: 21,137 Thread 0x00007f30f8383000 Uncommon trap: reason=unreached action=reinterpret pc=0x00007f30f50ad0b4 method=java.util.concurrent.locks.AbstractQueuedSynchronizer.release(I)Z @ 14
Event: 21,137 Thread 0x00007f30f8383000 Uncommon trap: reason=unreached action=reinterpret pc=0x00007f30f50b4c20 method=java.util.concurrent.locks.AbstractQueuedSynchronizer.release(I)Z @ 14
Event: 22,299 Thread 0x00007f30f8383000 Uncommon trap: reason=unreached action=reinterpret pc=0x00007f30f50cb9f4 method=com.badlogic.gdx.utils.Array.iterator()Ljava/util/Iterator; @ 4
Event: 22,299 Thread 0x00007f30f8383000 Uncommon trap: reason=unreached action=reinterpret pc=0x00007f30f50cb6f0 method=com.badlogic.gdx.utils.Array$ArrayIterable.iterator()Ljava/util/Iterator; @ 4
Event: 22,300 Thread 0x00007f30f8383000 Uncommon trap: reason=class_check action=maybe_recompile pc=0x00007f30f50aec90 method=com.badlogic.gdx.graphics.g2d.BitmapFontCache.addToCache(Ljava/lang/CharSequence;FFII)F @ 52
Event: 22,300 Thread 0x00007f30f8383000 Uncommon trap: reason=class_check action=maybe_recompile pc=0x00007f30f50aec90 method=com.badlogic.gdx.graphics.g2d.BitmapFontCache.addToCache(Ljava/lang/CharSequence;FFII)F @ 52
Event: 52,900 Thread 0x00007f30f8383000 Uncommon trap: reason=unreached action=reinterpret pc=0x00007f30f50d9f6c method=java.util.HashMap$HashIterator.nextEntry()Ljava/util/HashMap$Entry; @ 86
Event: 197,337 Thread 0x00007f307c005800 Uncommon trap: reason=unreached action=reinterpret pc=0x00007f30f50ee520 method=java.lang.ThreadLocal.get()Ljava/lang/Object; @ 11
Event: 197,378 Thread 0x00007f30f82e1000 Uncommon trap: reason=unreached action=reinterpret pc=0x00007f30f5112364 method=java.util.concurrent.locks.AbstractQueuedSynchronizer.acquireQueued(Ljava/util/concurrent/locks/AbstractQueuedSynchronizer$Node;I)Z @ 17

Internal exceptions (10 events):
Event: 22,301 Thread 0x00007f30f8383000 Threw 0x00000000ece4d648 at /build/buildd/openjdk-7-7u75-2.5.4/build/openjdk/hotspot/src/share/vm/prims/jvm.cpp:1284
Event: 23,045 Thread 0x00007f3084003800 Threw 0x00000000ecbc5000 at /build/buildd/openjdk-7-7u75-2.5.4/build/openjdk/hotspot/src/share/vm/prims/jvm.cpp:1284
Event: 23,046 Thread 0x00007f3084003800 Threw 0x00000000ecbca180 at /build/buildd/openjdk-7-7u75-2.5.4/build/openjdk/hotspot/src/share/vm/prims/jvm.cpp:1284
Event: 23,046 Thread 0x00007f3084003800 Threw 0x00000000ecbcf910 at /build/buildd/openjdk-7-7u75-2.5.4/build/openjdk/hotspot/src/share/vm/prims/jvm.cpp:1284
Event: 23,046 Thread 0x00007f3084003800 Threw 0x00000000ecbd4a78 at /build/buildd/openjdk-7-7u75-2.5.4/build/openjdk/hotspot/src/share/vm/prims/jvm.cpp:1284
Event: 23,047 Thread 0x00007f3084003800 Threw 0x00000000ece6a840 at /build/buildd/openjdk-7-7u75-2.5.4/build/openjdk/hotspot/src/share/vm/prims/jvm.cpp:1284
Event: 23,055 Thread 0x00007f30f8383000 Threw 0x00000000ece54ca0 at /build/buildd/openjdk-7-7u75-2.5.4/build/openjdk/hotspot/src/share/vm/prims/jvm.cpp:1284
Event: 26,265 Thread 0x00007f30f8383000 Threw 0x00000000ece9ffa8 at /build/buildd/openjdk-7-7u75-2.5.4/build/openjdk/hotspot/src/share/vm/prims/jvm.cpp:1284
Event: 197,337 Thread 0x00007f307c005800 Threw 0x00000000eca6e8a8 at /build/buildd/openjdk-7-7u75-2.5.4/build/openjdk/hotspot/src/share/vm/prims/jvm.cpp:1284
Event: 197,337 Thread 0x00007f307c005800 Implicit null exception at 0x00007f30f50ee454 to 0x00007f30f50ee50d

Events (10 events):
Event: 197,393 Thread 0x00007f3070002800 Thread added: 0x00007f3070002800
Event: 197,423 loading class 0x00007f30bc1473c0 done
Event: 197,423 loading class 0x00007f30b80bb350 done
Event: 197,424 Executing VM operation: RevokeBias
Event: 197,424 Executing VM operation: RevokeBias done
Event: 197,935 Executing VM operation: RevokeBias
Event: 197,935 Executing VM operation: RevokeBias done
Event: 197,935 Thread 0x00007f307c005800 Thread exited: 0x00007f307c005800
Event: 197,936 Thread 0x00007f307c004000 Thread exited: 0x00007f307c004000
Event: 197,936 Executing VM operation: Exit


Dynamic libraries:
00400000-00401000 r-xp 00000000 08:01 635037                             /usr/lib/jvm/java-7-openjdk-amd64/jre/bin/java
00600000-00601000 r--p 00000000 08:01 635037                             /usr/lib/jvm/java-7-openjdk-amd64/jre/bin/java
00601000-00602000 rw-p 00001000 08:01 635037                             /usr/lib/jvm/java-7-openjdk-amd64/jre/bin/java
01fda000-01ffb000 rw-p 00000000 00:00 0                                  [heap]
406c9000-40767000 rw-p 00000000 00:00 0 
40d59000-40d5b000 r-xs 00000000 08:01 435177                             /tmp/glN9P4Fo (deleted)
bb600000-bcb00000 rw-p 00000000 00:00 0 
bcb00000-c5c00000 rw-p 00000000 00:00 0 
c5c00000-c8280000 rw-p 00000000 00:00 0 
c8280000-ec900000 rw-p 00000000 00:00 0 
ec900000-edc80000 rw-p 00000000 00:00 0 
edc80000-100000000 rw-p 00000000 00:00 0 
7f3070000000-7f3070021000 rw-p 00000000 00:00 0 
7f3070021000-7f3074000000 ---p 00000000 00:00 0 
7f3078000000-7f3078021000 rw-p 00000000 00:00 0 
7f3078021000-7f307c000000 ---p 00000000 00:00 0 
7f307c000000-7f307c021000 rw-p 00000000 00:00 0 
7f307c021000-7f3080000000 ---p 00000000 00:00 0 
7f3080000000-7f3080021000 rw-p 00000000 00:00 0 
7f3080021000-7f3084000000 ---p 00000000 00:00 0 
7f3084000000-7f3084021000 rw-p 00000000 00:00 0 
7f3084021000-7f3088000000 ---p 00000000 00:00 0 
7f3088000000-7f3088021000 rw-p 00000000 00:00 0 
7f3088021000-7f308c000000 ---p 00000000 00:00 0 
7f308c000000-7f308cdfa000 rw-p 00000000 00:00 0 
7f308cdfa000-7f3090000000 ---p 00000000 00:00 0 
7f3090000000-7f3090021000 rw-p 00000000 00:00 0 
7f3090021000-7f3094000000 ---p 00000000 00:00 0 
7f3096694000-7f3096697000 ---p 00000000 00:00 0 
7f3096697000-7f3096795000 rw-p 00000000 00:00 0 
7f3096795000-7f3096798000 ---p 00000000 00:00 0 
7f3096798000-7f3096896000 rw-p 00000000 00:00 0 
7f3096896000-7f3096a96000 rw-s 4ea4e000 00:05 15888                      /dev/nvidia0
7f3096a96000-7f3096a99000 ---p 00000000 00:00 0 
7f3096a99000-7f3096b97000 rw-p 00000000 00:00 0                          [stack:15769]
7f3096b97000-7f3096b9a000 ---p 00000000 00:00 0 
7f3096b9a000-7f3096c98000 rw-p 00000000 00:00 0                          [stack:15768]
7f3096c98000-7f3096c9b000 ---p 00000000 00:00 0 
7f3096c9b000-7f3096d99000 rw-p 00000000 00:00 0 
7f3096d99000-7f3096db0000 r-xp 00000000 08:01 585273                     /usr/lib/jvm/java-7-openjdk-amd64/jre/lib/amd64/libnet.so
7f3096db0000-7f3096faf000 ---p 00017000 08:01 585273                     /usr/lib/jvm/java-7-openjdk-amd64/jre/lib/amd64/libnet.so
7f3096faf000-7f3096fb0000 r--p 00016000 08:01 585273                     /usr/lib/jvm/java-7-openjdk-amd64/jre/lib/amd64/libnet.so
7f3096fb0000-7f3096fb1000 rw-p 00017000 08:01 585273                     /usr/lib/jvm/java-7-openjdk-amd64/jre/lib/amd64/libnet.so
7f3096fb1000-7f3096ffd000 r-xp 00000000 08:01 441240                     /tmp/libgdxsirolf2009/9de2241f/libgdx-box2d64.so
7f3096ffd000-7f30971fc000 ---p 0004c000 08:01 441240                     /tmp/libgdxsirolf2009/9de2241f/libgdx-box2d64.so
7f30971fc000-7f30971fe000 r--p 0004b000 08:01 441240                     /tmp/libgdxsirolf2009/9de2241f/libgdx-box2d64.so
7f30971fe000-7f30971ff000 rw-p 0004d000 08:01 441240                     /tmp/libgdxsirolf2009/9de2241f/libgdx-box2d64.so
7f30971ff000-7f30975ff000 rw-s 237c2000 00:05 15888                      /dev/nvidia0
7f30975ff000-7f30979ff000 rw-s 19534d000 00:05 15888                     /dev/nvidia0
7f30979ff000-7f3097bff000 rw-s 196e5e000 00:05 15888                     /dev/nvidia0
7f3097bff000-7f3097fff000 rw-s 194f80000 00:05 15888                     /dev/nvidia0
7f3097fff000-7f309c000000 rw-s 00000000 00:14 140191                     /run/shm/pulse-shm-2111390008
7f309c000000-7f309c021000 rw-p 00000000 00:00 0 
7f309c021000-7f30a0000000 ---p 00000000 00:00 0 
7f30a00f5000-7f30a04f5000 rw-s 1937d2000 00:05 15888                     /dev/nvidia0
7f30a04f5000-7f30a08f5000 rw-s 194f57000 00:05 15888                     /dev/nvidia0
7f30a08f5000-7f30a09b9000 rw-s 3a0cc000 00:05 15888                      /dev/nvidia0
7f30a09b9000-7f30a2521000 r-xp 00000000 08:01 1573255                    /usr/lib/nvidia-331-updates/libnvidia-glcore.so.331.113
7f30a2521000-7f30a2720000 ---p 01b68000 08:01 1573255                    /usr/lib/nvidia-331-updates/libnvidia-glcore.so.331.113
7f30a2720000-7f30a31ab000 rwxp 01b67000 08:01 1573255                    /usr/lib/nvidia-331-updates/libnvidia-glcore.so.331.113
7f30a31ab000-7f30a31c8000 rwxp 00000000 00:00 0 
7f30a31c8000-7f30a31cb000 r-xp 00000000 08:01 1573238                    /usr/lib/nvidia-331-updates/tls/libnvidia-tls.so.331.113
7f30a31cb000-7f30a33ca000 ---p 00003000 08:01 1573238                    /usr/lib/nvidia-331-updates/tls/libnvidia-tls.so.331.113
7f30a33ca000-7f30a33cb000 rw-p 00002000 08:01 1573238                    /usr/lib/nvidia-331-updates/tls/libnvidia-tls.so.331.113
7f30a33cb000-7f30a34a8000 r-xp 00000000 08:01 1573237                    /usr/lib/nvidia-331-updates/libGL.so.331.113
7f30a34a8000-7f30a36a7000 ---p 000dd000 08:01 1573237                    /usr/lib/nvidia-331-updates/libGL.so.331.113
7f30a36a7000-7f30a36e7000 rwxp 000dc000 08:01 1573237                    /usr/lib/nvidia-331-updates/libGL.so.331.113
7f30a36e7000-7f30a36fe000 rwxp 00000000 00:00 0 
7f30a36fe000-7f30a3701000 ---p 00000000 00:00 0 
7f30a3701000-7f30a37ff000 rw-p 00000000 00:00 0                          [stack:15680]
7f30a37ff000-7f30a3800000 ---p 00000000 00:00 0 
7f30a3800000-7f30a4000000 rw-p 00000000 00:00 0                          [stack:15678]
7f30a4000000-7f30a4021000 rw-p 00000000 00:00 0 
7f30a4021000-7f30a8000000 ---p 00000000 00:00 0 
7f30a8071000-7f30a8073000 rw-p 00000000 00:00 0 
7f30a8073000-7f30a807a000 rw-s 1950a3000 00:05 15888                     /dev/nvidia0
7f30a807a000-7f30a80ba000 rw-s 35b40000 00:05 15888                      /dev/nvidia0
7f30a80ba000-7f30a80bb000 ---p 00000000 00:00 0 
7f30a80bb000-7f30a81bb000 rw-p 00000000 00:00 0                          [stack:15679]
7f30a81bb000-7f30a81c2000 r-xp 00000000 08:01 537327                     /usr/lib/x86_64-linux-gnu/libogg.so.0.8.1
7f30a81c2000-7f30a83c2000 ---p 00007000 08:01 537327                     /usr/lib/x86_64-linux-gnu/libogg.so.0.8.1
7f30a83c2000-7f30a83c3000 r--p 00007000 08:01 537327                     /usr/lib/x86_64-linux-gnu/libogg.so.0.8.1
7f30a83c3000-7f30a83c4000 rw-p 00008000 08:01 537327                     /usr/lib/x86_64-linux-gnu/libogg.so.0.8.1
7f30a83c4000-7f30a83f0000 r-xp 00000000 08:01 537605                     /usr/lib/x86_64-linux-gnu/libvorbis.so.0.4.5
7f30a83f0000-7f30a85ef000 ---p 0002c000 08:01 537605                     /usr/lib/x86_64-linux-gnu/libvorbis.so.0.4.5
7f30a85ef000-7f30a85f0000 r--p 0002b000 08:01 537605                     /usr/lib/x86_64-linux-gnu/libvorbis.so.0.4.5
7f30a85f0000-7f30a85f1000 rw-p 0002c000 08:01 537605                     /usr/lib/x86_64-linux-gnu/libvorbis.so.0.4.5
7f30a85f1000-7f30a88a4000 r-xp 00000000 08:01 537607                     /usr/lib/x86_64-linux-gnu/libvorbisenc.so.2.0.8
7f30a88a4000-7f30a8aa3000 ---p 002b3000 08:01 537607                     /usr/lib/x86_64-linux-gnu/libvorbisenc.so.2.0.8
7f30a8aa3000-7f30a8abf000 r--p 002b2000 08:01 537607                     /usr/lib/x86_64-linux-gnu/libvorbisenc.so.2.0.8
7f30a8abf000-7f30a8ac0000 rw-p 002ce000 08:01 537607                     /usr/lib/x86_64-linux-gnu/libvorbisenc.so.2.0.8
7f30a8ac0000-7f30a8af0000 r-xp 00000000 08:01 529268                     /usr/lib/x86_64-linux-gnu/libFLAC.so.8.3.0
7f30a8af0000-7f30a8cef000 ---p 00030000 08:01 529268                     /usr/lib/x86_64-linux-gnu/libFLAC.so.8.3.0
7f30a8cef000-7f30a8cf0000 r--p 0002f000 08:01 529268                     /usr/lib/x86_64-linux-gnu/libFLAC.so.8.3.0
7f30a8cf0000-7f30a8cf1000 rw-p 00030000 08:01 529268                     /usr/lib/x86_64-linux-gnu/libFLAC.so.8.3.0
7f30a8cf1000-7f30a8cf6000 r-xp 00000000 08:01 536698                     /usr/lib/x86_64-linux-gnu/libasyncns.so.0.3.1
7f30a8cf6000-7f30a8ef5000 ---p 00005000 08:01 536698                     /usr/lib/x86_64-linux-gnu/libasyncns.so.0.3.1
7f30a8ef5000-7f30a8ef6000 r--p 00004000 08:01 536698                     /usr/lib/x86_64-linux-gnu/libasyncns.so.0.3.1
7f30a8ef6000-7f30a8ef7000 rw-p 00005000 08:01 536698                     /usr/lib/x86_64-linux-gnu/libasyncns.so.0.3.1
7f30a8ef7000-7f30a8f58000 r-xp 00000000 08:01 537484                     /usr/lib/x86_64-linux-gnu/libsndfile.so.1.0.25
7f30a8f58000-7f30a9158000 ---p 00061000 08:01 537484                     /usr/lib/x86_64-linux-gnu/libsndfile.so.1.0.25
7f30a9158000-7f30a915a000 r--p 00061000 08:01 537484                     /usr/lib/x86_64-linux-gnu/libsndfile.so.1.0.25
7f30a915a000-7f30a915b000 rw-p 00063000 08:01 537484                     /usr/lib/x86_64-linux-gnu/libsndfile.so.1.0.25
7f30a915b000-7f30a915f000 rw-p 00000000 00:00 0 
7f30a915f000-7f30a9167000 r-xp 00000000 08:01 5050                       /lib/x86_64-linux-gnu/libwrap.so.0.7.6
7f30a9167000-7f30a9366000 ---p 00008000 08:01 5050                       /lib/x86_64-linux-gnu/libwrap.so.0.7.6
7f30a9366000-7f30a9367000 r--p 00007000 08:01 5050                       /lib/x86_64-linux-gnu/libwrap.so.0.7.6
7f30a9367000-7f30a9368000 rw-p 00008000 08:01 5050                       /lib/x86_64-linux-gnu/libwrap.so.0.7.6
7f30a9368000-7f30a9369000 rw-p 00000000 00:00 0 
7f30a9369000-7f30a93cf000 r-xp 00000000 08:01 262895                     /usr/lib/x86_64-linux-gnu/pulseaudio/libpulsecommon-4.0.so
7f30a93cf000-7f30a95ce000 ---p 00066000 08:01 262895                     /usr/lib/x86_64-linux-gnu/pulseaudio/libpulsecommon-4.0.so
7f30a95ce000-7f30a95cf000 r--p 00065000 08:01 262895                     /usr/lib/x86_64-linux-gnu/pulseaudio/libpulsecommon-4.0.so
7f30a95cf000-7f30a95d0000 rw-p 00066000 08:01 262895                     /usr/lib/x86_64-linux-gnu/pulseaudio/libpulsecommon-4.0.so
7f30a95d0000-7f30a95da000 r-xp 00000000 08:01 4930                       /lib/x86_64-linux-gnu/libjson-c.so.2.0.0
7f30a95da000-7f30a97d9000 ---p 0000a000 08:01 4930                       /lib/x86_64-linux-gnu/libjson-c.so.2.0.0
7f30a97d9000-7f30a97da000 r--p 00009000 08:01 4930                       /lib/x86_64-linux-gnu/libjson-c.so.2.0.0
7f30a97da000-7f30a97db000 rw-p 0000a000 08:01 4930                       /lib/x86_64-linux-gnu/libjson-c.so.2.0.0
7f30a97db000-7f30a9822000 r-xp 00000000 08:01 537396                     /usr/lib/x86_64-linux-gnu/libpulse.so.0.16.2
7f30a9822000-7f30a9a22000 ---p 00047000 08:01 537396                     /usr/lib/x86_64-linux-gnu/libpulse.so.0.16.2
7f30a9a22000-7f30a9a23000 r--p 00047000 08:01 537396                     /usr/lib/x86_64-linux-gnu/libpulse.so.0.16.2
7f30a9a23000-7f30a9a24000 rw-p 00048000 08:01 537396                     /usr/lib/x86_64-linux-gnu/libpulse.so.0.16.2
7f30a9a24000-7f30a9a79000 r-xp 00000000 08:01 441238                     /tmp/libgdxsirolf2009/7b43be9b/libopenal64.so
7f30a9a79000-7f30a9c78000 ---p 00055000 08:01 441238                     /tmp/libgdxsirolf2009/7b43be9b/libopenal64.so
7f30a9c78000-7f30a9c7b000 r--p 00054000 08:01 441238                     /tmp/libgdxsirolf2009/7b43be9b/libopenal64.so
7f30a9c7b000-7f30a9c7c000 rw-p 00057000 08:01 441238                     /tmp/libgdxsirolf2009/7b43be9b/libopenal64.so
7f30a9c7c000-7f30a9c7d000 rw-p 00000000 00:00 0 
7f30a9c7d000-7f30a9c81000 r-xp 00000000 08:01 536659                     /usr/lib/x86_64-linux-gnu/libXxf86vm.so.1.0.0
7f30a9c81000-7f30a9e81000 ---p 00004000 08:01 536659                     /usr/lib/x86_64-linux-gnu/libXxf86vm.so.1.0.0
7f30a9e81000-7f30a9e82000 r--p 00004000 08:01 536659                     /usr/lib/x86_64-linux-gnu/libXxf86vm.so.1.0.0
7f30a9e82000-7f30a9e83000 rw-p 00005000 08:01 536659                     /usr/lib/x86_64-linux-gnu/libXxf86vm.so.1.0.0
7f30a9e83000-7f30a9e8c000 r-xp 00000000 08:01 536641                     /usr/lib/x86_64-linux-gnu/libXrandr.so.2.2.0
7f30a9e8c000-7f30aa08b000 ---p 00009000 08:01 536641                     /usr/lib/x86_64-linux-gnu/libXrandr.so.2.2.0
7f30aa08b000-7f30aa08c000 r--p 00008000 08:01 536641                     /usr/lib/x86_64-linux-gnu/libXrandr.so.2.2.0
7f30aa08c000-7f30aa08d000 rw-p 00009000 08:01 536641                     /usr/lib/x86_64-linux-gnu/libXrandr.so.2.2.0
7f30aa08d000-7f30aa0f9000 r-xp 00000000 08:01 441235                     /tmp/libgdxsirolf2009/7b43be9b/liblwjgl64.so
7f30aa0f9000-7f30aa2f8000 ---p 0006c000 08:01 441235                     /tmp/libgdxsirolf2009/7b43be9b/liblwjgl64.so
7f30aa2f8000-7f30aa2fa000 r--p 0006b000 08:01 441235                     /tmp/libgdxsirolf2009/7b43be9b/liblwjgl64.so
7f30aa2fa000-7f30aa2fb000 rw-p 0006d000 08:01 441235                     /tmp/libgdxsirolf2009/7b43be9b/liblwjgl64.so
7f30aa2fb000-7f30aa2fc000 r-xp 00000000 08:01 585303                     /usr/lib/jvm/java-7-openjdk-amd64/jre/lib/amd64/libjawt.so
7f30aa2fc000-7f30aa4fb000 ---p 00001000 08:01 585303                     /usr/lib/jvm/java-7-openjdk-amd64/jre/lib/amd64/libjawt.so
7f30aa4fb000-7f30aa4fc000 r--p 00000000 08:01 585303                     /usr/lib/jvm/java-7-openjdk-amd64/jre/lib/amd64/libjawt.so
7f30aa4fc000-7f30aa4fd000 rw-p 00001000 08:01 585303                     /usr/lib/jvm/java-7-openjdk-amd64/jre/lib/amd64/libjawt.so
7f30aa4fd000-7f30aa500000 ---p 00000000 00:00 0 
7f30aa500000-7f30aa5fe000 rw-p 00000000 00:00 0                          [stack:15676]
7f30aa5fe000-7f30aa603000 r-xp 00000000 08:01 536623                     /usr/lib/x86_64-linux-gnu/libXfixes.so.3.1.0
7f30aa603000-7f30aa802000 ---p 00005000 08:01 536623                     /usr/lib/x86_64-linux-gnu/libXfixes.so.3.1.0
7f30aa802000-7f30aa803000 r--p 00004000 08:01 536623                     /usr/lib/x86_64-linux-gnu/libXfixes.so.3.1.0
7f30aa803000-7f30aa804000 rw-p 00005000 08:01 536623                     /usr/lib/x86_64-linux-gnu/libXfixes.so.3.1.0
7f30aa804000-7f30aa80d000 r-xp 00000000 08:01 536615                     /usr/lib/x86_64-linux-gnu/libXcursor.so.1.0.2
7f30aa80d000-7f30aaa0c000 ---p 00009000 08:01 536615                     /usr/lib/x86_64-linux-gnu/libXcursor.so.1.0.2
7f30aaa0c000-7f30aaa0d000 r--p 00008000 08:01 536615                     /usr/lib/x86_64-linux-gnu/libXcursor.so.1.0.2
7f30aaa0d000-7f30aaa0e000 rw-p 00009000 08:01 536615                     /usr/lib/x86_64-linux-gnu/libXcursor.so.1.0.2
7f30aaa0e000-7f30aaa11000 ---p 00000000 00:00 0 
7f30aaa11000-7f30aab0f000 rw-p 00000000 00:00 0                          [stack:15675]
7f30aab0f000-7f30aab13000 r-xp 00000000 08:01 4923                       /lib/x86_64-linux-gnu/libgpg-error.so.0.10.0
7f30aab13000-7f30aad12000 ---p 00004000 08:01 4923                       /lib/x86_64-linux-gnu/libgpg-error.so.0.10.0
7f30aad12000-7f30aad13000 r--p 00003000 08:01 4923                       /lib/x86_64-linux-gnu/libgpg-error.so.0.10.0
7f30aad13000-7f30aad14000 rw-p 00004000 08:01 4923                       /lib/x86_64-linux-gnu/libgpg-error.so.0.10.0
7f30aad14000-7f30aad16000 r-xp 00000000 08:01 4933                       /lib/x86_64-linux-gnu/libkeyutils.so.1.4
7f30aad16000-7f30aaf16000 ---p 00002000 08:01 4933                       /lib/x86_64-linux-gnu/libkeyutils.so.1.4
7f30aaf16000-7f30aaf17000 r--p 00002000 08:01 4933                       /lib/x86_64-linux-gnu/libkeyutils.so.1.4
7f30aaf17000-7f30aaf18000 rw-p 00003000 08:01 4933                       /lib/x86_64-linux-gnu/libkeyutils.so.1.4
7f30aaf18000-7f30aaf55000 r-xp 00000000 08:01 4993                       /lib/x86_64-linux-gnu/libpcre.so.3.13.1
7f30aaf55000-7f30ab154000 ---p 0003d000 08:01 4993                       /lib/x86_64-linux-gnu/libpcre.so.3.13.1
7f30ab154000-7f30ab155000 r--p 0003c000 08:01 4993                       /lib/x86_64-linux-gnu/libpcre.so.3.13.1
7f30ab155000-7f30ab156000 rw-p 0003d000 08:01 4993                       /lib/x86_64-linux-gnu/libpcre.so.3.13.1
7f30ab156000-7f30ab17b000 r-xp 00000000 08:01 5005                       /lib/x86_64-linux-gnu/libpng12.so.0.50.0
7f30ab17b000-7f30ab37a000 ---p 00025000 08:01 5005                       /lib/x86_64-linux-gnu/libpng12.so.0.50.0
7f30ab37a000-7f30ab37b000 r--p 00024000 08:01 5005                       /lib/x86_64-linux-gnu/libpng12.so.0.50.0
7f30ab37b000-7f30ab37c000 rw-p 00025000 08:01 5005                       /lib/x86_64-linux-gnu/libpng12.so.0.50.0
7f30ab37c000-7f30ab3c0000 r-xp 00000000 08:01 24141                      /lib/x86_64-linux-gnu/libdbus-1.so.3.7.6
7f30ab3c0000-7f30ab5bf000 ---p 00044000 08:01 24141                      /lib/x86_64-linux-gnu/libdbus-1.so.3.7.6
7f30ab5bf000-7f30ab5c0000 r--p 00043000 08:01 24141                      /lib/x86_64-linux-gnu/libdbus-1.so.3.7.6
7f30ab5c0000-7f30ab5c1000 rw-p 00044000 08:01 24141                      /lib/x86_64-linux-gnu/libdbus-1.so.3.7.6
7f30ab5c1000-7f30ab5fc000 r-xp 00000000 08:01 537335                     /usr/lib/x86_64-linux-gnu/libp11-kit.so.0.0.0
7f30ab5fc000-7f30ab7fb000 ---p 0003b000 08:01 537335                     /usr/lib/x86_64-linux-gnu/libp11-kit.so.0.0.0
7f30ab7fb000-7f30ab801000 r--p 0003a000 08:01 537335                     /usr/lib/x86_64-linux-gnu/libp11-kit.so.0.0.0
7f30ab801000-7f30ab803000 rw-p 00040000 08:01 537335                     /usr/lib/x86_64-linux-gnu/libp11-kit.so.0.0.0
7f30ab803000-7f30ab815000 r-xp 00000000 08:01 537520                     /usr/lib/x86_64-linux-gnu/libtasn1.so.6.2.0
7f30ab815000-7f30aba15000 ---p 00012000 08:01 537520                     /usr/lib/x86_64-linux-gnu/libtasn1.so.6.2.0
7f30aba15000-7f30aba16000 r--p 00012000 08:01 537520                     /usr/lib/x86_64-linux-gnu/libtasn1.so.6.2.0
7f30aba16000-7f30aba17000 rw-p 00013000 08:01 537520                     /usr/lib/x86_64-linux-gnu/libtasn1.so.6.2.0
7f30aba17000-7f30aba93000 r-xp 00000000 08:01 5577                       /lib/x86_64-linux-gnu/libgcrypt.so.11.8.2
7f30aba93000-7f30abc92000 ---p 0007c000 08:01 5577                       /lib/x86_64-linux-gnu/libgcrypt.so.11.8.2
7f30abc92000-7f30abc93000 r--p 0007b000 08:01 5577                       /lib/x86_64-linux-gnu/libgcrypt.so.11.8.2
7f30abc93000-7f30abc96000 rw-p 0007c000 08:01 5577                       /lib/x86_64-linux-gnu/libgcrypt.so.11.8.2
7f30abc96000-7f30abca0000 r-xp 00000000 08:01 529037                     /usr/lib/x86_64-linux-gnu/libkrb5support.so.0.1
7f30abca0000-7f30abe9f000 ---p 0000a000 08:01 529037                     /usr/lib/x86_64-linux-gnu/libkrb5support.so.0.1
7f30abe9f000-7f30abea0000 r--p 00009000 08:01 529037                     /usr/lib/x86_64-linux-gnu/libkrb5support.so.0.1
7f30abea0000-7f30abea1000 rw-p 0000a000 08:01 529037                     /usr/lib/x86_64-linux-gnu/libkrb5support.so.0.1
7f30abea1000-7f30abea4000 r-xp 00000000 08:01 4899                       /lib/x86_64-linux-gnu/libcom_err.so.2.1
7f30abea4000-7f30ac0a3000 ---p 00003000 08:01 4899                       /lib/x86_64-linux-gnu/libcom_err.so.2.1
7f30ac0a3000-7f30ac0a4000 r--p 00002000 08:01 4899                       /lib/x86_64-linux-gnu/libcom_err.so.2.1
7f30ac0a4000-7f30ac0a5000 rw-p 00003000 08:01 4899                       /lib/x86_64-linux-gnu/libcom_err.so.2.1
7f30ac0a5000-7f30ac0d1000 r-xp 00000000 08:01 529012                     /usr/lib/x86_64-linux-gnu/libk5crypto.so.3.1
7f30ac0d1000-7f30ac2d0000 ---p 0002c000 08:01 529012                     /usr/lib/x86_64-linux-gnu/libk5crypto.so.3.1
7f30ac2d0000-7f30ac2d2000 r--p 0002b000 08:01 529012                     /usr/lib/x86_64-linux-gnu/libk5crypto.so.3.1
7f30ac2d2000-7f30ac2d3000 rw-p 0002d000 08:01 529012                     /usr/lib/x86_64-linux-gnu/libk5crypto.so.3.1
7f30ac2d3000-7f30ac2d4000 rw-p 00000000 00:00 0 
7f30ac2d4000-7f30ac390000 r-xp 00000000 08:01 529029                     /usr/lib/x86_64-linux-gnu/libkrb5.so.3.3
7f30ac390000-7f30ac590000 ---p 000bc000 08:01 529029                     /usr/lib/x86_64-linux-gnu/libkrb5.so.3.3
7f30ac590000-7f30ac59d000 r--p 000bc000 08:01 529029                     /usr/lib/x86_64-linux-gnu/libkrb5.so.3.3
7f30ac59d000-7f30ac59f000 rw-p 000c9000 08:01 529029                     /usr/lib/x86_64-linux-gnu/libkrb5.so.3.3
7f30ac59f000-7f30ac5a4000 r-xp 00000000 08:01 536619                     /usr/lib/x86_64-linux-gnu/libXdmcp.so.6.0.0
7f30ac5a4000-7f30ac7a3000 ---p 00005000 08:01 536619                     /usr/lib/x86_64-linux-gnu/libXdmcp.so.6.0.0
7f30ac7a3000-7f30ac7a4000 r--p 00004000 08:01 536619                     /usr/lib/x86_64-linux-gnu/libXdmcp.so.6.0.0
7f30ac7a4000-7f30ac7a5000 rw-p 00005000 08:01 536619                     /usr/lib/x86_64-linux-gnu/libXdmcp.so.6.0.0
7f30ac7a5000-7f30ac7a7000 r-xp 00000000 08:01 536608                     /usr/lib/x86_64-linux-gnu/libXau.so.6.0.0
7f30ac7a7000-7f30ac9a7000 ---p 00002000 08:01 536608                     /usr/lib/x86_64-linux-gnu/libXau.so.6.0.0
7f30ac9a7000-7f30ac9a8000 r--p 00002000 08:01 536608                     /usr/lib/x86_64-linux-gnu/libXau.so.6.0.0
7f30ac9a8000-7f30ac9a9000 rw-p 00003000 08:01 536608                     /usr/lib/x86_64-linux-gnu/libXau.so.6.0.0
7f30ac9a9000-7f30ac9b0000 r-xp 00000000 08:01 536886                     /usr/lib/x86_64-linux-gnu/libffi.so.6.0.1
7f30ac9b0000-7f30acbaf000 ---p 00007000 08:01 536886                     /usr/lib/x86_64-linux-gnu/libffi.so.6.0.1
7f30acbaf000-7f30acbb0000 r--p 00006000 08:01 536886                     /usr/lib/x86_64-linux-gnu/libffi.so.6.0.1
7f30acbb0000-7f30acbb1000 rw-p 00007000 08:01 536886                     /usr/lib/x86_64-linux-gnu/libffi.so.6.0.1
7f30acbb1000-7f30acbc8000 r-xp 00000000 08:01 21238                      /lib/x86_64-linux-gnu/libresolv-2.19.so
7f30acbc8000-7f30acdc8000 ---p 00017000 08:01 21238                      /lib/x86_64-linux-gnu/libresolv-2.19.so
7f30acdc8000-7f30acdc9000 r--p 00017000 08:01 21238                      /lib/x86_64-linux-gnu/libresolv-2.19.so
7f30acdc9000-7f30acdca000 rw-p 00018000 08:01 21238                      /lib/x86_64-linux-gnu/libresolv-2.19.so
7f30acdca000-7f30acdcc000 rw-p 00000000 00:00 0 
7f30acdcc000-7f30acdec000 r-xp 00000000 08:01 5020                       /lib/x86_64-linux-gnu/libselinux.so.1
7f30acdec000-7f30acfeb000 ---p 00020000 08:01 5020                       /lib/x86_64-linux-gnu/libselinux.so.1
7f30acfeb000-7f30acfec000 r--p 0001f000 08:01 5020                       /lib/x86_64-linux-gnu/libselinux.so.1
7f30acfec000-7f30acfed000 rw-p 00020000 08:01 5020                       /lib/x86_64-linux-gnu/libselinux.so.1
7f30acfed000-7f30acfef000 rw-p 00000000 00:00 0 
7f30acfef000-7f30ad0f5000 r-xp 00000000 08:01 5711                       /lib/x86_64-linux-gnu/libglib-2.0.so.0.4002.0
7f30ad0f5000-7f30ad2f4000 ---p 00106000 08:01 5711                       /lib/x86_64-linux-gnu/libglib-2.0.so.0.4002.0
7f30ad2f4000-7f30ad2f5000 r--p 00105000 08:01 5711                       /lib/x86_64-linux-gnu/libglib-2.0.so.0.4002.0
7f30ad2f5000-7f30ad2f6000 rw-p 00106000 08:01 5711                       /lib/x86_64-linux-gnu/libglib-2.0.so.0.4002.0
7f30ad2f6000-7f30ad2f7000 rw-p 00000000 00:00 0 
7f30ad2f7000-7f30ad2fa000 r-xp 00000000 08:01 530476                     /usr/lib/x86_64-linux-gnu/libgmodule-2.0.so.0.4002.0
7f30ad2fa000-7f30ad4f9000 ---p 00003000 08:01 530476                     /usr/lib/x86_64-linux-gnu/libgmodule-2.0.so.0.4002.0
7f30ad4f9000-7f30ad4fa000 r--p 00002000 08:01 530476                     /usr/lib/x86_64-linux-gnu/libgmodule-2.0.so.0.4002.0
7f30ad4fa000-7f30ad4fb000 rw-p 00003000 08:01 530476                     /usr/lib/x86_64-linux-gnu/libgmodule-2.0.so.0.4002.0
7f30ad4fb000-7f30ad522000 r-xp 00000000 08:01 4912                       /lib/x86_64-linux-gnu/libexpat.so.1.6.0
7f30ad522000-7f30ad722000 ---p 00027000 08:01 4912                       /lib/x86_64-linux-gnu/libexpat.so.1.6.0
7f30ad722000-7f30ad724000 r--p 00027000 08:01 4912                       /lib/x86_64-linux-gnu/libexpat.so.1.6.0
7f30ad724000-7f30ad725000 rw-p 00029000 08:01 4912                       /lib/x86_64-linux-gnu/libexpat.so.1.6.0
7f30ad725000-7f30ad7c2000 r-xp 00000000 08:01 536928                     /usr/lib/x86_64-linux-gnu/libfreetype.so.6.11.1
7f30ad7c2000-7f30ad9c1000 ---p 0009d000 08:01 536928                     /usr/lib/x86_64-linux-gnu/libfreetype.so.6.11.1
7f30ad9c1000-7f30ad9c7000 r--p 0009c000 08:01 536928                     /usr/lib/x86_64-linux-gnu/libfreetype.so.6.11.1
7f30ad9c7000-7f30ad9c8000 rw-p 000a2000 08:01 536928                     /usr/lib/x86_64-linux-gnu/libfreetype.so.6.11.1
7f30ad9c8000-7f30ad9d7000 r-xp 00000000 08:01 536712                     /usr/lib/x86_64-linux-gnu/libavahi-client.so.3.2.9
7f30ad9d7000-7f30adbd7000 ---p 0000f000 08:01 536712                     /usr/lib/x86_64-linux-gnu/libavahi-client.so.3.2.9
7f30adbd7000-7f30adbd8000 r--p 0000f000 08:01 536712                     /usr/lib/x86_64-linux-gnu/libavahi-client.so.3.2.9
7f30adbd8000-7f30adbd9000 rw-p 00010000 08:01 536712                     /usr/lib/x86_64-linux-gnu/libavahi-client.so.3.2.9
7f30adbd9000-7f30adbe4000 r-xp 00000000 08:01 536714                     /usr/lib/x86_64-linux-gnu/libavahi-common.so.3.5.3
7f30adbe4000-7f30adde3000 ---p 0000b000 08:01 536714                     /usr/lib/x86_64-linux-gnu/libavahi-common.so.3.5.3
7f30adde3000-7f30adde4000 r--p 0000a000 08:01 536714                     /usr/lib/x86_64-linux-gnu/libavahi-common.so.3.5.3
7f30adde4000-7f30adde5000 rw-p 0000b000 08:01 536714                     /usr/lib/x86_64-linux-gnu/libavahi-common.so.3.5.3
7f30adde5000-7f30ade9b000 r-xp 00000000 08:01 537015                     /usr/lib/x86_64-linux-gnu/libgnutls.so.26.22.6
7f30ade9b000-7f30ae09b000 ---p 000b6000 08:01 537015                     /usr/lib/x86_64-linux-gnu/libgnutls.so.26.22.6
7f30ae09b000-7f30ae0a1000 r--p 000b6000 08:01 537015                     /usr/lib/x86_64-linux-gnu/libgnutls.so.26.22.6
7f30ae0a1000-7f30ae0a2000 rw-p 000bc000 08:01 537015                     /usr/lib/x86_64-linux-gnu/libgnutls.so.26.22.6
7f30ae0a2000-7f30ae0a3000 rw-p 00000000 00:00 0 
7f30ae0a3000-7f30ae0e6000 r-xp 00000000 08:01 529021                     /usr/lib/x86_64-linux-gnu/libgssapi_krb5.so.2.2
7f30ae0e6000-7f30ae2e6000 ---p 00043000 08:01 529021                     /usr/lib/x86_64-linux-gnu/libgssapi_krb5.so.2.2
7f30ae2e6000-7f30ae2e7000 r--p 00043000 08:01 529021                     /usr/lib/x86_64-linux-gnu/libgssapi_krb5.so.2.2
7f30ae2e7000-7f30ae2e9000 rw-p 00044000 08:01 529021                     /usr/lib/x86_64-linux-gnu/libgssapi_krb5.so.2.2
7f30ae2e9000-7f30ae306000 r-xp 00000000 08:01 537678                     /usr/lib/x86_64-linux-gnu/libxcb.so.1.1.0
7f30ae306000-7f30ae506000 ---p 0001d000 08:01 537678                     /usr/lib/x86_64-linux-gnu/libxcb.so.1.1.0
7f30ae506000-7f30ae507000 r--p 0001d000 08:01 537678                     /usr/lib/x86_64-linux-gnu/libxcb.so.1.1.0
7f30ae507000-7f30ae508000 rw-p 0001e000 08:01 537678                     /usr/lib/x86_64-linux-gnu/libxcb.so.1.1.0
7f30ae508000-7f30ae557000 r-xp 00000000 08:01 530478                     /usr/lib/x86_64-linux-gnu/libgobject-2.0.so.0.4002.0
7f30ae557000-7f30ae757000 ---p 0004f000 08:01 530478                     /usr/lib/x86_64-linux-gnu/libgobject-2.0.so.0.4002.0
7f30ae757000-7f30ae758000 r--p 0004f000 08:01 530478                     /usr/lib/x86_64-linux-gnu/libgobject-2.0.so.0.4002.0
7f30ae758000-7f30ae759000 rw-p 00050000 08:01 530478                     /usr/lib/x86_64-linux-gnu/libgobject-2.0.so.0.4002.0
7f30ae759000-7f30ae8c5000 r-xp 00000000 08:01 530481                     /usr/lib/x86_64-linux-gnu/libgio-2.0.so.0.4002.0
7f30ae8c5000-7f30aeac4000 ---p 0016c000 08:01 530481                     /usr/lib/x86_64-linux-gnu/libgio-2.0.so.0.4002.0
7f30aeac4000-7f30aeac8000 r--p 0016b000 08:01 530481                     /usr/lib/x86_64-linux-gnu/libgio-2.0.so.0.4002.0
7f30aeac8000-7f30aeaca000 rw-p 0016f000 08:01 530481                     /usr/lib/x86_64-linux-gnu/libgio-2.0.so.0.4002.0
7f30aeaca000-7f30aeacc000 rw-p 00000000 00:00 0 
7f30aeacc000-7f30aeb06000 r-xp 00000000 08:01 536900                     /usr/lib/x86_64-linux-gnu/libfontconfig.so.1.8.0
7f30aeb06000-7f30aed05000 ---p 0003a000 08:01 536900                     /usr/lib/x86_64-linux-gnu/libfontconfig.so.1.8.0
7f30aed05000-7f30aed07000 r--p 00039000 08:01 536900                     /usr/lib/x86_64-linux-gnu/libfontconfig.so.1.8.0
7f30aed07000-7f30aed08000 rw-p 0003b000 08:01 536900                     /usr/lib/x86_64-linux-gnu/libfontconfig.so.1.8.0
7f30aed08000-7f30aed74000 r-xp 00000000 08:01 527731                     /usr/lib/x86_64-linux-gnu/libcups.so.2
7f30aed74000-7f30aef74000 ---p 0006c000 08:01 527731                     /usr/lib/x86_64-linux-gnu/libcups.so.2
7f30aef74000-7f30aef7b000 r--p 0006c000 08:01 527731                     /usr/lib/x86_64-linux-gnu/libcups.so.2
7f30aef7b000-7f30aef7c000 rw-p 00073000 08:01 527731                     /usr/lib/x86_64-linux-gnu/libcups.so.2
7f30aef7c000-7f30aef8b000 r-xp 00000000 08:01 536629                     /usr/lib/x86_64-linux-gnu/libXi.so.6.1.0
7f30aef8b000-7f30af18a000 ---p 0000f000 08:01 536629                     /usr/lib/x86_64-linux-gnu/libXi.so.6.1.0
7f30af18a000-7f30af18b000 r--p 0000e000 08:01 536629                     /usr/lib/x86_64-linux-gnu/libXi.so.6.1.0
7f30af18b000-7f30af18c000 rw-p 0000f000 08:01 536629                     /usr/lib/x86_64-linux-gnu/libXi.so.6.1.0
7f30af18c000-7f30af191000 r-xp 00000000 08:01 536649                     /usr/lib/x86_64-linux-gnu/libXtst.so.6.1.0
7f30af191000-7f30af390000 ---p 00005000 08:01 536649                     /usr/lib/x86_64-linux-gnu/libXtst.so.6.1.0
7f30af390000-7f30af391000 r--p 00004000 08:01 536649                     /usr/lib/x86_64-linux-gnu/libXtst.so.6.1.0
7f30af391000-7f30af392000 rw-p 00005000 08:01 536649                     /usr/lib/x86_64-linux-gnu/libXtst.so.6.1.0
7f30af392000-7f30af39b000 r-xp 00000000 08:01 536643                     /usr/lib/x86_64-linux-gnu/libXrender.so.1.3.0
7f30af39b000-7f30af59a000 ---p 00009000 08:01 536643                     /usr/lib/x86_64-linux-gnu/libXrender.so.1.3.0
7f30af59a000-7f30af59b000 r--p 00008000 08:01 536643                     /usr/lib/x86_64-linux-gnu/libXrender.so.1.3.0
7f30af59b000-7f30af59c000 rw-p 00009000 08:01 536643                     /usr/lib/x86_64-linux-gnu/libXrender.so.1.3.0
7f30af59c000-7f30af6cc000 r-xp 00000000 08:01 536604                     /usr/lib/x86_64-linux-gnu/libX11.so.6.3.0
7f30af6cc000-7f30af8cc000 ---p 00130000 08:01 536604                     /usr/lib/x86_64-linux-gnu/libX11.so.6.3.0
7f30af8cc000-7f30af8cd000 r--p 00130000 08:01 536604                     /usr/lib/x86_64-linux-gnu/libX11.so.6.3.0
7f30af8cd000-7f30af8d1000 rw-p 00131000 08:01 536604                     /usr/lib/x86_64-linux-gnu/libX11.so.6.3.0
7f30af8d1000-7f30af8e2000 r-xp 00000000 08:01 536621                     /usr/lib/x86_64-linux-gnu/libXext.so.6.4.0
7f30af8e2000-7f30afae1000 ---p 00011000 08:01 536621                     /usr/lib/x86_64-linux-gnu/libXext.so.6.4.0
7f30afae1000-7f30afae2000 r--p 00010000 08:01 536621                     /usr/lib/x86_64-linux-gnu/libXext.so.6.4.0
7f30afae2000-7f30afae3000 rw-p 00011000 08:01 536621                     /usr/lib/x86_64-linux-gnu/libXext.so.6.4.0
7f30afae3000-7f30afb2b000 r-xp 00000000 08:01 525909                     /usr/lib/jvm/java-7-openjdk-amd64/jre/lib/amd64/xawt/libmawt.so
7f30afb2b000-7f30afd2a000 ---p 00048000 08:01 525909                     /usr/lib/jvm/java-7-openjdk-amd64/jre/lib/amd64/xawt/libmawt.so
7f30afd2a000-7f30afd2b000 r--p 00047000 08:01 525909                     /usr/lib/jvm/java-7-openjdk-amd64/jre/lib/amd64/xawt/libmawt.so
7f30afd2b000-7f30afd2e000 rw-p 00048000 08:01 525909                     /usr/lib/jvm/java-7-openjdk-amd64/jre/lib/amd64/xawt/libmawt.so
7f30afd2e000-7f30afd2f000 rw-p 00000000 00:00 0 
7f30afd2f000-7f30afdcf000 r-xp 00000000 08:01 585283                     /usr/lib/jvm/java-7-openjdk-amd64/jre/lib/amd64/libawt.so
7f30afdcf000-7f30affcf000 ---p 000a0000 08:01 585283                     /usr/lib/jvm/java-7-openjdk-amd64/jre/lib/amd64/libawt.so
7f30affcf000-7f30affd0000 r--p 000a0000 08:01 585283                     /usr/lib/jvm/java-7-openjdk-amd64/jre/lib/amd64/libawt.so
7f30affd0000-7f30affdb000 rw-p 000a1000 08:01 585283                     /usr/lib/jvm/java-7-openjdk-amd64/jre/lib/amd64/libawt.so
7f30affdb000-7f30b0000000 rw-p 00000000 00:00 0 
7f30b0000000-7f30b0021000 rw-p 00000000 00:00 0 
7f30b0021000-7f30b4000000 ---p 00000000 00:00 0 
7f30b4000000-7f30b4021000 rw-p 00000000 00:00 0 
7f30b4021000-7f30b8000000 ---p 00000000 00:00 0 
7f30b8000000-7f30b85f9000 rw-p 00000000 00:00 0 
7f30b85f9000-7f30bc000000 ---p 00000000 00:00 0 
7f30bc000000-7f30bc5b0000 rw-p 00000000 00:00 0 
7f30bc5b0000-7f30c0000000 ---p 00000000 00:00 0 
7f30c0000000-7f30c0021000 rw-p 00000000 00:00 0 
7f30c0021000-7f30c4000000 ---p 00000000 00:00 0 
7f30c4000000-7f30c4021000 rw-p 00000000 00:00 0 
7f30c4021000-7f30c8000000 ---p 00000000 00:00 0 
7f30c8000000-7f30c8021000 rw-p 00000000 00:00 0 
7f30c8021000-7f30cc000000 ---p 00000000 00:00 0 
7f30cc000000-7f30cc021000 rw-p 00000000 00:00 0 
7f30cc021000-7f30d0000000 ---p 00000000 00:00 0 
7f30d0000000-7f30d0021000 rw-p 00000000 00:00 0 
7f30d0021000-7f30d4000000 ---p 00000000 00:00 0 
7f30d4000000-7f30d4021000 rw-p 00000000 00:00 0 
7f30d4021000-7f30d8000000 ---p 00000000 00:00 0 
7f30d8000000-7f30d8021000 rw-p 00000000 00:00 0 
7f30d8021000-7f30dc000000 ---p 00000000 00:00 0 
7f30dc000000-7f30dc002000 rw-s 00000000 08:01 435177                     /tmp/glN9P4Fo (deleted)
7f30dc002000-7f30dc022000 rw-s 70120000 00:05 15888                      /dev/nvidia0
7f30dc022000-7f30dc023000 rw-s 194d66000 00:05 15888                     /dev/nvidia0
7f30dc023000-7f30dc027000 rw-s 12c017000 00:05 15888                     /dev/nvidia0
7f30dc027000-7f30dc028000 rw-s 7ff61000 00:05 15888                      /dev/nvidia0
7f30dc028000-7f30dc048000 rw-s 4f238000 00:05 15888                      /dev/nvidia0
7f30dc048000-7f30dc049000 rw-s 7ff61000 00:05 15888                      /dev/nvidia0
7f30dc049000-7f30dc089000 rw-s 237da000 00:05 15888                      /dev/nvidia0
7f30dc0a9000-7f30dc0aa000 rw-s cf642000 00:05 15888                      /dev/nvidia0
7f30dc0aa000-7f30dc0ab000 rw-s 3dc8b000 00:05 15888                      /dev/nvidia0
7f30dc0ab000-7f30dc0ac000 rw-s cf641000 00:05 15888                      /dev/nvidia0
7f30dc0ac000-7f30dc0ad000 rw-s 3df18000 00:05 15888                      /dev/nvidia0
7f30dc0ad000-7f30dc0ae000 rw-s 3695e000 00:05 15888                      /dev/nvidia0
7f30dc0ae000-7f30dc0af000 rw-s cf060000 00:05 15888                      /dev/nvidia0
7f30dc0af000-7f30dc0b2000 ---p 00000000 00:00 0 
7f30dc0b2000-7f30dc0e8000 rw-p 00000000 00:00 0                          [stack:15907]
7f30dc0e8000-7f30dc0ef000 r--s 00000000 08:01 166381                     /usr/lib/x86_64-linux-gnu/gconv/gconv-modules.cache
7f30dc0ef000-7f30dc0f8000 r--s 000b9000 08:01 536100                     /usr/lib/jvm/java-7-openjdk-amd64/jre/lib/resources.jar
7f30dc0f8000-7f30dc0fc000 r--s 0004d000 08:01 536961                     /usr/lib/jvm/java-7-openjdk-amd64/jre/lib/jsse.jar
7f30dc0fc000-7f30dc139000 r-xp 00000000 08:01 441233                     /tmp/libgdxsirolf2009/5502b6ed/libgdx64.so
7f30dc139000-7f30dc338000 ---p 0003d000 08:01 441233                     /tmp/libgdxsirolf2009/5502b6ed/libgdx64.so
7f30dc338000-7f30dc339000 r--p 0003c000 08:01 441233                     /tmp/libgdxsirolf2009/5502b6ed/libgdx64.so
7f30dc339000-7f30dc33a000 rw-p 0003d000 08:01 441233                     /tmp/libgdxsirolf2009/5502b6ed/libgdx64.so
7f30dc33a000-7f30dc33c000 r--s 0000c000 08:01 8655703                    /usr/local/bin/eclipse Mars M3/plugins/org.hamcrest.core_1.3.0.v201303031735.jar
7f30dc33c000-7f30dc342000 r--s 00036000 08:01 8783038                    /usr/local/bin/eclipse Mars M3/plugins/org.junit_4.11.0.v201303080030/junit.jar
7f30dc342000-7f30dc344000 r--s 00009000 08:01 5374498                    /home/sirolf2009/.m2/repository/org/hamcrest/hamcrest-core/1.3/hamcrest-core-1.3.jar
7f30dc344000-7f30dc34a000 r--s 00036000 08:01 5374495                    /home/sirolf2009/.m2/repository/junit/junit/4.11/junit-4.11.jar
7f30dc34a000-7f30dc34c000 r--s 0000e000 08:01 619174                     /home/sirolf2009/.m2/repository/commons-logging/commons-logging/1.2/commons-logging-1.2.jar
7f30dc34c000-7f30dc34f000 r--s 0000f000 08:01 468796                     /home/sirolf2009/.gradle/caches/modules-2/files-2.1/com.badlogicgames.gdx/gdx-box2d/1.3.1/868425fb2070db88a2949a25b88e0a737a372d4b/gdx-box2d-1.3.1.jar
7f30dc34f000-7f30dc351000 r--s 00017000 08:01 468832                     /home/sirolf2009/.gradle/caches/modules-2/files-2.1/org.jcraft/jorbis/0.0.17/8872d22b293e8f5d7d56ff92be966e6dc28ebdc6/jorbis-0.0.17.jar
7f30dc351000-7f30dc35f000 r--s 000ea000 08:01 468826                     /home/sirolf2009/.gradle/caches/modules-2/files-2.1/org.lwjgl.lwjgl/lwjgl/2.9.1/f58c5aabcef0e41718a564be9f8e412fff8db847/lwjgl-2.9.1.jar
7f30dc35f000-7f30dc378000 r--s 0017e000 08:01 468795                     /home/sirolf2009/.gradle/caches/modules-2/files-2.1/com.badlogicgames.gdx/gdx/1.3.1/18995f8b7b19118975722370818023c76a86fdf4/gdx-1.3.1.jar
7f30dc378000-7f30dc379000 ---p 00000000 00:00 0 
7f30dc379000-7f30dc479000 rw-p 00000000 00:00 0 
7f30dc479000-7f30dc47c000 ---p 00000000 00:00 0 
7f30dc47c000-7f30dc57a000 rw-p 00000000 00:00 0                          [stack:15673]
7f30dc57a000-7f30dc57d000 ---p 00000000 00:00 0 
7f30dc57d000-7f30dc67b000 rw-p 00000000 00:00 0                          [stack:15672]
7f30dc67b000-7f30dc67e000 ---p 00000000 00:00 0 
7f30dc67e000-7f30dc77c000 rw-p 00000000 00:00 0                          [stack:15671]
7f30dc77c000-7f30dc77f000 ---p 00000000 00:00 0 
7f30dc77f000-7f30dc87d000 rw-p 00000000 00:00 0                          [stack:15670]
7f30dc87d000-7f30dcf60000 r--p 00000000 08:01 534280                     /usr/lib/locale/locale-archive
7f30dcf60000-7f30dcf63000 ---p 00000000 00:00 0 
7f30dcf63000-7f30dd061000 rw-p 00000000 00:00 0                          [stack:15668]
7f30dd061000-7f30dd064000 ---p 00000000 00:00 0 
7f30dd064000-7f30dd162000 rw-p 00000000 00:00 0                          [stack:15667]
7f30dd162000-7f30dd163000 ---p 00000000 00:00 0 
7f30dd163000-7f30e0000000 rw-p 00000000 00:00 0                          [stack:15666]
7f30e0000000-7f30e0021000 rw-p 00000000 00:00 0 
7f30e0021000-7f30e4000000 ---p 00000000 00:00 0 
7f30e4000000-7f30e4021000 rw-p 00000000 00:00 0 
7f30e4021000-7f30e8000000 ---p 00000000 00:00 0 
7f30e8000000-7f30e8021000 rw-p 00000000 00:00 0 
7f30e8021000-7f30ec000000 ---p 00000000 00:00 0 
7f30ec000000-7f30ec021000 rw-p 00000000 00:00 0 
7f30ec021000-7f30f0000000 ---p 00000000 00:00 0 
7f30f0000000-7f30f0021000 rw-p 00000000 00:00 0 
7f30f0021000-7f30f4000000 ---p 00000000 00:00 0 
7f30f4000000-7f30f4001000 r--s 00015000 08:01 468831                     /home/sirolf2009/.gradle/caches/modules-2/files-2.1/com.badlogicgames.jlayer/jlayer/1.0.1-gdx/7cca83cec5c1b2f011362f4d85aabd71a73b049d/jlayer-1.0.1-gdx.jar
7f30f4001000-7f30f4005000 r--s 00027000 08:01 468830                     /home/sirolf2009/.gradle/caches/modules-2/files-2.1/org.lwjgl.lwjgl/lwjgl_util/2.9.1/290d7ba8a1bd9566f5ddf16ad06f09af5ec9b20e/lwjgl_util-2.9.1.jar
7f30f4005000-7f30f4006000 r--s 00025000 08:01 468829                     /home/sirolf2009/.gradle/caches/modules-2/files-2.1/net.java.jinput/jinput-platform/2.0.5/385ee093e01f587f30ee1c8a2ee7d408fd732e16/jinput-platform-2.0.5-natives-windows.jar
7f30f4006000-7f30f400a000 r--s 0002f000 08:01 468825                     /home/sirolf2009/.gradle/caches/modules-2/files-2.1/net.java.jinput/jinput/2.0.5/39c7796b469a600f72380316f6b1f11db6c2c7c4/jinput-2.0.5.jar
7f30f400a000-7f30f5000000 rw-p 00000000 00:00 0 
7f30f5000000-7f30f5270000 rwxp 00000000 00:00 0 
7f30f5270000-7f30f8397000 rw-p 00000000 00:00 0 
7f30f8397000-7f30fc000000 ---p 00000000 00:00 0 
7f30fc000000-7f30fc001000 r--s 00002000 08:01 468828                     /home/sirolf2009/.gradle/caches/modules-2/files-2.1/net.java.jinput/jinput-platform/2.0.5/53f9c919f34d2ca9de8c51fc4e1e8282029a9232/jinput-platform-2.0.5-natives-osx.jar
7f30fc001000-7f30fc002000 r--s 00002000 08:01 468827                     /home/sirolf2009/.gradle/caches/modules-2/files-2.1/net.java.jinput/jinput-platform/2.0.5/7ff832a6eb9ab6a767f1ade2b548092d0fa64795/jinput-platform-2.0.5-natives-linux.jar
7f30fc002000-7f30fc003000 r--s 00001000 08:01 468824                     /home/sirolf2009/.gradle/caches/modules-2/files-2.1/net.java.jutils/jutils/1.0.0/e12fe1fda814bd348c1579329c86943d2cd3c6a6/jutils-1.0.0.jar
7f30fc003000-7f30fc004000 r--s 00095000 08:01 468823                     /home/sirolf2009/.gradle/caches/modules-2/files-2.1/org.lwjgl.lwjgl/lwjgl-platform/2.9.1/4c517eca808522457dd95ee8fc1fbcdbb602efbe/lwjgl-platform-2.9.1-natives-windows.jar
7f30fc004000-7f30fc005000 r--s 00080000 08:01 468822                     /home/sirolf2009/.gradle/caches/modules-2/files-2.1/org.lwjgl.lwjgl/lwjgl-platform/2.9.1/2d12c83fdfbc04ecabf02c7bc8cc54d034f0daac/lwjgl-platform-2.9.1-natives-osx.jar
7f30fc005000-7f30fc006000 r--s 0008b000 08:01 468821                     /home/sirolf2009/.gradle/caches/modules-2/files-2.1/org.lwjgl.lwjgl/lwjgl-platform/2.9.1/aa9aae879af8eb378e22cfc64db56ec2ca9a44d1/lwjgl-platform-2.9.1-natives-linux.jar
7f30fc006000-7f30fc007000 r--s 000fa000 08:01 468820                     /home/sirolf2009/.gradle/caches/modules-2/files-2.1/com.badlogicgames.gdx/gdx-box2d-platform/1.3.1/79e136941a5dbead58981f1abc5c00405e0048ff/gdx-box2d-platform-1.3.1-natives-desktop.jar
7f30fc007000-7f30fc151000 rw-p 00000000 00:00 0 
7f30fc151000-7f30fc303000 r--s 01d23000 08:01 536074                     /usr/lib/jvm/java-7-openjdk-amd64/jre/lib/rt.jar
7f30fc303000-7f30fc621000 rw-p 00000000 00:00 0 
7f30fc621000-7f30fc622000 ---p 00000000 00:00 0 
7f30fc622000-7f30fc722000 rw-p 00000000 00:00 0                          [stack:15665]
7f30fc722000-7f30fc723000 ---p 00000000 00:00 0 
7f30fc723000-7f30fc823000 rw-p 00000000 00:00 0                          [stack:15664]
7f30fc823000-7f30fc824000 ---p 00000000 00:00 0 
7f30fc824000-7f30fc924000 rw-p 00000000 00:00 0                          [stack:15663]
7f30fc924000-7f30fc925000 ---p 00000000 00:00 0 
7f30fc925000-7f30fca25000 rw-p 00000000 00:00 0                          [stack:15662]
7f30fca25000-7f30fca26000 ---p 00000000 00:00 0 
7f30fca26000-7f30fcb26000 rw-p 00000000 00:00 0                          [stack:15661]
7f30fcb26000-7f30fcb27000 ---p 00000000 00:00 0 
7f30fcb27000-7f30fcc27000 rw-p 00000000 00:00 0                          [stack:15660]
7f30fcc27000-7f30fcc28000 ---p 00000000 00:00 0 
7f30fcc28000-7f30fcd28000 rw-p 00000000 00:00 0                          [stack:15659]
7f30fcd28000-7f30fcd29000 ---p 00000000 00:00 0 
7f30fcd29000-7f30fce34000 rw-p 00000000 00:00 0                          [stack:15658]
7f30fce34000-7f30fce7c000 rw-p 00000000 00:00 0 
7f30fce7c000-7f30fce90000 rw-p 00000000 00:00 0 
7f30fce90000-7f30fcfb3000 rw-p 00000000 00:00 0 
7f30fcfb3000-7f30fcfbe000 rw-p 00000000 00:00 0 
7f30fcfbe000-7f30fd006000 rw-p 00000000 00:00 0 
7f30fd006000-7f30fd01a000 rw-p 00000000 00:00 0 
7f30fd01a000-7f30fd13c000 rw-p 00000000 00:00 0 
7f30fd13c000-7f30fd147000 rw-p 00000000 00:00 0 
7f30fd147000-7f30fd1d8000 rw-p 00000000 00:00 0 
7f30fd1d8000-7f30fd1d9000 rw-p 00000000 00:00 0 
7f30fd1d9000-7f30fd1e1000 r-xp 00000000 08:01 585304                     /usr/lib/jvm/java-7-openjdk-amd64/jre/lib/amd64/libzip.so
7f30fd1e1000-7f30fd3e0000 ---p 00008000 08:01 585304                     /usr/lib/jvm/java-7-openjdk-amd64/jre/lib/amd64/libzip.so
7f30fd3e0000-7f30fd3e1000 r--p 00007000 08:01 585304                     /usr/lib/jvm/java-7-openjdk-amd64/jre/lib/amd64/libzip.so
7f30fd3e1000-7f30fd3e2000 rw-p 00008000 08:01 585304                     /usr/lib/jvm/java-7-openjdk-amd64/jre/lib/amd64/libzip.so
7f30fd3e2000-7f30fd3ed000 r-xp 00000000 08:01 21245                      /lib/x86_64-linux-gnu/libnss_files-2.19.so
7f30fd3ed000-7f30fd5ec000 ---p 0000b000 08:01 21245                      /lib/x86_64-linux-gnu/libnss_files-2.19.so
7f30fd5ec000-7f30fd5ed000 r--p 0000a000 08:01 21245                      /lib/x86_64-linux-gnu/libnss_files-2.19.so
7f30fd5ed000-7f30fd5ee000 rw-p 0000b000 08:01 21245                      /lib/x86_64-linux-gnu/libnss_files-2.19.so
7f30fd5ee000-7f30fd5f9000 r-xp 00000000 08:01 21242                      /lib/x86_64-linux-gnu/libnss_nis-2.19.so
7f30fd5f9000-7f30fd7f8000 ---p 0000b000 08:01 21242                      /lib/x86_64-linux-gnu/libnss_nis-2.19.so
7f30fd7f8000-7f30fd7f9000 r--p 0000a000 08:01 21242                      /lib/x86_64-linux-gnu/libnss_nis-2.19.so
7f30fd7f9000-7f30fd7fa000 rw-p 0000b000 08:01 21242                      /lib/x86_64-linux-gnu/libnss_nis-2.19.so
7f30fd7fa000-7f30fd811000 r-xp 00000000 08:01 21230                      /lib/x86_64-linux-gnu/libnsl-2.19.so
7f30fd811000-7f30fda10000 ---p 00017000 08:01 21230                      /lib/x86_64-linux-gnu/libnsl-2.19.so
7f30fda10000-7f30fda11000 r--p 00016000 08:01 21230                      /lib/x86_64-linux-gnu/libnsl-2.19.so
7f30fda11000-7f30fda12000 rw-p 00017000 08:01 21230                      /lib/x86_64-linux-gnu/libnsl-2.19.so
7f30fda12000-7f30fda14000 rw-p 00000000 00:00 0 
7f30fda14000-7f30fda1d000 r-xp 00000000 08:01 21224                      /lib/x86_64-linux-gnu/libnss_compat-2.19.so
7f30fda1d000-7f30fdc1c000 ---p 00009000 08:01 21224                      /lib/x86_64-linux-gnu/libnss_compat-2.19.so
7f30fdc1c000-7f30fdc1d000 r--p 00008000 08:01 21224                      /lib/x86_64-linux-gnu/libnss_compat-2.19.so
7f30fdc1d000-7f30fdc1e000 rw-p 00009000 08:01 21224                      /lib/x86_64-linux-gnu/libnss_compat-2.19.so
7f30fdc1e000-7f30fdc49000 r-xp 00000000 08:01 585282                     /usr/lib/jvm/java-7-openjdk-amd64/jre/lib/amd64/libjava.so
7f30fdc49000-7f30fde49000 ---p 0002b000 08:01 585282                     /usr/lib/jvm/java-7-openjdk-amd64/jre/lib/amd64/libjava.so
7f30fde49000-7f30fde4a000 r--p 0002b000 08:01 585282                     /usr/lib/jvm/java-7-openjdk-amd64/jre/lib/amd64/libjava.so
7f30fde4a000-7f30fde4c000 rw-p 0002c000 08:01 585282                     /usr/lib/jvm/java-7-openjdk-amd64/jre/lib/amd64/libjava.so
7f30fde4c000-7f30fde5c000 r-xp 00000000 08:01 585281                     /usr/lib/jvm/java-7-openjdk-amd64/jre/lib/amd64/libverify.so
7f30fde5c000-7f30fe05b000 ---p 00010000 08:01 585281                     /usr/lib/jvm/java-7-openjdk-amd64/jre/lib/amd64/libverify.so
7f30fe05b000-7f30fe05d000 r--p 0000f000 08:01 585281                     /usr/lib/jvm/java-7-openjdk-amd64/jre/lib/amd64/libverify.so
7f30fe05d000-7f30fe05e000 rw-p 00011000 08:01 585281                     /usr/lib/jvm/java-7-openjdk-amd64/jre/lib/amd64/libverify.so
7f30fe05e000-7f30fe065000 r-xp 00000000 08:01 21214                      /lib/x86_64-linux-gnu/librt-2.19.so
7f30fe065000-7f30fe264000 ---p 00007000 08:01 21214                      /lib/x86_64-linux-gnu/librt-2.19.so
7f30fe264000-7f30fe265000 r--p 00006000 08:01 21214                      /lib/x86_64-linux-gnu/librt-2.19.so
7f30fe265000-7f30fe266000 rw-p 00007000 08:01 21214                      /lib/x86_64-linux-gnu/librt-2.19.so
7f30fe266000-7f30fe27c000 r-xp 00000000 08:01 4867                       /lib/x86_64-linux-gnu/libgcc_s.so.1
7f30fe27c000-7f30fe47b000 ---p 00016000 08:01 4867                       /lib/x86_64-linux-gnu/libgcc_s.so.1
7f30fe47b000-7f30fe47c000 rw-p 00015000 08:01 4867                       /lib/x86_64-linux-gnu/libgcc_s.so.1
7f30fe47c000-7f30fe581000 r-xp 00000000 08:01 21228                      /lib/x86_64-linux-gnu/libm-2.19.so
7f30fe581000-7f30fe780000 ---p 00105000 08:01 21228                      /lib/x86_64-linux-gnu/libm-2.19.so
7f30fe780000-7f30fe781000 r--p 00104000 08:01 21228                      /lib/x86_64-linux-gnu/libm-2.19.so
7f30fe781000-7f30fe782000 rw-p 00105000 08:01 21228                      /lib/x86_64-linux-gnu/libm-2.19.so
7f30fe782000-7f30fe868000 r-xp 00000000 08:01 537514                     /usr/lib/x86_64-linux-gnu/libstdc++.so.6.0.19
7f30fe868000-7f30fea67000 ---p 000e6000 08:01 537514                     /usr/lib/x86_64-linux-gnu/libstdc++.so.6.0.19
7f30fea67000-7f30fea6f000 r--p 000e5000 08:01 537514                     /usr/lib/x86_64-linux-gnu/libstdc++.so.6.0.19
7f30fea6f000-7f30fea71000 rw-p 000ed000 08:01 537514                     /usr/lib/x86_64-linux-gnu/libstdc++.so.6.0.19
7f30fea71000-7f30fea86000 rw-p 00000000 00:00 0 
7f30fea86000-7f30ff59e000 r-xp 00000000 08:01 585291                     /usr/lib/jvm/java-7-openjdk-amd64/jre/lib/amd64/server/libjvm.so
7f30ff59e000-7f30ff79e000 ---p 00b18000 08:01 585291                     /usr/lib/jvm/java-7-openjdk-amd64/jre/lib/amd64/server/libjvm.so
7f30ff79e000-7f30ff838000 r--p 00b18000 08:01 585291                     /usr/lib/jvm/java-7-openjdk-amd64/jre/lib/amd64/server/libjvm.so
7f30ff838000-7f30ff85b000 rw-p 00bb2000 08:01 585291                     /usr/lib/jvm/java-7-openjdk-amd64/jre/lib/amd64/server/libjvm.so
7f30ff85b000-7f30ff889000 rw-p 00000000 00:00 0 
7f30ff889000-7f30ff8a1000 r-xp 00000000 08:01 5053                       /lib/x86_64-linux-gnu/libz.so.1.2.8
7f30ff8a1000-7f30ffaa0000 ---p 00018000 08:01 5053                       /lib/x86_64-linux-gnu/libz.so.1.2.8
7f30ffaa0000-7f30ffaa1000 r--p 00017000 08:01 5053                       /lib/x86_64-linux-gnu/libz.so.1.2.8
7f30ffaa1000-7f30ffaa2000 rw-p 00018000 08:01 5053                       /lib/x86_64-linux-gnu/libz.so.1.2.8
7f30ffaa2000-7f30ffabb000 r-xp 00000000 08:01 21244                      /lib/x86_64-linux-gnu/libpthread-2.19.so
7f30ffabb000-7f30ffcba000 ---p 00019000 08:01 21244                      /lib/x86_64-linux-gnu/libpthread-2.19.so
7f30ffcba000-7f30ffcbb000 r--p 00018000 08:01 21244                      /lib/x86_64-linux-gnu/libpthread-2.19.so
7f30ffcbb000-7f30ffcbc000 rw-p 00019000 08:01 21244                      /lib/x86_64-linux-gnu/libpthread-2.19.so
7f30ffcbc000-7f30ffcc0000 rw-p 00000000 00:00 0 
7f30ffcc0000-7f30ffcc3000 r-xp 00000000 08:01 21220                      /lib/x86_64-linux-gnu/libdl-2.19.so
7f30ffcc3000-7f30ffec2000 ---p 00003000 08:01 21220                      /lib/x86_64-linux-gnu/libdl-2.19.so
7f30ffec2000-7f30ffec3000 r--p 00002000 08:01 21220                      /lib/x86_64-linux-gnu/libdl-2.19.so
7f30ffec3000-7f30ffec4000 rw-p 00003000 08:01 21220                      /lib/x86_64-linux-gnu/libdl-2.19.so
7f30ffec4000-7f310007f000 r-xp 00000000 08:01 21212                      /lib/x86_64-linux-gnu/libc-2.19.so
7f310007f000-7f310027f000 ---p 001bb000 08:01 21212                      /lib/x86_64-linux-gnu/libc-2.19.so
7f310027f000-7f3100283000 r--p 001bb000 08:01 21212                      /lib/x86_64-linux-gnu/libc-2.19.so
7f3100283000-7f3100285000 rw-p 001bf000 08:01 21212                      /lib/x86_64-linux-gnu/libc-2.19.so
7f3100285000-7f310028a000 rw-p 00000000 00:00 0 
7f310028a000-7f3100297000 r-xp 00000000 08:01 537319                     /usr/lib/jvm/java-7-openjdk-amd64/jre/lib/amd64/jli/libjli.so
7f3100297000-7f3100496000 ---p 0000d000 08:01 537319                     /usr/lib/jvm/java-7-openjdk-amd64/jre/lib/amd64/jli/libjli.so
7f3100496000-7f3100497000 r--p 0000c000 08:01 537319                     /usr/lib/jvm/java-7-openjdk-amd64/jre/lib/amd64/jli/libjli.so
7f3100497000-7f3100498000 rw-p 0000d000 08:01 537319                     /usr/lib/jvm/java-7-openjdk-amd64/jre/lib/amd64/jli/libjli.so
7f3100498000-7f31004bb000 r-xp 00000000 08:01 21208                      /lib/x86_64-linux-gnu/ld-2.19.so
7f31004bb000-7f31004bc000 r--s 000cd000 08:01 468819                     /home/sirolf2009/.gradle/caches/modules-2/files-2.1/com.badlogicgames.gdx/gdx-platform/1.3.1/88596abf3fdd2ea4662e67d59c3c05b07b0d859b/gdx-platform-1.3.1-natives-desktop.jar
7f31004bc000-7f31004bf000 r--s 0001f000 08:01 468818                     /home/sirolf2009/.gradle/caches/modules-2/files-2.1/com.badlogicgames.gdx/gdx-backend-lwjgl/1.3.1/8df8aa24811d137e88658508fba4c7bb6f27c8c9/gdx-backend-lwjgl-1.3.1.jar
7f31004bf000-7f31004c2000 r--s 00086000 08:01 536314                     /usr/lib/jvm/java-7-openjdk-amd64/jre/lib/ext/localedata.jar
7f31004c2000-7f31004c4000 r--s 00012000 08:01 536128                     /usr/lib/jvm/java-7-openjdk-amd64/jre/lib/ext/zipfs.jar
7f31004c4000-7f31004c8000 r--s 00034000 08:01 536123                     /usr/lib/jvm/java-7-openjdk-amd64/jre/lib/ext/sunjce_provider.jar
7f31004c8000-7f31004cb000 r--s 0000f000 08:01 536121                     /usr/lib/jvm/java-7-openjdk-amd64/jre/lib/ext/icedtea-sound.jar
7f31004cb000-7f31004cf000 r--s 0003c000 08:01 536122                     /usr/lib/jvm/java-7-openjdk-amd64/jre/lib/ext/sunpkcs11.jar
7f31004cf000-7f31004d1000 r--s 00006000 08:01 303697                     /usr/share/java/java-atk-wrapper.jar
7f31004d1000-7f31004d2000 r--s 00002000 08:01 536253                     /usr/lib/jvm/java-7-openjdk-amd64/jre/lib/ext/dnsns.jar
7f31004d2000-7f31004dc000 rw-p 00000000 00:00 0 
7f31004dc000-7f3100592000 rw-p 00000000 00:00 0 
7f3100592000-7f3100595000 ---p 00000000 00:00 0 
7f3100595000-7f31006ae000 rw-p 00000000 00:00 0                          [stack:15656]
7f31006ae000-7f31006b6000 rw-s 00000000 08:01 394988                     /tmp/hsperfdata_sirolf2009/15651 (deleted)
7f31006b6000-7f31006b7000 rw-p 00000000 00:00 0 
7f31006b7000-7f31006b8000 ---p 00000000 00:00 0 
7f31006b8000-7f31006ba000 rw-p 00000000 00:00 0 
7f31006ba000-7f31006bb000 r--p 00022000 08:01 21208                      /lib/x86_64-linux-gnu/ld-2.19.so
7f31006bb000-7f31006bc000 rw-p 00023000 08:01 21208                      /lib/x86_64-linux-gnu/ld-2.19.so
7f31006bc000-7f31006bd000 rw-p 00000000 00:00 0 
7fff7aa38000-7fff7aa5a000 rw-p 00000000 00:00 0                          [stack]
7fff7ab30000-7fff7ab32000 r-xp 00000000 00:00 0                          [vdso]
ffffffffff600000-ffffffffff601000 r-xp 00000000 00:00 0                  [vsyscall]

VM Arguments:
jvm_args: -Dfile.encoding=UTF-8 
java_command: com.sirolf2009.wartriumph.desktop.DesktopLauncher
Launcher Type: SUN_STANDARD

Environment Variables:
PATH=/home/sirolf2009/bin:/usr/local/sbin:/usr/local/bin:/usr/sbin:/usr/bin:/sbin:/bin:/usr/games:/usr/local/games
USERNAME=sirolf2009
SHELL=/bin/bash
DISPLAY=:0

Signal Handlers:
SIGSEGV: [libjvm.so+0x94b4b0], sa_mask[0]=0x7ffbfeff, sa_flags=0x10000004
SIGBUS: [libjvm.so+0x94b4b0], sa_mask[0]=0x7ffbfeff, sa_flags=0x10000004
SIGFPE: [libjvm.so+0x7c3390], sa_mask[0]=0x7ffbfeff, sa_flags=0x10000004
SIGPIPE: [libjvm.so+0x7c3390], sa_mask[0]=0x7ffbfeff, sa_flags=0x10000004
SIGXFSZ: [libjvm.so+0x7c3390], sa_mask[0]=0x7ffbfeff, sa_flags=0x10000004
SIGILL: [libjvm.so+0x7c3390], sa_mask[0]=0x7ffbfeff, sa_flags=0x10000004
SIGUSR1: SIG_DFL, sa_mask[0]=0x00000000, sa_flags=0x00000000
SIGUSR2: [libjvm.so+0x7c3230], sa_mask[0]=0x00000004, sa_flags=0x10000004
SIGHUP: [libjvm.so+0x7c3410], sa_mask[0]=0x7ffbfeff, sa_flags=0x10000004
SIGINT: [libjvm.so+0x7c3410], sa_mask[0]=0x7ffbfeff, sa_flags=0x10000004
SIGTERM: [libjvm.so+0x7c3410], sa_mask[0]=0x7ffbfeff, sa_flags=0x10000004
SIGQUIT: [libjvm.so+0x7c3410], sa_mask[0]=0x7ffbfeff, sa_flags=0x10000004
SIGTRAP: SIG_DFL, sa_mask[0]=0x00000000, sa_flags=0x00000000


---------------  S Y S T E M  ---------------

OS:Ubuntu 14.04 (trusty)
uname:Linux 3.13.0-44-generic #73-Ubuntu SMP Tue Dec 16 00:22:43 UTC 2014 x86_64
libc:glibc 2.19 NPTL 2.19 
rlimit: STACK 8192k, CORE 0k, NPROC 29640, NOFILE 4096, AS infinity
load average:0,81 1,13 1,17

/proc/meminfo:
MemTotal:        3815684 kB
MemFree:          241844 kB
Buffers:            3964 kB
Cached:           183444 kB
SwapCached:        34144 kB
Active:          2072464 kB
Inactive:        1120968 kB
Active(anon):    1986876 kB
Inactive(anon):  1054432 kB
Active(file):      85588 kB
Inactive(file):    66536 kB
Unevictable:         944 kB
Mlocked:             944 kB
SwapTotal:       3294204 kB
SwapFree:        2662572 kB
Dirty:              2404 kB
Writeback:             0 kB
AnonPages:       2981420 kB
Mapped:           252448 kB
Shmem:             35092 kB
Slab:             124020 kB
SReclaimable:      74496 kB
SUnreclaim:        49524 kB
KernelStack:        7328 kB
PageTables:        52020 kB
NFS_Unstable:          0 kB
Bounce:                0 kB
WritebackTmp:          0 kB
CommitLimit:     5202044 kB
Committed_AS:    8659272 kB
VmallocTotal:   34359738367 kB
VmallocUsed:      310960 kB
VmallocChunk:   34359423100 kB
HardwareCorrupted:     0 kB
AnonHugePages:   1132544 kB
HugePages_Total:       0
HugePages_Free:        0
HugePages_Rsvd:        0
HugePages_Surp:        0
Hugepagesize:       2048 kB
DirectMap4k:      343552 kB
DirectMap2M:     3616768 kB
DirectMap1G:           0 kB


CPU:total 8 (4 cores per cpu, 2 threads per core) family 6 model 60 stepping 3, cmov, cx8, fxsr, mmx, sse, sse2, sse3, ssse3, sse4.1, sse4.2, popcnt, avx, avx2, aes, erms, ht, tsc, tscinvbit

/proc/cpuinfo:
processor	: 0
vendor_id	: GenuineIntel
cpu family	: 6
model		: 60
model name	: Intel(R) Core(TM) i7-4700MQ CPU @ 2.40GHz
stepping	: 3
microcode	: 0x16
cpu MHz		: 1100.000
cache size	: 6144 KB
physical id	: 0
siblings	: 8
core id		: 0
cpu cores	: 4
apicid		: 0
initial apicid	: 0
fpu		: yes
fpu_exception	: yes
cpuid level	: 13
wp		: yes
flags		: fpu vme de pse tsc msr pae mce cx8 apic sep mtrr pge mca cmov pat pse36 clflush dts acpi mmx fxsr sse sse2 ss ht tm pbe syscall nx pdpe1gb rdtscp lm constant_tsc arch_perfmon pebs bts rep_good nopl xtopology nonstop_tsc aperfmperf eagerfpu pni pclmulqdq dtes64 monitor ds_cpl vmx est tm2 ssse3 fma cx16 xtpr pdcm pcid sse4_1 sse4_2 movbe popcnt tsc_deadline_timer aes xsave avx f16c rdrand lahf_lm abm ida arat epb xsaveopt pln pts dtherm tpr_shadow vnmi flexpriority ept vpid fsgsbase tsc_adjust bmi1 avx2 smep bmi2 erms invpcid
bogomips	: 4788.72
clflush size	: 64
cache_alignment	: 64
address sizes	: 39 bits physical, 48 bits virtual
power management:

processor	: 1
vendor_id	: GenuineIntel
cpu family	: 6
model		: 60
model name	: Intel(R) Core(TM) i7-4700MQ CPU @ 2.40GHz
stepping	: 3
microcode	: 0x16
cpu MHz		: 800.000
cache size	: 6144 KB
physical id	: 0
siblings	: 8
core id		: 0
cpu cores	: 4
apicid		: 1
initial apicid	: 1
fpu		: yes
fpu_exception	: yes
cpuid level	: 13
wp		: yes
flags		: fpu vme de pse tsc msr pae mce cx8 apic sep mtrr pge mca cmov pat pse36 clflush dts acpi mmx fxsr sse sse2 ss ht tm pbe syscall nx pdpe1gb rdtscp lm constant_tsc arch_perfmon pebs bts rep_good nopl xtopology nonstop_tsc aperfmperf eagerfpu pni pclmulqdq dtes64 monitor ds_cpl vmx est tm2 ssse3 fma cx16 xtpr pdcm pcid sse4_1 sse4_2 movbe popcnt tsc_deadline_timer aes xsave avx f16c rdrand lahf_lm abm ida arat epb xsaveopt pln pts dtherm tpr_shadow vnmi flexpriority ept vpid fsgsbase tsc_adjust bmi1 avx2 smep bmi2 erms invpcid
bogomips	: 4788.72
clflush size	: 64
cache_alignment	: 64
address sizes	: 39 bits physical, 48 bits virtual
power management:

processor	: 2
vendor_id	: GenuineIntel
cpu family	: 6
model		: 60
model name	: Intel(R) Core(TM) i7-4700MQ CPU @ 2.40GHz
stepping	: 3
microcode	: 0x16
cpu MHz		: 1500.000
cache size	: 6144 KB
physical id	: 0
siblings	: 8
core id		: 1
cpu cores	: 4
apicid		: 2
initial apicid	: 2
fpu		: yes
fpu_exception	: yes
cpuid level	: 13
wp		: yes
flags		: fpu vme de pse tsc msr pae mce cx8 apic sep mtrr pge mca cmov pat pse36 clflush dts acpi mmx fxsr sse sse2 ss ht tm pbe syscall nx pdpe1gb rdtscp lm constant_tsc arch_perfmon pebs bts rep_good nopl xtopology nonstop_tsc aperfmperf eagerfpu pni pclmulqdq dtes64 monitor ds_cpl vmx est tm2 ssse3 fma cx16 xtpr pdcm pcid sse4_1 sse4_2 movbe popcnt tsc_deadline_timer aes xsave avx f16c rdrand lahf_lm abm ida arat epb xsaveopt pln pts dtherm tpr_shadow vnmi flexpriority ept vpid fsgsbase tsc_adjust bmi1 avx2 smep bmi2 erms invpcid
bogomips	: 4788.72
clflush size	: 64
cache_alignment	: 64
address sizes	: 39 bits physical, 48 bits virtual
power management:

processor	: 3
vendor_id	: GenuineIntel
cpu family	: 6
model		: 60
model name	: Intel(R) Core(TM) i7-4700MQ CPU @ 2.40GHz
stepping	: 3
microcode	: 0x16
cpu MHz		: 800.000
cache size	: 6144 KB
physical id	: 0
siblings	: 8
core id		: 1
cpu cores	: 4
apicid		: 3
initial apicid	: 3
fpu		: yes
fpu_exception	: yes
cpuid level	: 13
wp		: yes
flags		: fpu vme de pse tsc msr pae mce cx8 apic sep mtrr pge mca cmov pat pse36 clflush dts acpi mmx fxsr sse sse2 ss ht tm pbe syscall nx pdpe1gb rdtscp lm constant_tsc arch_perfmon pebs bts rep_good nopl xtopology nonstop_tsc aperfmperf eagerfpu pni pclmulqdq dtes64 monitor ds_cpl vmx est tm2 ssse3 fma cx16 xtpr pdcm pcid sse4_1 sse4_2 movbe popcnt tsc_deadline_timer aes xsave avx f16c rdrand lahf_lm abm ida arat epb xsaveopt pln pts dtherm tpr_shadow vnmi flexpriority ept vpid fsgsbase tsc_adjust bmi1 avx2 smep bmi2 erms invpcid
bogomips	: 4788.72
clflush size	: 64
cache_alignment	: 64
address sizes	: 39 bits physical, 48 bits virtual
power management:

processor	: 4
vendor_id	: GenuineIntel
cpu family	: 6
model		: 60
model name	: Intel(R) Core(TM) i7-4700MQ CPU @ 2.40GHz
stepping	: 3
microcode	: 0x16
cpu MHz		: 800.000
cache size	: 6144 KB
physical id	: 0
siblings	: 8
core id		: 2
cpu cores	: 4
apicid		: 4
initial apicid	: 4
fpu		: yes
fpu_exception	: yes
cpuid level	: 13
wp		: yes
flags		: fpu vme de pse tsc msr pae mce cx8 apic sep mtrr pge mca cmov pat pse36 clflush dts acpi mmx fxsr sse sse2 ss ht tm pbe syscall nx pdpe1gb rdtscp lm constant_tsc arch_perfmon pebs bts rep_good nopl xtopology nonstop_tsc aperfmperf eagerfpu pni pclmulqdq dtes64 monitor ds_cpl vmx est tm2 ssse3 fma cx16 xtpr pdcm pcid sse4_1 sse4_2 movbe popcnt tsc_deadline_timer aes xsave avx f16c rdrand lahf_lm abm ida arat epb xsaveopt pln pts dtherm tpr_shadow vnmi flexpriority ept vpid fsgsbase tsc_adjust bmi1 avx2 smep bmi2 erms invpcid
bogomips	: 4788.72
clflush size	: 64
cache_alignment	: 64
address sizes	: 39 bits physical, 48 bits virtual
power management:

processor	: 5
vendor_id	: GenuineIntel
cpu family	: 6
model		: 60
model name	: Intel(R) Core(TM) i7-4700MQ CPU @ 2.40GHz
stepping	: 3
microcode	: 0x16
cpu MHz		: 2401.000
cache size	: 6144 KB
physical id	: 0
siblings	: 8
core id		: 2
cpu cores	: 4
apicid		: 5
initial apicid	: 5
fpu		: yes
fpu_exception	: yes
cpuid level	: 13
wp		: yes
flags		: fpu vme de pse tsc msr pae mce cx8 apic sep mtrr pge mca cmov pat pse36 clflush dts acpi mmx fxsr sse sse2 ss ht tm pbe syscall nx pdpe1gb rdtscp lm constant_tsc arch_perfmon pebs bts rep_good nopl xtopology nonstop_tsc aperfmperf eagerfpu pni pclmulqdq dtes64 monitor ds_cpl vmx est tm2 ssse3 fma cx16 xtpr pdcm pcid sse4_1 sse4_2 movbe popcnt tsc_deadline_timer aes xsave avx f16c rdrand lahf_lm abm ida arat epb xsaveopt pln pts dtherm tpr_shadow vnmi flexpriority ept vpid fsgsbase tsc_adjust bmi1 avx2 smep bmi2 erms invpcid
bogomips	: 4788.72
clflush size	: 64
cache_alignment	: 64
address sizes	: 39 bits physical, 48 bits virtual
power management:

processor	: 6
vendor_id	: GenuineIntel
cpu family	: 6
model		: 60
model name	: Intel(R) Core(TM) i7-4700MQ CPU @ 2.40GHz
stepping	: 3
microcode	: 0x16
cpu MHz		: 1000.000
cache size	: 6144 KB
physical id	: 0
siblings	: 8
core id		: 3
cpu cores	: 4
apicid		: 6
initial apicid	: 6
fpu		: yes
fpu_exception	: yes
cpuid level	: 13
wp		: yes
flags		: fpu vme de pse tsc msr pae mce cx8 apic sep mtrr pge mca cmov pat pse36 clflush dts acpi mmx fxsr sse sse2 ss ht tm pbe syscall nx pdpe1gb rdtscp lm constant_tsc arch_perfmon pebs bts rep_good nopl xtopology nonstop_tsc aperfmperf eagerfpu pni pclmulqdq dtes64 monitor ds_cpl vmx est tm2 ssse3 fma cx16 xtpr pdcm pcid sse4_1 sse4_2 movbe popcnt tsc_deadline_timer aes xsave avx f16c rdrand lahf_lm abm ida arat epb xsaveopt pln pts dtherm tpr_shadow vnmi flexpriority ept vpid fsgsbase tsc_adjust bmi1 avx2 smep bmi2 erms invpcid
bogomips	: 4788.72
clflush size	: 64
cache_alignment	: 64
address sizes	: 39 bits physical, 48 bits virtual
power management:

processor	: 7
vendor_id	: GenuineIntel
cpu family	: 6
model		: 60
model name	: Intel(R) Core(TM) i7-4700MQ CPU @ 2.40GHz
stepping	: 3
microcode	: 0x16
cpu MHz		: 2401.000
cache size	: 6144 KB
physical id	: 0
siblings	: 8
core id		: 3
cpu cores	: 4
apicid		: 7
initial apicid	: 7
fpu		: yes
fpu_exception	: yes
cpuid level	: 13
wp		: yes
flags		: fpu vme de pse tsc msr pae mce cx8 apic sep mtrr pge mca cmov pat pse36 clflush dts acpi mmx fxsr sse sse2 ss ht tm pbe syscall nx pdpe1gb rdtscp lm constant_tsc arch_perfmon pebs bts rep_good nopl xtopology nonstop_tsc aperfmperf eagerfpu pni pclmulqdq dtes64 monitor ds_cpl vmx est tm2 ssse3 fma cx16 xtpr pdcm pcid sse4_1 sse4_2 movbe popcnt tsc_deadline_timer aes xsave avx f16c rdrand lahf_lm abm ida arat epb xsaveopt pln pts dtherm tpr_shadow vnmi flexpriority ept vpid fsgsbase tsc_adjust bmi1 avx2 smep bmi2 erms invpcid
bogomips	: 4788.72
clflush size	: 64
cache_alignment	: 64
address sizes	: 39 bits physical, 48 bits virtual
power management:



Memory: 4k page, physical 3815684k(241844k free), swap 3294204k(2662572k free)

vm_info: OpenJDK 64-Bit Server VM (24.75-b04) for linux-amd64 JRE (1.7.0_75-b13), built on Jan 27 2015 00:38:59 by "buildd" with gcc 4.8.2

time: Thu Jan 29 15:29:04 2015
elapsed time: 198 seconds

