#
# A fatal error has been detected by the Java Runtime Environment:
#
#  SIGSEGV (0xb) at pc=0x0000000000000000, pid=21298, tid=140027551278848
#
# JRE version: OpenJDK Runtime Environment (7.0_75-b13) (build 1.7.0_75-b13)
# Java VM: OpenJDK 64-Bit Server VM (24.75-b04 mixed mode linux-amd64 compressed oops)
# Derivative: IcedTea 2.5.4
# Distribution: Ubuntu 14.04 LTS, package 7u75-2.5.4-1~trusty1
# Problematic frame:
# C  0x0000000000000000
#
# Failed to write core dump. Core dumps have been disabled. To enable core dumping, try "ulimit -c unlimited" before starting Java again
#
# If you would like to submit a bug report, please include
# instructions on how to reproduce the bug and visit:
#   http://icedtea.classpath.org/bugzilla
#

---------------  T H R E A D  ---------------

Current thread is native thread

siginfo:si_signo=SIGSEGV: si_errno=0, si_code=1 (SEGV_MAPERR), si_addr=0x0000000000000000

Registers:
RAX=0x00007f5ab6a007c0, RBX=0x0000000000000800, RCX=0x00007f5b0431cf00, RDX=0x00007f5b0431cf00
RSP=0x00007f5ab473dd18, RBP=0x00007f5b04306d90, RSI=0x0000000000000000, RDI=0x00007f5b04306d90
R8 =0x00000000006c3000, R9 =0x0000000000000001, R10=0x00007f5b04306db4, R11=0x0000000000000000
R12=0x00007f5b0430af20, R13=0x0000000000012000, R14=0x0000000000002000, R15=0x00007f5ab473dec8
RIP=0x0000000000000000, EFLAGS=0x0000000000010246, CSGSFS=0x0000000000000033, ERR=0x0000000000000014
  TRAPNO=0x000000000000000e

Top of Stack: (sp=0x00007f5ab473dd18)
0x00007f5ab473dd18:   00007f5ab67c94d1 00000000ffffffff
0x00007f5ab473dd28:   00007f5aac005b60 00007f5abb800000
0x00007f5ab473dd38:   00007f5b0cd65429 0000000000000000
0x00007f5ab473dd48:   00007f5ab6110fd2 00007f5b042ff6a0
0x00007f5ab473dd58:   0000000000000000 0000000000000000
0x00007f5ab473dd68:   0000000000000000 00007f5b04305b00
0x00007f5ab473dd78:   00007f5b04302850 0000000000004000
0x00007f5ab473dd88:   00007f5ab6118cda 00007f5b042ffa90
0x00007f5ab473dd98:   00007f5a9c000fb0 0000000000000000
0x00007f5ab473dda8:   5700000000000001 0000000000004000
0x00007f5ab473ddb8:   00007f5ab611a7eb 0000000000000000
0x00007f5ab473ddc8:   0000000000000000 0000000000000000
0x00007f5ab473ddd8:   0000000000000000 0000000000000000
0x00007f5ab473dde8:   0000000000004000 00007f5b04302850
0x00007f5ab473ddf8:   00007f5ab473dec8 00007f5ab473dec0
0x00007f5ab473de08:   00007f5b0430af20 00007f5ab6133c80
0x00007f5ab473de18:   00007f5ab6584bd2 00007f5aa402f040
0x00007f5ab473de28:   00007f5aa3fff040 00000800b473de70
0x00007f5ab473de38:   00007f5ab473de50 0000000000000000
0x00007f5ab473de48:   00007f5ab6589ea2 00001fa00000037f
0x00007f5ab473de58:   00007f5ab60fe9ff 00007f5b04305b00
0x00007f5ab473de68:   0000000000004000 00007f5b042ff620
0x00007f5ab473de78:   0000000000000000 00007f5b04306d90
0x00007f5ab473de88:   0000000000000008 00007f5ab473dec8
0x00007f5ab473de98:   00007f5ab67df544 0000000000000000
0x00007f5ab473dea8:   00007f5ab473dec0 0000000000002000
0x00007f5ab473deb8:   0000000000006000 00007f5aa3fff040
0x00007f5ab473dec8:   0000000000004000 0000000000000000
0x00007f5ab473ded8:   00007f5b04301ab0 0000000000000000
0x00007f5ab473dee8:   0000000000000000 0000000000000000
0x00007f5ab473def8:   00007f5ab473e9c0 00007f5ab473e700
0x00007f5ab473df08:   00007f5ab67d273a 00007f5ab473e700 

Instructions: (pc=0x0000000000000000)
0xffffffffffffffe0:   

Register to memory mapping:

RAX=0x00007f5ab6a007c0: <offset 0x2577c0> in /tmp/libgdxsirolf2009/7b43be9b/libopenal64.so at 0x00007f5ab67a9000
RBX=0x0000000000000800 is an unknown value
RCX=0x00007f5b0431cf00 is an unknown value
RDX=0x00007f5b0431cf00 is an unknown value
RSP=0x00007f5ab473dd18 is an unknown value
RBP=0x00007f5b04306d90 is an unknown value
RSI=0x0000000000000000 is an unknown value
RDI=0x00007f5b04306d90 is an unknown value
R8 =0x00000000006c3000 is an unknown value
R9 =0x0000000000000001 is an unknown value
R10=0x00007f5b04306db4 is an unknown value
R11=0x0000000000000000 is an unknown value
R12=0x00007f5b0430af20 is an unknown value
R13=0x0000000000012000 is an unknown value
R14=0x0000000000002000 is an unknown value
R15=0x00007f5ab473dec8 is an unknown value


Stack: [0x00007f5ab463e000,0x00007f5ab473f000],  sp=0x00007f5ab473dd18,  free space=1023k

---------------  P R O C E S S  ---------------

VM state:at safepoint (shutting down)

VM Mutex/Monitor currently owned by a thread:  ([mutex/lock_event])
[0x00007f5b04007d60] Threads_lock - owner thread: 0x00007f5b0407f800

Heap
 PSYoungGen      total 17920K, used 10148K [0x00000000ec900000, 0x00000000edc80000, 0x0000000100000000)
  eden space 15872K, 51% used [0x00000000ec900000,0x00000000ed0eb560,0x00000000ed880000)
  from space 2048K, 99% used [0x00000000eda80000,0x00000000edc7dae0,0x00000000edc80000)
  to   space 2048K, 0% used [0x00000000ed880000,0x00000000ed880000,0x00000000eda80000)
 ParOldGen       total 39424K, used 2485K [0x00000000c5c00000, 0x00000000c8280000, 0x00000000ec900000)
  object space 39424K, 6% used [0x00000000c5c00000,0x00000000c5e6d450,0x00000000c8280000)
 PSPermGen       total 21504K, used 10415K [0x00000000bb600000, 0x00000000bcb00000, 0x00000000c5c00000)
  object space 21504K, 48% used [0x00000000bb600000,0x00000000bc02bdf8,0x00000000bcb00000)

Card table byte_map: [0x00007f5b09d68000,0x00007f5b09f8e000] byte_map_base: 0x00007f5b0978d000

Polling page: 0x00007f5b0d46c000

Code Cache  [0x00007f5b01000000, 0x00007f5b01270000, 0x00007f5b04000000)
 total_blobs=884 nmethods=363 adapters=474 free_code_cache=47879Kb largest_free_block=48994368

Compilation events (10 events):
Event: 75,261 Thread 0x00007f5b040b4800  362             com.sirolf2009.wartriumph.world.WorldWarTriumph::getPlayer (5 bytes)
Event: 75,261 Thread 0x00007f5b040b4800 nmethod 362 0x00007f5b0113dfd0 code [0x00007f5b0113e100, 0x00007f5b0113e158]
Event: 82,733 Thread 0x00007f5b040b7800  363             java.util.ArrayList::clear (39 bytes)
Event: 82,734 Thread 0x00007f5b040b7800 nmethod 363 0x00007f5b0113dd90 code [0x00007f5b0113dec0, 0x00007f5b0113df58]
Event: 85,639 Thread 0x00007f5b040b4800  364             com.badlogic.gdx.backends.lwjgl.LwjglGraphics::getHeight (23 bytes)
Event: 85,642 Thread 0x00007f5b040b4800 nmethod 364 0x00007f5b0113d7d0 code [0x00007f5b0113d920, 0x00007f5b0113dc18]
Event: 87,960 Thread 0x00007f5b040b7800  365             java.io.OutputStreamWriter::flushBuffer (8 bytes)
Event: 87,961 Thread 0x00007f5b040b7800 nmethod 365 0x00007f5b01144710 code [0x00007f5b01144860, 0x00007f5b01144be8]
Event: 88,684 Thread 0x00007f5b040b4800  366             com.badlogic.gdx.utils.NumberUtils::intToFloatColor (18 bytes)
Event: 88,685 Thread 0x00007f5b040b4800 nmethod 366 0x00007f5b01144e90 code [0x00007f5b01144fc0, 0x00007f5b01145018]

GC Heap History (4 events):
Event: 16,652 GC heap before
{Heap before GC invocations=1 (full 0):
 PSYoungGen      total 17920K, used 15872K [0x00000000ec900000, 0x00000000edc80000, 0x0000000100000000)
  eden space 15872K, 100% used [0x00000000ec900000,0x00000000ed880000,0x00000000ed880000)
  from space 2048K, 0% used [0x00000000eda80000,0x00000000eda80000,0x00000000edc80000)
  to   space 2048K, 0% used [0x00000000ed880000,0x00000000ed880000,0x00000000eda80000)
 ParOldGen       total 39424K, used 0K [0x00000000c5c00000, 0x00000000c8280000, 0x00000000ec900000)
  object space 39424K, 0% used [0x00000000c5c00000,0x00000000c5c00000,0x00000000c8280000)
 PSPermGen       total 21504K, used 9134K [0x00000000bb600000, 0x00000000bcb00000, 0x00000000c5c00000)
  object space 21504K, 42% used [0x00000000bb600000,0x00000000bbeeb9a8,0x00000000bcb00000)
Event: 16,657 GC heap after
Heap after GC invocations=1 (full 0):
 PSYoungGen      total 17920K, used 2039K [0x00000000ec900000, 0x00000000edc80000, 0x0000000100000000)
  eden space 15872K, 0% used [0x00000000ec900000,0x00000000ec900000,0x00000000ed880000)
  from space 2048K, 99% used [0x00000000ed880000,0x00000000eda7dce0,0x00000000eda80000)
  to   space 2048K, 0% used [0x00000000eda80000,0x00000000eda80000,0x00000000edc80000)
 ParOldGen       total 39424K, used 1656K [0x00000000c5c00000, 0x00000000c8280000, 0x00000000ec900000)
  object space 39424K, 4% used [0x00000000c5c00000,0x00000000c5d9e048,0x00000000c8280000)
 PSPermGen       total 21504K, used 9134K [0x00000000bb600000, 0x00000000bcb00000, 0x00000000c5c00000)
  object space 21504K, 42% used [0x00000000bb600000,0x00000000bbeeb9a8,0x00000000bcb00000)
}
Event: 60,042 GC heap before
{Heap before GC invocations=2 (full 0):
 PSYoungGen      total 17920K, used 17911K [0x00000000ec900000, 0x00000000edc80000, 0x0000000100000000)
  eden space 15872K, 100% used [0x00000000ec900000,0x00000000ed880000,0x00000000ed880000)
  from space 2048K, 99% used [0x00000000ed880000,0x00000000eda7dce0,0x00000000eda80000)
  to   space 2048K, 0% used [0x00000000eda80000,0x00000000eda80000,0x00000000edc80000)
 ParOldGen       total 39424K, used 1656K [0x00000000c5c00000, 0x00000000c8280000, 0x00000000ec900000)
  object space 39424K, 4% used [0x00000000c5c00000,0x00000000c5d9e048,0x00000000c8280000)
 PSPermGen       total 21504K, used 10348K [0x00000000bb600000, 0x00000000bcb00000, 0x00000000c5c00000)
  object space 21504K, 48% used [0x00000000bb600000,0x00000000bc01b0c0,0x00000000bcb00000)
Event: 60,049 GC heap after
Heap after GC invocations=2 (full 0):
 PSYoungGen      total 17920K, used 2038K [0x00000000ec900000, 0x00000000edc80000, 0x0000000100000000)
  eden space 15872K, 0% used [0x00000000ec900000,0x00000000ec900000,0x00000000ed880000)
  from space 2048K, 99% used [0x00000000eda80000,0x00000000edc7dae0,0x00000000edc80000)
  to   space 2048K, 0% used [0x00000000ed880000,0x00000000ed880000,0x00000000eda80000)
 ParOldGen       total 39424K, used 2485K [0x00000000c5c00000, 0x00000000c8280000, 0x00000000ec900000)
  object space 39424K, 6% used [0x00000000c5c00000,0x00000000c5e6d450,0x00000000c8280000)
 PSPermGen       total 21504K, used 10348K [0x00000000bb600000, 0x00000000bcb00000, 0x00000000c5c00000)
  object space 21504K, 48% used [0x00000000bb600000,0x00000000bc01b0c0,0x00000000bcb00000)
}

Deoptimization events (10 events):
Event: 16,762 Thread 0x00007f5b04393000 Uncommon trap: reason=unreached action=reinterpret pc=0x00007f5b010b2474 method=com.badlogic.gdx.utils.Array.iterator()Ljava/util/Iterator; @ 4
Event: 16,762 Thread 0x00007f5b04393000 Uncommon trap: reason=unreached action=reinterpret pc=0x00007f5b010af630 method=com.badlogic.gdx.utils.Array$ArrayIterable.iterator()Ljava/util/Iterator; @ 4
Event: 23,630 Thread 0x00007f5b04393000 Uncommon trap: reason=class_check action=maybe_recompile pc=0x00007f5b010c4990 method=com.badlogic.gdx.graphics.g2d.BitmapFont.getBounds(Ljava/lang/CharSequence;IILcom/badlogic/gdx/graphics/g2d/BitmapFont$TextBounds;)Lcom/badlogic/gdx/graphics/g2d/BitmapF
Event: 23,630 Thread 0x00007f5b04393000 Uncommon trap: reason=class_check action=maybe_recompile pc=0x00007f5b010c4990 method=com.badlogic.gdx.graphics.g2d.BitmapFont.getBounds(Ljava/lang/CharSequence;IILcom/badlogic/gdx/graphics/g2d/BitmapFont$TextBounds;)Lcom/badlogic/gdx/graphics/g2d/BitmapF
Event: 23,633 Thread 0x00007f5b04393000 Uncommon trap: reason=class_check action=maybe_recompile pc=0x00007f5b010c4990 method=com.badlogic.gdx.graphics.g2d.BitmapFont.getBounds(Ljava/lang/CharSequence;IILcom/badlogic/gdx/graphics/g2d/BitmapFont$TextBounds;)Lcom/badlogic/gdx/graphics/g2d/BitmapF
Event: 23,633 Thread 0x00007f5b04393000 Uncommon trap: reason=class_check action=maybe_recompile pc=0x00007f5b010c4990 method=com.badlogic.gdx.graphics.g2d.BitmapFont.getBounds(Ljava/lang/CharSequence;IILcom/badlogic/gdx/graphics/g2d/BitmapFont$TextBounds;)Lcom/badlogic/gdx/graphics/g2d/BitmapF
Event: 26,262 Thread 0x00007f5b04393000 Uncommon trap: reason=unreached action=reinterpret pc=0x00007f5b010c65fc method=com.badlogic.gdx.scenes.scene2d.Stage.act(F)V @ 32
Event: 88,729 Thread 0x00007f5a98001000 Uncommon trap: reason=unreached action=reinterpret pc=0x00007f5b010d2fa0 method=java.lang.ThreadLocal.get()Ljava/lang/Object; @ 11
Event: 88,730 Thread 0x00007f5a8c008000 Uncommon trap: reason=class_check action=maybe_recompile pc=0x00007f5b010c9b98 method=java.util.concurrent.locks.AbstractQueuedSynchronizer.release(I)Z @ 2
Event: 88,779 Thread 0x00007f5a8c008000 Uncommon trap: reason=class_check action=maybe_recompile pc=0x00007f5b010c9b98 method=java.util.concurrent.locks.AbstractQueuedSynchronizer.release(I)Z @ 2

Internal exceptions (10 events):
Event: 17,137 Thread 0x00007f5a8c003000 Threw 0x00000000ece612b8 at /build/buildd/openjdk-7-7u75-2.5.4/build/openjdk/hotspot/src/share/vm/prims/jvm.cpp:1284
Event: 17,137 Thread 0x00007f5a8c003000 Threw 0x00000000ece66a48 at /build/buildd/openjdk-7-7u75-2.5.4/build/openjdk/hotspot/src/share/vm/prims/jvm.cpp:1284
Event: 17,138 Thread 0x00007f5a8c003000 Threw 0x00000000ece6bbb0 at /build/buildd/openjdk-7-7u75-2.5.4/build/openjdk/hotspot/src/share/vm/prims/jvm.cpp:1284
Event: 19,214 Thread 0x00007f5b04393000 Threw 0x00000000eceb39c0 at /build/buildd/openjdk-7-7u75-2.5.4/build/openjdk/hotspot/src/share/vm/prims/jvm.cpp:1284
Event: 23,612 Thread 0x00007f5b04393000 Threw 0x00000000ecf043f8 at /build/buildd/openjdk-7-7u75-2.5.4/build/openjdk/hotspot/src/share/vm/prims/jvm.cpp:1284
Event: 23,630 Thread 0x00007f5b04393000 Threw 0x00000000ecf241a0 at /build/buildd/openjdk-7-7u75-2.5.4/build/openjdk/hotspot/src/share/vm/prims/jvm.cpp:1284
Event: 88,729 Thread 0x00007f5a98001000 Threw 0x00000000ed0c4598 at /build/buildd/openjdk-7-7u75-2.5.4/build/openjdk/hotspot/src/share/vm/prims/jvm.cpp:1284
Event: 88,729 Thread 0x00007f5a98001000 Implicit null exception at 0x00007f5b010d2ed4 to 0x00007f5b010d2f8d
Event: 88,792 Thread 0x00007f5b04393000 Threw 0x00000000ed0334a8 at /build/buildd/openjdk-7-7u75-2.5.4/build/openjdk/hotspot/src/share/vm/prims/jni.cpp:721
Event: 88,792 Thread 0x00007f5b04393000 Threw 0x00000000ed0336b8 at /build/buildd/openjdk-7-7u75-2.5.4/build/openjdk/hotspot/src/share/vm/prims/jni.cpp:721

Events (10 events):
Event: 88,779 Executing VM operation: RevokeBias done
Event: 88,779 Thread 0x00007f5a8c008000 Uncommon trap: trap_request=0xffffffde fr.pc=0x00007f5b010c9b98
Event: 88,779 Thread 0x00007f5a8c008000 DEOPT PACKING pc=0x00007f5b010c9b98 sp=0x00007f5abc0ed850
Event: 88,779 Thread 0x00007f5a8c008000 DEOPT UNPACKING pc=0x00007f5b01039445 sp=0x00007f5abc0ed818 mode 2
Event: 88,787 Thread 0x00007f5a98001000 Thread exited: 0x00007f5a98001000
Event: 88,792 loading class 0x00007f5b0917a910
Event: 88,792 Thread 0x00007f5a98004000 Thread exited: 0x00007f5a98004000
Event: 88,792 loading class 0x00007f5b0917a910 done
Event: 88,792 Thread 0x00007f5b040b2000 Thread exited: 0x00007f5b040b2000
Event: 88,792 Executing VM operation: Exit


Dynamic libraries:
00400000-00401000 r-xp 00000000 08:01 635037                             /usr/lib/jvm/java-7-openjdk-amd64/jre/bin/java
00600000-00601000 r--p 00000000 08:01 635037                             /usr/lib/jvm/java-7-openjdk-amd64/jre/bin/java
00601000-00602000 rw-p 00001000 08:01 635037                             /usr/lib/jvm/java-7-openjdk-amd64/jre/bin/java
0228b000-022ac000 rw-p 00000000 00:00 0                                  [heap]
410e9000-41187000 rw-p 00000000 00:00 0 
41ed5000-41ed7000 r-xs 00000000 08:01 441494                             /tmp/glmVePpH (deleted)
bb600000-bcb00000 rw-p 00000000 00:00 0 
bcb00000-c5c00000 rw-p 00000000 00:00 0 
c5c00000-c8280000 rw-p 00000000 00:00 0 
c8280000-ec900000 rw-p 00000000 00:00 0 
ec900000-edc80000 rw-p 00000000 00:00 0 
edc80000-100000000 rw-p 00000000 00:00 0 
7f5a7c000000-7f5a7c021000 rw-p 00000000 00:00 0 
7f5a7c021000-7f5a80000000 ---p 00000000 00:00 0 
7f5a80000000-7f5a80021000 rw-p 00000000 00:00 0 
7f5a80021000-7f5a84000000 ---p 00000000 00:00 0 
7f5a84000000-7f5a84021000 rw-p 00000000 00:00 0 
7f5a84021000-7f5a88000000 ---p 00000000 00:00 0 
7f5a88000000-7f5a88021000 rw-p 00000000 00:00 0 
7f5a88021000-7f5a8c000000 ---p 00000000 00:00 0 
7f5a8c000000-7f5a8c021000 rw-p 00000000 00:00 0 
7f5a8c021000-7f5a90000000 ---p 00000000 00:00 0 
7f5a935fa000-7f5a935fd000 ---p 00000000 00:00 0 
7f5a935fd000-7f5a936fb000 rw-p 00000000 00:00 0 
7f5a936fb000-7f5a936fe000 ---p 00000000 00:00 0 
7f5a936fe000-7f5a937fc000 rw-p 00000000 00:00 0 
7f5a937fc000-7f5a937ff000 ---p 00000000 00:00 0 
7f5a937ff000-7f5a938fd000 rw-p 00000000 00:00 0 
7f5a938fd000-7f5a93cfd000 rw-s 16c24e000 00:05 15888                     /dev/nvidia0
7f5a93cfd000-7f5a93d00000 ---p 00000000 00:00 0 
7f5a93d00000-7f5a93dfe000 rw-p 00000000 00:00 0                          [stack:21386]
7f5a93dfe000-7f5a93e01000 ---p 00000000 00:00 0 
7f5a93e01000-7f5a93eff000 rw-p 00000000 00:00 0                          [stack:21385]
7f5a93eff000-7f5a93f02000 ---p 00000000 00:00 0 
7f5a93f02000-7f5a94000000 rw-p 00000000 00:00 0                          [stack:21456]
7f5a94000000-7f5a94f16000 rw-p 00000000 00:00 0 
7f5a94f16000-7f5a98000000 ---p 00000000 00:00 0 
7f5a98000000-7f5a98021000 rw-p 00000000 00:00 0 
7f5a98021000-7f5a9c000000 ---p 00000000 00:00 0 
7f5a9c000000-7f5a9c021000 rw-p 00000000 00:00 0 
7f5a9c021000-7f5aa0000000 ---p 00000000 00:00 0 
7f5aa0086000-7f5aa009d000 r-xp 00000000 08:01 585273                     /usr/lib/jvm/java-7-openjdk-amd64/jre/lib/amd64/libnet.so
7f5aa009d000-7f5aa029c000 ---p 00017000 08:01 585273                     /usr/lib/jvm/java-7-openjdk-amd64/jre/lib/amd64/libnet.so
7f5aa029c000-7f5aa029d000 r--p 00016000 08:01 585273                     /usr/lib/jvm/java-7-openjdk-amd64/jre/lib/amd64/libnet.so
7f5aa029d000-7f5aa029e000 rw-p 00017000 08:01 585273                     /usr/lib/jvm/java-7-openjdk-amd64/jre/lib/amd64/libnet.so
7f5aa029e000-7f5aa02ea000 r-xp 00000000 08:01 441240                     /tmp/libgdxsirolf2009/9de2241f/libgdx-box2d64.so
7f5aa02ea000-7f5aa04e9000 ---p 0004c000 08:01 441240                     /tmp/libgdxsirolf2009/9de2241f/libgdx-box2d64.so
7f5aa04e9000-7f5aa04eb000 r--p 0004b000 08:01 441240                     /tmp/libgdxsirolf2009/9de2241f/libgdx-box2d64.so
7f5aa04eb000-7f5aa04ec000 rw-p 0004d000 08:01 441240                     /tmp/libgdxsirolf2009/9de2241f/libgdx-box2d64.so
7f5aa04ec000-7f5aa08ec000 rw-s 195436000 00:05 15888                     /dev/nvidia0
7f5aa08ec000-7f5aa0aec000 rw-s 297ba000 00:05 15888                      /dev/nvidia0
7f5aa0aec000-7f5aa0eec000 rw-s 195da7000 00:05 15888                     /dev/nvidia0
7f5aa0eec000-7f5aa12ec000 rw-s 195487000 00:05 15888                     /dev/nvidia0
7f5aa12ec000-7f5aa16ec000 rw-s 193ba7000 00:05 15888                     /dev/nvidia0
7f5aa16ec000-7f5aa172c000 rw-s 193110000 00:05 15888                     /dev/nvidia0
7f5aa172c000-7f5aa17f0000 rw-s 3a0cc000 00:05 15888                      /dev/nvidia0
7f5aa17f0000-7f5aa3358000 r-xp 00000000 08:01 1573255                    /usr/lib/nvidia-331-updates/libnvidia-glcore.so.331.113
7f5aa3358000-7f5aa3557000 ---p 01b68000 08:01 1573255                    /usr/lib/nvidia-331-updates/libnvidia-glcore.so.331.113
7f5aa3557000-7f5aa3fe2000 rwxp 01b67000 08:01 1573255                    /usr/lib/nvidia-331-updates/libnvidia-glcore.so.331.113
7f5aa3fe2000-7f5aa3fff000 rwxp 00000000 00:00 0 
7f5aa3fff000-7f5aa8000000 rw-s 00000000 00:14 308155                     /run/shm/pulse-shm-1563984495
7f5aa8000000-7f5aa8021000 rw-p 00000000 00:00 0 
7f5aa8021000-7f5aac000000 ---p 00000000 00:00 0 
7f5aac000000-7f5aac021000 rw-p 00000000 00:00 0 
7f5aac021000-7f5ab0000000 ---p 00000000 00:00 0 
7f5ab0000000-7f5ab0021000 rw-p 00000000 00:00 0 
7f5ab0021000-7f5ab4000000 ---p 00000000 00:00 0 
7f5ab4007000-7f5ab400a000 r-xp 00000000 08:01 1573238                    /usr/lib/nvidia-331-updates/tls/libnvidia-tls.so.331.113
7f5ab400a000-7f5ab4209000 ---p 00003000 08:01 1573238                    /usr/lib/nvidia-331-updates/tls/libnvidia-tls.so.331.113
7f5ab4209000-7f5ab420a000 rw-p 00002000 08:01 1573238                    /usr/lib/nvidia-331-updates/tls/libnvidia-tls.so.331.113
7f5ab420a000-7f5ab42e7000 r-xp 00000000 08:01 1573237                    /usr/lib/nvidia-331-updates/libGL.so.331.113
7f5ab42e7000-7f5ab44e6000 ---p 000dd000 08:01 1573237                    /usr/lib/nvidia-331-updates/libGL.so.331.113
7f5ab44e6000-7f5ab4526000 rwxp 000dc000 08:01 1573237                    /usr/lib/nvidia-331-updates/libGL.so.331.113
7f5ab4526000-7f5ab453d000 rwxp 00000000 00:00 0 
7f5ab453d000-7f5ab4540000 ---p 00000000 00:00 0 
7f5ab4540000-7f5ab463e000 rw-p 00000000 00:00 0                          [stack:21329]
7f5ab463e000-7f5ab463f000 ---p 00000000 00:00 0 
7f5ab463f000-7f5ab473f000 rw-p 00000000 00:00 0                          [stack:21328]
7f5ab473f000-7f5ab4740000 ---p 00000000 00:00 0 
7f5ab4740000-7f5ab4f40000 rw-p 00000000 00:00 0                          [stack:21327]
7f5ab4f40000-7f5ab4f47000 r-xp 00000000 08:01 537327                     /usr/lib/x86_64-linux-gnu/libogg.so.0.8.1
7f5ab4f47000-7f5ab5147000 ---p 00007000 08:01 537327                     /usr/lib/x86_64-linux-gnu/libogg.so.0.8.1
7f5ab5147000-7f5ab5148000 r--p 00007000 08:01 537327                     /usr/lib/x86_64-linux-gnu/libogg.so.0.8.1
7f5ab5148000-7f5ab5149000 rw-p 00008000 08:01 537327                     /usr/lib/x86_64-linux-gnu/libogg.so.0.8.1
7f5ab5149000-7f5ab5175000 r-xp 00000000 08:01 537605                     /usr/lib/x86_64-linux-gnu/libvorbis.so.0.4.5
7f5ab5175000-7f5ab5374000 ---p 0002c000 08:01 537605                     /usr/lib/x86_64-linux-gnu/libvorbis.so.0.4.5
7f5ab5374000-7f5ab5375000 r--p 0002b000 08:01 537605                     /usr/lib/x86_64-linux-gnu/libvorbis.so.0.4.5
7f5ab5375000-7f5ab5376000 rw-p 0002c000 08:01 537605                     /usr/lib/x86_64-linux-gnu/libvorbis.so.0.4.5
7f5ab5376000-7f5ab5629000 r-xp 00000000 08:01 537607                     /usr/lib/x86_64-linux-gnu/libvorbisenc.so.2.0.8
7f5ab5629000-7f5ab5828000 ---p 002b3000 08:01 537607                     /usr/lib/x86_64-linux-gnu/libvorbisenc.so.2.0.8
7f5ab5828000-7f5ab5844000 r--p 002b2000 08:01 537607                     /usr/lib/x86_64-linux-gnu/libvorbisenc.so.2.0.8
7f5ab5844000-7f5ab5845000 rw-p 002ce000 08:01 537607                     /usr/lib/x86_64-linux-gnu/libvorbisenc.so.2.0.8
7f5ab5845000-7f5ab5875000 r-xp 00000000 08:01 529268                     /usr/lib/x86_64-linux-gnu/libFLAC.so.8.3.0
7f5ab5875000-7f5ab5a74000 ---p 00030000 08:01 529268                     /usr/lib/x86_64-linux-gnu/libFLAC.so.8.3.0
7f5ab5a74000-7f5ab5a75000 r--p 0002f000 08:01 529268                     /usr/lib/x86_64-linux-gnu/libFLAC.so.8.3.0
7f5ab5a75000-7f5ab5a76000 rw-p 00030000 08:01 529268                     /usr/lib/x86_64-linux-gnu/libFLAC.so.8.3.0
7f5ab5a76000-7f5ab5a7b000 r-xp 00000000 08:01 536698                     /usr/lib/x86_64-linux-gnu/libasyncns.so.0.3.1
7f5ab5a7b000-7f5ab5c7a000 ---p 00005000 08:01 536698                     /usr/lib/x86_64-linux-gnu/libasyncns.so.0.3.1
7f5ab5c7a000-7f5ab5c7b000 r--p 00004000 08:01 536698                     /usr/lib/x86_64-linux-gnu/libasyncns.so.0.3.1
7f5ab5c7b000-7f5ab5c7c000 rw-p 00005000 08:01 536698                     /usr/lib/x86_64-linux-gnu/libasyncns.so.0.3.1
7f5ab5c7c000-7f5ab5cdd000 r-xp 00000000 08:01 537484                     /usr/lib/x86_64-linux-gnu/libsndfile.so.1.0.25
7f5ab5cdd000-7f5ab5edd000 ---p 00061000 08:01 537484                     /usr/lib/x86_64-linux-gnu/libsndfile.so.1.0.25
7f5ab5edd000-7f5ab5edf000 r--p 00061000 08:01 537484                     /usr/lib/x86_64-linux-gnu/libsndfile.so.1.0.25
7f5ab5edf000-7f5ab5ee0000 rw-p 00063000 08:01 537484                     /usr/lib/x86_64-linux-gnu/libsndfile.so.1.0.25
7f5ab5ee0000-7f5ab5ee4000 rw-p 00000000 00:00 0 
7f5ab5ee4000-7f5ab5eec000 r-xp 00000000 08:01 5050                       /lib/x86_64-linux-gnu/libwrap.so.0.7.6
7f5ab5eec000-7f5ab60eb000 ---p 00008000 08:01 5050                       /lib/x86_64-linux-gnu/libwrap.so.0.7.6
7f5ab60eb000-7f5ab60ec000 r--p 00007000 08:01 5050                       /lib/x86_64-linux-gnu/libwrap.so.0.7.6
7f5ab60ec000-7f5ab60ed000 rw-p 00008000 08:01 5050                       /lib/x86_64-linux-gnu/libwrap.so.0.7.6
7f5ab60ed000-7f5ab60ee000 rw-p 00000000 00:00 0 
7f5ab60ee000-7f5ab6154000 r-xp 00000000 08:01 262895                     /usr/lib/x86_64-linux-gnu/pulseaudio/libpulsecommon-4.0.so
7f5ab6154000-7f5ab6353000 ---p 00066000 08:01 262895                     /usr/lib/x86_64-linux-gnu/pulseaudio/libpulsecommon-4.0.so
7f5ab6353000-7f5ab6354000 r--p 00065000 08:01 262895                     /usr/lib/x86_64-linux-gnu/pulseaudio/libpulsecommon-4.0.so
7f5ab6354000-7f5ab6355000 rw-p 00066000 08:01 262895                     /usr/lib/x86_64-linux-gnu/pulseaudio/libpulsecommon-4.0.so
7f5ab6355000-7f5ab635f000 r-xp 00000000 08:01 4930                       /lib/x86_64-linux-gnu/libjson-c.so.2.0.0
7f5ab635f000-7f5ab655e000 ---p 0000a000 08:01 4930                       /lib/x86_64-linux-gnu/libjson-c.so.2.0.0
7f5ab655e000-7f5ab655f000 r--p 00009000 08:01 4930                       /lib/x86_64-linux-gnu/libjson-c.so.2.0.0
7f5ab655f000-7f5ab6560000 rw-p 0000a000 08:01 4930                       /lib/x86_64-linux-gnu/libjson-c.so.2.0.0
7f5ab6560000-7f5ab65a7000 r-xp 00000000 08:01 537396                     /usr/lib/x86_64-linux-gnu/libpulse.so.0.16.2
7f5ab65a7000-7f5ab67a7000 ---p 00047000 08:01 537396                     /usr/lib/x86_64-linux-gnu/libpulse.so.0.16.2
7f5ab67a7000-7f5ab67a8000 r--p 00047000 08:01 537396                     /usr/lib/x86_64-linux-gnu/libpulse.so.0.16.2
7f5ab67a8000-7f5ab67a9000 rw-p 00048000 08:01 537396                     /usr/lib/x86_64-linux-gnu/libpulse.so.0.16.2
7f5ab67a9000-7f5ab67fe000 r-xp 00000000 08:01 441238                     /tmp/libgdxsirolf2009/7b43be9b/libopenal64.so
7f5ab67fe000-7f5ab69fd000 ---p 00055000 08:01 441238                     /tmp/libgdxsirolf2009/7b43be9b/libopenal64.so
7f5ab69fd000-7f5ab6a00000 r--p 00054000 08:01 441238                     /tmp/libgdxsirolf2009/7b43be9b/libopenal64.so
7f5ab6a00000-7f5ab6a01000 rw-p 00057000 08:01 441238                     /tmp/libgdxsirolf2009/7b43be9b/libopenal64.so
7f5ab6a01000-7f5ab6a02000 rw-p 00000000 00:00 0 
7f5ab6a02000-7f5ab6a06000 r-xp 00000000 08:01 536659                     /usr/lib/x86_64-linux-gnu/libXxf86vm.so.1.0.0
7f5ab6a06000-7f5ab6c06000 ---p 00004000 08:01 536659                     /usr/lib/x86_64-linux-gnu/libXxf86vm.so.1.0.0
7f5ab6c06000-7f5ab6c07000 r--p 00004000 08:01 536659                     /usr/lib/x86_64-linux-gnu/libXxf86vm.so.1.0.0
7f5ab6c07000-7f5ab6c08000 rw-p 00005000 08:01 536659                     /usr/lib/x86_64-linux-gnu/libXxf86vm.so.1.0.0
7f5ab6c08000-7f5ab6c11000 r-xp 00000000 08:01 536641                     /usr/lib/x86_64-linux-gnu/libXrandr.so.2.2.0
7f5ab6c11000-7f5ab6e10000 ---p 00009000 08:01 536641                     /usr/lib/x86_64-linux-gnu/libXrandr.so.2.2.0
7f5ab6e10000-7f5ab6e11000 r--p 00008000 08:01 536641                     /usr/lib/x86_64-linux-gnu/libXrandr.so.2.2.0
7f5ab6e11000-7f5ab6e12000 rw-p 00009000 08:01 536641                     /usr/lib/x86_64-linux-gnu/libXrandr.so.2.2.0
7f5ab6e12000-7f5ab6e7e000 r-xp 00000000 08:01 441235                     /tmp/libgdxsirolf2009/7b43be9b/liblwjgl64.so
7f5ab6e7e000-7f5ab707d000 ---p 0006c000 08:01 441235                     /tmp/libgdxsirolf2009/7b43be9b/liblwjgl64.so
7f5ab707d000-7f5ab707f000 r--p 0006b000 08:01 441235                     /tmp/libgdxsirolf2009/7b43be9b/liblwjgl64.so
7f5ab707f000-7f5ab7080000 rw-p 0006d000 08:01 441235                     /tmp/libgdxsirolf2009/7b43be9b/liblwjgl64.so
7f5ab7080000-7f5ab7081000 r-xp 00000000 08:01 585303                     /usr/lib/jvm/java-7-openjdk-amd64/jre/lib/amd64/libjawt.so
7f5ab7081000-7f5ab7280000 ---p 00001000 08:01 585303                     /usr/lib/jvm/java-7-openjdk-amd64/jre/lib/amd64/libjawt.so
7f5ab7280000-7f5ab7281000 r--p 00000000 08:01 585303                     /usr/lib/jvm/java-7-openjdk-amd64/jre/lib/amd64/libjawt.so
7f5ab7281000-7f5ab7282000 rw-p 00001000 08:01 585303                     /usr/lib/jvm/java-7-openjdk-amd64/jre/lib/amd64/libjawt.so
7f5ab7282000-7f5ab7285000 ---p 00000000 00:00 0 
7f5ab7285000-7f5ab7383000 rw-p 00000000 00:00 0                          [stack:21325]
7f5ab7383000-7f5ab7388000 r-xp 00000000 08:01 536623                     /usr/lib/x86_64-linux-gnu/libXfixes.so.3.1.0
7f5ab7388000-7f5ab7587000 ---p 00005000 08:01 536623                     /usr/lib/x86_64-linux-gnu/libXfixes.so.3.1.0
7f5ab7587000-7f5ab7588000 r--p 00004000 08:01 536623                     /usr/lib/x86_64-linux-gnu/libXfixes.so.3.1.0
7f5ab7588000-7f5ab7589000 rw-p 00005000 08:01 536623                     /usr/lib/x86_64-linux-gnu/libXfixes.so.3.1.0
7f5ab7589000-7f5ab7592000 r-xp 00000000 08:01 536615                     /usr/lib/x86_64-linux-gnu/libXcursor.so.1.0.2
7f5ab7592000-7f5ab7791000 ---p 00009000 08:01 536615                     /usr/lib/x86_64-linux-gnu/libXcursor.so.1.0.2
7f5ab7791000-7f5ab7792000 r--p 00008000 08:01 536615                     /usr/lib/x86_64-linux-gnu/libXcursor.so.1.0.2
7f5ab7792000-7f5ab7793000 rw-p 00009000 08:01 536615                     /usr/lib/x86_64-linux-gnu/libXcursor.so.1.0.2
7f5ab7793000-7f5ab7797000 r-xp 00000000 08:01 4923                       /lib/x86_64-linux-gnu/libgpg-error.so.0.10.0
7f5ab7797000-7f5ab7996000 ---p 00004000 08:01 4923                       /lib/x86_64-linux-gnu/libgpg-error.so.0.10.0
7f5ab7996000-7f5ab7997000 r--p 00003000 08:01 4923                       /lib/x86_64-linux-gnu/libgpg-error.so.0.10.0
7f5ab7997000-7f5ab7998000 rw-p 00004000 08:01 4923                       /lib/x86_64-linux-gnu/libgpg-error.so.0.10.0
7f5ab7998000-7f5ab799a000 r-xp 00000000 08:01 4933                       /lib/x86_64-linux-gnu/libkeyutils.so.1.4
7f5ab799a000-7f5ab7b9a000 ---p 00002000 08:01 4933                       /lib/x86_64-linux-gnu/libkeyutils.so.1.4
7f5ab7b9a000-7f5ab7b9b000 r--p 00002000 08:01 4933                       /lib/x86_64-linux-gnu/libkeyutils.so.1.4
7f5ab7b9b000-7f5ab7b9c000 rw-p 00003000 08:01 4933                       /lib/x86_64-linux-gnu/libkeyutils.so.1.4
7f5ab7b9c000-7f5ab7bd9000 r-xp 00000000 08:01 4993                       /lib/x86_64-linux-gnu/libpcre.so.3.13.1
7f5ab7bd9000-7f5ab7dd8000 ---p 0003d000 08:01 4993                       /lib/x86_64-linux-gnu/libpcre.so.3.13.1
7f5ab7dd8000-7f5ab7dd9000 r--p 0003c000 08:01 4993                       /lib/x86_64-linux-gnu/libpcre.so.3.13.1
7f5ab7dd9000-7f5ab7dda000 rw-p 0003d000 08:01 4993                       /lib/x86_64-linux-gnu/libpcre.so.3.13.1
7f5ab7dda000-7f5ab7dff000 r-xp 00000000 08:01 5005                       /lib/x86_64-linux-gnu/libpng12.so.0.50.0
7f5ab7dff000-7f5ab7ffe000 ---p 00025000 08:01 5005                       /lib/x86_64-linux-gnu/libpng12.so.0.50.0
7f5ab7ffe000-7f5ab7fff000 r--p 00024000 08:01 5005                       /lib/x86_64-linux-gnu/libpng12.so.0.50.0
7f5ab7fff000-7f5ab8000000 rw-p 00025000 08:01 5005                       /lib/x86_64-linux-gnu/libpng12.so.0.50.0
7f5ab8000000-7f5ab8021000 rw-p 00000000 00:00 0 
7f5ab8021000-7f5abc000000 ---p 00000000 00:00 0 
7f5abc016000-7f5abc036000 rw-s 70160000 00:05 15888                      /dev/nvidia0
7f5abc036000-7f5abc056000 rw-s 193d0f000 00:05 15888                     /dev/nvidia0
7f5abc056000-7f5abc096000 rw-s 115171000 00:05 15888                     /dev/nvidia0
7f5abc0b6000-7f5abc0b9000 ---p 00000000 00:00 0 
7f5abc0b9000-7f5abc0ef000 rw-p 00000000 00:00 0                          [stack:21461]
7f5abc0ef000-7f5abc0f2000 ---p 00000000 00:00 0 
7f5abc0f2000-7f5abc1f0000 rw-p 00000000 00:00 0                          [stack:21324]
7f5abc1f0000-7f5abc234000 r-xp 00000000 08:01 24141                      /lib/x86_64-linux-gnu/libdbus-1.so.3.7.6
7f5abc234000-7f5abc433000 ---p 00044000 08:01 24141                      /lib/x86_64-linux-gnu/libdbus-1.so.3.7.6
7f5abc433000-7f5abc434000 r--p 00043000 08:01 24141                      /lib/x86_64-linux-gnu/libdbus-1.so.3.7.6
7f5abc434000-7f5abc435000 rw-p 00044000 08:01 24141                      /lib/x86_64-linux-gnu/libdbus-1.so.3.7.6
7f5abc435000-7f5abc470000 r-xp 00000000 08:01 537335                     /usr/lib/x86_64-linux-gnu/libp11-kit.so.0.0.0
7f5abc470000-7f5abc66f000 ---p 0003b000 08:01 537335                     /usr/lib/x86_64-linux-gnu/libp11-kit.so.0.0.0
7f5abc66f000-7f5abc675000 r--p 0003a000 08:01 537335                     /usr/lib/x86_64-linux-gnu/libp11-kit.so.0.0.0
7f5abc675000-7f5abc677000 rw-p 00040000 08:01 537335                     /usr/lib/x86_64-linux-gnu/libp11-kit.so.0.0.0
7f5abc677000-7f5abc689000 r-xp 00000000 08:01 537520                     /usr/lib/x86_64-linux-gnu/libtasn1.so.6.2.0
7f5abc689000-7f5abc889000 ---p 00012000 08:01 537520                     /usr/lib/x86_64-linux-gnu/libtasn1.so.6.2.0
7f5abc889000-7f5abc88a000 r--p 00012000 08:01 537520                     /usr/lib/x86_64-linux-gnu/libtasn1.so.6.2.0
7f5abc88a000-7f5abc88b000 rw-p 00013000 08:01 537520                     /usr/lib/x86_64-linux-gnu/libtasn1.so.6.2.0
7f5abc88b000-7f5abc907000 r-xp 00000000 08:01 5577                       /lib/x86_64-linux-gnu/libgcrypt.so.11.8.2
7f5abc907000-7f5abcb06000 ---p 0007c000 08:01 5577                       /lib/x86_64-linux-gnu/libgcrypt.so.11.8.2
7f5abcb06000-7f5abcb07000 r--p 0007b000 08:01 5577                       /lib/x86_64-linux-gnu/libgcrypt.so.11.8.2
7f5abcb07000-7f5abcb0a000 rw-p 0007c000 08:01 5577                       /lib/x86_64-linux-gnu/libgcrypt.so.11.8.2
7f5abcb0a000-7f5abcb14000 r-xp 00000000 08:01 529037                     /usr/lib/x86_64-linux-gnu/libkrb5support.so.0.1
7f5abcb14000-7f5abcd13000 ---p 0000a000 08:01 529037                     /usr/lib/x86_64-linux-gnu/libkrb5support.so.0.1
7f5abcd13000-7f5abcd14000 r--p 00009000 08:01 529037                     /usr/lib/x86_64-linux-gnu/libkrb5support.so.0.1
7f5abcd14000-7f5abcd15000 rw-p 0000a000 08:01 529037                     /usr/lib/x86_64-linux-gnu/libkrb5support.so.0.1
7f5abcd15000-7f5abcd18000 r-xp 00000000 08:01 4899                       /lib/x86_64-linux-gnu/libcom_err.so.2.1
7f5abcd18000-7f5abcf17000 ---p 00003000 08:01 4899                       /lib/x86_64-linux-gnu/libcom_err.so.2.1
7f5abcf17000-7f5abcf18000 r--p 00002000 08:01 4899                       /lib/x86_64-linux-gnu/libcom_err.so.2.1
7f5abcf18000-7f5abcf19000 rw-p 00003000 08:01 4899                       /lib/x86_64-linux-gnu/libcom_err.so.2.1
7f5abcf19000-7f5abcf45000 r-xp 00000000 08:01 529012                     /usr/lib/x86_64-linux-gnu/libk5crypto.so.3.1
7f5abcf45000-7f5abd144000 ---p 0002c000 08:01 529012                     /usr/lib/x86_64-linux-gnu/libk5crypto.so.3.1
7f5abd144000-7f5abd146000 r--p 0002b000 08:01 529012                     /usr/lib/x86_64-linux-gnu/libk5crypto.so.3.1
7f5abd146000-7f5abd147000 rw-p 0002d000 08:01 529012                     /usr/lib/x86_64-linux-gnu/libk5crypto.so.3.1
7f5abd147000-7f5abd148000 rw-p 00000000 00:00 0 
7f5abd148000-7f5abd204000 r-xp 00000000 08:01 529029                     /usr/lib/x86_64-linux-gnu/libkrb5.so.3.3
7f5abd204000-7f5abd404000 ---p 000bc000 08:01 529029                     /usr/lib/x86_64-linux-gnu/libkrb5.so.3.3
7f5abd404000-7f5abd411000 r--p 000bc000 08:01 529029                     /usr/lib/x86_64-linux-gnu/libkrb5.so.3.3
7f5abd411000-7f5abd413000 rw-p 000c9000 08:01 529029                     /usr/lib/x86_64-linux-gnu/libkrb5.so.3.3
7f5abd413000-7f5abd418000 r-xp 00000000 08:01 536619                     /usr/lib/x86_64-linux-gnu/libXdmcp.so.6.0.0
7f5abd418000-7f5abd617000 ---p 00005000 08:01 536619                     /usr/lib/x86_64-linux-gnu/libXdmcp.so.6.0.0
7f5abd617000-7f5abd618000 r--p 00004000 08:01 536619                     /usr/lib/x86_64-linux-gnu/libXdmcp.so.6.0.0
7f5abd618000-7f5abd619000 rw-p 00005000 08:01 536619                     /usr/lib/x86_64-linux-gnu/libXdmcp.so.6.0.0
7f5abd619000-7f5abd61b000 r-xp 00000000 08:01 536608                     /usr/lib/x86_64-linux-gnu/libXau.so.6.0.0
7f5abd61b000-7f5abd81b000 ---p 00002000 08:01 536608                     /usr/lib/x86_64-linux-gnu/libXau.so.6.0.0
7f5abd81b000-7f5abd81c000 r--p 00002000 08:01 536608                     /usr/lib/x86_64-linux-gnu/libXau.so.6.0.0
7f5abd81c000-7f5abd81d000 rw-p 00003000 08:01 536608                     /usr/lib/x86_64-linux-gnu/libXau.so.6.0.0
7f5abd81d000-7f5abd824000 r-xp 00000000 08:01 536886                     /usr/lib/x86_64-linux-gnu/libffi.so.6.0.1
7f5abd824000-7f5abda23000 ---p 00007000 08:01 536886                     /usr/lib/x86_64-linux-gnu/libffi.so.6.0.1
7f5abda23000-7f5abda24000 r--p 00006000 08:01 536886                     /usr/lib/x86_64-linux-gnu/libffi.so.6.0.1
7f5abda24000-7f5abda25000 rw-p 00007000 08:01 536886                     /usr/lib/x86_64-linux-gnu/libffi.so.6.0.1
7f5abda25000-7f5abda3c000 r-xp 00000000 08:01 21238                      /lib/x86_64-linux-gnu/libresolv-2.19.so
7f5abda3c000-7f5abdc3c000 ---p 00017000 08:01 21238                      /lib/x86_64-linux-gnu/libresolv-2.19.so
7f5abdc3c000-7f5abdc3d000 r--p 00017000 08:01 21238                      /lib/x86_64-linux-gnu/libresolv-2.19.so
7f5abdc3d000-7f5abdc3e000 rw-p 00018000 08:01 21238                      /lib/x86_64-linux-gnu/libresolv-2.19.so
7f5abdc3e000-7f5abdc40000 rw-p 00000000 00:00 0 
7f5abdc40000-7f5abdc60000 r-xp 00000000 08:01 5020                       /lib/x86_64-linux-gnu/libselinux.so.1
7f5abdc60000-7f5abde5f000 ---p 00020000 08:01 5020                       /lib/x86_64-linux-gnu/libselinux.so.1
7f5abde5f000-7f5abde60000 r--p 0001f000 08:01 5020                       /lib/x86_64-linux-gnu/libselinux.so.1
7f5abde60000-7f5abde61000 rw-p 00020000 08:01 5020                       /lib/x86_64-linux-gnu/libselinux.so.1
7f5abde61000-7f5abde63000 rw-p 00000000 00:00 0 
7f5abde63000-7f5abdf69000 r-xp 00000000 08:01 5711                       /lib/x86_64-linux-gnu/libglib-2.0.so.0.4002.0
7f5abdf69000-7f5abe168000 ---p 00106000 08:01 5711                       /lib/x86_64-linux-gnu/libglib-2.0.so.0.4002.0
7f5abe168000-7f5abe169000 r--p 00105000 08:01 5711                       /lib/x86_64-linux-gnu/libglib-2.0.so.0.4002.0
7f5abe169000-7f5abe16a000 rw-p 00106000 08:01 5711                       /lib/x86_64-linux-gnu/libglib-2.0.so.0.4002.0
7f5abe16a000-7f5abe16b000 rw-p 00000000 00:00 0 
7f5abe16b000-7f5abe16e000 r-xp 00000000 08:01 530476                     /usr/lib/x86_64-linux-gnu/libgmodule-2.0.so.0.4002.0
7f5abe16e000-7f5abe36d000 ---p 00003000 08:01 530476                     /usr/lib/x86_64-linux-gnu/libgmodule-2.0.so.0.4002.0
7f5abe36d000-7f5abe36e000 r--p 00002000 08:01 530476                     /usr/lib/x86_64-linux-gnu/libgmodule-2.0.so.0.4002.0
7f5abe36e000-7f5abe36f000 rw-p 00003000 08:01 530476                     /usr/lib/x86_64-linux-gnu/libgmodule-2.0.so.0.4002.0
7f5abe36f000-7f5abe396000 r-xp 00000000 08:01 4912                       /lib/x86_64-linux-gnu/libexpat.so.1.6.0
7f5abe396000-7f5abe596000 ---p 00027000 08:01 4912                       /lib/x86_64-linux-gnu/libexpat.so.1.6.0
7f5abe596000-7f5abe598000 r--p 00027000 08:01 4912                       /lib/x86_64-linux-gnu/libexpat.so.1.6.0
7f5abe598000-7f5abe599000 rw-p 00029000 08:01 4912                       /lib/x86_64-linux-gnu/libexpat.so.1.6.0
7f5abe599000-7f5abe636000 r-xp 00000000 08:01 536928                     /usr/lib/x86_64-linux-gnu/libfreetype.so.6.11.1
7f5abe636000-7f5abe835000 ---p 0009d000 08:01 536928                     /usr/lib/x86_64-linux-gnu/libfreetype.so.6.11.1
7f5abe835000-7f5abe83b000 r--p 0009c000 08:01 536928                     /usr/lib/x86_64-linux-gnu/libfreetype.so.6.11.1
7f5abe83b000-7f5abe83c000 rw-p 000a2000 08:01 536928                     /usr/lib/x86_64-linux-gnu/libfreetype.so.6.11.1
7f5abe83c000-7f5abe84b000 r-xp 00000000 08:01 536712                     /usr/lib/x86_64-linux-gnu/libavahi-client.so.3.2.9
7f5abe84b000-7f5abea4b000 ---p 0000f000 08:01 536712                     /usr/lib/x86_64-linux-gnu/libavahi-client.so.3.2.9
7f5abea4b000-7f5abea4c000 r--p 0000f000 08:01 536712                     /usr/lib/x86_64-linux-gnu/libavahi-client.so.3.2.9
7f5abea4c000-7f5abea4d000 rw-p 00010000 08:01 536712                     /usr/lib/x86_64-linux-gnu/libavahi-client.so.3.2.9
7f5abea4d000-7f5abea58000 r-xp 00000000 08:01 536714                     /usr/lib/x86_64-linux-gnu/libavahi-common.so.3.5.3
7f5abea58000-7f5abec57000 ---p 0000b000 08:01 536714                     /usr/lib/x86_64-linux-gnu/libavahi-common.so.3.5.3
7f5abec57000-7f5abec58000 r--p 0000a000 08:01 536714                     /usr/lib/x86_64-linux-gnu/libavahi-common.so.3.5.3
7f5abec58000-7f5abec59000 rw-p 0000b000 08:01 536714                     /usr/lib/x86_64-linux-gnu/libavahi-common.so.3.5.3
7f5abec59000-7f5abed0f000 r-xp 00000000 08:01 537015                     /usr/lib/x86_64-linux-gnu/libgnutls.so.26.22.6
7f5abed0f000-7f5abef0f000 ---p 000b6000 08:01 537015                     /usr/lib/x86_64-linux-gnu/libgnutls.so.26.22.6
7f5abef0f000-7f5abef15000 r--p 000b6000 08:01 537015                     /usr/lib/x86_64-linux-gnu/libgnutls.so.26.22.6
7f5abef15000-7f5abef16000 rw-p 000bc000 08:01 537015                     /usr/lib/x86_64-linux-gnu/libgnutls.so.26.22.6
7f5abef16000-7f5abef17000 rw-p 00000000 00:00 0 
7f5abef17000-7f5abef5a000 r-xp 00000000 08:01 529021                     /usr/lib/x86_64-linux-gnu/libgssapi_krb5.so.2.2
7f5abef5a000-7f5abf15a000 ---p 00043000 08:01 529021                     /usr/lib/x86_64-linux-gnu/libgssapi_krb5.so.2.2
7f5abf15a000-7f5abf15b000 r--p 00043000 08:01 529021                     /usr/lib/x86_64-linux-gnu/libgssapi_krb5.so.2.2
7f5abf15b000-7f5abf15d000 rw-p 00044000 08:01 529021                     /usr/lib/x86_64-linux-gnu/libgssapi_krb5.so.2.2
7f5abf15d000-7f5abf17a000 r-xp 00000000 08:01 537678                     /usr/lib/x86_64-linux-gnu/libxcb.so.1.1.0
7f5abf17a000-7f5abf37a000 ---p 0001d000 08:01 537678                     /usr/lib/x86_64-linux-gnu/libxcb.so.1.1.0
7f5abf37a000-7f5abf37b000 r--p 0001d000 08:01 537678                     /usr/lib/x86_64-linux-gnu/libxcb.so.1.1.0
7f5abf37b000-7f5abf37c000 rw-p 0001e000 08:01 537678                     /usr/lib/x86_64-linux-gnu/libxcb.so.1.1.0
7f5abf37c000-7f5abf3cb000 r-xp 00000000 08:01 530478                     /usr/lib/x86_64-linux-gnu/libgobject-2.0.so.0.4002.0
7f5abf3cb000-7f5abf5cb000 ---p 0004f000 08:01 530478                     /usr/lib/x86_64-linux-gnu/libgobject-2.0.so.0.4002.0
7f5abf5cb000-7f5abf5cc000 r--p 0004f000 08:01 530478                     /usr/lib/x86_64-linux-gnu/libgobject-2.0.so.0.4002.0
7f5abf5cc000-7f5abf5cd000 rw-p 00050000 08:01 530478                     /usr/lib/x86_64-linux-gnu/libgobject-2.0.so.0.4002.0
7f5abf5cd000-7f5abf739000 r-xp 00000000 08:01 530481                     /usr/lib/x86_64-linux-gnu/libgio-2.0.so.0.4002.0
7f5abf739000-7f5abf938000 ---p 0016c000 08:01 530481                     /usr/lib/x86_64-linux-gnu/libgio-2.0.so.0.4002.0
7f5abf938000-7f5abf93c000 r--p 0016b000 08:01 530481                     /usr/lib/x86_64-linux-gnu/libgio-2.0.so.0.4002.0
7f5abf93c000-7f5abf93e000 rw-p 0016f000 08:01 530481                     /usr/lib/x86_64-linux-gnu/libgio-2.0.so.0.4002.0
7f5abf93e000-7f5abf940000 rw-p 00000000 00:00 0 
7f5abf940000-7f5abf97a000 r-xp 00000000 08:01 536900                     /usr/lib/x86_64-linux-gnu/libfontconfig.so.1.8.0
7f5abf97a000-7f5abfb79000 ---p 0003a000 08:01 536900                     /usr/lib/x86_64-linux-gnu/libfontconfig.so.1.8.0
7f5abfb79000-7f5abfb7b000 r--p 00039000 08:01 536900                     /usr/lib/x86_64-linux-gnu/libfontconfig.so.1.8.0
7f5abfb7b000-7f5abfb7c000 rw-p 0003b000 08:01 536900                     /usr/lib/x86_64-linux-gnu/libfontconfig.so.1.8.0
7f5abfb7c000-7f5abfbe8000 r-xp 00000000 08:01 527731                     /usr/lib/x86_64-linux-gnu/libcups.so.2
7f5abfbe8000-7f5abfde8000 ---p 0006c000 08:01 527731                     /usr/lib/x86_64-linux-gnu/libcups.so.2
7f5abfde8000-7f5abfdef000 r--p 0006c000 08:01 527731                     /usr/lib/x86_64-linux-gnu/libcups.so.2
7f5abfdef000-7f5abfdf0000 rw-p 00073000 08:01 527731                     /usr/lib/x86_64-linux-gnu/libcups.so.2
7f5abfdf0000-7f5abfdff000 r-xp 00000000 08:01 536629                     /usr/lib/x86_64-linux-gnu/libXi.so.6.1.0
7f5abfdff000-7f5abfffe000 ---p 0000f000 08:01 536629                     /usr/lib/x86_64-linux-gnu/libXi.so.6.1.0
7f5abfffe000-7f5abffff000 r--p 0000e000 08:01 536629                     /usr/lib/x86_64-linux-gnu/libXi.so.6.1.0
7f5abffff000-7f5ac0000000 rw-p 0000f000 08:01 536629                     /usr/lib/x86_64-linux-gnu/libXi.so.6.1.0
7f5ac0000000-7f5ac1ced000 rw-p 00000000 00:00 0 
7f5ac1ced000-7f5ac4000000 ---p 00000000 00:00 0 
7f5ac4000000-7f5ac4021000 rw-p 00000000 00:00 0 
7f5ac4021000-7f5ac8000000 ---p 00000000 00:00 0 
7f5ac8000000-7f5ac8021000 rw-p 00000000 00:00 0 
7f5ac8021000-7f5acc000000 ---p 00000000 00:00 0 
7f5acc000000-7f5acc536000 rw-p 00000000 00:00 0 
7f5acc536000-7f5ad0000000 ---p 00000000 00:00 0 
7f5ad0000000-7f5ad0021000 rw-p 00000000 00:00 0 
7f5ad0021000-7f5ad4000000 ---p 00000000 00:00 0 
7f5ad4000000-7f5ad4021000 rw-p 00000000 00:00 0 
7f5ad4021000-7f5ad8000000 ---p 00000000 00:00 0 
7f5ad8000000-7f5ad8021000 rw-p 00000000 00:00 0 
7f5ad8021000-7f5adc000000 ---p 00000000 00:00 0 
7f5adc011000-7f5adc013000 rw-p 00000000 00:00 0 
7f5adc013000-7f5adc015000 rw-s 00000000 08:01 441494                     /tmp/glmVePpH (deleted)
7f5adc015000-7f5adc01a000 r-xp 00000000 08:01 536649                     /usr/lib/x86_64-linux-gnu/libXtst.so.6.1.0
7f5adc01a000-7f5adc219000 ---p 00005000 08:01 536649                     /usr/lib/x86_64-linux-gnu/libXtst.so.6.1.0
7f5adc219000-7f5adc21a000 r--p 00004000 08:01 536649                     /usr/lib/x86_64-linux-gnu/libXtst.so.6.1.0
7f5adc21a000-7f5adc21b000 rw-p 00005000 08:01 536649                     /usr/lib/x86_64-linux-gnu/libXtst.so.6.1.0
7f5adc21b000-7f5adc224000 r-xp 00000000 08:01 536643                     /usr/lib/x86_64-linux-gnu/libXrender.so.1.3.0
7f5adc224000-7f5adc423000 ---p 00009000 08:01 536643                     /usr/lib/x86_64-linux-gnu/libXrender.so.1.3.0
7f5adc423000-7f5adc424000 r--p 00008000 08:01 536643                     /usr/lib/x86_64-linux-gnu/libXrender.so.1.3.0
7f5adc424000-7f5adc425000 rw-p 00009000 08:01 536643                     /usr/lib/x86_64-linux-gnu/libXrender.so.1.3.0
7f5adc425000-7f5adc555000 r-xp 00000000 08:01 536604                     /usr/lib/x86_64-linux-gnu/libX11.so.6.3.0
7f5adc555000-7f5adc755000 ---p 00130000 08:01 536604                     /usr/lib/x86_64-linux-gnu/libX11.so.6.3.0
7f5adc755000-7f5adc756000 r--p 00130000 08:01 536604                     /usr/lib/x86_64-linux-gnu/libX11.so.6.3.0
7f5adc756000-7f5adc75a000 rw-p 00131000 08:01 536604                     /usr/lib/x86_64-linux-gnu/libX11.so.6.3.0
7f5adc75a000-7f5adc76b000 r-xp 00000000 08:01 536621                     /usr/lib/x86_64-linux-gnu/libXext.so.6.4.0
7f5adc76b000-7f5adc96a000 ---p 00011000 08:01 536621                     /usr/lib/x86_64-linux-gnu/libXext.so.6.4.0
7f5adc96a000-7f5adc96b000 r--p 00010000 08:01 536621                     /usr/lib/x86_64-linux-gnu/libXext.so.6.4.0
7f5adc96b000-7f5adc96c000 rw-p 00011000 08:01 536621                     /usr/lib/x86_64-linux-gnu/libXext.so.6.4.0
7f5adc96c000-7f5adc9b4000 r-xp 00000000 08:01 525909                     /usr/lib/jvm/java-7-openjdk-amd64/jre/lib/amd64/xawt/libmawt.so
7f5adc9b4000-7f5adcbb3000 ---p 00048000 08:01 525909                     /usr/lib/jvm/java-7-openjdk-amd64/jre/lib/amd64/xawt/libmawt.so
7f5adcbb3000-7f5adcbb4000 r--p 00047000 08:01 525909                     /usr/lib/jvm/java-7-openjdk-amd64/jre/lib/amd64/xawt/libmawt.so
7f5adcbb4000-7f5adcbb7000 rw-p 00048000 08:01 525909                     /usr/lib/jvm/java-7-openjdk-amd64/jre/lib/amd64/xawt/libmawt.so
7f5adcbb7000-7f5adcbb8000 rw-p 00000000 00:00 0 
7f5adcbb8000-7f5adcc58000 r-xp 00000000 08:01 585283                     /usr/lib/jvm/java-7-openjdk-amd64/jre/lib/amd64/libawt.so
7f5adcc58000-7f5adce58000 ---p 000a0000 08:01 585283                     /usr/lib/jvm/java-7-openjdk-amd64/jre/lib/amd64/libawt.so
7f5adce58000-7f5adce59000 r--p 000a0000 08:01 585283                     /usr/lib/jvm/java-7-openjdk-amd64/jre/lib/amd64/libawt.so
7f5adce59000-7f5adce64000 rw-p 000a1000 08:01 585283                     /usr/lib/jvm/java-7-openjdk-amd64/jre/lib/amd64/libawt.so
7f5adce64000-7f5adce89000 rw-p 00000000 00:00 0 
7f5adce89000-7f5adcec6000 r-xp 00000000 08:01 441233                     /tmp/libgdxsirolf2009/5502b6ed/libgdx64.so
7f5adcec6000-7f5add0c5000 ---p 0003d000 08:01 441233                     /tmp/libgdxsirolf2009/5502b6ed/libgdx64.so
7f5add0c5000-7f5add0c6000 r--p 0003c000 08:01 441233                     /tmp/libgdxsirolf2009/5502b6ed/libgdx64.so
7f5add0c6000-7f5add0c7000 rw-p 0003d000 08:01 441233                     /tmp/libgdxsirolf2009/5502b6ed/libgdx64.so
7f5add0c7000-7f5add0c8000 ---p 00000000 00:00 0 
7f5add0c8000-7f5add1c8000 rw-p 00000000 00:00 0 
7f5add1c8000-7f5add1cb000 ---p 00000000 00:00 0 
7f5add1cb000-7f5add2c9000 rw-p 00000000 00:00 0                          [stack:21319]
7f5add2c9000-7f5add2cc000 ---p 00000000 00:00 0 
7f5add2cc000-7f5add3ca000 rw-p 00000000 00:00 0                          [stack:21318]
7f5add3ca000-7f5add3cd000 ---p 00000000 00:00 0 
7f5add3cd000-7f5add4cb000 rw-p 00000000 00:00 0                          [stack:21317]
7f5add4cb000-7f5add4ce000 ---p 00000000 00:00 0 
7f5add4ce000-7f5add5cc000 rw-p 00000000 00:00 0 
7f5add5cc000-7f5addcaf000 r--p 00000000 08:01 534280                     /usr/lib/locale/locale-archive
7f5addcaf000-7f5addcb2000 ---p 00000000 00:00 0 
7f5addcb2000-7f5ae0000000 rw-p 00000000 00:00 0                          [stack:21313]
7f5ae0000000-7f5ae0021000 rw-p 00000000 00:00 0 
7f5ae0021000-7f5ae4000000 ---p 00000000 00:00 0 
7f5ae4000000-7f5ae4021000 rw-p 00000000 00:00 0 
7f5ae4021000-7f5ae8000000 ---p 00000000 00:00 0 
7f5ae8000000-7f5ae8021000 rw-p 00000000 00:00 0 
7f5ae8021000-7f5aec000000 ---p 00000000 00:00 0 
7f5aec000000-7f5aec021000 rw-p 00000000 00:00 0 
7f5aec021000-7f5af0000000 ---p 00000000 00:00 0 
7f5af0000000-7f5af0021000 rw-p 00000000 00:00 0 
7f5af0021000-7f5af4000000 ---p 00000000 00:00 0 
7f5af4000000-7f5af4021000 rw-p 00000000 00:00 0 
7f5af4021000-7f5af8000000 ---p 00000000 00:00 0 
7f5af8000000-7f5af8021000 rw-p 00000000 00:00 0 
7f5af8021000-7f5afc000000 ---p 00000000 00:00 0 
7f5afc000000-7f5afc021000 rw-p 00000000 00:00 0 
7f5afc021000-7f5b00000000 ---p 00000000 00:00 0 
7f5b00000000-7f5b00007000 rw-s 193d32000 00:05 15888                     /dev/nvidia0
7f5b00007000-7f5b00008000 rw-s 1959d9000 00:05 15888                     /dev/nvidia0
7f5b00008000-7f5b0000c000 rw-s 19537f000 00:05 15888                     /dev/nvidia0
7f5b0000c000-7f5b0000d000 rw-s 7ff61000 00:05 15888                      /dev/nvidia0
7f5b0000d000-7f5b0000e000 rw-s 7ff61000 00:05 15888                      /dev/nvidia0
7f5b0000e000-7f5b0000f000 rw-s cf642000 00:05 15888                      /dev/nvidia0
7f5b0000f000-7f5b00010000 rw-s 3dc8b000 00:05 15888                      /dev/nvidia0
7f5b00010000-7f5b00011000 rw-s cf641000 00:05 15888                      /dev/nvidia0
7f5b00011000-7f5b00012000 rw-s 3df18000 00:05 15888                      /dev/nvidia0
7f5b00012000-7f5b00013000 rw-s 36830000 00:05 15888                      /dev/nvidia0
7f5b00013000-7f5b00014000 rw-s cf060000 00:05 15888                      /dev/nvidia0
7f5b00014000-7f5b0001b000 r--s 00000000 08:01 166381                     /usr/lib/x86_64-linux-gnu/gconv/gconv-modules.cache
7f5b0001b000-7f5b00024000 r--s 000b9000 08:01 536100                     /usr/lib/jvm/java-7-openjdk-amd64/jre/lib/resources.jar
7f5b00024000-7f5b00028000 r--s 0004d000 08:01 536961                     /usr/lib/jvm/java-7-openjdk-amd64/jre/lib/jsse.jar
7f5b00028000-7f5b0002a000 r--s 0000c000 08:01 8655703                    /usr/local/bin/eclipse Mars M3/plugins/org.hamcrest.core_1.3.0.v201303031735.jar
7f5b0002a000-7f5b00030000 r--s 00036000 08:01 8783038                    /usr/local/bin/eclipse Mars M3/plugins/org.junit_4.11.0.v201303080030/junit.jar
7f5b00030000-7f5b00032000 r--s 00009000 08:01 5374498                    /home/sirolf2009/.m2/repository/org/hamcrest/hamcrest-core/1.3/hamcrest-core-1.3.jar
7f5b00032000-7f5b00038000 r--s 00036000 08:01 5374495                    /home/sirolf2009/.m2/repository/junit/junit/4.11/junit-4.11.jar
7f5b00038000-7f5b0003a000 r--s 0000e000 08:01 619174                     /home/sirolf2009/.m2/repository/commons-logging/commons-logging/1.2/commons-logging-1.2.jar
7f5b0003a000-7f5b0003d000 r--s 0000f000 08:01 468796                     /home/sirolf2009/.gradle/caches/modules-2/files-2.1/com.badlogicgames.gdx/gdx-box2d/1.3.1/868425fb2070db88a2949a25b88e0a737a372d4b/gdx-box2d-1.3.1.jar
7f5b0003d000-7f5b0003f000 r--s 00017000 08:01 468832                     /home/sirolf2009/.gradle/caches/modules-2/files-2.1/org.jcraft/jorbis/0.0.17/8872d22b293e8f5d7d56ff92be966e6dc28ebdc6/jorbis-0.0.17.jar
7f5b0003f000-7f5b00040000 r--s 00015000 08:01 468831                     /home/sirolf2009/.gradle/caches/modules-2/files-2.1/com.badlogicgames.jlayer/jlayer/1.0.1-gdx/7cca83cec5c1b2f011362f4d85aabd71a73b049d/jlayer-1.0.1-gdx.jar
7f5b00040000-7f5b00044000 r--s 00027000 08:01 468830                     /home/sirolf2009/.gradle/caches/modules-2/files-2.1/org.lwjgl.lwjgl/lwjgl_util/2.9.1/290d7ba8a1bd9566f5ddf16ad06f09af5ec9b20e/lwjgl_util-2.9.1.jar
7f5b00044000-7f5b00045000 r--s 00025000 08:01 468829                     /home/sirolf2009/.gradle/caches/modules-2/files-2.1/net.java.jinput/jinput-platform/2.0.5/385ee093e01f587f30ee1c8a2ee7d408fd732e16/jinput-platform-2.0.5-natives-windows.jar
7f5b00045000-7f5b00046000 r--s 00002000 08:01 468828                     /home/sirolf2009/.gradle/caches/modules-2/files-2.1/net.java.jinput/jinput-platform/2.0.5/53f9c919f34d2ca9de8c51fc4e1e8282029a9232/jinput-platform-2.0.5-natives-osx.jar
7f5b00046000-7f5b00054000 r--s 000ea000 08:01 468826                     /home/sirolf2009/.gradle/caches/modules-2/files-2.1/org.lwjgl.lwjgl/lwjgl/2.9.1/f58c5aabcef0e41718a564be9f8e412fff8db847/lwjgl-2.9.1.jar
7f5b00054000-7f5b0006d000 r--s 0017e000 08:01 468795                     /home/sirolf2009/.gradle/caches/modules-2/files-2.1/com.badlogicgames.gdx/gdx/1.3.1/18995f8b7b19118975722370818023c76a86fdf4/gdx-1.3.1.jar
7f5b0006d000-7f5b00070000 ---p 00000000 00:00 0 
7f5b00070000-7f5b0016e000 rw-p 00000000 00:00 0                          [stack:21312]
7f5b0016e000-7f5b0016f000 ---p 00000000 00:00 0 
7f5b0016f000-7f5b01000000 rw-p 00000000 00:00 0                          [stack:21310]
7f5b01000000-7f5b01270000 rwxp 00000000 00:00 0 
7f5b01270000-7f5b043a7000 rw-p 00000000 00:00 0 
7f5b043a7000-7f5b08000000 ---p 00000000 00:00 0 
7f5b08000000-7f5b08001000 r--s 00002000 08:01 468827                     /home/sirolf2009/.gradle/caches/modules-2/files-2.1/net.java.jinput/jinput-platform/2.0.5/7ff832a6eb9ab6a767f1ade2b548092d0fa64795/jinput-platform-2.0.5-natives-linux.jar
7f5b08001000-7f5b08005000 r--s 0002f000 08:01 468825                     /home/sirolf2009/.gradle/caches/modules-2/files-2.1/net.java.jinput/jinput/2.0.5/39c7796b469a600f72380316f6b1f11db6c2c7c4/jinput-2.0.5.jar
7f5b08005000-7f5b08006000 r--s 00001000 08:01 468824                     /home/sirolf2009/.gradle/caches/modules-2/files-2.1/net.java.jutils/jutils/1.0.0/e12fe1fda814bd348c1579329c86943d2cd3c6a6/jutils-1.0.0.jar
7f5b08006000-7f5b08007000 r--s 00095000 08:01 468823                     /home/sirolf2009/.gradle/caches/modules-2/files-2.1/org.lwjgl.lwjgl/lwjgl-platform/2.9.1/4c517eca808522457dd95ee8fc1fbcdbb602efbe/lwjgl-platform-2.9.1-natives-windows.jar
7f5b08007000-7f5b08008000 r--s 00080000 08:01 468822                     /home/sirolf2009/.gradle/caches/modules-2/files-2.1/org.lwjgl.lwjgl/lwjgl-platform/2.9.1/2d12c83fdfbc04ecabf02c7bc8cc54d034f0daac/lwjgl-platform-2.9.1-natives-osx.jar
7f5b08008000-7f5b08009000 r--s 0008b000 08:01 468821                     /home/sirolf2009/.gradle/caches/modules-2/files-2.1/org.lwjgl.lwjgl/lwjgl-platform/2.9.1/aa9aae879af8eb378e22cfc64db56ec2ca9a44d1/lwjgl-platform-2.9.1-natives-linux.jar
7f5b08009000-7f5b0800a000 r--s 000fa000 08:01 468820                     /home/sirolf2009/.gradle/caches/modules-2/files-2.1/com.badlogicgames.gdx/gdx-box2d-platform/1.3.1/79e136941a5dbead58981f1abc5c00405e0048ff/gdx-box2d-platform-1.3.1-natives-desktop.jar
7f5b0800a000-7f5b08f06000 rw-p 00000000 00:00 0 
7f5b08f06000-7f5b090b8000 r--s 01d23000 08:01 536074                     /usr/lib/jvm/java-7-openjdk-amd64/jre/lib/rt.jar
7f5b090b8000-7f5b093d6000 rw-p 00000000 00:00 0 
7f5b093d6000-7f5b093d7000 ---p 00000000 00:00 0 
7f5b093d7000-7f5b094d7000 rw-p 00000000 00:00 0                          [stack:21309]
7f5b094d7000-7f5b094d8000 ---p 00000000 00:00 0 
7f5b094d8000-7f5b095d8000 rw-p 00000000 00:00 0                          [stack:21308]
7f5b095d8000-7f5b095d9000 ---p 00000000 00:00 0 
7f5b095d9000-7f5b096d9000 rw-p 00000000 00:00 0                          [stack:21307]
7f5b096d9000-7f5b096da000 ---p 00000000 00:00 0 
7f5b096da000-7f5b097da000 rw-p 00000000 00:00 0                          [stack:21306]
7f5b097da000-7f5b097db000 ---p 00000000 00:00 0 
7f5b097db000-7f5b098db000 rw-p 00000000 00:00 0                          [stack:21305]
7f5b098db000-7f5b098dc000 ---p 00000000 00:00 0 
7f5b098dc000-7f5b099dc000 rw-p 00000000 00:00 0                          [stack:21304]
7f5b099dc000-7f5b099dd000 ---p 00000000 00:00 0 
7f5b099dd000-7f5b09add000 rw-p 00000000 00:00 0                          [stack:21303]
7f5b09add000-7f5b09ade000 ---p 00000000 00:00 0 
7f5b09ade000-7f5b09be9000 rw-p 00000000 00:00 0                          [stack:21302]
7f5b09be9000-7f5b09c31000 rw-p 00000000 00:00 0 
7f5b09c31000-7f5b09c45000 rw-p 00000000 00:00 0 
7f5b09c45000-7f5b09d68000 rw-p 00000000 00:00 0 
7f5b09d68000-7f5b09d73000 rw-p 00000000 00:00 0 
7f5b09d73000-7f5b09dbb000 rw-p 00000000 00:00 0 
7f5b09dbb000-7f5b09dcf000 rw-p 00000000 00:00 0 
7f5b09dcf000-7f5b09ef1000 rw-p 00000000 00:00 0 
7f5b09ef1000-7f5b09efc000 rw-p 00000000 00:00 0 
7f5b09efc000-7f5b09f8d000 rw-p 00000000 00:00 0 
7f5b09f8d000-7f5b09f8e000 rw-p 00000000 00:00 0 
7f5b09f8e000-7f5b09f96000 r-xp 00000000 08:01 585304                     /usr/lib/jvm/java-7-openjdk-amd64/jre/lib/amd64/libzip.so
7f5b09f96000-7f5b0a195000 ---p 00008000 08:01 585304                     /usr/lib/jvm/java-7-openjdk-amd64/jre/lib/amd64/libzip.so
7f5b0a195000-7f5b0a196000 r--p 00007000 08:01 585304                     /usr/lib/jvm/java-7-openjdk-amd64/jre/lib/amd64/libzip.so
7f5b0a196000-7f5b0a197000 rw-p 00008000 08:01 585304                     /usr/lib/jvm/java-7-openjdk-amd64/jre/lib/amd64/libzip.so
7f5b0a197000-7f5b0a1a2000 r-xp 00000000 08:01 21245                      /lib/x86_64-linux-gnu/libnss_files-2.19.so
7f5b0a1a2000-7f5b0a3a1000 ---p 0000b000 08:01 21245                      /lib/x86_64-linux-gnu/libnss_files-2.19.so
7f5b0a3a1000-7f5b0a3a2000 r--p 0000a000 08:01 21245                      /lib/x86_64-linux-gnu/libnss_files-2.19.so
7f5b0a3a2000-7f5b0a3a3000 rw-p 0000b000 08:01 21245                      /lib/x86_64-linux-gnu/libnss_files-2.19.so
7f5b0a3a3000-7f5b0a3ae000 r-xp 00000000 08:01 21242                      /lib/x86_64-linux-gnu/libnss_nis-2.19.so
7f5b0a3ae000-7f5b0a5ad000 ---p 0000b000 08:01 21242                      /lib/x86_64-linux-gnu/libnss_nis-2.19.so
7f5b0a5ad000-7f5b0a5ae000 r--p 0000a000 08:01 21242                      /lib/x86_64-linux-gnu/libnss_nis-2.19.so
7f5b0a5ae000-7f5b0a5af000 rw-p 0000b000 08:01 21242                      /lib/x86_64-linux-gnu/libnss_nis-2.19.so
7f5b0a5af000-7f5b0a5c6000 r-xp 00000000 08:01 21230                      /lib/x86_64-linux-gnu/libnsl-2.19.so
7f5b0a5c6000-7f5b0a7c5000 ---p 00017000 08:01 21230                      /lib/x86_64-linux-gnu/libnsl-2.19.so
7f5b0a7c5000-7f5b0a7c6000 r--p 00016000 08:01 21230                      /lib/x86_64-linux-gnu/libnsl-2.19.so
7f5b0a7c6000-7f5b0a7c7000 rw-p 00017000 08:01 21230                      /lib/x86_64-linux-gnu/libnsl-2.19.so
7f5b0a7c7000-7f5b0a7c9000 rw-p 00000000 00:00 0 
7f5b0a7c9000-7f5b0a7d2000 r-xp 00000000 08:01 21224                      /lib/x86_64-linux-gnu/libnss_compat-2.19.so
7f5b0a7d2000-7f5b0a9d1000 ---p 00009000 08:01 21224                      /lib/x86_64-linux-gnu/libnss_compat-2.19.so
7f5b0a9d1000-7f5b0a9d2000 r--p 00008000 08:01 21224                      /lib/x86_64-linux-gnu/libnss_compat-2.19.so
7f5b0a9d2000-7f5b0a9d3000 rw-p 00009000 08:01 21224                      /lib/x86_64-linux-gnu/libnss_compat-2.19.so
7f5b0a9d3000-7f5b0a9fe000 r-xp 00000000 08:01 585282                     /usr/lib/jvm/java-7-openjdk-amd64/jre/lib/amd64/libjava.so
7f5b0a9fe000-7f5b0abfe000 ---p 0002b000 08:01 585282                     /usr/lib/jvm/java-7-openjdk-amd64/jre/lib/amd64/libjava.so
7f5b0abfe000-7f5b0abff000 r--p 0002b000 08:01 585282                     /usr/lib/jvm/java-7-openjdk-amd64/jre/lib/amd64/libjava.so
7f5b0abff000-7f5b0ac01000 rw-p 0002c000 08:01 585282                     /usr/lib/jvm/java-7-openjdk-amd64/jre/lib/amd64/libjava.so
7f5b0ac01000-7f5b0ac11000 r-xp 00000000 08:01 585281                     /usr/lib/jvm/java-7-openjdk-amd64/jre/lib/amd64/libverify.so
7f5b0ac11000-7f5b0ae10000 ---p 00010000 08:01 585281                     /usr/lib/jvm/java-7-openjdk-amd64/jre/lib/amd64/libverify.so
7f5b0ae10000-7f5b0ae12000 r--p 0000f000 08:01 585281                     /usr/lib/jvm/java-7-openjdk-amd64/jre/lib/amd64/libverify.so
7f5b0ae12000-7f5b0ae13000 rw-p 00011000 08:01 585281                     /usr/lib/jvm/java-7-openjdk-amd64/jre/lib/amd64/libverify.so
7f5b0ae13000-7f5b0ae1a000 r-xp 00000000 08:01 21214                      /lib/x86_64-linux-gnu/librt-2.19.so
7f5b0ae1a000-7f5b0b019000 ---p 00007000 08:01 21214                      /lib/x86_64-linux-gnu/librt-2.19.so
7f5b0b019000-7f5b0b01a000 r--p 00006000 08:01 21214                      /lib/x86_64-linux-gnu/librt-2.19.so
7f5b0b01a000-7f5b0b01b000 rw-p 00007000 08:01 21214                      /lib/x86_64-linux-gnu/librt-2.19.so
7f5b0b01b000-7f5b0b031000 r-xp 00000000 08:01 4867                       /lib/x86_64-linux-gnu/libgcc_s.so.1
7f5b0b031000-7f5b0b230000 ---p 00016000 08:01 4867                       /lib/x86_64-linux-gnu/libgcc_s.so.1
7f5b0b230000-7f5b0b231000 rw-p 00015000 08:01 4867                       /lib/x86_64-linux-gnu/libgcc_s.so.1
7f5b0b231000-7f5b0b336000 r-xp 00000000 08:01 21228                      /lib/x86_64-linux-gnu/libm-2.19.so
7f5b0b336000-7f5b0b535000 ---p 00105000 08:01 21228                      /lib/x86_64-linux-gnu/libm-2.19.so
7f5b0b535000-7f5b0b536000 r--p 00104000 08:01 21228                      /lib/x86_64-linux-gnu/libm-2.19.so
7f5b0b536000-7f5b0b537000 rw-p 00105000 08:01 21228                      /lib/x86_64-linux-gnu/libm-2.19.so
7f5b0b537000-7f5b0b61d000 r-xp 00000000 08:01 537514                     /usr/lib/x86_64-linux-gnu/libstdc++.so.6.0.19
7f5b0b61d000-7f5b0b81c000 ---p 000e6000 08:01 537514                     /usr/lib/x86_64-linux-gnu/libstdc++.so.6.0.19
7f5b0b81c000-7f5b0b824000 r--p 000e5000 08:01 537514                     /usr/lib/x86_64-linux-gnu/libstdc++.so.6.0.19
7f5b0b824000-7f5b0b826000 rw-p 000ed000 08:01 537514                     /usr/lib/x86_64-linux-gnu/libstdc++.so.6.0.19
7f5b0b826000-7f5b0b83b000 rw-p 00000000 00:00 0 
7f5b0b83b000-7f5b0c353000 r-xp 00000000 08:01 585291                     /usr/lib/jvm/java-7-openjdk-amd64/jre/lib/amd64/server/libjvm.so
7f5b0c353000-7f5b0c553000 ---p 00b18000 08:01 585291                     /usr/lib/jvm/java-7-openjdk-amd64/jre/lib/amd64/server/libjv